Building DAG of jobs...
Using shell: /usr/bin/bash
Provided cores: 40
Rules claiming more threads will be scaled down.
Job counts:
	count	jobs
	5	aflred_post
	1	all
	5	bwa_map_se
	5	deduplication
	1	qc
	17
Select jobs to execute...

[Thu Mar 31 15:01:47 2022]
rule bwa_map_se:
    input: /mnt/AchTeraD/Documents/references/hg38/hg38.fa, /mnt/sequencing/BICRO320/fastq/S4_NES_400ng_R1.fastq.gz
    output: /mnt/sequencing/BICRO320/bamfiles/S4_NES_400ng.bam, /mnt/sequencing/BICRO320/bamfiles/S4_NES_400ng.bam.bai
    jobid: 8
    wildcards: sample=S4_NES_400ng
    threads: 38

bwa mem -M -t 38 -R '@RG\tID:S4_NES_400ng\tSM:S4_NES_400ng\tPL:ILLUMINA' /mnt/AchTeraD/Documents/references/hg38/hg38.fa /mnt/sequencing/BICRO320/fastq/S4_NES_400ng_R1.fastq.gz | samtools sort -o /mnt/sequencing/BICRO320/bamfiles/S4_NES_400ng.bam && samtools index -@ 38 /mnt/sequencing/BICRO320/bamfiles/S4_NES_400ng.bam
Removing temporary output file /mnt/sequencing/BICRO320/bamfiles/S4_NES_400ng.bam.bai.
[Thu Mar 31 15:18:47 2022]
Finished job 8.
1 of 17 steps (6%) done
Select jobs to execute...

[Thu Mar 31 15:18:47 2022]
rule bwa_map_se:
    input: /mnt/AchTeraD/Documents/references/hg38/hg38.fa, /mnt/sequencing/BICRO320/fastq/S1_NES_400ng_R1.fastq.gz
    output: /mnt/sequencing/BICRO320/bamfiles/S1_NES_400ng.bam, /mnt/sequencing/BICRO320/bamfiles/S1_NES_400ng.bam.bai
    jobid: 6
    wildcards: sample=S1_NES_400ng
    threads: 38

bwa mem -M -t 38 -R '@RG\tID:S1_NES_400ng\tSM:S1_NES_400ng\tPL:ILLUMINA' /mnt/AchTeraD/Documents/references/hg38/hg38.fa /mnt/sequencing/BICRO320/fastq/S1_NES_400ng_R1.fastq.gz | samtools sort -o /mnt/sequencing/BICRO320/bamfiles/S1_NES_400ng.bam && samtools index -@ 38 /mnt/sequencing/BICRO320/bamfiles/S1_NES_400ng.bam
Removing temporary output file /mnt/sequencing/BICRO320/bamfiles/S1_NES_400ng.bam.bai.
[Thu Mar 31 15:36:00 2022]
Finished job 6.
2 of 17 steps (12%) done
Select jobs to execute...

[Thu Mar 31 15:36:00 2022]
rule bwa_map_se:
    input: /mnt/AchTeraD/Documents/references/hg38/hg38.fa, /mnt/sequencing/BICRO320/fastq/S3_NES_400ng_R1.fastq.gz
    output: /mnt/sequencing/BICRO320/bamfiles/S3_NES_400ng.bam, /mnt/sequencing/BICRO320/bamfiles/S3_NES_400ng.bam.bai
    jobid: 2
    wildcards: sample=S3_NES_400ng
    threads: 38

bwa mem -M -t 38 -R '@RG\tID:S3_NES_400ng\tSM:S3_NES_400ng\tPL:ILLUMINA' /mnt/AchTeraD/Documents/references/hg38/hg38.fa /mnt/sequencing/BICRO320/fastq/S3_NES_400ng_R1.fastq.gz | samtools sort -o /mnt/sequencing/BICRO320/bamfiles/S3_NES_400ng.bam && samtools index -@ 38 /mnt/sequencing/BICRO320/bamfiles/S3_NES_400ng.bam
Removing temporary output file /mnt/sequencing/BICRO320/bamfiles/S3_NES_400ng.bam.bai.
[Thu Mar 31 15:53:04 2022]
Finished job 2.
3 of 17 steps (18%) done
Select jobs to execute...

[Thu Mar 31 15:53:04 2022]
rule bwa_map_se:
    input: /mnt/AchTeraD/Documents/references/hg38/hg38.fa, /mnt/sequencing/BICRO320/fastq/S7_NEU_200ng_R1.fastq.gz
    output: /mnt/sequencing/BICRO320/bamfiles/S7_NEU_200ng.bam, /mnt/sequencing/BICRO320/bamfiles/S7_NEU_200ng.bam.bai
    jobid: 4
    wildcards: sample=S7_NEU_200ng
    threads: 38

bwa mem -M -t 38 -R '@RG\tID:S7_NEU_200ng\tSM:S7_NEU_200ng\tPL:ILLUMINA' /mnt/AchTeraD/Documents/references/hg38/hg38.fa /mnt/sequencing/BICRO320/fastq/S7_NEU_200ng_R1.fastq.gz | samtools sort -o /mnt/sequencing/BICRO320/bamfiles/S7_NEU_200ng.bam && samtools index -@ 38 /mnt/sequencing/BICRO320/bamfiles/S7_NEU_200ng.bam
Removing temporary output file /mnt/sequencing/BICRO320/bamfiles/S7_NEU_200ng.bam.bai.
[Thu Mar 31 16:39:00 2022]
Finished job 4.
4 of 17 steps (24%) done
Select jobs to execute...

[Thu Mar 31 16:39:00 2022]
rule bwa_map_se:
    input: /mnt/AchTeraD/Documents/references/hg38/hg38.fa, /mnt/sequencing/BICRO320/fastq/S2_NES_400ng_R1.fastq.gz
    output: /mnt/sequencing/BICRO320/bamfiles/S2_NES_400ng.bam, /mnt/sequencing/BICRO320/bamfiles/S2_NES_400ng.bam.bai
    jobid: 10
    wildcards: sample=S2_NES_400ng
    threads: 38

bwa mem -M -t 38 -R '@RG\tID:S2_NES_400ng\tSM:S2_NES_400ng\tPL:ILLUMINA' /mnt/AchTeraD/Documents/references/hg38/hg38.fa /mnt/sequencing/BICRO320/fastq/S2_NES_400ng_R1.fastq.gz | samtools sort -o /mnt/sequencing/BICRO320/bamfiles/S2_NES_400ng.bam && samtools index -@ 38 /mnt/sequencing/BICRO320/bamfiles/S2_NES_400ng.bam
Removing temporary output file /mnt/sequencing/BICRO320/bamfiles/S2_NES_400ng.bam.bai.
[Thu Mar 31 16:56:17 2022]
Finished job 10.
5 of 17 steps (29%) done
Select jobs to execute...

[Thu Mar 31 16:56:17 2022]
rule deduplication:
    input: /mnt/sequencing/BICRO320/bamfiles/S7_NEU_200ng.bam
    output: /mnt/sequencing/BICRO320/bamfiles/S7_NEU_200ng.dedup.bam, /mnt/sequencing/BICRO320/stats/S7_NEU_200ng.metrics.txt
    jobid: 3
    wildcards: sample=S7_NEU_200ng
    threads: 4

gatk MarkDuplicates -I /mnt/sequencing/BICRO320/bamfiles/S7_NEU_200ng.bam -O /mnt/sequencing/BICRO320/bamfiles/S7_NEU_200ng.dedup.bam -M /mnt/sequencing/BICRO320/stats/S7_NEU_200ng.metrics.txt

[Thu Mar 31 16:56:17 2022]
rule deduplication:
    input: /mnt/sequencing/BICRO320/bamfiles/S4_NES_400ng.bam
    output: /mnt/sequencing/BICRO320/bamfiles/S4_NES_400ng.dedup.bam, /mnt/sequencing/BICRO320/stats/S4_NES_400ng.metrics.txt
    jobid: 7
    wildcards: sample=S4_NES_400ng
    threads: 4

gatk MarkDuplicates -I /mnt/sequencing/BICRO320/bamfiles/S4_NES_400ng.bam -O /mnt/sequencing/BICRO320/bamfiles/S4_NES_400ng.dedup.bam -M /mnt/sequencing/BICRO320/stats/S4_NES_400ng.metrics.txt

[Thu Mar 31 16:56:17 2022]
rule deduplication:
    input: /mnt/sequencing/BICRO320/bamfiles/S2_NES_400ng.bam
    output: /mnt/sequencing/BICRO320/bamfiles/S2_NES_400ng.dedup.bam, /mnt/sequencing/BICRO320/stats/S2_NES_400ng.metrics.txt
    jobid: 9
    wildcards: sample=S2_NES_400ng
    threads: 4

gatk MarkDuplicates -I /mnt/sequencing/BICRO320/bamfiles/S2_NES_400ng.bam -O /mnt/sequencing/BICRO320/bamfiles/S2_NES_400ng.dedup.bam -M /mnt/sequencing/BICRO320/stats/S2_NES_400ng.metrics.txt

[Thu Mar 31 16:56:17 2022]
rule deduplication:
    input: /mnt/sequencing/BICRO320/bamfiles/S1_NES_400ng.bam
    output: /mnt/sequencing/BICRO320/bamfiles/S1_NES_400ng.dedup.bam, /mnt/sequencing/BICRO320/stats/S1_NES_400ng.metrics.txt
    jobid: 5
    wildcards: sample=S1_NES_400ng
    threads: 4

gatk MarkDuplicates -I /mnt/sequencing/BICRO320/bamfiles/S1_NES_400ng.bam -O /mnt/sequencing/BICRO320/bamfiles/S1_NES_400ng.dedup.bam -M /mnt/sequencing/BICRO320/stats/S1_NES_400ng.metrics.txt

[Thu Mar 31 16:56:17 2022]
rule deduplication:
    input: /mnt/sequencing/BICRO320/bamfiles/S3_NES_400ng.bam
    output: /mnt/sequencing/BICRO320/bamfiles/S3_NES_400ng.dedup.bam, /mnt/sequencing/BICRO320/stats/S3_NES_400ng.metrics.txt
    jobid: 1
    wildcards: sample=S3_NES_400ng
    threads: 4

gatk MarkDuplicates -I /mnt/sequencing/BICRO320/bamfiles/S3_NES_400ng.bam -O /mnt/sequencing/BICRO320/bamfiles/S3_NES_400ng.dedup.bam -M /mnt/sequencing/BICRO320/stats/S3_NES_400ng.metrics.txt
Write-protecting output file /mnt/sequencing/BICRO320/bamfiles/S2_NES_400ng.dedup.bam.
Removing temporary output file /mnt/sequencing/BICRO320/bamfiles/S2_NES_400ng.bam.
[Thu Mar 31 17:18:53 2022]
Finished job 9.
6 of 17 steps (35%) done
Select jobs to execute...

[Thu Mar 31 17:18:53 2022]
rule aflred_post:
    input: /mnt/sequencing/BICRO320/bamfiles/S2_NES_400ng.dedup.bam, /mnt/AchTeraD/Documents/references/hg38/hg38.fa
    output: /mnt/sequencing/BICRO320/stats/S2_NES_400ng.dedup.tsv.gz
    jobid: 16
    wildcards: sample=S2_NES_400ng

/home/luukharbers/alfred/bin/alfred qc -r /mnt/AchTeraD/Documents/references/hg38/hg38.fa -o /mnt/sequencing/BICRO320/stats/S2_NES_400ng.dedup.tsv.gz /mnt/sequencing/BICRO320/bamfiles/S2_NES_400ng.dedup.bam
[Thu Mar 31 17:18:53 2022]
Error in rule aflred_post:
    jobid: 16
    output: /mnt/sequencing/BICRO320/stats/S2_NES_400ng.dedup.tsv.gz
    shell:
        /home/luukharbers/alfred/bin/alfred qc -r /mnt/AchTeraD/Documents/references/hg38/hg38.fa -o /mnt/sequencing/BICRO320/stats/S2_NES_400ng.dedup.tsv.gz /mnt/sequencing/BICRO320/bamfiles/S2_NES_400ng.dedup.bam
        (one of the commands exited with non-zero exit code; note that snakemake uses bash strict mode!)

Job failed, going on with independent jobs.
Write-protecting output file /mnt/sequencing/BICRO320/bamfiles/S1_NES_400ng.dedup.bam.
Removing temporary output file /mnt/sequencing/BICRO320/bamfiles/S1_NES_400ng.bam.
[Thu Mar 31 17:18:57 2022]
Finished job 5.
7 of 17 steps (41%) done
Select jobs to execute...

[Thu Mar 31 17:18:57 2022]
rule aflred_post:
    input: /mnt/sequencing/BICRO320/bamfiles/S1_NES_400ng.dedup.bam, /mnt/AchTeraD/Documents/references/hg38/hg38.fa
    output: /mnt/sequencing/BICRO320/stats/S1_NES_400ng.dedup.tsv.gz
    jobid: 14
    wildcards: sample=S1_NES_400ng

/home/luukharbers/alfred/bin/alfred qc -r /mnt/AchTeraD/Documents/references/hg38/hg38.fa -o /mnt/sequencing/BICRO320/stats/S1_NES_400ng.dedup.tsv.gz /mnt/sequencing/BICRO320/bamfiles/S1_NES_400ng.dedup.bam
[Thu Mar 31 17:18:57 2022]
Error in rule aflred_post:
    jobid: 14
    output: /mnt/sequencing/BICRO320/stats/S1_NES_400ng.dedup.tsv.gz
    shell:
        /home/luukharbers/alfred/bin/alfred qc -r /mnt/AchTeraD/Documents/references/hg38/hg38.fa -o /mnt/sequencing/BICRO320/stats/S1_NES_400ng.dedup.tsv.gz /mnt/sequencing/BICRO320/bamfiles/S1_NES_400ng.dedup.bam
        (one of the commands exited with non-zero exit code; note that snakemake uses bash strict mode!)

Job failed, going on with independent jobs.
Write-protecting output file /mnt/sequencing/BICRO320/bamfiles/S4_NES_400ng.dedup.bam.
Removing temporary output file /mnt/sequencing/BICRO320/bamfiles/S4_NES_400ng.bam.
[Thu Mar 31 17:19:22 2022]
Finished job 7.
8 of 17 steps (47%) done
Select jobs to execute...

[Thu Mar 31 17:19:22 2022]
rule aflred_post:
    input: /mnt/sequencing/BICRO320/bamfiles/S4_NES_400ng.dedup.bam, /mnt/AchTeraD/Documents/references/hg38/hg38.fa
    output: /mnt/sequencing/BICRO320/stats/S4_NES_400ng.dedup.tsv.gz
    jobid: 15
    wildcards: sample=S4_NES_400ng

/home/luukharbers/alfred/bin/alfred qc -r /mnt/AchTeraD/Documents/references/hg38/hg38.fa -o /mnt/sequencing/BICRO320/stats/S4_NES_400ng.dedup.tsv.gz /mnt/sequencing/BICRO320/bamfiles/S4_NES_400ng.dedup.bam
[Thu Mar 31 17:19:22 2022]
Error in rule aflred_post:
    jobid: 15
    output: /mnt/sequencing/BICRO320/stats/S4_NES_400ng.dedup.tsv.gz
    shell:
        /home/luukharbers/alfred/bin/alfred qc -r /mnt/AchTeraD/Documents/references/hg38/hg38.fa -o /mnt/sequencing/BICRO320/stats/S4_NES_400ng.dedup.tsv.gz /mnt/sequencing/BICRO320/bamfiles/S4_NES_400ng.dedup.bam
        (one of the commands exited with non-zero exit code; note that snakemake uses bash strict mode!)

Job failed, going on with independent jobs.
Write-protecting output file /mnt/sequencing/BICRO320/bamfiles/S3_NES_400ng.dedup.bam.
Removing temporary output file /mnt/sequencing/BICRO320/bamfiles/S3_NES_400ng.bam.
[Thu Mar 31 17:19:41 2022]
Finished job 1.
9 of 17 steps (53%) done
Select jobs to execute...

[Thu Mar 31 17:19:41 2022]
rule aflred_post:
    input: /mnt/sequencing/BICRO320/bamfiles/S3_NES_400ng.dedup.bam, /mnt/AchTeraD/Documents/references/hg38/hg38.fa
    output: /mnt/sequencing/BICRO320/stats/S3_NES_400ng.dedup.tsv.gz
    jobid: 12
    wildcards: sample=S3_NES_400ng

/home/luukharbers/alfred/bin/alfred qc -r /mnt/AchTeraD/Documents/references/hg38/hg38.fa -o /mnt/sequencing/BICRO320/stats/S3_NES_400ng.dedup.tsv.gz /mnt/sequencing/BICRO320/bamfiles/S3_NES_400ng.dedup.bam
[Thu Mar 31 17:19:41 2022]
Error in rule aflred_post:
    jobid: 12
    output: /mnt/sequencing/BICRO320/stats/S3_NES_400ng.dedup.tsv.gz
    shell:
        /home/luukharbers/alfred/bin/alfred qc -r /mnt/AchTeraD/Documents/references/hg38/hg38.fa -o /mnt/sequencing/BICRO320/stats/S3_NES_400ng.dedup.tsv.gz /mnt/sequencing/BICRO320/bamfiles/S3_NES_400ng.dedup.bam
        (one of the commands exited with non-zero exit code; note that snakemake uses bash strict mode!)

Job failed, going on with independent jobs.
Write-protecting output file /mnt/sequencing/BICRO320/bamfiles/S7_NEU_200ng.dedup.bam.
Removing temporary output file /mnt/sequencing/BICRO320/bamfiles/S7_NEU_200ng.bam.
[Thu Mar 31 17:22:21 2022]
Finished job 3.
10 of 17 steps (59%) done
Select jobs to execute...

[Thu Mar 31 17:22:21 2022]
rule aflred_post:
    input: /mnt/sequencing/BICRO320/bamfiles/S7_NEU_200ng.dedup.bam, /mnt/AchTeraD/Documents/references/hg38/hg38.fa
    output: /mnt/sequencing/BICRO320/stats/S7_NEU_200ng.dedup.tsv.gz
    jobid: 13
    wildcards: sample=S7_NEU_200ng

/home/luukharbers/alfred/bin/alfred qc -r /mnt/AchTeraD/Documents/references/hg38/hg38.fa -o /mnt/sequencing/BICRO320/stats/S7_NEU_200ng.dedup.tsv.gz /mnt/sequencing/BICRO320/bamfiles/S7_NEU_200ng.dedup.bam
[Thu Mar 31 17:22:21 2022]
Error in rule aflred_post:
    jobid: 13
    output: /mnt/sequencing/BICRO320/stats/S7_NEU_200ng.dedup.tsv.gz
    shell:
        /home/luukharbers/alfred/bin/alfred qc -r /mnt/AchTeraD/Documents/references/hg38/hg38.fa -o /mnt/sequencing/BICRO320/stats/S7_NEU_200ng.dedup.tsv.gz /mnt/sequencing/BICRO320/bamfiles/S7_NEU_200ng.dedup.bam
        (one of the commands exited with non-zero exit code; note that snakemake uses bash strict mode!)

Job failed, going on with independent jobs.
Exiting because a job execution failed. Look above for error message
Complete log: /mnt/AchTeraD/Documents/Projects/LungCancer/manuscript/repository/preprocessing/WGS_WES/.snakemake/log/2022-03-31T150147.509095.snakemake.log
