Building DAG of jobs...
Using shell: /usr/bin/bash
Provided cores: 40
Rules claiming more threads will be scaled down.
Job counts:
	count	jobs
	2	aflred_post
	1	all
	1	qc
	4
Select jobs to execute...

[Fri Apr 29 12:09:35 2022]
rule aflred_post:
    input: /mnt/sequencing/BICRO322/bamfiles/CD16-mOPC_S1.dedup.bam, /mnt/AchTeraD/Documents/references/hg19/hg19.fa
    output: /mnt/sequencing/BICRO322/stats/CD16-mOPC_S1.dedup.tsv.gz
    jobid: 6
    wildcards: sample=CD16-mOPC_S1

/home/luukharbers/alfred/bin/alfred qc -r /mnt/AchTeraD/Documents/references/hg19/hg19.fa -o /mnt/sequencing/BICRO322/stats/CD16-mOPC_S1.dedup.tsv.gz /mnt/sequencing/BICRO322/bamfiles/CD16-mOPC_S1.dedup.bam

[Fri Apr 29 12:09:35 2022]
rule aflred_post:
    input: /mnt/sequencing/BICRO322/bamfiles/CD15-mESC_S1.dedup.bam, /mnt/AchTeraD/Documents/references/hg19/hg19.fa
    output: /mnt/sequencing/BICRO322/stats/CD15-mESC_S1.dedup.tsv.gz
    jobid: 7
    wildcards: sample=CD15-mESC_S1

/home/luukharbers/alfred/bin/alfred qc -r /mnt/AchTeraD/Documents/references/hg19/hg19.fa -o /mnt/sequencing/BICRO322/stats/CD15-mESC_S1.dedup.tsv.gz /mnt/sequencing/BICRO322/bamfiles/CD15-mESC_S1.dedup.bam
[Fri Apr 29 12:14:22 2022]
Finished job 6.
1 of 4 steps (25%) done
[Fri Apr 29 12:14:42 2022]
Finished job 7.
2 of 4 steps (50%) done
Select jobs to execute...

[Fri Apr 29 12:14:42 2022]
rule qc:
    input: /mnt/sequencing/BICRO322/stats/CD16-mOPC_S1.dedup.tsv.gz, /mnt/sequencing/BICRO322/stats/CD15-mESC_S1.dedup.tsv.gz
    output: /mnt/sequencing/BICRO322/stats/stats.tsv
    jobid: 5


        zgrep ^ME /mnt/sequencing/BICRO322/stats/*dedup.tsv.gz | cut -f 2- | \
        sed -n '1p;0~2p' > /mnt/sequencing/BICRO322/stats/stats.tsv
        
[Fri Apr 29 12:14:42 2022]
Finished job 5.
3 of 4 steps (75%) done
Select jobs to execute...

[Fri Apr 29 12:14:42 2022]
localrule all:
    input: /mnt/sequencing/BICRO322/bamfiles/CD16-mOPC_S1.dedup.bam, /mnt/sequencing/BICRO322/bamfiles/CD15-mESC_S1.dedup.bam, /mnt/sequencing/BICRO322/stats/stats.tsv
    jobid: 0

[Fri Apr 29 12:14:42 2022]
Finished job 0.
4 of 4 steps (100%) done
Complete log: /mnt/AchTeraD/Documents/Projects/LungCancer/manuscript/repository/preprocessing/WGS_WES/.snakemake/log/2022-04-29T120935.357286.snakemake.log
