Building DAG of jobs...
Using shell: /usr/bin/bash
Provided cores: 32
Rules claiming more threads will be scaled down.
Job counts:
	count	jobs
	24	aflred_post
	1	all
	19	bwa_map_pe
	24	deduplication
	1	qc
	69
Select jobs to execute...

[Tue Jun  7 13:45:27 2022]
rule bwa_map_pe:
    input: /mnt/AchTeraD/Documents/references/hg19/hg19.fa, /mnt/sequencing/Lungcancer/deep_wgs/fastq/P18754_1034_S37_R1.fastq.gz, /mnt/sequencing/Lungcancer/deep_wgs/fastq/P18754_1034_S37_R2.fastq.gz
    output: /mnt/sequencing/Lungcancer/deep_wgs/bamfiles/P18754_1034_S37.bam, /mnt/sequencing/Lungcancer/deep_wgs/bamfiles/P18754_1034_S37.bam.bai
    jobid: 18
    wildcards: sample=P18754_1034_S37
    priority: 1
    threads: 32

bwa mem -M -t 32 -R '@RG\tID:P18754_1034_S37\tSM:P18754_1034_S37\tPL:ILLUMINA' /mnt/AchTeraD/Documents/references/hg19/hg19.fa /mnt/sequencing/Lungcancer/deep_wgs/fastq/P18754_1034_S37_R1.fastq.gz /mnt/sequencing/Lungcancer/deep_wgs/fastq/P18754_1034_S37_R2.fastq.gz | samtools sort -o /mnt/sequencing/Lungcancer/deep_wgs/bamfiles/P18754_1034_S37.bam && samtools index -@ 32 /mnt/sequencing/Lungcancer/deep_wgs/bamfiles/P18754_1034_S37.bam
Removing temporary output file /mnt/sequencing/Lungcancer/deep_wgs/bamfiles/P18754_1034_S37.bam.bai.
[Tue Jun  7 23:09:01 2022]
Finished job 18.
1 of 69 steps (1%) done
Select jobs to execute...

[Tue Jun  7 23:09:01 2022]
rule bwa_map_pe:
    input: /mnt/AchTeraD/Documents/references/hg19/hg19.fa, /mnt/sequencing/Lungcancer/deep_wgs/fastq/P18754_1002_S11_R1.fastq.gz, /mnt/sequencing/Lungcancer/deep_wgs/fastq/P18754_1002_S11_R2.fastq.gz
    output: /mnt/sequencing/Lungcancer/deep_wgs/bamfiles/P18754_1002_S11.bam, /mnt/sequencing/Lungcancer/deep_wgs/bamfiles/P18754_1002_S11.bam.bai
    jobid: 28
    wildcards: sample=P18754_1002_S11
    priority: 1
    threads: 32

bwa mem -M -t 32 -R '@RG\tID:P18754_1002_S11\tSM:P18754_1002_S11\tPL:ILLUMINA' /mnt/AchTeraD/Documents/references/hg19/hg19.fa /mnt/sequencing/Lungcancer/deep_wgs/fastq/P18754_1002_S11_R1.fastq.gz /mnt/sequencing/Lungcancer/deep_wgs/fastq/P18754_1002_S11_R2.fastq.gz | samtools sort -o /mnt/sequencing/Lungcancer/deep_wgs/bamfiles/P18754_1002_S11.bam && samtools index -@ 32 /mnt/sequencing/Lungcancer/deep_wgs/bamfiles/P18754_1002_S11.bam
Removing temporary output file /mnt/sequencing/Lungcancer/deep_wgs/bamfiles/P18754_1002_S11.bam.bai.
[Wed Jun  8 03:56:27 2022]
Finished job 28.
2 of 69 steps (3%) done
Select jobs to execute...

[Wed Jun  8 03:56:27 2022]
rule bwa_map_pe:
    input: /mnt/AchTeraD/Documents/references/hg19/hg19.fa, /mnt/sequencing/Lungcancer/deep_wgs/fastq/P18754_1054_S12_R1.fastq.gz, /mnt/sequencing/Lungcancer/deep_wgs/fastq/P18754_1054_S12_R2.fastq.gz
    output: /mnt/sequencing/Lungcancer/deep_wgs/bamfiles/P18754_1054_S12.bam, /mnt/sequencing/Lungcancer/deep_wgs/bamfiles/P18754_1054_S12.bam.bai
    jobid: 48
    wildcards: sample=P18754_1054_S12
    priority: 1
    threads: 32

bwa mem -M -t 32 -R '@RG\tID:P18754_1054_S12\tSM:P18754_1054_S12\tPL:ILLUMINA' /mnt/AchTeraD/Documents/references/hg19/hg19.fa /mnt/sequencing/Lungcancer/deep_wgs/fastq/P18754_1054_S12_R1.fastq.gz /mnt/sequencing/Lungcancer/deep_wgs/fastq/P18754_1054_S12_R2.fastq.gz | samtools sort -o /mnt/sequencing/Lungcancer/deep_wgs/bamfiles/P18754_1054_S12.bam && samtools index -@ 32 /mnt/sequencing/Lungcancer/deep_wgs/bamfiles/P18754_1054_S12.bam
Removing temporary output file /mnt/sequencing/Lungcancer/deep_wgs/bamfiles/P18754_1054_S12.bam.bai.
[Wed Jun  8 11:04:57 2022]
Finished job 48.
3 of 69 steps (4%) done
Select jobs to execute...

[Wed Jun  8 11:04:57 2022]
rule bwa_map_pe:
    input: /mnt/AchTeraD/Documents/references/hg19/hg19.fa, /mnt/sequencing/Lungcancer/deep_wgs/fastq/P18754_1057_S15_R1.fastq.gz, /mnt/sequencing/Lungcancer/deep_wgs/fastq/P18754_1057_S15_R2.fastq.gz
    output: /mnt/sequencing/Lungcancer/deep_wgs/bamfiles/P18754_1057_S15.bam, /mnt/sequencing/Lungcancer/deep_wgs/bamfiles/P18754_1057_S15.bam.bai
    jobid: 34
    wildcards: sample=P18754_1057_S15
    priority: 1
    threads: 32

bwa mem -M -t 32 -R '@RG\tID:P18754_1057_S15\tSM:P18754_1057_S15\tPL:ILLUMINA' /mnt/AchTeraD/Documents/references/hg19/hg19.fa /mnt/sequencing/Lungcancer/deep_wgs/fastq/P18754_1057_S15_R1.fastq.gz /mnt/sequencing/Lungcancer/deep_wgs/fastq/P18754_1057_S15_R2.fastq.gz | samtools sort -o /mnt/sequencing/Lungcancer/deep_wgs/bamfiles/P18754_1057_S15.bam && samtools index -@ 32 /mnt/sequencing/Lungcancer/deep_wgs/bamfiles/P18754_1057_S15.bam
Removing temporary output file /mnt/sequencing/Lungcancer/deep_wgs/bamfiles/P18754_1057_S15.bam.bai.
[Thu Jun  9 06:59:47 2022]
Finished job 34.
4 of 69 steps (6%) done
Select jobs to execute...

[Thu Jun  9 06:59:47 2022]
rule bwa_map_pe:
    input: /mnt/AchTeraD/Documents/references/hg19/hg19.fa, /mnt/sequencing/Lungcancer/deep_wgs/fastq/P18754_1056_S14_R1.fastq.gz, /mnt/sequencing/Lungcancer/deep_wgs/fastq/P18754_1056_S14_R2.fastq.gz
    output: /mnt/sequencing/Lungcancer/deep_wgs/bamfiles/P18754_1056_S14.bam, /mnt/sequencing/Lungcancer/deep_wgs/bamfiles/P18754_1056_S14.bam.bai
    jobid: 16
    wildcards: sample=P18754_1056_S14
    priority: 1
    threads: 32

bwa mem -M -t 32 -R '@RG\tID:P18754_1056_S14\tSM:P18754_1056_S14\tPL:ILLUMINA' /mnt/AchTeraD/Documents/references/hg19/hg19.fa /mnt/sequencing/Lungcancer/deep_wgs/fastq/P18754_1056_S14_R1.fastq.gz /mnt/sequencing/Lungcancer/deep_wgs/fastq/P18754_1056_S14_R2.fastq.gz | samtools sort -o /mnt/sequencing/Lungcancer/deep_wgs/bamfiles/P18754_1056_S14.bam && samtools index -@ 32 /mnt/sequencing/Lungcancer/deep_wgs/bamfiles/P18754_1056_S14.bam
Removing temporary output file /mnt/sequencing/Lungcancer/deep_wgs/bamfiles/P18754_1056_S14.bam.bai.
[Thu Jun  9 11:24:06 2022]
Finished job 16.
5 of 69 steps (7%) done
Select jobs to execute...

[Thu Jun  9 11:24:06 2022]
rule bwa_map_pe:
    input: /mnt/AchTeraD/Documents/references/hg19/hg19.fa, /mnt/sequencing/Lungcancer/deep_wgs/fastq/P18754_1008_S6_R1.fastq.gz, /mnt/sequencing/Lungcancer/deep_wgs/fastq/P18754_1008_S6_R2.fastq.gz
    output: /mnt/sequencing/Lungcancer/deep_wgs/bamfiles/P18754_1008_S6.bam, /mnt/sequencing/Lungcancer/deep_wgs/bamfiles/P18754_1008_S6.bam.bai
    jobid: 8
    wildcards: sample=P18754_1008_S6
    priority: 1
    threads: 32

bwa mem -M -t 32 -R '@RG\tID:P18754_1008_S6\tSM:P18754_1008_S6\tPL:ILLUMINA' /mnt/AchTeraD/Documents/references/hg19/hg19.fa /mnt/sequencing/Lungcancer/deep_wgs/fastq/P18754_1008_S6_R1.fastq.gz /mnt/sequencing/Lungcancer/deep_wgs/fastq/P18754_1008_S6_R2.fastq.gz | samtools sort -o /mnt/sequencing/Lungcancer/deep_wgs/bamfiles/P18754_1008_S6.bam && samtools index -@ 32 /mnt/sequencing/Lungcancer/deep_wgs/bamfiles/P18754_1008_S6.bam
Removing temporary output file /mnt/sequencing/Lungcancer/deep_wgs/bamfiles/P18754_1008_S6.bam.bai.
[Thu Jun  9 15:42:35 2022]
Finished job 8.
6 of 69 steps (9%) done
Select jobs to execute...

[Thu Jun  9 15:42:35 2022]
rule bwa_map_pe:
    input: /mnt/AchTeraD/Documents/references/hg19/hg19.fa, /mnt/sequencing/Lungcancer/deep_wgs/fastq/P18754_1025_S32_R1.fastq.gz, /mnt/sequencing/Lungcancer/deep_wgs/fastq/P18754_1025_S32_R2.fastq.gz
    output: /mnt/sequencing/Lungcancer/deep_wgs/bamfiles/P18754_1025_S32.bam, /mnt/sequencing/Lungcancer/deep_wgs/bamfiles/P18754_1025_S32.bam.bai
    jobid: 10
    wildcards: sample=P18754_1025_S32
    priority: 1
    threads: 32

bwa mem -M -t 32 -R '@RG\tID:P18754_1025_S32\tSM:P18754_1025_S32\tPL:ILLUMINA' /mnt/AchTeraD/Documents/references/hg19/hg19.fa /mnt/sequencing/Lungcancer/deep_wgs/fastq/P18754_1025_S32_R1.fastq.gz /mnt/sequencing/Lungcancer/deep_wgs/fastq/P18754_1025_S32_R2.fastq.gz | samtools sort -o /mnt/sequencing/Lungcancer/deep_wgs/bamfiles/P18754_1025_S32.bam && samtools index -@ 32 /mnt/sequencing/Lungcancer/deep_wgs/bamfiles/P18754_1025_S32.bam
Removing temporary output file /mnt/sequencing/Lungcancer/deep_wgs/bamfiles/P18754_1025_S32.bam.bai.
[Thu Jun  9 22:43:18 2022]
Finished job 10.
7 of 69 steps (10%) done
Select jobs to execute...

[Thu Jun  9 22:43:19 2022]
rule bwa_map_pe:
    input: /mnt/AchTeraD/Documents/references/hg19/hg19.fa, /mnt/sequencing/Lungcancer/deep_wgs/fastq/P18754_1012_S14_R1.fastq.gz, /mnt/sequencing/Lungcancer/deep_wgs/fastq/P18754_1012_S14_R2.fastq.gz
    output: /mnt/sequencing/Lungcancer/deep_wgs/bamfiles/P18754_1012_S14.bam, /mnt/sequencing/Lungcancer/deep_wgs/bamfiles/P18754_1012_S14.bam.bai
    jobid: 12
    wildcards: sample=P18754_1012_S14
    priority: 1
    threads: 32

bwa mem -M -t 32 -R '@RG\tID:P18754_1012_S14\tSM:P18754_1012_S14\tPL:ILLUMINA' /mnt/AchTeraD/Documents/references/hg19/hg19.fa /mnt/sequencing/Lungcancer/deep_wgs/fastq/P18754_1012_S14_R1.fastq.gz /mnt/sequencing/Lungcancer/deep_wgs/fastq/P18754_1012_S14_R2.fastq.gz | samtools sort -o /mnt/sequencing/Lungcancer/deep_wgs/bamfiles/P18754_1012_S14.bam && samtools index -@ 32 /mnt/sequencing/Lungcancer/deep_wgs/bamfiles/P18754_1012_S14.bam
Removing temporary output file /mnt/sequencing/Lungcancer/deep_wgs/bamfiles/P18754_1012_S14.bam.bai.
[Fri Jun 10 05:09:16 2022]
Finished job 12.
8 of 69 steps (12%) done
Select jobs to execute...

[Fri Jun 10 05:09:16 2022]
rule bwa_map_pe:
    input: /mnt/AchTeraD/Documents/references/hg19/hg19.fa, /mnt/sequencing/Lungcancer/deep_wgs/fastq/P18754_1031_S30_R1.fastq.gz, /mnt/sequencing/Lungcancer/deep_wgs/fastq/P18754_1031_S30_R2.fastq.gz
    output: /mnt/sequencing/Lungcancer/deep_wgs/bamfiles/P18754_1031_S30.bam, /mnt/sequencing/Lungcancer/deep_wgs/bamfiles/P18754_1031_S30.bam.bai
    jobid: 30
    wildcards: sample=P18754_1031_S30
    priority: 1
    threads: 32

bwa mem -M -t 32 -R '@RG\tID:P18754_1031_S30\tSM:P18754_1031_S30\tPL:ILLUMINA' /mnt/AchTeraD/Documents/references/hg19/hg19.fa /mnt/sequencing/Lungcancer/deep_wgs/fastq/P18754_1031_S30_R1.fastq.gz /mnt/sequencing/Lungcancer/deep_wgs/fastq/P18754_1031_S30_R2.fastq.gz | samtools sort -o /mnt/sequencing/Lungcancer/deep_wgs/bamfiles/P18754_1031_S30.bam && samtools index -@ 32 /mnt/sequencing/Lungcancer/deep_wgs/bamfiles/P18754_1031_S30.bam
Removing temporary output file /mnt/sequencing/Lungcancer/deep_wgs/bamfiles/P18754_1031_S30.bam.bai.
[Fri Jun 10 17:23:12 2022]
Finished job 30.
9 of 69 steps (13%) done
Select jobs to execute...

[Fri Jun 10 17:23:12 2022]
rule bwa_map_pe:
    input: /mnt/AchTeraD/Documents/references/hg19/hg19.fa, /mnt/sequencing/Lungcancer/deep_wgs/fastq/P18754_1046_S4_R1.fastq.gz, /mnt/sequencing/Lungcancer/deep_wgs/fastq/P18754_1046_S4_R2.fastq.gz
    output: /mnt/sequencing/Lungcancer/deep_wgs/bamfiles/P18754_1046_S4.bam, /mnt/sequencing/Lungcancer/deep_wgs/bamfiles/P18754_1046_S4.bam.bai
    jobid: 4
    wildcards: sample=P18754_1046_S4
    priority: 1
    threads: 32

bwa mem -M -t 32 -R '@RG\tID:P18754_1046_S4\tSM:P18754_1046_S4\tPL:ILLUMINA' /mnt/AchTeraD/Documents/references/hg19/hg19.fa /mnt/sequencing/Lungcancer/deep_wgs/fastq/P18754_1046_S4_R1.fastq.gz /mnt/sequencing/Lungcancer/deep_wgs/fastq/P18754_1046_S4_R2.fastq.gz | samtools sort -o /mnt/sequencing/Lungcancer/deep_wgs/bamfiles/P18754_1046_S4.bam && samtools index -@ 32 /mnt/sequencing/Lungcancer/deep_wgs/bamfiles/P18754_1046_S4.bam
Removing temporary output file /mnt/sequencing/Lungcancer/deep_wgs/bamfiles/P18754_1046_S4.bam.bai.
[Fri Jun 10 21:01:55 2022]
Finished job 4.
10 of 69 steps (14%) done
Select jobs to execute...

[Fri Jun 10 21:01:55 2022]
rule bwa_map_pe:
    input: /mnt/AchTeraD/Documents/references/hg19/hg19.fa, /mnt/sequencing/Lungcancer/deep_wgs/fastq/P18754_1021_S20_R1.fastq.gz, /mnt/sequencing/Lungcancer/deep_wgs/fastq/P18754_1021_S20_R2.fastq.gz
    output: /mnt/sequencing/Lungcancer/deep_wgs/bamfiles/P18754_1021_S20.bam, /mnt/sequencing/Lungcancer/deep_wgs/bamfiles/P18754_1021_S20.bam.bai
    jobid: 24
    wildcards: sample=P18754_1021_S20
    priority: 1
    threads: 32

bwa mem -M -t 32 -R '@RG\tID:P18754_1021_S20\tSM:P18754_1021_S20\tPL:ILLUMINA' /mnt/AchTeraD/Documents/references/hg19/hg19.fa /mnt/sequencing/Lungcancer/deep_wgs/fastq/P18754_1021_S20_R1.fastq.gz /mnt/sequencing/Lungcancer/deep_wgs/fastq/P18754_1021_S20_R2.fastq.gz | samtools sort -o /mnt/sequencing/Lungcancer/deep_wgs/bamfiles/P18754_1021_S20.bam && samtools index -@ 32 /mnt/sequencing/Lungcancer/deep_wgs/bamfiles/P18754_1021_S20.bam
Removing temporary output file /mnt/sequencing/Lungcancer/deep_wgs/bamfiles/P18754_1021_S20.bam.bai.
[Sat Jun 11 02:44:15 2022]
Finished job 24.
11 of 69 steps (16%) done
Select jobs to execute...

[Sat Jun 11 02:44:15 2022]
rule bwa_map_pe:
    input: /mnt/AchTeraD/Documents/references/hg19/hg19.fa, /mnt/sequencing/Lungcancer/deep_wgs/fastq/P18754_1017_S15_R1.fastq.gz, /mnt/sequencing/Lungcancer/deep_wgs/fastq/P18754_1017_S15_R2.fastq.gz
    output: /mnt/sequencing/Lungcancer/deep_wgs/bamfiles/P18754_1017_S15.bam, /mnt/sequencing/Lungcancer/deep_wgs/bamfiles/P18754_1017_S15.bam.bai
    jobid: 44
    wildcards: sample=P18754_1017_S15
    priority: 1
    threads: 32

bwa mem -M -t 32 -R '@RG\tID:P18754_1017_S15\tSM:P18754_1017_S15\tPL:ILLUMINA' /mnt/AchTeraD/Documents/references/hg19/hg19.fa /mnt/sequencing/Lungcancer/deep_wgs/fastq/P18754_1017_S15_R1.fastq.gz /mnt/sequencing/Lungcancer/deep_wgs/fastq/P18754_1017_S15_R2.fastq.gz | samtools sort -o /mnt/sequencing/Lungcancer/deep_wgs/bamfiles/P18754_1017_S15.bam && samtools index -@ 32 /mnt/sequencing/Lungcancer/deep_wgs/bamfiles/P18754_1017_S15.bam
Removing temporary output file /mnt/sequencing/Lungcancer/deep_wgs/bamfiles/P18754_1017_S15.bam.bai.
[Sat Jun 11 08:08:33 2022]
Finished job 44.
12 of 69 steps (17%) done
Select jobs to execute...

[Sat Jun 11 08:08:33 2022]
rule bwa_map_pe:
    input: /mnt/AchTeraD/Documents/references/hg19/hg19.fa, /mnt/sequencing/Lungcancer/deep_wgs/fastq/P18754_1003_S10_R1.fastq.gz, /mnt/sequencing/Lungcancer/deep_wgs/fastq/P18754_1003_S10_R2.fastq.gz
    output: /mnt/sequencing/Lungcancer/deep_wgs/bamfiles/P18754_1003_S10.bam, /mnt/sequencing/Lungcancer/deep_wgs/bamfiles/P18754_1003_S10.bam.bai
    jobid: 26
    wildcards: sample=P18754_1003_S10
    priority: 1
    threads: 32

bwa mem -M -t 32 -R '@RG\tID:P18754_1003_S10\tSM:P18754_1003_S10\tPL:ILLUMINA' /mnt/AchTeraD/Documents/references/hg19/hg19.fa /mnt/sequencing/Lungcancer/deep_wgs/fastq/P18754_1003_S10_R1.fastq.gz /mnt/sequencing/Lungcancer/deep_wgs/fastq/P18754_1003_S10_R2.fastq.gz | samtools sort -o /mnt/sequencing/Lungcancer/deep_wgs/bamfiles/P18754_1003_S10.bam && samtools index -@ 32 /mnt/sequencing/Lungcancer/deep_wgs/bamfiles/P18754_1003_S10.bam
Removing temporary output file /mnt/sequencing/Lungcancer/deep_wgs/bamfiles/P18754_1003_S10.bam.bai.
[Sat Jun 11 11:58:14 2022]
Finished job 26.
13 of 69 steps (19%) done
Select jobs to execute...

[Sat Jun 11 11:58:14 2022]
rule bwa_map_pe:
    input: /mnt/AchTeraD/Documents/references/hg19/hg19.fa, /mnt/sequencing/Lungcancer/deep_wgs/fastq/P18754_1009_S9_R1.fastq.gz, /mnt/sequencing/Lungcancer/deep_wgs/fastq/P18754_1009_S9_R2.fastq.gz
    output: /mnt/sequencing/Lungcancer/deep_wgs/bamfiles/P18754_1009_S9.bam, /mnt/sequencing/Lungcancer/deep_wgs/bamfiles/P18754_1009_S9.bam.bai
    jobid: 36
    wildcards: sample=P18754_1009_S9
    priority: 1
    threads: 32

bwa mem -M -t 32 -R '@RG\tID:P18754_1009_S9\tSM:P18754_1009_S9\tPL:ILLUMINA' /mnt/AchTeraD/Documents/references/hg19/hg19.fa /mnt/sequencing/Lungcancer/deep_wgs/fastq/P18754_1009_S9_R1.fastq.gz /mnt/sequencing/Lungcancer/deep_wgs/fastq/P18754_1009_S9_R2.fastq.gz | samtools sort -o /mnt/sequencing/Lungcancer/deep_wgs/bamfiles/P18754_1009_S9.bam && samtools index -@ 32 /mnt/sequencing/Lungcancer/deep_wgs/bamfiles/P18754_1009_S9.bam
[Sat Jun 11 19:08:10 2022]
Error in rule bwa_map_pe:
    jobid: 36
    output: /mnt/sequencing/Lungcancer/deep_wgs/bamfiles/P18754_1009_S9.bam, /mnt/sequencing/Lungcancer/deep_wgs/bamfiles/P18754_1009_S9.bam.bai
    shell:
        bwa mem -M -t 32 -R '@RG\tID:P18754_1009_S9\tSM:P18754_1009_S9\tPL:ILLUMINA' /mnt/AchTeraD/Documents/references/hg19/hg19.fa /mnt/sequencing/Lungcancer/deep_wgs/fastq/P18754_1009_S9_R1.fastq.gz /mnt/sequencing/Lungcancer/deep_wgs/fastq/P18754_1009_S9_R2.fastq.gz | samtools sort -o /mnt/sequencing/Lungcancer/deep_wgs/bamfiles/P18754_1009_S9.bam && samtools index -@ 32 /mnt/sequencing/Lungcancer/deep_wgs/bamfiles/P18754_1009_S9.bam
        (one of the commands exited with non-zero exit code; note that snakemake uses bash strict mode!)

Job failed, going on with independent jobs.
Select jobs to execute...

[Sat Jun 11 19:08:10 2022]
rule bwa_map_pe:
    input: /mnt/AchTeraD/Documents/references/hg19/hg19.fa, /mnt/sequencing/Lungcancer/deep_wgs/fastq/P18754_1001_S4_R1.fastq.gz, /mnt/sequencing/Lungcancer/deep_wgs/fastq/P18754_1001_S4_R2.fastq.gz
    output: /mnt/sequencing/Lungcancer/deep_wgs/bamfiles/P18754_1001_S4.bam, /mnt/sequencing/Lungcancer/deep_wgs/bamfiles/P18754_1001_S4.bam.bai
    jobid: 22
    wildcards: sample=P18754_1001_S4
    priority: 1
    threads: 32

bwa mem -M -t 32 -R '@RG\tID:P18754_1001_S4\tSM:P18754_1001_S4\tPL:ILLUMINA' /mnt/AchTeraD/Documents/references/hg19/hg19.fa /mnt/sequencing/Lungcancer/deep_wgs/fastq/P18754_1001_S4_R1.fastq.gz /mnt/sequencing/Lungcancer/deep_wgs/fastq/P18754_1001_S4_R2.fastq.gz | samtools sort -o /mnt/sequencing/Lungcancer/deep_wgs/bamfiles/P18754_1001_S4.bam && samtools index -@ 32 /mnt/sequencing/Lungcancer/deep_wgs/bamfiles/P18754_1001_S4.bam
[Sat Jun 11 19:09:49 2022]
Error in rule bwa_map_pe:
    jobid: 22
    output: /mnt/sequencing/Lungcancer/deep_wgs/bamfiles/P18754_1001_S4.bam, /mnt/sequencing/Lungcancer/deep_wgs/bamfiles/P18754_1001_S4.bam.bai
    shell:
        bwa mem -M -t 32 -R '@RG\tID:P18754_1001_S4\tSM:P18754_1001_S4\tPL:ILLUMINA' /mnt/AchTeraD/Documents/references/hg19/hg19.fa /mnt/sequencing/Lungcancer/deep_wgs/fastq/P18754_1001_S4_R1.fastq.gz /mnt/sequencing/Lungcancer/deep_wgs/fastq/P18754_1001_S4_R2.fastq.gz | samtools sort -o /mnt/sequencing/Lungcancer/deep_wgs/bamfiles/P18754_1001_S4.bam && samtools index -@ 32 /mnt/sequencing/Lungcancer/deep_wgs/bamfiles/P18754_1001_S4.bam
        (one of the commands exited with non-zero exit code; note that snakemake uses bash strict mode!)

Job failed, going on with independent jobs.
Select jobs to execute...

[Sat Jun 11 19:09:49 2022]
rule bwa_map_pe:
    input: /mnt/AchTeraD/Documents/references/hg19/hg19.fa, /mnt/sequencing/Lungcancer/deep_wgs/fastq/P18754_1052_S10_R1.fastq.gz, /mnt/sequencing/Lungcancer/deep_wgs/fastq/P18754_1052_S10_R2.fastq.gz
    output: /mnt/sequencing/Lungcancer/deep_wgs/bamfiles/P18754_1052_S10.bam, /mnt/sequencing/Lungcancer/deep_wgs/bamfiles/P18754_1052_S10.bam.bai
    jobid: 46
    wildcards: sample=P18754_1052_S10
    priority: 1
    threads: 32

bwa mem -M -t 32 -R '@RG\tID:P18754_1052_S10\tSM:P18754_1052_S10\tPL:ILLUMINA' /mnt/AchTeraD/Documents/references/hg19/hg19.fa /mnt/sequencing/Lungcancer/deep_wgs/fastq/P18754_1052_S10_R1.fastq.gz /mnt/sequencing/Lungcancer/deep_wgs/fastq/P18754_1052_S10_R2.fastq.gz | samtools sort -o /mnt/sequencing/Lungcancer/deep_wgs/bamfiles/P18754_1052_S10.bam && samtools index -@ 32 /mnt/sequencing/Lungcancer/deep_wgs/bamfiles/P18754_1052_S10.bam
[Sat Jun 11 19:11:20 2022]
Error in rule bwa_map_pe:
    jobid: 46
    output: /mnt/sequencing/Lungcancer/deep_wgs/bamfiles/P18754_1052_S10.bam, /mnt/sequencing/Lungcancer/deep_wgs/bamfiles/P18754_1052_S10.bam.bai
    shell:
        bwa mem -M -t 32 -R '@RG\tID:P18754_1052_S10\tSM:P18754_1052_S10\tPL:ILLUMINA' /mnt/AchTeraD/Documents/references/hg19/hg19.fa /mnt/sequencing/Lungcancer/deep_wgs/fastq/P18754_1052_S10_R1.fastq.gz /mnt/sequencing/Lungcancer/deep_wgs/fastq/P18754_1052_S10_R2.fastq.gz | samtools sort -o /mnt/sequencing/Lungcancer/deep_wgs/bamfiles/P18754_1052_S10.bam && samtools index -@ 32 /mnt/sequencing/Lungcancer/deep_wgs/bamfiles/P18754_1052_S10.bam
        (one of the commands exited with non-zero exit code; note that snakemake uses bash strict mode!)

Job failed, going on with independent jobs.
Select jobs to execute...

[Sat Jun 11 19:11:20 2022]
rule bwa_map_pe:
    input: /mnt/AchTeraD/Documents/references/hg19/hg19.fa, /mnt/sequencing/Lungcancer/deep_wgs/fastq/P18754_1015_S12_R1.fastq.gz, /mnt/sequencing/Lungcancer/deep_wgs/fastq/P18754_1015_S12_R2.fastq.gz
    output: /mnt/sequencing/Lungcancer/deep_wgs/bamfiles/P18754_1015_S12.bam, /mnt/sequencing/Lungcancer/deep_wgs/bamfiles/P18754_1015_S12.bam.bai
    jobid: 42
    wildcards: sample=P18754_1015_S12
    priority: 1
    threads: 32

bwa mem -M -t 32 -R '@RG\tID:P18754_1015_S12\tSM:P18754_1015_S12\tPL:ILLUMINA' /mnt/AchTeraD/Documents/references/hg19/hg19.fa /mnt/sequencing/Lungcancer/deep_wgs/fastq/P18754_1015_S12_R1.fastq.gz /mnt/sequencing/Lungcancer/deep_wgs/fastq/P18754_1015_S12_R2.fastq.gz | samtools sort -o /mnt/sequencing/Lungcancer/deep_wgs/bamfiles/P18754_1015_S12.bam && samtools index -@ 32 /mnt/sequencing/Lungcancer/deep_wgs/bamfiles/P18754_1015_S12.bam
[Sat Jun 11 19:13:14 2022]
Error in rule bwa_map_pe:
    jobid: 42
    output: /mnt/sequencing/Lungcancer/deep_wgs/bamfiles/P18754_1015_S12.bam, /mnt/sequencing/Lungcancer/deep_wgs/bamfiles/P18754_1015_S12.bam.bai
    shell:
        bwa mem -M -t 32 -R '@RG\tID:P18754_1015_S12\tSM:P18754_1015_S12\tPL:ILLUMINA' /mnt/AchTeraD/Documents/references/hg19/hg19.fa /mnt/sequencing/Lungcancer/deep_wgs/fastq/P18754_1015_S12_R1.fastq.gz /mnt/sequencing/Lungcancer/deep_wgs/fastq/P18754_1015_S12_R2.fastq.gz | samtools sort -o /mnt/sequencing/Lungcancer/deep_wgs/bamfiles/P18754_1015_S12.bam && samtools index -@ 32 /mnt/sequencing/Lungcancer/deep_wgs/bamfiles/P18754_1015_S12.bam
        (one of the commands exited with non-zero exit code; note that snakemake uses bash strict mode!)

Job failed, going on with independent jobs.
Select jobs to execute...

[Sat Jun 11 19:13:14 2022]
rule bwa_map_pe:
    input: /mnt/AchTeraD/Documents/references/hg19/hg19.fa, /mnt/sequencing/Lungcancer/deep_wgs/fastq/P18754_1014_S22_R1.fastq.gz, /mnt/sequencing/Lungcancer/deep_wgs/fastq/P18754_1014_S22_R2.fastq.gz
    output: /mnt/sequencing/Lungcancer/deep_wgs/bamfiles/P18754_1014_S22.bam, /mnt/sequencing/Lungcancer/deep_wgs/bamfiles/P18754_1014_S22.bam.bai
    jobid: 38
    wildcards: sample=P18754_1014_S22
    priority: 1
    threads: 32

bwa mem -M -t 32 -R '@RG\tID:P18754_1014_S22\tSM:P18754_1014_S22\tPL:ILLUMINA' /mnt/AchTeraD/Documents/references/hg19/hg19.fa /mnt/sequencing/Lungcancer/deep_wgs/fastq/P18754_1014_S22_R1.fastq.gz /mnt/sequencing/Lungcancer/deep_wgs/fastq/P18754_1014_S22_R2.fastq.gz | samtools sort -o /mnt/sequencing/Lungcancer/deep_wgs/bamfiles/P18754_1014_S22.bam && samtools index -@ 32 /mnt/sequencing/Lungcancer/deep_wgs/bamfiles/P18754_1014_S22.bam
[Sat Jun 11 19:15:19 2022]
Error in rule bwa_map_pe:
    jobid: 38
    output: /mnt/sequencing/Lungcancer/deep_wgs/bamfiles/P18754_1014_S22.bam, /mnt/sequencing/Lungcancer/deep_wgs/bamfiles/P18754_1014_S22.bam.bai
    shell:
        bwa mem -M -t 32 -R '@RG\tID:P18754_1014_S22\tSM:P18754_1014_S22\tPL:ILLUMINA' /mnt/AchTeraD/Documents/references/hg19/hg19.fa /mnt/sequencing/Lungcancer/deep_wgs/fastq/P18754_1014_S22_R1.fastq.gz /mnt/sequencing/Lungcancer/deep_wgs/fastq/P18754_1014_S22_R2.fastq.gz | samtools sort -o /mnt/sequencing/Lungcancer/deep_wgs/bamfiles/P18754_1014_S22.bam && samtools index -@ 32 /mnt/sequencing/Lungcancer/deep_wgs/bamfiles/P18754_1014_S22.bam
        (one of the commands exited with non-zero exit code; note that snakemake uses bash strict mode!)

Job failed, going on with independent jobs.
Select jobs to execute...

[Sat Jun 11 19:15:19 2022]
rule bwa_map_pe:
    input: /mnt/AchTeraD/Documents/references/hg19/hg19.fa, /mnt/sequencing/Lungcancer/deep_wgs/fastq/P18754_1030_S29_R1.fastq.gz, /mnt/sequencing/Lungcancer/deep_wgs/fastq/P18754_1030_S29_R2.fastq.gz
    output: /mnt/sequencing/Lungcancer/deep_wgs/bamfiles/P18754_1030_S29.bam, /mnt/sequencing/Lungcancer/deep_wgs/bamfiles/P18754_1030_S29.bam.bai
    jobid: 20
    wildcards: sample=P18754_1030_S29
    priority: 1
    threads: 32

bwa mem -M -t 32 -R '@RG\tID:P18754_1030_S29\tSM:P18754_1030_S29\tPL:ILLUMINA' /mnt/AchTeraD/Documents/references/hg19/hg19.fa /mnt/sequencing/Lungcancer/deep_wgs/fastq/P18754_1030_S29_R1.fastq.gz /mnt/sequencing/Lungcancer/deep_wgs/fastq/P18754_1030_S29_R2.fastq.gz | samtools sort -o /mnt/sequencing/Lungcancer/deep_wgs/bamfiles/P18754_1030_S29.bam && samtools index -@ 32 /mnt/sequencing/Lungcancer/deep_wgs/bamfiles/P18754_1030_S29.bam
[Sat Jun 11 19:17:26 2022]
Error in rule bwa_map_pe:
    jobid: 20
    output: /mnt/sequencing/Lungcancer/deep_wgs/bamfiles/P18754_1030_S29.bam, /mnt/sequencing/Lungcancer/deep_wgs/bamfiles/P18754_1030_S29.bam.bai
    shell:
        bwa mem -M -t 32 -R '@RG\tID:P18754_1030_S29\tSM:P18754_1030_S29\tPL:ILLUMINA' /mnt/AchTeraD/Documents/references/hg19/hg19.fa /mnt/sequencing/Lungcancer/deep_wgs/fastq/P18754_1030_S29_R1.fastq.gz /mnt/sequencing/Lungcancer/deep_wgs/fastq/P18754_1030_S29_R2.fastq.gz | samtools sort -o /mnt/sequencing/Lungcancer/deep_wgs/bamfiles/P18754_1030_S29.bam && samtools index -@ 32 /mnt/sequencing/Lungcancer/deep_wgs/bamfiles/P18754_1030_S29.bam
        (one of the commands exited with non-zero exit code; note that snakemake uses bash strict mode!)

Job failed, going on with independent jobs.
Select jobs to execute...

[Sat Jun 11 19:17:26 2022]
rule deduplication:
    input: /mnt/sequencing/Lungcancer/deep_wgs/bamfiles/P18754_1057_S15.bam
    output: /mnt/sequencing/Lungcancer/deep_wgs/bamfiles/P18754_1057_S15.dedup.bam, /mnt/sequencing/Lungcancer/deep_wgs/stats/P18754_1057_S15.metrics.txt
    jobid: 33
    wildcards: sample=P18754_1057_S15
    threads: 6

gatk MarkDuplicates -I /mnt/sequencing/Lungcancer/deep_wgs/bamfiles/P18754_1057_S15.bam -O /mnt/sequencing/Lungcancer/deep_wgs/bamfiles/P18754_1057_S15.dedup.bam -M /mnt/sequencing/Lungcancer/deep_wgs/stats/P18754_1057_S15.metrics.txt

[Sat Jun 11 19:17:26 2022]
rule deduplication:
    input: /mnt/sequencing/Lungcancer/deep_wgs/bamfiles/P18754_1050_S8.bam
    output: /mnt/sequencing/Lungcancer/deep_wgs/bamfiles/P18754_1050_S8.dedup.bam, /mnt/sequencing/Lungcancer/deep_wgs/stats/P18754_1050_S8.metrics.txt
    jobid: 5
    wildcards: sample=P18754_1050_S8
    threads: 6

gatk MarkDuplicates -I /mnt/sequencing/Lungcancer/deep_wgs/bamfiles/P18754_1050_S8.bam -O /mnt/sequencing/Lungcancer/deep_wgs/bamfiles/P18754_1050_S8.dedup.bam -M /mnt/sequencing/Lungcancer/deep_wgs/stats/P18754_1050_S8.metrics.txt

[Sat Jun 11 19:17:26 2022]
rule deduplication:
    input: /mnt/sequencing/Lungcancer/deep_wgs/bamfiles/P18754_1054_S12.bam
    output: /mnt/sequencing/Lungcancer/deep_wgs/bamfiles/P18754_1054_S12.dedup.bam, /mnt/sequencing/Lungcancer/deep_wgs/stats/P18754_1054_S12.metrics.txt
    jobid: 47
    wildcards: sample=P18754_1054_S12
    threads: 6

gatk MarkDuplicates -I /mnt/sequencing/Lungcancer/deep_wgs/bamfiles/P18754_1054_S12.bam -O /mnt/sequencing/Lungcancer/deep_wgs/bamfiles/P18754_1054_S12.dedup.bam -M /mnt/sequencing/Lungcancer/deep_wgs/stats/P18754_1054_S12.metrics.txt

[Sat Jun 11 19:17:26 2022]
rule deduplication:
    input: /mnt/sequencing/Lungcancer/deep_wgs/bamfiles/P18754_1034_S37.bam
    output: /mnt/sequencing/Lungcancer/deep_wgs/bamfiles/P18754_1034_S37.dedup.bam, /mnt/sequencing/Lungcancer/deep_wgs/stats/P18754_1034_S37.metrics.txt
    jobid: 17
    wildcards: sample=P18754_1034_S37
    threads: 6

gatk MarkDuplicates -I /mnt/sequencing/Lungcancer/deep_wgs/bamfiles/P18754_1034_S37.bam -O /mnt/sequencing/Lungcancer/deep_wgs/bamfiles/P18754_1034_S37.dedup.bam -M /mnt/sequencing/Lungcancer/deep_wgs/stats/P18754_1034_S37.metrics.txt

[Sat Jun 11 19:17:26 2022]
rule deduplication:
    input: /mnt/sequencing/Lungcancer/deep_wgs/bamfiles/P18754_1031_S30.bam
    output: /mnt/sequencing/Lungcancer/deep_wgs/bamfiles/P18754_1031_S30.dedup.bam, /mnt/sequencing/Lungcancer/deep_wgs/stats/P18754_1031_S30.metrics.txt
    jobid: 29
    wildcards: sample=P18754_1031_S30
    threads: 6

gatk MarkDuplicates -I /mnt/sequencing/Lungcancer/deep_wgs/bamfiles/P18754_1031_S30.bam -O /mnt/sequencing/Lungcancer/deep_wgs/bamfiles/P18754_1031_S30.dedup.bam -M /mnt/sequencing/Lungcancer/deep_wgs/stats/P18754_1031_S30.metrics.txt
[Sat Jun 11 22:54:51 2022]
Error in rule deduplication:
    jobid: 47
    output: /mnt/sequencing/Lungcancer/deep_wgs/bamfiles/P18754_1054_S12.dedup.bam, /mnt/sequencing/Lungcancer/deep_wgs/stats/P18754_1054_S12.metrics.txt
    shell:
        gatk MarkDuplicates -I /mnt/sequencing/Lungcancer/deep_wgs/bamfiles/P18754_1054_S12.bam -O /mnt/sequencing/Lungcancer/deep_wgs/bamfiles/P18754_1054_S12.dedup.bam -M /mnt/sequencing/Lungcancer/deep_wgs/stats/P18754_1054_S12.metrics.txt
        (one of the commands exited with non-zero exit code; note that snakemake uses bash strict mode!)

Removing output files of failed job deduplication since they might be corrupted:
/mnt/sequencing/Lungcancer/deep_wgs/bamfiles/P18754_1054_S12.dedup.bam
Job failed, going on with independent jobs.
Select jobs to execute...

[Sat Jun 11 22:54:51 2022]
rule deduplication:
    input: /mnt/sequencing/Lungcancer/deep_wgs/bamfiles/P18754_1060_S18.bam
    output: /mnt/sequencing/Lungcancer/deep_wgs/bamfiles/P18754_1060_S18.dedup.bam, /mnt/sequencing/Lungcancer/deep_wgs/stats/P18754_1060_S18.metrics.txt
    jobid: 39
    wildcards: sample=P18754_1060_S18
    threads: 6

gatk MarkDuplicates -I /mnt/sequencing/Lungcancer/deep_wgs/bamfiles/P18754_1060_S18.bam -O /mnt/sequencing/Lungcancer/deep_wgs/bamfiles/P18754_1060_S18.dedup.bam -M /mnt/sequencing/Lungcancer/deep_wgs/stats/P18754_1060_S18.metrics.txt
[Sun Jun 12 01:44:01 2022]
Error in rule deduplication:
    jobid: 29
    output: /mnt/sequencing/Lungcancer/deep_wgs/bamfiles/P18754_1031_S30.dedup.bam, /mnt/sequencing/Lungcancer/deep_wgs/stats/P18754_1031_S30.metrics.txt
    shell:
        gatk MarkDuplicates -I /mnt/sequencing/Lungcancer/deep_wgs/bamfiles/P18754_1031_S30.bam -O /mnt/sequencing/Lungcancer/deep_wgs/bamfiles/P18754_1031_S30.dedup.bam -M /mnt/sequencing/Lungcancer/deep_wgs/stats/P18754_1031_S30.metrics.txt
        (one of the commands exited with non-zero exit code; note that snakemake uses bash strict mode!)

Removing output files of failed job deduplication since they might be corrupted:
/mnt/sequencing/Lungcancer/deep_wgs/bamfiles/P18754_1031_S30.dedup.bam
Job failed, going on with independent jobs.
Select jobs to execute...

[Sun Jun 12 01:44:01 2022]
rule deduplication:
    input: /mnt/sequencing/Lungcancer/deep_wgs/bamfiles/P18754_1025_S32.bam
    output: /mnt/sequencing/Lungcancer/deep_wgs/bamfiles/P18754_1025_S32.dedup.bam, /mnt/sequencing/Lungcancer/deep_wgs/stats/P18754_1025_S32.metrics.txt
    jobid: 9
    wildcards: sample=P18754_1025_S32
    threads: 6

gatk MarkDuplicates -I /mnt/sequencing/Lungcancer/deep_wgs/bamfiles/P18754_1025_S32.bam -O /mnt/sequencing/Lungcancer/deep_wgs/bamfiles/P18754_1025_S32.dedup.bam -M /mnt/sequencing/Lungcancer/deep_wgs/stats/P18754_1025_S32.metrics.txt
[Sun Jun 12 01:56:41 2022]
Error in rule deduplication:
    jobid: 17
    output: /mnt/sequencing/Lungcancer/deep_wgs/bamfiles/P18754_1034_S37.dedup.bam, /mnt/sequencing/Lungcancer/deep_wgs/stats/P18754_1034_S37.metrics.txt
    shell:
        gatk MarkDuplicates -I /mnt/sequencing/Lungcancer/deep_wgs/bamfiles/P18754_1034_S37.bam -O /mnt/sequencing/Lungcancer/deep_wgs/bamfiles/P18754_1034_S37.dedup.bam -M /mnt/sequencing/Lungcancer/deep_wgs/stats/P18754_1034_S37.metrics.txt
        (one of the commands exited with non-zero exit code; note that snakemake uses bash strict mode!)

Removing output files of failed job deduplication since they might be corrupted:
/mnt/sequencing/Lungcancer/deep_wgs/bamfiles/P18754_1034_S37.dedup.bam
Job failed, going on with independent jobs.
Select jobs to execute...

[Sun Jun 12 01:56:41 2022]
rule deduplication:
    input: /mnt/sequencing/Lungcancer/deep_wgs/bamfiles/P18754_1033_S35.bam
    output: /mnt/sequencing/Lungcancer/deep_wgs/bamfiles/P18754_1033_S35.dedup.bam, /mnt/sequencing/Lungcancer/deep_wgs/stats/P18754_1033_S35.metrics.txt
    jobid: 1
    wildcards: sample=P18754_1033_S35
    threads: 6

gatk MarkDuplicates -I /mnt/sequencing/Lungcancer/deep_wgs/bamfiles/P18754_1033_S35.bam -O /mnt/sequencing/Lungcancer/deep_wgs/bamfiles/P18754_1033_S35.dedup.bam -M /mnt/sequencing/Lungcancer/deep_wgs/stats/P18754_1033_S35.metrics.txt
[Sun Jun 12 02:41:51 2022]
Error in rule deduplication:
    jobid: 39
    output: /mnt/sequencing/Lungcancer/deep_wgs/bamfiles/P18754_1060_S18.dedup.bam, /mnt/sequencing/Lungcancer/deep_wgs/stats/P18754_1060_S18.metrics.txt
    shell:
        gatk MarkDuplicates -I /mnt/sequencing/Lungcancer/deep_wgs/bamfiles/P18754_1060_S18.bam -O /mnt/sequencing/Lungcancer/deep_wgs/bamfiles/P18754_1060_S18.dedup.bam -M /mnt/sequencing/Lungcancer/deep_wgs/stats/P18754_1060_S18.metrics.txt
        (one of the commands exited with non-zero exit code; note that snakemake uses bash strict mode!)

Removing output files of failed job deduplication since they might be corrupted:
/mnt/sequencing/Lungcancer/deep_wgs/bamfiles/P18754_1060_S18.dedup.bam
Job failed, going on with independent jobs.
Select jobs to execute...

[Sun Jun 12 02:41:51 2022]
rule deduplication:
    input: /mnt/sequencing/Lungcancer/deep_wgs/bamfiles/P18754_1012_S14.bam
    output: /mnt/sequencing/Lungcancer/deep_wgs/bamfiles/P18754_1012_S14.dedup.bam, /mnt/sequencing/Lungcancer/deep_wgs/stats/P18754_1012_S14.metrics.txt
    jobid: 11
    wildcards: sample=P18754_1012_S14
    threads: 6

gatk MarkDuplicates -I /mnt/sequencing/Lungcancer/deep_wgs/bamfiles/P18754_1012_S14.bam -O /mnt/sequencing/Lungcancer/deep_wgs/bamfiles/P18754_1012_S14.dedup.bam -M /mnt/sequencing/Lungcancer/deep_wgs/stats/P18754_1012_S14.metrics.txt
[Sun Jun 12 04:00:59 2022]
Error in rule deduplication:
    jobid: 9
    output: /mnt/sequencing/Lungcancer/deep_wgs/bamfiles/P18754_1025_S32.dedup.bam, /mnt/sequencing/Lungcancer/deep_wgs/stats/P18754_1025_S32.metrics.txt
    shell:
        gatk MarkDuplicates -I /mnt/sequencing/Lungcancer/deep_wgs/bamfiles/P18754_1025_S32.bam -O /mnt/sequencing/Lungcancer/deep_wgs/bamfiles/P18754_1025_S32.dedup.bam -M /mnt/sequencing/Lungcancer/deep_wgs/stats/P18754_1025_S32.metrics.txt
        (one of the commands exited with non-zero exit code; note that snakemake uses bash strict mode!)

Removing output files of failed job deduplication since they might be corrupted:
/mnt/sequencing/Lungcancer/deep_wgs/bamfiles/P18754_1025_S32.dedup.bam
Job failed, going on with independent jobs.
Select jobs to execute...

[Sun Jun 12 04:00:59 2022]
rule deduplication:
    input: /mnt/sequencing/Lungcancer/deep_wgs/bamfiles/P18754_1002_S11.bam
    output: /mnt/sequencing/Lungcancer/deep_wgs/bamfiles/P18754_1002_S11.dedup.bam, /mnt/sequencing/Lungcancer/deep_wgs/stats/P18754_1002_S11.metrics.txt
    jobid: 27
    wildcards: sample=P18754_1002_S11
    threads: 6

gatk MarkDuplicates -I /mnt/sequencing/Lungcancer/deep_wgs/bamfiles/P18754_1002_S11.bam -O /mnt/sequencing/Lungcancer/deep_wgs/bamfiles/P18754_1002_S11.dedup.bam -M /mnt/sequencing/Lungcancer/deep_wgs/stats/P18754_1002_S11.metrics.txt
[Sun Jun 12 04:02:01 2022]
Error in rule deduplication:
    jobid: 5
    output: /mnt/sequencing/Lungcancer/deep_wgs/bamfiles/P18754_1050_S8.dedup.bam, /mnt/sequencing/Lungcancer/deep_wgs/stats/P18754_1050_S8.metrics.txt
    shell:
        gatk MarkDuplicates -I /mnt/sequencing/Lungcancer/deep_wgs/bamfiles/P18754_1050_S8.bam -O /mnt/sequencing/Lungcancer/deep_wgs/bamfiles/P18754_1050_S8.dedup.bam -M /mnt/sequencing/Lungcancer/deep_wgs/stats/P18754_1050_S8.metrics.txt
        (one of the commands exited with non-zero exit code; note that snakemake uses bash strict mode!)

Removing output files of failed job deduplication since they might be corrupted:
/mnt/sequencing/Lungcancer/deep_wgs/bamfiles/P18754_1050_S8.dedup.bam
Job failed, going on with independent jobs.
Select jobs to execute...

[Sun Jun 12 04:02:01 2022]
rule deduplication:
    input: /mnt/sequencing/Lungcancer/deep_wgs/bamfiles/P18754_1021_S20.bam
    output: /mnt/sequencing/Lungcancer/deep_wgs/bamfiles/P18754_1021_S20.dedup.bam, /mnt/sequencing/Lungcancer/deep_wgs/stats/P18754_1021_S20.metrics.txt
    jobid: 23
    wildcards: sample=P18754_1021_S20
    threads: 6

gatk MarkDuplicates -I /mnt/sequencing/Lungcancer/deep_wgs/bamfiles/P18754_1021_S20.bam -O /mnt/sequencing/Lungcancer/deep_wgs/bamfiles/P18754_1021_S20.dedup.bam -M /mnt/sequencing/Lungcancer/deep_wgs/stats/P18754_1021_S20.metrics.txt
[Sun Jun 12 04:05:04 2022]
Error in rule deduplication:
    jobid: 1
    output: /mnt/sequencing/Lungcancer/deep_wgs/bamfiles/P18754_1033_S35.dedup.bam, /mnt/sequencing/Lungcancer/deep_wgs/stats/P18754_1033_S35.metrics.txt
    shell:
        gatk MarkDuplicates -I /mnt/sequencing/Lungcancer/deep_wgs/bamfiles/P18754_1033_S35.bam -O /mnt/sequencing/Lungcancer/deep_wgs/bamfiles/P18754_1033_S35.dedup.bam -M /mnt/sequencing/Lungcancer/deep_wgs/stats/P18754_1033_S35.metrics.txt
        (one of the commands exited with non-zero exit code; note that snakemake uses bash strict mode!)

Removing output files of failed job deduplication since they might be corrupted:
/mnt/sequencing/Lungcancer/deep_wgs/bamfiles/P18754_1033_S35.dedup.bam
Job failed, going on with independent jobs.
Select jobs to execute...

[Sun Jun 12 04:05:04 2022]
rule deduplication:
    input: /mnt/sequencing/Lungcancer/deep_wgs/bamfiles/P18754_1017_S15.bam
    output: /mnt/sequencing/Lungcancer/deep_wgs/bamfiles/P18754_1017_S15.dedup.bam, /mnt/sequencing/Lungcancer/deep_wgs/stats/P18754_1017_S15.metrics.txt
    jobid: 43
    wildcards: sample=P18754_1017_S15
    threads: 6

gatk MarkDuplicates -I /mnt/sequencing/Lungcancer/deep_wgs/bamfiles/P18754_1017_S15.bam -O /mnt/sequencing/Lungcancer/deep_wgs/bamfiles/P18754_1017_S15.dedup.bam -M /mnt/sequencing/Lungcancer/deep_wgs/stats/P18754_1017_S15.metrics.txt
[Sun Jun 12 04:14:48 2022]
Error in rule deduplication:
    jobid: 11
    output: /mnt/sequencing/Lungcancer/deep_wgs/bamfiles/P18754_1012_S14.dedup.bam, /mnt/sequencing/Lungcancer/deep_wgs/stats/P18754_1012_S14.metrics.txt
    shell:
        gatk MarkDuplicates -I /mnt/sequencing/Lungcancer/deep_wgs/bamfiles/P18754_1012_S14.bam -O /mnt/sequencing/Lungcancer/deep_wgs/bamfiles/P18754_1012_S14.dedup.bam -M /mnt/sequencing/Lungcancer/deep_wgs/stats/P18754_1012_S14.metrics.txt
        (one of the commands exited with non-zero exit code; note that snakemake uses bash strict mode!)

Removing output files of failed job deduplication since they might be corrupted:
/mnt/sequencing/Lungcancer/deep_wgs/bamfiles/P18754_1012_S14.dedup.bam
Job failed, going on with independent jobs.
Select jobs to execute...

[Sun Jun 12 04:14:48 2022]
rule deduplication:
    input: /mnt/sequencing/Lungcancer/deep_wgs/bamfiles/P18754_1056_S14.bam
    output: /mnt/sequencing/Lungcancer/deep_wgs/bamfiles/P18754_1056_S14.dedup.bam, /mnt/sequencing/Lungcancer/deep_wgs/stats/P18754_1056_S14.metrics.txt
    jobid: 15
    wildcards: sample=P18754_1056_S14
    threads: 6

gatk MarkDuplicates -I /mnt/sequencing/Lungcancer/deep_wgs/bamfiles/P18754_1056_S14.bam -O /mnt/sequencing/Lungcancer/deep_wgs/bamfiles/P18754_1056_S14.dedup.bam -M /mnt/sequencing/Lungcancer/deep_wgs/stats/P18754_1056_S14.metrics.txt
[Sun Jun 12 04:48:05 2022]
Error in rule deduplication:
    jobid: 33
    output: /mnt/sequencing/Lungcancer/deep_wgs/bamfiles/P18754_1057_S15.dedup.bam, /mnt/sequencing/Lungcancer/deep_wgs/stats/P18754_1057_S15.metrics.txt
    shell:
        gatk MarkDuplicates -I /mnt/sequencing/Lungcancer/deep_wgs/bamfiles/P18754_1057_S15.bam -O /mnt/sequencing/Lungcancer/deep_wgs/bamfiles/P18754_1057_S15.dedup.bam -M /mnt/sequencing/Lungcancer/deep_wgs/stats/P18754_1057_S15.metrics.txt
        (one of the commands exited with non-zero exit code; note that snakemake uses bash strict mode!)

Removing output files of failed job deduplication since they might be corrupted:
/mnt/sequencing/Lungcancer/deep_wgs/bamfiles/P18754_1057_S15.dedup.bam
Job failed, going on with independent jobs.
Select jobs to execute...

[Sun Jun 12 04:48:05 2022]
rule deduplication:
    input: /mnt/sequencing/Lungcancer/deep_wgs/bamfiles/P18754_1026_S31.bam
    output: /mnt/sequencing/Lungcancer/deep_wgs/bamfiles/P18754_1026_S31.dedup.bam, /mnt/sequencing/Lungcancer/deep_wgs/stats/P18754_1026_S31.metrics.txt
    jobid: 31
    wildcards: sample=P18754_1026_S31
    threads: 6

gatk MarkDuplicates -I /mnt/sequencing/Lungcancer/deep_wgs/bamfiles/P18754_1026_S31.bam -O /mnt/sequencing/Lungcancer/deep_wgs/bamfiles/P18754_1026_S31.dedup.bam -M /mnt/sequencing/Lungcancer/deep_wgs/stats/P18754_1026_S31.metrics.txt
[Sun Jun 12 05:35:49 2022]
Error in rule deduplication:
    jobid: 15
    output: /mnt/sequencing/Lungcancer/deep_wgs/bamfiles/P18754_1056_S14.dedup.bam, /mnt/sequencing/Lungcancer/deep_wgs/stats/P18754_1056_S14.metrics.txt
    shell:
        gatk MarkDuplicates -I /mnt/sequencing/Lungcancer/deep_wgs/bamfiles/P18754_1056_S14.bam -O /mnt/sequencing/Lungcancer/deep_wgs/bamfiles/P18754_1056_S14.dedup.bam -M /mnt/sequencing/Lungcancer/deep_wgs/stats/P18754_1056_S14.metrics.txt
        (one of the commands exited with non-zero exit code; note that snakemake uses bash strict mode!)

Removing output files of failed job deduplication since they might be corrupted:
/mnt/sequencing/Lungcancer/deep_wgs/bamfiles/P18754_1056_S14.dedup.bam
Job failed, going on with independent jobs.
Select jobs to execute...

[Sun Jun 12 05:35:49 2022]
rule deduplication:
    input: /mnt/sequencing/Lungcancer/deep_wgs/bamfiles/P18754_1046_S4.bam
    output: /mnt/sequencing/Lungcancer/deep_wgs/bamfiles/P18754_1046_S4.dedup.bam, /mnt/sequencing/Lungcancer/deep_wgs/stats/P18754_1046_S4.metrics.txt
    jobid: 3
    wildcards: sample=P18754_1046_S4
    threads: 6

gatk MarkDuplicates -I /mnt/sequencing/Lungcancer/deep_wgs/bamfiles/P18754_1046_S4.bam -O /mnt/sequencing/Lungcancer/deep_wgs/bamfiles/P18754_1046_S4.dedup.bam -M /mnt/sequencing/Lungcancer/deep_wgs/stats/P18754_1046_S4.metrics.txt
[Sun Jun 12 05:40:44 2022]
Error in rule deduplication:
    jobid: 23
    output: /mnt/sequencing/Lungcancer/deep_wgs/bamfiles/P18754_1021_S20.dedup.bam, /mnt/sequencing/Lungcancer/deep_wgs/stats/P18754_1021_S20.metrics.txt
    shell:
        gatk MarkDuplicates -I /mnt/sequencing/Lungcancer/deep_wgs/bamfiles/P18754_1021_S20.bam -O /mnt/sequencing/Lungcancer/deep_wgs/bamfiles/P18754_1021_S20.dedup.bam -M /mnt/sequencing/Lungcancer/deep_wgs/stats/P18754_1021_S20.metrics.txt
        (one of the commands exited with non-zero exit code; note that snakemake uses bash strict mode!)

Removing output files of failed job deduplication since they might be corrupted:
/mnt/sequencing/Lungcancer/deep_wgs/bamfiles/P18754_1021_S20.dedup.bam
Job failed, going on with independent jobs.
Select jobs to execute...

[Sun Jun 12 05:40:45 2022]
rule deduplication:
    input: /mnt/sequencing/Lungcancer/deep_wgs/bamfiles/P18754_1010_S8.bam
    output: /mnt/sequencing/Lungcancer/deep_wgs/bamfiles/P18754_1010_S8.dedup.bam, /mnt/sequencing/Lungcancer/deep_wgs/stats/P18754_1010_S8.metrics.txt
    jobid: 13
    wildcards: sample=P18754_1010_S8
    threads: 6

gatk MarkDuplicates -I /mnt/sequencing/Lungcancer/deep_wgs/bamfiles/P18754_1010_S8.bam -O /mnt/sequencing/Lungcancer/deep_wgs/bamfiles/P18754_1010_S8.dedup.bam -M /mnt/sequencing/Lungcancer/deep_wgs/stats/P18754_1010_S8.metrics.txt
[Sun Jun 12 05:42:30 2022]
Error in rule deduplication:
    jobid: 27
    output: /mnt/sequencing/Lungcancer/deep_wgs/bamfiles/P18754_1002_S11.dedup.bam, /mnt/sequencing/Lungcancer/deep_wgs/stats/P18754_1002_S11.metrics.txt
    shell:
        gatk MarkDuplicates -I /mnt/sequencing/Lungcancer/deep_wgs/bamfiles/P18754_1002_S11.bam -O /mnt/sequencing/Lungcancer/deep_wgs/bamfiles/P18754_1002_S11.dedup.bam -M /mnt/sequencing/Lungcancer/deep_wgs/stats/P18754_1002_S11.metrics.txt
        (one of the commands exited with non-zero exit code; note that snakemake uses bash strict mode!)

Removing output files of failed job deduplication since they might be corrupted:
/mnt/sequencing/Lungcancer/deep_wgs/bamfiles/P18754_1002_S11.dedup.bam
Job failed, going on with independent jobs.
Select jobs to execute...

[Sun Jun 12 05:42:30 2022]
rule deduplication:
    input: /mnt/sequencing/Lungcancer/deep_wgs/bamfiles/P18754_1008_S6.bam
    output: /mnt/sequencing/Lungcancer/deep_wgs/bamfiles/P18754_1008_S6.dedup.bam, /mnt/sequencing/Lungcancer/deep_wgs/stats/P18754_1008_S6.metrics.txt
    jobid: 7
    wildcards: sample=P18754_1008_S6
    threads: 6

gatk MarkDuplicates -I /mnt/sequencing/Lungcancer/deep_wgs/bamfiles/P18754_1008_S6.bam -O /mnt/sequencing/Lungcancer/deep_wgs/bamfiles/P18754_1008_S6.dedup.bam -M /mnt/sequencing/Lungcancer/deep_wgs/stats/P18754_1008_S6.metrics.txt
[Sun Jun 12 05:44:47 2022]
Error in rule deduplication:
    jobid: 43
    output: /mnt/sequencing/Lungcancer/deep_wgs/bamfiles/P18754_1017_S15.dedup.bam, /mnt/sequencing/Lungcancer/deep_wgs/stats/P18754_1017_S15.metrics.txt
    shell:
        gatk MarkDuplicates -I /mnt/sequencing/Lungcancer/deep_wgs/bamfiles/P18754_1017_S15.bam -O /mnt/sequencing/Lungcancer/deep_wgs/bamfiles/P18754_1017_S15.dedup.bam -M /mnt/sequencing/Lungcancer/deep_wgs/stats/P18754_1017_S15.metrics.txt
        (one of the commands exited with non-zero exit code; note that snakemake uses bash strict mode!)

Removing output files of failed job deduplication since they might be corrupted:
/mnt/sequencing/Lungcancer/deep_wgs/bamfiles/P18754_1017_S15.dedup.bam
Job failed, going on with independent jobs.
Select jobs to execute...

[Sun Jun 12 05:44:47 2022]
rule deduplication:
    input: /mnt/sequencing/Lungcancer/deep_wgs/bamfiles/P18754_1003_S10.bam
    output: /mnt/sequencing/Lungcancer/deep_wgs/bamfiles/P18754_1003_S10.dedup.bam, /mnt/sequencing/Lungcancer/deep_wgs/stats/P18754_1003_S10.metrics.txt
    jobid: 25
    wildcards: sample=P18754_1003_S10
    threads: 6

gatk MarkDuplicates -I /mnt/sequencing/Lungcancer/deep_wgs/bamfiles/P18754_1003_S10.bam -O /mnt/sequencing/Lungcancer/deep_wgs/bamfiles/P18754_1003_S10.dedup.bam -M /mnt/sequencing/Lungcancer/deep_wgs/stats/P18754_1003_S10.metrics.txt
[Sun Jun 12 06:34:45 2022]
Error in rule deduplication:
    jobid: 31
    output: /mnt/sequencing/Lungcancer/deep_wgs/bamfiles/P18754_1026_S31.dedup.bam, /mnt/sequencing/Lungcancer/deep_wgs/stats/P18754_1026_S31.metrics.txt
    shell:
        gatk MarkDuplicates -I /mnt/sequencing/Lungcancer/deep_wgs/bamfiles/P18754_1026_S31.bam -O /mnt/sequencing/Lungcancer/deep_wgs/bamfiles/P18754_1026_S31.dedup.bam -M /mnt/sequencing/Lungcancer/deep_wgs/stats/P18754_1026_S31.metrics.txt
        (one of the commands exited with non-zero exit code; note that snakemake uses bash strict mode!)

Removing output files of failed job deduplication since they might be corrupted:
/mnt/sequencing/Lungcancer/deep_wgs/bamfiles/P18754_1026_S31.dedup.bam
Job failed, going on with independent jobs.
[Sun Jun 12 06:41:21 2022]
Error in rule deduplication:
    jobid: 25
    output: /mnt/sequencing/Lungcancer/deep_wgs/bamfiles/P18754_1003_S10.dedup.bam, /mnt/sequencing/Lungcancer/deep_wgs/stats/P18754_1003_S10.metrics.txt
    shell:
        gatk MarkDuplicates -I /mnt/sequencing/Lungcancer/deep_wgs/bamfiles/P18754_1003_S10.bam -O /mnt/sequencing/Lungcancer/deep_wgs/bamfiles/P18754_1003_S10.dedup.bam -M /mnt/sequencing/Lungcancer/deep_wgs/stats/P18754_1003_S10.metrics.txt
        (one of the commands exited with non-zero exit code; note that snakemake uses bash strict mode!)

Removing output files of failed job deduplication since they might be corrupted:
/mnt/sequencing/Lungcancer/deep_wgs/bamfiles/P18754_1003_S10.dedup.bam
Job failed, going on with independent jobs.
[Sun Jun 12 06:52:46 2022]
Error in rule deduplication:
    jobid: 13
    output: /mnt/sequencing/Lungcancer/deep_wgs/bamfiles/P18754_1010_S8.dedup.bam, /mnt/sequencing/Lungcancer/deep_wgs/stats/P18754_1010_S8.metrics.txt
    shell:
        gatk MarkDuplicates -I /mnt/sequencing/Lungcancer/deep_wgs/bamfiles/P18754_1010_S8.bam -O /mnt/sequencing/Lungcancer/deep_wgs/bamfiles/P18754_1010_S8.dedup.bam -M /mnt/sequencing/Lungcancer/deep_wgs/stats/P18754_1010_S8.metrics.txt
        (one of the commands exited with non-zero exit code; note that snakemake uses bash strict mode!)

Removing output files of failed job deduplication since they might be corrupted:
/mnt/sequencing/Lungcancer/deep_wgs/bamfiles/P18754_1010_S8.dedup.bam
Job failed, going on with independent jobs.
[Sun Jun 12 06:56:34 2022]
Error in rule deduplication:
    jobid: 7
    output: /mnt/sequencing/Lungcancer/deep_wgs/bamfiles/P18754_1008_S6.dedup.bam, /mnt/sequencing/Lungcancer/deep_wgs/stats/P18754_1008_S6.metrics.txt
    shell:
        gatk MarkDuplicates -I /mnt/sequencing/Lungcancer/deep_wgs/bamfiles/P18754_1008_S6.bam -O /mnt/sequencing/Lungcancer/deep_wgs/bamfiles/P18754_1008_S6.dedup.bam -M /mnt/sequencing/Lungcancer/deep_wgs/stats/P18754_1008_S6.metrics.txt
        (one of the commands exited with non-zero exit code; note that snakemake uses bash strict mode!)

Removing output files of failed job deduplication since they might be corrupted:
/mnt/sequencing/Lungcancer/deep_wgs/bamfiles/P18754_1008_S6.dedup.bam
Job failed, going on with independent jobs.
[Sun Jun 12 07:02:04 2022]
Error in rule deduplication:
    jobid: 3
    output: /mnt/sequencing/Lungcancer/deep_wgs/bamfiles/P18754_1046_S4.dedup.bam, /mnt/sequencing/Lungcancer/deep_wgs/stats/P18754_1046_S4.metrics.txt
    shell:
        gatk MarkDuplicates -I /mnt/sequencing/Lungcancer/deep_wgs/bamfiles/P18754_1046_S4.bam -O /mnt/sequencing/Lungcancer/deep_wgs/bamfiles/P18754_1046_S4.dedup.bam -M /mnt/sequencing/Lungcancer/deep_wgs/stats/P18754_1046_S4.metrics.txt
        (one of the commands exited with non-zero exit code; note that snakemake uses bash strict mode!)

Removing output files of failed job deduplication since they might be corrupted:
/mnt/sequencing/Lungcancer/deep_wgs/bamfiles/P18754_1046_S4.dedup.bam
Job failed, going on with independent jobs.
Exiting because a job execution failed. Look above for error message
Complete log: /mnt/AchTeraD/Documents/Projects/LungCancer/manuscript/repository/preprocessing/WGS_WES/.snakemake/log/2022-06-07T134527.816603.snakemake.log
