Building DAG of jobs...
Using shell: /usr/bin/bash
Provided cores: 32
Rules claiming more threads will be scaled down.
Job counts:
	count	jobs
	24	aflred_post
	1	all
	6	bwa_map_pe
	24	deduplication
	1	qc
	56
Select jobs to execute...

[Fri Jun 17 14:34:52 2022]
rule bwa_map_pe:
    input: /mnt/AchTeraD/Documents/references/hg19/hg19.fa, /mnt/sequencing/Lungcancer/deep_wgs/fastq/P18754_1015_S12_R1.fastq.gz, /mnt/sequencing/Lungcancer/deep_wgs/fastq/P18754_1015_S12_R2.fastq.gz
    output: /mnt/sequencing/Lungcancer/deep_wgs/bamfiles/P18754_1015_S12.bam, /mnt/sequencing/Lungcancer/deep_wgs/bamfiles/P18754_1015_S12.bam.bai
    jobid: 42
    wildcards: sample=P18754_1015_S12
    priority: 1
    threads: 32

bwa mem -M -t 32 -R '@RG\tID:P18754_1015_S12\tSM:P18754_1015_S12\tPL:ILLUMINA' /mnt/AchTeraD/Documents/references/hg19/hg19.fa /mnt/sequencing/Lungcancer/deep_wgs/fastq/P18754_1015_S12_R1.fastq.gz /mnt/sequencing/Lungcancer/deep_wgs/fastq/P18754_1015_S12_R2.fastq.gz | samtools sort -o /mnt/sequencing/Lungcancer/deep_wgs/bamfiles/P18754_1015_S12.bam && samtools index -@ 32 /mnt/sequencing/Lungcancer/deep_wgs/bamfiles/P18754_1015_S12.bam
[Sat Jun 18 22:34:09 2022]
Error in rule bwa_map_pe:
    jobid: 42
    output: /mnt/sequencing/Lungcancer/deep_wgs/bamfiles/P18754_1015_S12.bam, /mnt/sequencing/Lungcancer/deep_wgs/bamfiles/P18754_1015_S12.bam.bai
    shell:
        bwa mem -M -t 32 -R '@RG\tID:P18754_1015_S12\tSM:P18754_1015_S12\tPL:ILLUMINA' /mnt/AchTeraD/Documents/references/hg19/hg19.fa /mnt/sequencing/Lungcancer/deep_wgs/fastq/P18754_1015_S12_R1.fastq.gz /mnt/sequencing/Lungcancer/deep_wgs/fastq/P18754_1015_S12_R2.fastq.gz | samtools sort -o /mnt/sequencing/Lungcancer/deep_wgs/bamfiles/P18754_1015_S12.bam && samtools index -@ 32 /mnt/sequencing/Lungcancer/deep_wgs/bamfiles/P18754_1015_S12.bam
        (one of the commands exited with non-zero exit code; note that snakemake uses bash strict mode!)

Job failed, going on with independent jobs.
Select jobs to execute...

[Sat Jun 18 22:34:10 2022]
rule bwa_map_pe:
    input: /mnt/AchTeraD/Documents/references/hg19/hg19.fa, /mnt/sequencing/Lungcancer/deep_wgs/fastq/P18754_1052_S10_R1.fastq.gz, /mnt/sequencing/Lungcancer/deep_wgs/fastq/P18754_1052_S10_R2.fastq.gz
    output: /mnt/sequencing/Lungcancer/deep_wgs/bamfiles/P18754_1052_S10.bam, /mnt/sequencing/Lungcancer/deep_wgs/bamfiles/P18754_1052_S10.bam.bai
    jobid: 46
    wildcards: sample=P18754_1052_S10
    priority: 1
    threads: 32

bwa mem -M -t 32 -R '@RG\tID:P18754_1052_S10\tSM:P18754_1052_S10\tPL:ILLUMINA' /mnt/AchTeraD/Documents/references/hg19/hg19.fa /mnt/sequencing/Lungcancer/deep_wgs/fastq/P18754_1052_S10_R1.fastq.gz /mnt/sequencing/Lungcancer/deep_wgs/fastq/P18754_1052_S10_R2.fastq.gz | samtools sort -o /mnt/sequencing/Lungcancer/deep_wgs/bamfiles/P18754_1052_S10.bam && samtools index -@ 32 /mnt/sequencing/Lungcancer/deep_wgs/bamfiles/P18754_1052_S10.bam
[Sat Jun 18 22:35:52 2022]
Error in rule bwa_map_pe:
    jobid: 46
    output: /mnt/sequencing/Lungcancer/deep_wgs/bamfiles/P18754_1052_S10.bam, /mnt/sequencing/Lungcancer/deep_wgs/bamfiles/P18754_1052_S10.bam.bai
    shell:
        bwa mem -M -t 32 -R '@RG\tID:P18754_1052_S10\tSM:P18754_1052_S10\tPL:ILLUMINA' /mnt/AchTeraD/Documents/references/hg19/hg19.fa /mnt/sequencing/Lungcancer/deep_wgs/fastq/P18754_1052_S10_R1.fastq.gz /mnt/sequencing/Lungcancer/deep_wgs/fastq/P18754_1052_S10_R2.fastq.gz | samtools sort -o /mnt/sequencing/Lungcancer/deep_wgs/bamfiles/P18754_1052_S10.bam && samtools index -@ 32 /mnt/sequencing/Lungcancer/deep_wgs/bamfiles/P18754_1052_S10.bam
        (one of the commands exited with non-zero exit code; note that snakemake uses bash strict mode!)

Job failed, going on with independent jobs.
Select jobs to execute...

[Sat Jun 18 22:35:52 2022]
rule bwa_map_pe:
    input: /mnt/AchTeraD/Documents/references/hg19/hg19.fa, /mnt/sequencing/Lungcancer/deep_wgs/fastq/P18754_1001_S4_R1.fastq.gz, /mnt/sequencing/Lungcancer/deep_wgs/fastq/P18754_1001_S4_R2.fastq.gz
    output: /mnt/sequencing/Lungcancer/deep_wgs/bamfiles/P18754_1001_S4.bam, /mnt/sequencing/Lungcancer/deep_wgs/bamfiles/P18754_1001_S4.bam.bai
    jobid: 22
    wildcards: sample=P18754_1001_S4
    priority: 1
    threads: 32

bwa mem -M -t 32 -R '@RG\tID:P18754_1001_S4\tSM:P18754_1001_S4\tPL:ILLUMINA' /mnt/AchTeraD/Documents/references/hg19/hg19.fa /mnt/sequencing/Lungcancer/deep_wgs/fastq/P18754_1001_S4_R1.fastq.gz /mnt/sequencing/Lungcancer/deep_wgs/fastq/P18754_1001_S4_R2.fastq.gz | samtools sort -o /mnt/sequencing/Lungcancer/deep_wgs/bamfiles/P18754_1001_S4.bam && samtools index -@ 32 /mnt/sequencing/Lungcancer/deep_wgs/bamfiles/P18754_1001_S4.bam
Removing temporary output file /mnt/sequencing/Lungcancer/deep_wgs/bamfiles/P18754_1001_S4.bam.bai.
[Sun Jun 19 01:57:02 2022]
Finished job 22.
1 of 56 steps (2%) done
Select jobs to execute...

[Sun Jun 19 01:57:02 2022]
rule bwa_map_pe:
    input: /mnt/AchTeraD/Documents/references/hg19/hg19.fa, /mnt/sequencing/Lungcancer/deep_wgs/fastq/P18754_1030_S29_R1.fastq.gz, /mnt/sequencing/Lungcancer/deep_wgs/fastq/P18754_1030_S29_R2.fastq.gz
    output: /mnt/sequencing/Lungcancer/deep_wgs/bamfiles/P18754_1030_S29.bam, /mnt/sequencing/Lungcancer/deep_wgs/bamfiles/P18754_1030_S29.bam.bai
    jobid: 20
    wildcards: sample=P18754_1030_S29
    priority: 1
    threads: 32

bwa mem -M -t 32 -R '@RG\tID:P18754_1030_S29\tSM:P18754_1030_S29\tPL:ILLUMINA' /mnt/AchTeraD/Documents/references/hg19/hg19.fa /mnt/sequencing/Lungcancer/deep_wgs/fastq/P18754_1030_S29_R1.fastq.gz /mnt/sequencing/Lungcancer/deep_wgs/fastq/P18754_1030_S29_R2.fastq.gz | samtools sort -o /mnt/sequencing/Lungcancer/deep_wgs/bamfiles/P18754_1030_S29.bam && samtools index -@ 32 /mnt/sequencing/Lungcancer/deep_wgs/bamfiles/P18754_1030_S29.bam
[Sun Jun 19 01:59:07 2022]
Error in rule bwa_map_pe:
    jobid: 20
    output: /mnt/sequencing/Lungcancer/deep_wgs/bamfiles/P18754_1030_S29.bam, /mnt/sequencing/Lungcancer/deep_wgs/bamfiles/P18754_1030_S29.bam.bai
    shell:
        bwa mem -M -t 32 -R '@RG\tID:P18754_1030_S29\tSM:P18754_1030_S29\tPL:ILLUMINA' /mnt/AchTeraD/Documents/references/hg19/hg19.fa /mnt/sequencing/Lungcancer/deep_wgs/fastq/P18754_1030_S29_R1.fastq.gz /mnt/sequencing/Lungcancer/deep_wgs/fastq/P18754_1030_S29_R2.fastq.gz | samtools sort -o /mnt/sequencing/Lungcancer/deep_wgs/bamfiles/P18754_1030_S29.bam && samtools index -@ 32 /mnt/sequencing/Lungcancer/deep_wgs/bamfiles/P18754_1030_S29.bam
        (one of the commands exited with non-zero exit code; note that snakemake uses bash strict mode!)

Job failed, going on with independent jobs.
Select jobs to execute...

[Sun Jun 19 01:59:07 2022]
rule bwa_map_pe:
    input: /mnt/AchTeraD/Documents/references/hg19/hg19.fa, /mnt/sequencing/Lungcancer/deep_wgs/fastq/P18754_1014_S22_R1.fastq.gz, /mnt/sequencing/Lungcancer/deep_wgs/fastq/P18754_1014_S22_R2.fastq.gz
    output: /mnt/sequencing/Lungcancer/deep_wgs/bamfiles/P18754_1014_S22.bam, /mnt/sequencing/Lungcancer/deep_wgs/bamfiles/P18754_1014_S22.bam.bai
    jobid: 38
    wildcards: sample=P18754_1014_S22
    priority: 1
    threads: 32

bwa mem -M -t 32 -R '@RG\tID:P18754_1014_S22\tSM:P18754_1014_S22\tPL:ILLUMINA' /mnt/AchTeraD/Documents/references/hg19/hg19.fa /mnt/sequencing/Lungcancer/deep_wgs/fastq/P18754_1014_S22_R1.fastq.gz /mnt/sequencing/Lungcancer/deep_wgs/fastq/P18754_1014_S22_R2.fastq.gz | samtools sort -o /mnt/sequencing/Lungcancer/deep_wgs/bamfiles/P18754_1014_S22.bam && samtools index -@ 32 /mnt/sequencing/Lungcancer/deep_wgs/bamfiles/P18754_1014_S22.bam
Removing temporary output file /mnt/sequencing/Lungcancer/deep_wgs/bamfiles/P18754_1014_S22.bam.bai.
[Sun Jun 19 09:04:49 2022]
Finished job 38.
2 of 56 steps (4%) done
Select jobs to execute...

[Sun Jun 19 09:04:49 2022]
rule bwa_map_pe:
    input: /mnt/AchTeraD/Documents/references/hg19/hg19.fa, /mnt/sequencing/Lungcancer/deep_wgs/fastq/P18754_1009_S9_R1.fastq.gz, /mnt/sequencing/Lungcancer/deep_wgs/fastq/P18754_1009_S9_R2.fastq.gz
    output: /mnt/sequencing/Lungcancer/deep_wgs/bamfiles/P18754_1009_S9.bam, /mnt/sequencing/Lungcancer/deep_wgs/bamfiles/P18754_1009_S9.bam.bai
    jobid: 36
    wildcards: sample=P18754_1009_S9
    priority: 1
    threads: 32

bwa mem -M -t 32 -R '@RG\tID:P18754_1009_S9\tSM:P18754_1009_S9\tPL:ILLUMINA' /mnt/AchTeraD/Documents/references/hg19/hg19.fa /mnt/sequencing/Lungcancer/deep_wgs/fastq/P18754_1009_S9_R1.fastq.gz /mnt/sequencing/Lungcancer/deep_wgs/fastq/P18754_1009_S9_R2.fastq.gz | samtools sort -o /mnt/sequencing/Lungcancer/deep_wgs/bamfiles/P18754_1009_S9.bam && samtools index -@ 32 /mnt/sequencing/Lungcancer/deep_wgs/bamfiles/P18754_1009_S9.bam
[Mon Jun 20 20:31:25 2022]
Error in rule bwa_map_pe:
    jobid: 36
    output: /mnt/sequencing/Lungcancer/deep_wgs/bamfiles/P18754_1009_S9.bam, /mnt/sequencing/Lungcancer/deep_wgs/bamfiles/P18754_1009_S9.bam.bai
    shell:
        bwa mem -M -t 32 -R '@RG\tID:P18754_1009_S9\tSM:P18754_1009_S9\tPL:ILLUMINA' /mnt/AchTeraD/Documents/references/hg19/hg19.fa /mnt/sequencing/Lungcancer/deep_wgs/fastq/P18754_1009_S9_R1.fastq.gz /mnt/sequencing/Lungcancer/deep_wgs/fastq/P18754_1009_S9_R2.fastq.gz | samtools sort -o /mnt/sequencing/Lungcancer/deep_wgs/bamfiles/P18754_1009_S9.bam && samtools index -@ 32 /mnt/sequencing/Lungcancer/deep_wgs/bamfiles/P18754_1009_S9.bam
        (one of the commands exited with non-zero exit code; note that snakemake uses bash strict mode!)

Job failed, going on with independent jobs.
Select jobs to execute...

[Mon Jun 20 20:31:25 2022]
rule deduplication:
    input: /mnt/sequencing/Lungcancer/deep_wgs/bamfiles/P18754_1054_S12.bam
    output: /mnt/sequencing/Lungcancer/deep_wgs/bamfiles/P18754_1054_S12.dedup.bam, /mnt/sequencing/Lungcancer/deep_wgs/stats/P18754_1054_S12.metrics.txt
    jobid: 47
    wildcards: sample=P18754_1054_S12
    threads: 6

gatk MarkDuplicates -I /mnt/sequencing/Lungcancer/deep_wgs/bamfiles/P18754_1054_S12.bam -O /mnt/sequencing/Lungcancer/deep_wgs/bamfiles/P18754_1054_S12.dedup.bam -M /mnt/sequencing/Lungcancer/deep_wgs/stats/P18754_1054_S12.metrics.txt

[Mon Jun 20 20:31:25 2022]
rule deduplication:
    input: /mnt/sequencing/Lungcancer/deep_wgs/bamfiles/P18754_1057_S15.bam
    output: /mnt/sequencing/Lungcancer/deep_wgs/bamfiles/P18754_1057_S15.dedup.bam, /mnt/sequencing/Lungcancer/deep_wgs/stats/P18754_1057_S15.metrics.txt
    jobid: 33
    wildcards: sample=P18754_1057_S15
    threads: 6

gatk MarkDuplicates -I /mnt/sequencing/Lungcancer/deep_wgs/bamfiles/P18754_1057_S15.bam -O /mnt/sequencing/Lungcancer/deep_wgs/bamfiles/P18754_1057_S15.dedup.bam -M /mnt/sequencing/Lungcancer/deep_wgs/stats/P18754_1057_S15.metrics.txt

[Mon Jun 20 20:31:25 2022]
rule deduplication:
    input: /mnt/sequencing/Lungcancer/deep_wgs/bamfiles/P18754_1050_S8.bam
    output: /mnt/sequencing/Lungcancer/deep_wgs/bamfiles/P18754_1050_S8.dedup.bam, /mnt/sequencing/Lungcancer/deep_wgs/stats/P18754_1050_S8.metrics.txt
    jobid: 5
    wildcards: sample=P18754_1050_S8
    threads: 6

gatk MarkDuplicates -I /mnt/sequencing/Lungcancer/deep_wgs/bamfiles/P18754_1050_S8.bam -O /mnt/sequencing/Lungcancer/deep_wgs/bamfiles/P18754_1050_S8.dedup.bam -M /mnt/sequencing/Lungcancer/deep_wgs/stats/P18754_1050_S8.metrics.txt

[Mon Jun 20 20:31:25 2022]
rule deduplication:
    input: /mnt/sequencing/Lungcancer/deep_wgs/bamfiles/P18754_1034_S37.bam
    output: /mnt/sequencing/Lungcancer/deep_wgs/bamfiles/P18754_1034_S37.dedup.bam, /mnt/sequencing/Lungcancer/deep_wgs/stats/P18754_1034_S37.metrics.txt
    jobid: 17
    wildcards: sample=P18754_1034_S37
    threads: 6

gatk MarkDuplicates -I /mnt/sequencing/Lungcancer/deep_wgs/bamfiles/P18754_1034_S37.bam -O /mnt/sequencing/Lungcancer/deep_wgs/bamfiles/P18754_1034_S37.dedup.bam -M /mnt/sequencing/Lungcancer/deep_wgs/stats/P18754_1034_S37.metrics.txt

[Mon Jun 20 20:31:25 2022]
rule deduplication:
    input: /mnt/sequencing/Lungcancer/deep_wgs/bamfiles/P18754_1031_S30.bam
    output: /mnt/sequencing/Lungcancer/deep_wgs/bamfiles/P18754_1031_S30.dedup.bam, /mnt/sequencing/Lungcancer/deep_wgs/stats/P18754_1031_S30.metrics.txt
    jobid: 29
    wildcards: sample=P18754_1031_S30
    threads: 6

gatk MarkDuplicates -I /mnt/sequencing/Lungcancer/deep_wgs/bamfiles/P18754_1031_S30.bam -O /mnt/sequencing/Lungcancer/deep_wgs/bamfiles/P18754_1031_S30.dedup.bam -M /mnt/sequencing/Lungcancer/deep_wgs/stats/P18754_1031_S30.metrics.txt
Write-protecting output file /mnt/sequencing/Lungcancer/deep_wgs/bamfiles/P18754_1054_S12.dedup.bam.
Removing temporary output file /mnt/sequencing/Lungcancer/deep_wgs/bamfiles/P18754_1054_S12.bam.
[Tue Jun 21 03:00:42 2022]
Finished job 47.
3 of 56 steps (5%) done
Select jobs to execute...

[Tue Jun 21 03:00:42 2022]
rule deduplication:
    input: /mnt/sequencing/Lungcancer/deep_wgs/bamfiles/P18754_1060_S18.bam
    output: /mnt/sequencing/Lungcancer/deep_wgs/bamfiles/P18754_1060_S18.dedup.bam, /mnt/sequencing/Lungcancer/deep_wgs/stats/P18754_1060_S18.metrics.txt
    jobid: 39
    wildcards: sample=P18754_1060_S18
    threads: 6

gatk MarkDuplicates -I /mnt/sequencing/Lungcancer/deep_wgs/bamfiles/P18754_1060_S18.bam -O /mnt/sequencing/Lungcancer/deep_wgs/bamfiles/P18754_1060_S18.dedup.bam -M /mnt/sequencing/Lungcancer/deep_wgs/stats/P18754_1060_S18.metrics.txt

[Tue Jun 21 03:00:42 2022]
rule aflred_post:
    input: /mnt/sequencing/Lungcancer/deep_wgs/bamfiles/P18754_1054_S12.dedup.bam, /mnt/AchTeraD/Documents/references/hg19/hg19.fa
    output: /mnt/sequencing/Lungcancer/deep_wgs/stats/P18754_1054_S12.dedup.tsv.gz
    jobid: 73
    wildcards: sample=P18754_1054_S12

/home/luukharbers/alfred/bin/alfred qc -r /mnt/AchTeraD/Documents/references/hg19/hg19.fa -o /mnt/sequencing/Lungcancer/deep_wgs/stats/P18754_1054_S12.dedup.tsv.gz /mnt/sequencing/Lungcancer/deep_wgs/bamfiles/P18754_1054_S12.dedup.bam
[Tue Jun 21 03:00:42 2022]
Error in rule aflred_post:
    jobid: 73
    output: /mnt/sequencing/Lungcancer/deep_wgs/stats/P18754_1054_S12.dedup.tsv.gz
    shell:
        /home/luukharbers/alfred/bin/alfred qc -r /mnt/AchTeraD/Documents/references/hg19/hg19.fa -o /mnt/sequencing/Lungcancer/deep_wgs/stats/P18754_1054_S12.dedup.tsv.gz /mnt/sequencing/Lungcancer/deep_wgs/bamfiles/P18754_1054_S12.dedup.bam
        (one of the commands exited with non-zero exit code; note that snakemake uses bash strict mode!)

Job failed, going on with independent jobs.
Select jobs to execute...
Failed to solve scheduling problem with ILP solver. Falling back to greedy solver.
Write-protecting output file /mnt/sequencing/Lungcancer/deep_wgs/bamfiles/P18754_1034_S37.dedup.bam.
Removing temporary output file /mnt/sequencing/Lungcancer/deep_wgs/bamfiles/P18754_1034_S37.bam.
[Tue Jun 21 04:53:31 2022]
Finished job 17.
4 of 56 steps (7%) done
Select jobs to execute...

[Tue Jun 21 04:53:31 2022]
rule aflred_post:
    input: /mnt/sequencing/Lungcancer/deep_wgs/bamfiles/P18754_1034_S37.dedup.bam, /mnt/AchTeraD/Documents/references/hg19/hg19.fa
    output: /mnt/sequencing/Lungcancer/deep_wgs/stats/P18754_1034_S37.dedup.tsv.gz
    jobid: 58
    wildcards: sample=P18754_1034_S37

/home/luukharbers/alfred/bin/alfred qc -r /mnt/AchTeraD/Documents/references/hg19/hg19.fa -o /mnt/sequencing/Lungcancer/deep_wgs/stats/P18754_1034_S37.dedup.tsv.gz /mnt/sequencing/Lungcancer/deep_wgs/bamfiles/P18754_1034_S37.dedup.bam

[Tue Jun 21 04:53:31 2022]
rule deduplication:
    input: /mnt/sequencing/Lungcancer/deep_wgs/bamfiles/P18754_1014_S22.bam
    output: /mnt/sequencing/Lungcancer/deep_wgs/bamfiles/P18754_1014_S22.dedup.bam, /mnt/sequencing/Lungcancer/deep_wgs/stats/P18754_1014_S22.metrics.txt
    jobid: 37
    wildcards: sample=P18754_1014_S22
    threads: 6

gatk MarkDuplicates -I /mnt/sequencing/Lungcancer/deep_wgs/bamfiles/P18754_1014_S22.bam -O /mnt/sequencing/Lungcancer/deep_wgs/bamfiles/P18754_1014_S22.dedup.bam -M /mnt/sequencing/Lungcancer/deep_wgs/stats/P18754_1014_S22.metrics.txt
[Tue Jun 21 04:53:32 2022]
Error in rule aflred_post:
    jobid: 58
    output: /mnt/sequencing/Lungcancer/deep_wgs/stats/P18754_1034_S37.dedup.tsv.gz
    shell:
        /home/luukharbers/alfred/bin/alfred qc -r /mnt/AchTeraD/Documents/references/hg19/hg19.fa -o /mnt/sequencing/Lungcancer/deep_wgs/stats/P18754_1034_S37.dedup.tsv.gz /mnt/sequencing/Lungcancer/deep_wgs/bamfiles/P18754_1034_S37.dedup.bam
        (one of the commands exited with non-zero exit code; note that snakemake uses bash strict mode!)

Job failed, going on with independent jobs.
Select jobs to execute...
Failed to solve scheduling problem with ILP solver. Falling back to greedy solver.
Write-protecting output file /mnt/sequencing/Lungcancer/deep_wgs/bamfiles/P18754_1031_S30.dedup.bam.
Removing temporary output file /mnt/sequencing/Lungcancer/deep_wgs/bamfiles/P18754_1031_S30.bam.
[Tue Jun 21 05:54:57 2022]
Finished job 29.
5 of 56 steps (9%) done
Select jobs to execute...

[Tue Jun 21 05:55:01 2022]
rule aflred_post:
    input: /mnt/sequencing/Lungcancer/deep_wgs/bamfiles/P18754_1031_S30.dedup.bam, /mnt/AchTeraD/Documents/references/hg19/hg19.fa
    output: /mnt/sequencing/Lungcancer/deep_wgs/stats/P18754_1031_S30.dedup.tsv.gz
    jobid: 64
    wildcards: sample=P18754_1031_S30

/home/luukharbers/alfred/bin/alfred qc -r /mnt/AchTeraD/Documents/references/hg19/hg19.fa -o /mnt/sequencing/Lungcancer/deep_wgs/stats/P18754_1031_S30.dedup.tsv.gz /mnt/sequencing/Lungcancer/deep_wgs/bamfiles/P18754_1031_S30.dedup.bam

[Tue Jun 21 05:55:01 2022]
rule deduplication:
    input: /mnt/sequencing/Lungcancer/deep_wgs/bamfiles/P18754_1025_S32.bam
    output: /mnt/sequencing/Lungcancer/deep_wgs/bamfiles/P18754_1025_S32.dedup.bam, /mnt/sequencing/Lungcancer/deep_wgs/stats/P18754_1025_S32.metrics.txt
    jobid: 9
    wildcards: sample=P18754_1025_S32
    threads: 6

gatk MarkDuplicates -I /mnt/sequencing/Lungcancer/deep_wgs/bamfiles/P18754_1025_S32.bam -O /mnt/sequencing/Lungcancer/deep_wgs/bamfiles/P18754_1025_S32.dedup.bam -M /mnt/sequencing/Lungcancer/deep_wgs/stats/P18754_1025_S32.metrics.txt
[Tue Jun 21 05:55:01 2022]
Error in rule aflred_post:
    jobid: 64
    output: /mnt/sequencing/Lungcancer/deep_wgs/stats/P18754_1031_S30.dedup.tsv.gz
    shell:
        /home/luukharbers/alfred/bin/alfred qc -r /mnt/AchTeraD/Documents/references/hg19/hg19.fa -o /mnt/sequencing/Lungcancer/deep_wgs/stats/P18754_1031_S30.dedup.tsv.gz /mnt/sequencing/Lungcancer/deep_wgs/bamfiles/P18754_1031_S30.dedup.bam
        (one of the commands exited with non-zero exit code; note that snakemake uses bash strict mode!)

Job failed, going on with independent jobs.
Select jobs to execute...
Failed to solve scheduling problem with ILP solver. Falling back to greedy solver.
Write-protecting output file /mnt/sequencing/Lungcancer/deep_wgs/bamfiles/P18754_1060_S18.dedup.bam.
Removing temporary output file /mnt/sequencing/Lungcancer/deep_wgs/bamfiles/P18754_1060_S18.bam.
[Tue Jun 21 06:00:17 2022]
Finished job 39.
6 of 56 steps (11%) done
Select jobs to execute...

[Tue Jun 21 06:00:17 2022]
rule deduplication:
    input: /mnt/sequencing/Lungcancer/deep_wgs/bamfiles/P18754_1033_S35.bam
    output: /mnt/sequencing/Lungcancer/deep_wgs/bamfiles/P18754_1033_S35.dedup.bam, /mnt/sequencing/Lungcancer/deep_wgs/stats/P18754_1033_S35.metrics.txt
    jobid: 1
    wildcards: sample=P18754_1033_S35
    threads: 6

gatk MarkDuplicates -I /mnt/sequencing/Lungcancer/deep_wgs/bamfiles/P18754_1033_S35.bam -O /mnt/sequencing/Lungcancer/deep_wgs/bamfiles/P18754_1033_S35.dedup.bam -M /mnt/sequencing/Lungcancer/deep_wgs/stats/P18754_1033_S35.metrics.txt

[Tue Jun 21 06:00:17 2022]
rule aflred_post:
    input: /mnt/sequencing/Lungcancer/deep_wgs/bamfiles/P18754_1060_S18.dedup.bam, /mnt/AchTeraD/Documents/references/hg19/hg19.fa
    output: /mnt/sequencing/Lungcancer/deep_wgs/stats/P18754_1060_S18.dedup.tsv.gz
    jobid: 69
    wildcards: sample=P18754_1060_S18

/home/luukharbers/alfred/bin/alfred qc -r /mnt/AchTeraD/Documents/references/hg19/hg19.fa -o /mnt/sequencing/Lungcancer/deep_wgs/stats/P18754_1060_S18.dedup.tsv.gz /mnt/sequencing/Lungcancer/deep_wgs/bamfiles/P18754_1060_S18.dedup.bam
[Tue Jun 21 06:00:17 2022]
Error in rule aflred_post:
    jobid: 69
    output: /mnt/sequencing/Lungcancer/deep_wgs/stats/P18754_1060_S18.dedup.tsv.gz
    shell:
        /home/luukharbers/alfred/bin/alfred qc -r /mnt/AchTeraD/Documents/references/hg19/hg19.fa -o /mnt/sequencing/Lungcancer/deep_wgs/stats/P18754_1060_S18.dedup.tsv.gz /mnt/sequencing/Lungcancer/deep_wgs/bamfiles/P18754_1060_S18.dedup.bam
        (one of the commands exited with non-zero exit code; note that snakemake uses bash strict mode!)

Job failed, going on with independent jobs.
Select jobs to execute...
Failed to solve scheduling problem with ILP solver. Falling back to greedy solver.
Write-protecting output file /mnt/sequencing/Lungcancer/deep_wgs/bamfiles/P18754_1050_S8.dedup.bam.
Removing temporary output file /mnt/sequencing/Lungcancer/deep_wgs/bamfiles/P18754_1050_S8.bam.
[Tue Jun 21 06:21:31 2022]
Finished job 5.
7 of 56 steps (12%) done
Select jobs to execute...

[Tue Jun 21 06:21:31 2022]
rule deduplication:
    input: /mnt/sequencing/Lungcancer/deep_wgs/bamfiles/P18754_1012_S14.bam
    output: /mnt/sequencing/Lungcancer/deep_wgs/bamfiles/P18754_1012_S14.dedup.bam, /mnt/sequencing/Lungcancer/deep_wgs/stats/P18754_1012_S14.metrics.txt
    jobid: 11
    wildcards: sample=P18754_1012_S14
    threads: 6

gatk MarkDuplicates -I /mnt/sequencing/Lungcancer/deep_wgs/bamfiles/P18754_1012_S14.bam -O /mnt/sequencing/Lungcancer/deep_wgs/bamfiles/P18754_1012_S14.dedup.bam -M /mnt/sequencing/Lungcancer/deep_wgs/stats/P18754_1012_S14.metrics.txt

[Tue Jun 21 06:21:31 2022]
rule aflred_post:
    input: /mnt/sequencing/Lungcancer/deep_wgs/bamfiles/P18754_1050_S8.dedup.bam, /mnt/AchTeraD/Documents/references/hg19/hg19.fa
    output: /mnt/sequencing/Lungcancer/deep_wgs/stats/P18754_1050_S8.dedup.tsv.gz
    jobid: 52
    wildcards: sample=P18754_1050_S8

/home/luukharbers/alfred/bin/alfred qc -r /mnt/AchTeraD/Documents/references/hg19/hg19.fa -o /mnt/sequencing/Lungcancer/deep_wgs/stats/P18754_1050_S8.dedup.tsv.gz /mnt/sequencing/Lungcancer/deep_wgs/bamfiles/P18754_1050_S8.dedup.bam
[Tue Jun 21 06:21:31 2022]
Error in rule aflred_post:
    jobid: 52
    output: /mnt/sequencing/Lungcancer/deep_wgs/stats/P18754_1050_S8.dedup.tsv.gz
    shell:
        /home/luukharbers/alfred/bin/alfred qc -r /mnt/AchTeraD/Documents/references/hg19/hg19.fa -o /mnt/sequencing/Lungcancer/deep_wgs/stats/P18754_1050_S8.dedup.tsv.gz /mnt/sequencing/Lungcancer/deep_wgs/bamfiles/P18754_1050_S8.dedup.bam
        (one of the commands exited with non-zero exit code; note that snakemake uses bash strict mode!)

Job failed, going on with independent jobs.
Select jobs to execute...
Failed to solve scheduling problem with ILP solver. Falling back to greedy solver.
Write-protecting output file /mnt/sequencing/Lungcancer/deep_wgs/bamfiles/P18754_1014_S22.dedup.bam.
Removing temporary output file /mnt/sequencing/Lungcancer/deep_wgs/bamfiles/P18754_1014_S22.bam.
[Tue Jun 21 07:31:22 2022]
Finished job 37.
8 of 56 steps (14%) done
Select jobs to execute...

[Tue Jun 21 07:31:23 2022]
rule aflred_post:
    input: /mnt/sequencing/Lungcancer/deep_wgs/bamfiles/P18754_1014_S22.dedup.bam, /mnt/AchTeraD/Documents/references/hg19/hg19.fa
    output: /mnt/sequencing/Lungcancer/deep_wgs/stats/P18754_1014_S22.dedup.tsv.gz
    jobid: 68
    wildcards: sample=P18754_1014_S22

/home/luukharbers/alfred/bin/alfred qc -r /mnt/AchTeraD/Documents/references/hg19/hg19.fa -o /mnt/sequencing/Lungcancer/deep_wgs/stats/P18754_1014_S22.dedup.tsv.gz /mnt/sequencing/Lungcancer/deep_wgs/bamfiles/P18754_1014_S22.dedup.bam

[Tue Jun 21 07:31:23 2022]
rule deduplication:
    input: /mnt/sequencing/Lungcancer/deep_wgs/bamfiles/P18754_1002_S11.bam
    output: /mnt/sequencing/Lungcancer/deep_wgs/bamfiles/P18754_1002_S11.dedup.bam, /mnt/sequencing/Lungcancer/deep_wgs/stats/P18754_1002_S11.metrics.txt
    jobid: 27
    wildcards: sample=P18754_1002_S11
    threads: 6

gatk MarkDuplicates -I /mnt/sequencing/Lungcancer/deep_wgs/bamfiles/P18754_1002_S11.bam -O /mnt/sequencing/Lungcancer/deep_wgs/bamfiles/P18754_1002_S11.dedup.bam -M /mnt/sequencing/Lungcancer/deep_wgs/stats/P18754_1002_S11.metrics.txt
[Tue Jun 21 07:31:23 2022]
Error in rule aflred_post:
    jobid: 68
    output: /mnt/sequencing/Lungcancer/deep_wgs/stats/P18754_1014_S22.dedup.tsv.gz
    shell:
        /home/luukharbers/alfred/bin/alfred qc -r /mnt/AchTeraD/Documents/references/hg19/hg19.fa -o /mnt/sequencing/Lungcancer/deep_wgs/stats/P18754_1014_S22.dedup.tsv.gz /mnt/sequencing/Lungcancer/deep_wgs/bamfiles/P18754_1014_S22.dedup.bam
        (one of the commands exited with non-zero exit code; note that snakemake uses bash strict mode!)

Job failed, going on with independent jobs.
Select jobs to execute...
Failed to solve scheduling problem with ILP solver. Falling back to greedy solver.
Write-protecting output file /mnt/sequencing/Lungcancer/deep_wgs/bamfiles/P18754_1057_S15.dedup.bam.
Removing temporary output file /mnt/sequencing/Lungcancer/deep_wgs/bamfiles/P18754_1057_S15.bam.
[Tue Jun 21 08:00:06 2022]
Finished job 33.
9 of 56 steps (16%) done
Select jobs to execute...

[Tue Jun 21 08:00:06 2022]
rule aflred_post:
    input: /mnt/sequencing/Lungcancer/deep_wgs/bamfiles/P18754_1057_S15.dedup.bam, /mnt/AchTeraD/Documents/references/hg19/hg19.fa
    output: /mnt/sequencing/Lungcancer/deep_wgs/stats/P18754_1057_S15.dedup.tsv.gz
    jobid: 66
    wildcards: sample=P18754_1057_S15

/home/luukharbers/alfred/bin/alfred qc -r /mnt/AchTeraD/Documents/references/hg19/hg19.fa -o /mnt/sequencing/Lungcancer/deep_wgs/stats/P18754_1057_S15.dedup.tsv.gz /mnt/sequencing/Lungcancer/deep_wgs/bamfiles/P18754_1057_S15.dedup.bam

[Tue Jun 21 08:00:06 2022]
rule deduplication:
    input: /mnt/sequencing/Lungcancer/deep_wgs/bamfiles/P18754_1021_S20.bam
    output: /mnt/sequencing/Lungcancer/deep_wgs/bamfiles/P18754_1021_S20.dedup.bam, /mnt/sequencing/Lungcancer/deep_wgs/stats/P18754_1021_S20.metrics.txt
    jobid: 23
    wildcards: sample=P18754_1021_S20
    threads: 6

gatk MarkDuplicates -I /mnt/sequencing/Lungcancer/deep_wgs/bamfiles/P18754_1021_S20.bam -O /mnt/sequencing/Lungcancer/deep_wgs/bamfiles/P18754_1021_S20.dedup.bam -M /mnt/sequencing/Lungcancer/deep_wgs/stats/P18754_1021_S20.metrics.txt
[Tue Jun 21 08:00:06 2022]
Error in rule aflred_post:
    jobid: 66
    output: /mnt/sequencing/Lungcancer/deep_wgs/stats/P18754_1057_S15.dedup.tsv.gz
    shell:
        /home/luukharbers/alfred/bin/alfred qc -r /mnt/AchTeraD/Documents/references/hg19/hg19.fa -o /mnt/sequencing/Lungcancer/deep_wgs/stats/P18754_1057_S15.dedup.tsv.gz /mnt/sequencing/Lungcancer/deep_wgs/bamfiles/P18754_1057_S15.dedup.bam
        (one of the commands exited with non-zero exit code; note that snakemake uses bash strict mode!)

Job failed, going on with independent jobs.
Select jobs to execute...
Failed to solve scheduling problem with ILP solver. Falling back to greedy solver.
Write-protecting output file /mnt/sequencing/Lungcancer/deep_wgs/bamfiles/P18754_1012_S14.dedup.bam.
Removing temporary output file /mnt/sequencing/Lungcancer/deep_wgs/bamfiles/P18754_1012_S14.bam.
[Tue Jun 21 08:36:28 2022]
Finished job 11.
10 of 56 steps (18%) done
Select jobs to execute...

[Tue Jun 21 08:36:28 2022]
rule deduplication:
    input: /mnt/sequencing/Lungcancer/deep_wgs/bamfiles/P18754_1017_S15.bam
    output: /mnt/sequencing/Lungcancer/deep_wgs/bamfiles/P18754_1017_S15.dedup.bam, /mnt/sequencing/Lungcancer/deep_wgs/stats/P18754_1017_S15.metrics.txt
    jobid: 43
    wildcards: sample=P18754_1017_S15
    threads: 6

gatk MarkDuplicates -I /mnt/sequencing/Lungcancer/deep_wgs/bamfiles/P18754_1017_S15.bam -O /mnt/sequencing/Lungcancer/deep_wgs/bamfiles/P18754_1017_S15.dedup.bam -M /mnt/sequencing/Lungcancer/deep_wgs/stats/P18754_1017_S15.metrics.txt

[Tue Jun 21 08:36:28 2022]
rule aflred_post:
    input: /mnt/sequencing/Lungcancer/deep_wgs/bamfiles/P18754_1012_S14.dedup.bam, /mnt/AchTeraD/Documents/references/hg19/hg19.fa
    output: /mnt/sequencing/Lungcancer/deep_wgs/stats/P18754_1012_S14.dedup.tsv.gz
    jobid: 55
    wildcards: sample=P18754_1012_S14

/home/luukharbers/alfred/bin/alfred qc -r /mnt/AchTeraD/Documents/references/hg19/hg19.fa -o /mnt/sequencing/Lungcancer/deep_wgs/stats/P18754_1012_S14.dedup.tsv.gz /mnt/sequencing/Lungcancer/deep_wgs/bamfiles/P18754_1012_S14.dedup.bam
[Tue Jun 21 08:36:28 2022]
Error in rule aflred_post:
    jobid: 55
    output: /mnt/sequencing/Lungcancer/deep_wgs/stats/P18754_1012_S14.dedup.tsv.gz
    shell:
        /home/luukharbers/alfred/bin/alfred qc -r /mnt/AchTeraD/Documents/references/hg19/hg19.fa -o /mnt/sequencing/Lungcancer/deep_wgs/stats/P18754_1012_S14.dedup.tsv.gz /mnt/sequencing/Lungcancer/deep_wgs/bamfiles/P18754_1012_S14.dedup.bam
        (one of the commands exited with non-zero exit code; note that snakemake uses bash strict mode!)

Job failed, going on with independent jobs.
Select jobs to execute...
Failed to solve scheduling problem with ILP solver. Falling back to greedy solver.
Write-protecting output file /mnt/sequencing/Lungcancer/deep_wgs/bamfiles/P18754_1025_S32.dedup.bam.
Removing temporary output file /mnt/sequencing/Lungcancer/deep_wgs/bamfiles/P18754_1025_S32.bam.
[Tue Jun 21 08:43:21 2022]
Finished job 9.
11 of 56 steps (20%) done
Select jobs to execute...

[Tue Jun 21 08:43:22 2022]
rule deduplication:
    input: /mnt/sequencing/Lungcancer/deep_wgs/bamfiles/P18754_1056_S14.bam
    output: /mnt/sequencing/Lungcancer/deep_wgs/bamfiles/P18754_1056_S14.dedup.bam, /mnt/sequencing/Lungcancer/deep_wgs/stats/P18754_1056_S14.metrics.txt
    jobid: 15
    wildcards: sample=P18754_1056_S14
    threads: 6

gatk MarkDuplicates -I /mnt/sequencing/Lungcancer/deep_wgs/bamfiles/P18754_1056_S14.bam -O /mnt/sequencing/Lungcancer/deep_wgs/bamfiles/P18754_1056_S14.dedup.bam -M /mnt/sequencing/Lungcancer/deep_wgs/stats/P18754_1056_S14.metrics.txt

[Tue Jun 21 08:43:22 2022]
rule aflred_post:
    input: /mnt/sequencing/Lungcancer/deep_wgs/bamfiles/P18754_1025_S32.dedup.bam, /mnt/AchTeraD/Documents/references/hg19/hg19.fa
    output: /mnt/sequencing/Lungcancer/deep_wgs/stats/P18754_1025_S32.dedup.tsv.gz
    jobid: 54
    wildcards: sample=P18754_1025_S32

/home/luukharbers/alfred/bin/alfred qc -r /mnt/AchTeraD/Documents/references/hg19/hg19.fa -o /mnt/sequencing/Lungcancer/deep_wgs/stats/P18754_1025_S32.dedup.tsv.gz /mnt/sequencing/Lungcancer/deep_wgs/bamfiles/P18754_1025_S32.dedup.bam
[Tue Jun 21 08:43:22 2022]
Error in rule aflred_post:
    jobid: 54
    output: /mnt/sequencing/Lungcancer/deep_wgs/stats/P18754_1025_S32.dedup.tsv.gz
    shell:
        /home/luukharbers/alfred/bin/alfred qc -r /mnt/AchTeraD/Documents/references/hg19/hg19.fa -o /mnt/sequencing/Lungcancer/deep_wgs/stats/P18754_1025_S32.dedup.tsv.gz /mnt/sequencing/Lungcancer/deep_wgs/bamfiles/P18754_1025_S32.dedup.bam
        (one of the commands exited with non-zero exit code; note that snakemake uses bash strict mode!)

Job failed, going on with independent jobs.
Select jobs to execute...
Failed to solve scheduling problem with ILP solver. Falling back to greedy solver.
Write-protecting output file /mnt/sequencing/Lungcancer/deep_wgs/bamfiles/P18754_1033_S35.dedup.bam.
Removing temporary output file /mnt/sequencing/Lungcancer/deep_wgs/bamfiles/P18754_1033_S35.bam.
[Tue Jun 21 08:43:35 2022]
Finished job 1.
12 of 56 steps (21%) done
Select jobs to execute...

[Tue Jun 21 08:43:35 2022]
rule aflred_post:
    input: /mnt/sequencing/Lungcancer/deep_wgs/bamfiles/P18754_1033_S35.dedup.bam, /mnt/AchTeraD/Documents/references/hg19/hg19.fa
    output: /mnt/sequencing/Lungcancer/deep_wgs/stats/P18754_1033_S35.dedup.tsv.gz
    jobid: 50
    wildcards: sample=P18754_1033_S35

/home/luukharbers/alfred/bin/alfred qc -r /mnt/AchTeraD/Documents/references/hg19/hg19.fa -o /mnt/sequencing/Lungcancer/deep_wgs/stats/P18754_1033_S35.dedup.tsv.gz /mnt/sequencing/Lungcancer/deep_wgs/bamfiles/P18754_1033_S35.dedup.bam

[Tue Jun 21 08:43:35 2022]
rule deduplication:
    input: /mnt/sequencing/Lungcancer/deep_wgs/bamfiles/P18754_1026_S31.bam
    output: /mnt/sequencing/Lungcancer/deep_wgs/bamfiles/P18754_1026_S31.dedup.bam, /mnt/sequencing/Lungcancer/deep_wgs/stats/P18754_1026_S31.metrics.txt
    jobid: 31
    wildcards: sample=P18754_1026_S31
    threads: 6

gatk MarkDuplicates -I /mnt/sequencing/Lungcancer/deep_wgs/bamfiles/P18754_1026_S31.bam -O /mnt/sequencing/Lungcancer/deep_wgs/bamfiles/P18754_1026_S31.dedup.bam -M /mnt/sequencing/Lungcancer/deep_wgs/stats/P18754_1026_S31.metrics.txt
[Tue Jun 21 08:43:35 2022]
Error in rule aflred_post:
    jobid: 50
    output: /mnt/sequencing/Lungcancer/deep_wgs/stats/P18754_1033_S35.dedup.tsv.gz
    shell:
        /home/luukharbers/alfred/bin/alfred qc -r /mnt/AchTeraD/Documents/references/hg19/hg19.fa -o /mnt/sequencing/Lungcancer/deep_wgs/stats/P18754_1033_S35.dedup.tsv.gz /mnt/sequencing/Lungcancer/deep_wgs/bamfiles/P18754_1033_S35.dedup.bam
        (one of the commands exited with non-zero exit code; note that snakemake uses bash strict mode!)

Job failed, going on with independent jobs.
Select jobs to execute...
Failed to solve scheduling problem with ILP solver. Falling back to greedy solver.
Write-protecting output file /mnt/sequencing/Lungcancer/deep_wgs/bamfiles/P18754_1002_S11.dedup.bam.
Removing temporary output file /mnt/sequencing/Lungcancer/deep_wgs/bamfiles/P18754_1002_S11.bam.
[Tue Jun 21 10:31:35 2022]
Finished job 27.
13 of 56 steps (23%) done
Select jobs to execute...

[Tue Jun 21 10:31:35 2022]
rule aflred_post:
    input: /mnt/sequencing/Lungcancer/deep_wgs/bamfiles/P18754_1002_S11.dedup.bam, /mnt/AchTeraD/Documents/references/hg19/hg19.fa
    output: /mnt/sequencing/Lungcancer/deep_wgs/stats/P18754_1002_S11.dedup.tsv.gz
    jobid: 63
    wildcards: sample=P18754_1002_S11

/home/luukharbers/alfred/bin/alfred qc -r /mnt/AchTeraD/Documents/references/hg19/hg19.fa -o /mnt/sequencing/Lungcancer/deep_wgs/stats/P18754_1002_S11.dedup.tsv.gz /mnt/sequencing/Lungcancer/deep_wgs/bamfiles/P18754_1002_S11.dedup.bam

[Tue Jun 21 10:31:35 2022]
rule deduplication:
    input: /mnt/sequencing/Lungcancer/deep_wgs/bamfiles/P18754_1046_S4.bam
    output: /mnt/sequencing/Lungcancer/deep_wgs/bamfiles/P18754_1046_S4.dedup.bam, /mnt/sequencing/Lungcancer/deep_wgs/stats/P18754_1046_S4.metrics.txt
    jobid: 3
    wildcards: sample=P18754_1046_S4
    threads: 6

gatk MarkDuplicates -I /mnt/sequencing/Lungcancer/deep_wgs/bamfiles/P18754_1046_S4.bam -O /mnt/sequencing/Lungcancer/deep_wgs/bamfiles/P18754_1046_S4.dedup.bam -M /mnt/sequencing/Lungcancer/deep_wgs/stats/P18754_1046_S4.metrics.txt
[Tue Jun 21 10:31:35 2022]
Error in rule aflred_post:
    jobid: 63
    output: /mnt/sequencing/Lungcancer/deep_wgs/stats/P18754_1002_S11.dedup.tsv.gz
    shell:
        /home/luukharbers/alfred/bin/alfred qc -r /mnt/AchTeraD/Documents/references/hg19/hg19.fa -o /mnt/sequencing/Lungcancer/deep_wgs/stats/P18754_1002_S11.dedup.tsv.gz /mnt/sequencing/Lungcancer/deep_wgs/bamfiles/P18754_1002_S11.dedup.bam
        (one of the commands exited with non-zero exit code; note that snakemake uses bash strict mode!)

Job failed, going on with independent jobs.
Select jobs to execute...
Failed to solve scheduling problem with ILP solver. Falling back to greedy solver.
Write-protecting output file /mnt/sequencing/Lungcancer/deep_wgs/bamfiles/P18754_1021_S20.dedup.bam.
Removing temporary output file /mnt/sequencing/Lungcancer/deep_wgs/bamfiles/P18754_1021_S20.bam.
[Tue Jun 21 10:34:01 2022]
Finished job 23.
14 of 56 steps (25%) done
Select jobs to execute...

[Tue Jun 21 10:34:01 2022]
rule deduplication:
    input: /mnt/sequencing/Lungcancer/deep_wgs/bamfiles/P18754_1010_S8.bam
    output: /mnt/sequencing/Lungcancer/deep_wgs/bamfiles/P18754_1010_S8.dedup.bam, /mnt/sequencing/Lungcancer/deep_wgs/stats/P18754_1010_S8.metrics.txt
    jobid: 13
    wildcards: sample=P18754_1010_S8
    threads: 6

gatk MarkDuplicates -I /mnt/sequencing/Lungcancer/deep_wgs/bamfiles/P18754_1010_S8.bam -O /mnt/sequencing/Lungcancer/deep_wgs/bamfiles/P18754_1010_S8.dedup.bam -M /mnt/sequencing/Lungcancer/deep_wgs/stats/P18754_1010_S8.metrics.txt

[Tue Jun 21 10:34:01 2022]
rule aflred_post:
    input: /mnt/sequencing/Lungcancer/deep_wgs/bamfiles/P18754_1021_S20.dedup.bam, /mnt/AchTeraD/Documents/references/hg19/hg19.fa
    output: /mnt/sequencing/Lungcancer/deep_wgs/stats/P18754_1021_S20.dedup.tsv.gz
    jobid: 61
    wildcards: sample=P18754_1021_S20

/home/luukharbers/alfred/bin/alfred qc -r /mnt/AchTeraD/Documents/references/hg19/hg19.fa -o /mnt/sequencing/Lungcancer/deep_wgs/stats/P18754_1021_S20.dedup.tsv.gz /mnt/sequencing/Lungcancer/deep_wgs/bamfiles/P18754_1021_S20.dedup.bam
[Tue Jun 21 10:34:01 2022]
Error in rule aflred_post:
    jobid: 61
    output: /mnt/sequencing/Lungcancer/deep_wgs/stats/P18754_1021_S20.dedup.tsv.gz
    shell:
        /home/luukharbers/alfred/bin/alfred qc -r /mnt/AchTeraD/Documents/references/hg19/hg19.fa -o /mnt/sequencing/Lungcancer/deep_wgs/stats/P18754_1021_S20.dedup.tsv.gz /mnt/sequencing/Lungcancer/deep_wgs/bamfiles/P18754_1021_S20.dedup.bam
        (one of the commands exited with non-zero exit code; note that snakemake uses bash strict mode!)

Job failed, going on with independent jobs.
Select jobs to execute...
Failed to solve scheduling problem with ILP solver. Falling back to greedy solver.
Write-protecting output file /mnt/sequencing/Lungcancer/deep_wgs/bamfiles/P18754_1056_S14.dedup.bam.
Removing temporary output file /mnt/sequencing/Lungcancer/deep_wgs/bamfiles/P18754_1056_S14.bam.
[Tue Jun 21 11:02:28 2022]
Finished job 15.
15 of 56 steps (27%) done
Select jobs to execute...

[Tue Jun 21 11:02:28 2022]
rule deduplication:
    input: /mnt/sequencing/Lungcancer/deep_wgs/bamfiles/P18754_1008_S6.bam
    output: /mnt/sequencing/Lungcancer/deep_wgs/bamfiles/P18754_1008_S6.dedup.bam, /mnt/sequencing/Lungcancer/deep_wgs/stats/P18754_1008_S6.metrics.txt
    jobid: 7
    wildcards: sample=P18754_1008_S6
    threads: 6

gatk MarkDuplicates -I /mnt/sequencing/Lungcancer/deep_wgs/bamfiles/P18754_1008_S6.bam -O /mnt/sequencing/Lungcancer/deep_wgs/bamfiles/P18754_1008_S6.dedup.bam -M /mnt/sequencing/Lungcancer/deep_wgs/stats/P18754_1008_S6.metrics.txt

[Tue Jun 21 11:02:29 2022]
rule aflred_post:
    input: /mnt/sequencing/Lungcancer/deep_wgs/bamfiles/P18754_1056_S14.dedup.bam, /mnt/AchTeraD/Documents/references/hg19/hg19.fa
    output: /mnt/sequencing/Lungcancer/deep_wgs/stats/P18754_1056_S14.dedup.tsv.gz
    jobid: 57
    wildcards: sample=P18754_1056_S14

/home/luukharbers/alfred/bin/alfred qc -r /mnt/AchTeraD/Documents/references/hg19/hg19.fa -o /mnt/sequencing/Lungcancer/deep_wgs/stats/P18754_1056_S14.dedup.tsv.gz /mnt/sequencing/Lungcancer/deep_wgs/bamfiles/P18754_1056_S14.dedup.bam
[Tue Jun 21 11:02:29 2022]
Error in rule aflred_post:
    jobid: 57
    output: /mnt/sequencing/Lungcancer/deep_wgs/stats/P18754_1056_S14.dedup.tsv.gz
    shell:
        /home/luukharbers/alfred/bin/alfred qc -r /mnt/AchTeraD/Documents/references/hg19/hg19.fa -o /mnt/sequencing/Lungcancer/deep_wgs/stats/P18754_1056_S14.dedup.tsv.gz /mnt/sequencing/Lungcancer/deep_wgs/bamfiles/P18754_1056_S14.dedup.bam
        (one of the commands exited with non-zero exit code; note that snakemake uses bash strict mode!)

Job failed, going on with independent jobs.
Select jobs to execute...
Failed to solve scheduling problem with ILP solver. Falling back to greedy solver.
Write-protecting output file /mnt/sequencing/Lungcancer/deep_wgs/bamfiles/P18754_1026_S31.dedup.bam.
Removing temporary output file /mnt/sequencing/Lungcancer/deep_wgs/bamfiles/P18754_1026_S31.bam.
[Tue Jun 21 11:13:15 2022]
Finished job 31.
16 of 56 steps (29%) done
Select jobs to execute...

[Tue Jun 21 11:13:15 2022]
rule deduplication:
    input: /mnt/sequencing/Lungcancer/deep_wgs/bamfiles/P18754_1001_S4.bam
    output: /mnt/sequencing/Lungcancer/deep_wgs/bamfiles/P18754_1001_S4.dedup.bam, /mnt/sequencing/Lungcancer/deep_wgs/stats/P18754_1001_S4.metrics.txt
    jobid: 21
    wildcards: sample=P18754_1001_S4
    threads: 6

gatk MarkDuplicates -I /mnt/sequencing/Lungcancer/deep_wgs/bamfiles/P18754_1001_S4.bam -O /mnt/sequencing/Lungcancer/deep_wgs/bamfiles/P18754_1001_S4.dedup.bam -M /mnt/sequencing/Lungcancer/deep_wgs/stats/P18754_1001_S4.metrics.txt

[Tue Jun 21 11:13:15 2022]
rule aflred_post:
    input: /mnt/sequencing/Lungcancer/deep_wgs/bamfiles/P18754_1026_S31.dedup.bam, /mnt/AchTeraD/Documents/references/hg19/hg19.fa
    output: /mnt/sequencing/Lungcancer/deep_wgs/stats/P18754_1026_S31.dedup.tsv.gz
    jobid: 65
    wildcards: sample=P18754_1026_S31

/home/luukharbers/alfred/bin/alfred qc -r /mnt/AchTeraD/Documents/references/hg19/hg19.fa -o /mnt/sequencing/Lungcancer/deep_wgs/stats/P18754_1026_S31.dedup.tsv.gz /mnt/sequencing/Lungcancer/deep_wgs/bamfiles/P18754_1026_S31.dedup.bam
[Tue Jun 21 11:13:15 2022]
Error in rule aflred_post:
    jobid: 65
    output: /mnt/sequencing/Lungcancer/deep_wgs/stats/P18754_1026_S31.dedup.tsv.gz
    shell:
        /home/luukharbers/alfred/bin/alfred qc -r /mnt/AchTeraD/Documents/references/hg19/hg19.fa -o /mnt/sequencing/Lungcancer/deep_wgs/stats/P18754_1026_S31.dedup.tsv.gz /mnt/sequencing/Lungcancer/deep_wgs/bamfiles/P18754_1026_S31.dedup.bam
        (one of the commands exited with non-zero exit code; note that snakemake uses bash strict mode!)

Job failed, going on with independent jobs.
Select jobs to execute...
Failed to solve scheduling problem with ILP solver. Falling back to greedy solver.
Write-protecting output file /mnt/sequencing/Lungcancer/deep_wgs/bamfiles/P18754_1017_S15.dedup.bam.
Removing temporary output file /mnt/sequencing/Lungcancer/deep_wgs/bamfiles/P18754_1017_S15.bam.
[Tue Jun 21 11:16:21 2022]
Finished job 43.
17 of 56 steps (30%) done
Select jobs to execute...

[Tue Jun 21 11:16:21 2022]
rule deduplication:
    input: /mnt/sequencing/Lungcancer/deep_wgs/bamfiles/P18754_1003_S10.bam
    output: /mnt/sequencing/Lungcancer/deep_wgs/bamfiles/P18754_1003_S10.dedup.bam, /mnt/sequencing/Lungcancer/deep_wgs/stats/P18754_1003_S10.metrics.txt
    jobid: 25
    wildcards: sample=P18754_1003_S10
    threads: 6

gatk MarkDuplicates -I /mnt/sequencing/Lungcancer/deep_wgs/bamfiles/P18754_1003_S10.bam -O /mnt/sequencing/Lungcancer/deep_wgs/bamfiles/P18754_1003_S10.dedup.bam -M /mnt/sequencing/Lungcancer/deep_wgs/stats/P18754_1003_S10.metrics.txt

[Tue Jun 21 11:16:21 2022]
rule aflred_post:
    input: /mnt/sequencing/Lungcancer/deep_wgs/bamfiles/P18754_1017_S15.dedup.bam, /mnt/AchTeraD/Documents/references/hg19/hg19.fa
    output: /mnt/sequencing/Lungcancer/deep_wgs/stats/P18754_1017_S15.dedup.tsv.gz
    jobid: 71
    wildcards: sample=P18754_1017_S15

/home/luukharbers/alfred/bin/alfred qc -r /mnt/AchTeraD/Documents/references/hg19/hg19.fa -o /mnt/sequencing/Lungcancer/deep_wgs/stats/P18754_1017_S15.dedup.tsv.gz /mnt/sequencing/Lungcancer/deep_wgs/bamfiles/P18754_1017_S15.dedup.bam
[Tue Jun 21 11:16:21 2022]
Error in rule aflred_post:
    jobid: 71
    output: /mnt/sequencing/Lungcancer/deep_wgs/stats/P18754_1017_S15.dedup.tsv.gz
    shell:
        /home/luukharbers/alfred/bin/alfred qc -r /mnt/AchTeraD/Documents/references/hg19/hg19.fa -o /mnt/sequencing/Lungcancer/deep_wgs/stats/P18754_1017_S15.dedup.tsv.gz /mnt/sequencing/Lungcancer/deep_wgs/bamfiles/P18754_1017_S15.dedup.bam
        (one of the commands exited with non-zero exit code; note that snakemake uses bash strict mode!)

Job failed, going on with independent jobs.
Write-protecting output file /mnt/sequencing/Lungcancer/deep_wgs/bamfiles/P18754_1010_S8.dedup.bam.
Removing temporary output file /mnt/sequencing/Lungcancer/deep_wgs/bamfiles/P18754_1010_S8.bam.
[Tue Jun 21 12:32:57 2022]
Finished job 13.
18 of 56 steps (32%) done
Select jobs to execute...

[Tue Jun 21 12:32:57 2022]
rule aflred_post:
    input: /mnt/sequencing/Lungcancer/deep_wgs/bamfiles/P18754_1010_S8.dedup.bam, /mnt/AchTeraD/Documents/references/hg19/hg19.fa
    output: /mnt/sequencing/Lungcancer/deep_wgs/stats/P18754_1010_S8.dedup.tsv.gz
    jobid: 56
    wildcards: sample=P18754_1010_S8

/home/luukharbers/alfred/bin/alfred qc -r /mnt/AchTeraD/Documents/references/hg19/hg19.fa -o /mnt/sequencing/Lungcancer/deep_wgs/stats/P18754_1010_S8.dedup.tsv.gz /mnt/sequencing/Lungcancer/deep_wgs/bamfiles/P18754_1010_S8.dedup.bam
[Tue Jun 21 12:32:57 2022]
Error in rule aflred_post:
    jobid: 56
    output: /mnt/sequencing/Lungcancer/deep_wgs/stats/P18754_1010_S8.dedup.tsv.gz
    shell:
        /home/luukharbers/alfred/bin/alfred qc -r /mnt/AchTeraD/Documents/references/hg19/hg19.fa -o /mnt/sequencing/Lungcancer/deep_wgs/stats/P18754_1010_S8.dedup.tsv.gz /mnt/sequencing/Lungcancer/deep_wgs/bamfiles/P18754_1010_S8.dedup.bam
        (one of the commands exited with non-zero exit code; note that snakemake uses bash strict mode!)

Job failed, going on with independent jobs.
Write-protecting output file /mnt/sequencing/Lungcancer/deep_wgs/bamfiles/P18754_1003_S10.dedup.bam.
Removing temporary output file /mnt/sequencing/Lungcancer/deep_wgs/bamfiles/P18754_1003_S10.bam.
[Tue Jun 21 12:46:51 2022]
Finished job 25.
19 of 56 steps (34%) done
Select jobs to execute...

[Tue Jun 21 12:46:51 2022]
rule aflred_post:
    input: /mnt/sequencing/Lungcancer/deep_wgs/bamfiles/P18754_1003_S10.dedup.bam, /mnt/AchTeraD/Documents/references/hg19/hg19.fa
    output: /mnt/sequencing/Lungcancer/deep_wgs/stats/P18754_1003_S10.dedup.tsv.gz
    jobid: 62
    wildcards: sample=P18754_1003_S10

/home/luukharbers/alfred/bin/alfred qc -r /mnt/AchTeraD/Documents/references/hg19/hg19.fa -o /mnt/sequencing/Lungcancer/deep_wgs/stats/P18754_1003_S10.dedup.tsv.gz /mnt/sequencing/Lungcancer/deep_wgs/bamfiles/P18754_1003_S10.dedup.bam
[Tue Jun 21 12:46:51 2022]
Error in rule aflred_post:
    jobid: 62
    output: /mnt/sequencing/Lungcancer/deep_wgs/stats/P18754_1003_S10.dedup.tsv.gz
    shell:
        /home/luukharbers/alfred/bin/alfred qc -r /mnt/AchTeraD/Documents/references/hg19/hg19.fa -o /mnt/sequencing/Lungcancer/deep_wgs/stats/P18754_1003_S10.dedup.tsv.gz /mnt/sequencing/Lungcancer/deep_wgs/bamfiles/P18754_1003_S10.dedup.bam
        (one of the commands exited with non-zero exit code; note that snakemake uses bash strict mode!)

Job failed, going on with independent jobs.
Write-protecting output file /mnt/sequencing/Lungcancer/deep_wgs/bamfiles/P18754_1046_S4.dedup.bam.
Removing temporary output file /mnt/sequencing/Lungcancer/deep_wgs/bamfiles/P18754_1046_S4.bam.
[Tue Jun 21 12:51:08 2022]
Finished job 3.
20 of 56 steps (36%) done
Select jobs to execute...

[Tue Jun 21 12:51:09 2022]
rule aflred_post:
    input: /mnt/sequencing/Lungcancer/deep_wgs/bamfiles/P18754_1046_S4.dedup.bam, /mnt/AchTeraD/Documents/references/hg19/hg19.fa
    output: /mnt/sequencing/Lungcancer/deep_wgs/stats/P18754_1046_S4.dedup.tsv.gz
    jobid: 51
    wildcards: sample=P18754_1046_S4

/home/luukharbers/alfred/bin/alfred qc -r /mnt/AchTeraD/Documents/references/hg19/hg19.fa -o /mnt/sequencing/Lungcancer/deep_wgs/stats/P18754_1046_S4.dedup.tsv.gz /mnt/sequencing/Lungcancer/deep_wgs/bamfiles/P18754_1046_S4.dedup.bam
[Tue Jun 21 12:51:09 2022]
Error in rule aflred_post:
    jobid: 51
    output: /mnt/sequencing/Lungcancer/deep_wgs/stats/P18754_1046_S4.dedup.tsv.gz
    shell:
        /home/luukharbers/alfred/bin/alfred qc -r /mnt/AchTeraD/Documents/references/hg19/hg19.fa -o /mnt/sequencing/Lungcancer/deep_wgs/stats/P18754_1046_S4.dedup.tsv.gz /mnt/sequencing/Lungcancer/deep_wgs/bamfiles/P18754_1046_S4.dedup.bam
        (one of the commands exited with non-zero exit code; note that snakemake uses bash strict mode!)

Job failed, going on with independent jobs.
Write-protecting output file /mnt/sequencing/Lungcancer/deep_wgs/bamfiles/P18754_1001_S4.dedup.bam.
Removing temporary output file /mnt/sequencing/Lungcancer/deep_wgs/bamfiles/P18754_1001_S4.bam.
[Tue Jun 21 12:55:48 2022]
Finished job 21.
21 of 56 steps (38%) done
Select jobs to execute...

[Tue Jun 21 12:55:48 2022]
rule aflred_post:
    input: /mnt/sequencing/Lungcancer/deep_wgs/bamfiles/P18754_1001_S4.dedup.bam, /mnt/AchTeraD/Documents/references/hg19/hg19.fa
    output: /mnt/sequencing/Lungcancer/deep_wgs/stats/P18754_1001_S4.dedup.tsv.gz
    jobid: 60
    wildcards: sample=P18754_1001_S4

/home/luukharbers/alfred/bin/alfred qc -r /mnt/AchTeraD/Documents/references/hg19/hg19.fa -o /mnt/sequencing/Lungcancer/deep_wgs/stats/P18754_1001_S4.dedup.tsv.gz /mnt/sequencing/Lungcancer/deep_wgs/bamfiles/P18754_1001_S4.dedup.bam
[Tue Jun 21 12:55:48 2022]
Error in rule aflred_post:
    jobid: 60
    output: /mnt/sequencing/Lungcancer/deep_wgs/stats/P18754_1001_S4.dedup.tsv.gz
    shell:
        /home/luukharbers/alfred/bin/alfred qc -r /mnt/AchTeraD/Documents/references/hg19/hg19.fa -o /mnt/sequencing/Lungcancer/deep_wgs/stats/P18754_1001_S4.dedup.tsv.gz /mnt/sequencing/Lungcancer/deep_wgs/bamfiles/P18754_1001_S4.dedup.bam
        (one of the commands exited with non-zero exit code; note that snakemake uses bash strict mode!)

Job failed, going on with independent jobs.
Write-protecting output file /mnt/sequencing/Lungcancer/deep_wgs/bamfiles/P18754_1008_S6.dedup.bam.
Removing temporary output file /mnt/sequencing/Lungcancer/deep_wgs/bamfiles/P18754_1008_S6.bam.
[Tue Jun 21 12:56:26 2022]
Finished job 7.
22 of 56 steps (39%) done
Select jobs to execute...

[Tue Jun 21 12:56:26 2022]
rule aflred_post:
    input: /mnt/sequencing/Lungcancer/deep_wgs/bamfiles/P18754_1008_S6.dedup.bam, /mnt/AchTeraD/Documents/references/hg19/hg19.fa
    output: /mnt/sequencing/Lungcancer/deep_wgs/stats/P18754_1008_S6.dedup.tsv.gz
    jobid: 53
    wildcards: sample=P18754_1008_S6

/home/luukharbers/alfred/bin/alfred qc -r /mnt/AchTeraD/Documents/references/hg19/hg19.fa -o /mnt/sequencing/Lungcancer/deep_wgs/stats/P18754_1008_S6.dedup.tsv.gz /mnt/sequencing/Lungcancer/deep_wgs/bamfiles/P18754_1008_S6.dedup.bam
[Tue Jun 21 12:56:26 2022]
Error in rule aflred_post:
    jobid: 53
    output: /mnt/sequencing/Lungcancer/deep_wgs/stats/P18754_1008_S6.dedup.tsv.gz
    shell:
        /home/luukharbers/alfred/bin/alfred qc -r /mnt/AchTeraD/Documents/references/hg19/hg19.fa -o /mnt/sequencing/Lungcancer/deep_wgs/stats/P18754_1008_S6.dedup.tsv.gz /mnt/sequencing/Lungcancer/deep_wgs/bamfiles/P18754_1008_S6.dedup.bam
        (one of the commands exited with non-zero exit code; note that snakemake uses bash strict mode!)

Job failed, going on with independent jobs.
Exiting because a job execution failed. Look above for error message
Complete log: /mnt/AchTeraD/Documents/Projects/LungCancer/manuscript/repository/preprocessing/WGS_WES/.snakemake/log/2022-06-17T143452.349783.snakemake.log
