Building DAG of jobs...
Using shell: /usr/bin/bash
Provided cores: 40
Rules claiming more threads will be scaled down.
Job counts:
	count	jobs
	42	aflred_post
	1	all
	24	bwa_map_pe
	42	deduplication
	1	qc
	110
Select jobs to execute...

[Wed Jun  1 10:53:31 2022]
rule bwa_map_pe:
    input: /mnt/AchTeraD/Documents/references/hg19/hg19.fa, /mnt/sequencing/Lungcancer/deep_wgs/fastq/P18754_1010_S8_R1.fastq.gz, /mnt/sequencing/Lungcancer/deep_wgs/fastq/P18754_1010_S8_R2.fastq.gz
    output: /mnt/sequencing/Lungcancer/deep_wgs/bamfiles/P18754_1010_S8.bam, /mnt/sequencing/Lungcancer/deep_wgs/bamfiles/P18754_1010_S8.bam.bai
    jobid: 28
    wildcards: sample=P18754_1010_S8
    priority: 1
    threads: 38

bwa mem -M -t 38 -R '@RG\tID:P18754_1010_S8\tSM:P18754_1010_S8\tPL:ILLUMINA' /mnt/AchTeraD/Documents/references/hg19/hg19.fa /mnt/sequencing/Lungcancer/deep_wgs/fastq/P18754_1010_S8_R1.fastq.gz /mnt/sequencing/Lungcancer/deep_wgs/fastq/P18754_1010_S8_R2.fastq.gz | samtools sort -o /mnt/sequencing/Lungcancer/deep_wgs/bamfiles/P18754_1010_S8.bam && samtools index -@ 38 /mnt/sequencing/Lungcancer/deep_wgs/bamfiles/P18754_1010_S8.bam
[Wed Jun  1 10:56:27 2022]
Error in rule bwa_map_pe:
    jobid: 28
    output: /mnt/sequencing/Lungcancer/deep_wgs/bamfiles/P18754_1010_S8.bam, /mnt/sequencing/Lungcancer/deep_wgs/bamfiles/P18754_1010_S8.bam.bai
    shell:
        bwa mem -M -t 38 -R '@RG\tID:P18754_1010_S8\tSM:P18754_1010_S8\tPL:ILLUMINA' /mnt/AchTeraD/Documents/references/hg19/hg19.fa /mnt/sequencing/Lungcancer/deep_wgs/fastq/P18754_1010_S8_R1.fastq.gz /mnt/sequencing/Lungcancer/deep_wgs/fastq/P18754_1010_S8_R2.fastq.gz | samtools sort -o /mnt/sequencing/Lungcancer/deep_wgs/bamfiles/P18754_1010_S8.bam && samtools index -@ 38 /mnt/sequencing/Lungcancer/deep_wgs/bamfiles/P18754_1010_S8.bam
        (one of the commands exited with non-zero exit code; note that snakemake uses bash strict mode!)

Job failed, going on with independent jobs.
Select jobs to execute...

[Wed Jun  1 10:56:27 2022]
rule bwa_map_pe:
    input: /mnt/AchTeraD/Documents/references/hg19/hg19.fa, /mnt/sequencing/Lungcancer/deep_wgs/fastq/P18754_1025_S32_R1.fastq.gz, /mnt/sequencing/Lungcancer/deep_wgs/fastq/P18754_1025_S32_R2.fastq.gz
    output: /mnt/sequencing/Lungcancer/deep_wgs/bamfiles/P18754_1025_S32.bam, /mnt/sequencing/Lungcancer/deep_wgs/bamfiles/P18754_1025_S32.bam.bai
    jobid: 20
    wildcards: sample=P18754_1025_S32
    priority: 1
    threads: 38

bwa mem -M -t 38 -R '@RG\tID:P18754_1025_S32\tSM:P18754_1025_S32\tPL:ILLUMINA' /mnt/AchTeraD/Documents/references/hg19/hg19.fa /mnt/sequencing/Lungcancer/deep_wgs/fastq/P18754_1025_S32_R1.fastq.gz /mnt/sequencing/Lungcancer/deep_wgs/fastq/P18754_1025_S32_R2.fastq.gz | samtools sort -o /mnt/sequencing/Lungcancer/deep_wgs/bamfiles/P18754_1025_S32.bam && samtools index -@ 38 /mnt/sequencing/Lungcancer/deep_wgs/bamfiles/P18754_1025_S32.bam
[Wed Jun  1 10:58:43 2022]
Error in rule bwa_map_pe:
    jobid: 20
    output: /mnt/sequencing/Lungcancer/deep_wgs/bamfiles/P18754_1025_S32.bam, /mnt/sequencing/Lungcancer/deep_wgs/bamfiles/P18754_1025_S32.bam.bai
    shell:
        bwa mem -M -t 38 -R '@RG\tID:P18754_1025_S32\tSM:P18754_1025_S32\tPL:ILLUMINA' /mnt/AchTeraD/Documents/references/hg19/hg19.fa /mnt/sequencing/Lungcancer/deep_wgs/fastq/P18754_1025_S32_R1.fastq.gz /mnt/sequencing/Lungcancer/deep_wgs/fastq/P18754_1025_S32_R2.fastq.gz | samtools sort -o /mnt/sequencing/Lungcancer/deep_wgs/bamfiles/P18754_1025_S32.bam && samtools index -@ 38 /mnt/sequencing/Lungcancer/deep_wgs/bamfiles/P18754_1025_S32.bam
        (one of the commands exited with non-zero exit code; note that snakemake uses bash strict mode!)

Job failed, going on with independent jobs.
Select jobs to execute...

[Wed Jun  1 10:58:43 2022]
rule bwa_map_pe:
    input: /mnt/AchTeraD/Documents/references/hg19/hg19.fa, /mnt/sequencing/Lungcancer/deep_wgs/fastq/P18754_1046_S4_R1.fastq.gz, /mnt/sequencing/Lungcancer/deep_wgs/fastq/P18754_1046_S4_R2.fastq.gz
    output: /mnt/sequencing/Lungcancer/deep_wgs/bamfiles/P18754_1046_S4.bam, /mnt/sequencing/Lungcancer/deep_wgs/bamfiles/P18754_1046_S4.bam.bai
    jobid: 14
    wildcards: sample=P18754_1046_S4
    priority: 1
    threads: 38

bwa mem -M -t 38 -R '@RG\tID:P18754_1046_S4\tSM:P18754_1046_S4\tPL:ILLUMINA' /mnt/AchTeraD/Documents/references/hg19/hg19.fa /mnt/sequencing/Lungcancer/deep_wgs/fastq/P18754_1046_S4_R1.fastq.gz /mnt/sequencing/Lungcancer/deep_wgs/fastq/P18754_1046_S4_R2.fastq.gz | samtools sort -o /mnt/sequencing/Lungcancer/deep_wgs/bamfiles/P18754_1046_S4.bam && samtools index -@ 38 /mnt/sequencing/Lungcancer/deep_wgs/bamfiles/P18754_1046_S4.bam
[Wed Jun  1 11:00:05 2022]
Error in rule bwa_map_pe:
    jobid: 14
    output: /mnt/sequencing/Lungcancer/deep_wgs/bamfiles/P18754_1046_S4.bam, /mnt/sequencing/Lungcancer/deep_wgs/bamfiles/P18754_1046_S4.bam.bai
    shell:
        bwa mem -M -t 38 -R '@RG\tID:P18754_1046_S4\tSM:P18754_1046_S4\tPL:ILLUMINA' /mnt/AchTeraD/Documents/references/hg19/hg19.fa /mnt/sequencing/Lungcancer/deep_wgs/fastq/P18754_1046_S4_R1.fastq.gz /mnt/sequencing/Lungcancer/deep_wgs/fastq/P18754_1046_S4_R2.fastq.gz | samtools sort -o /mnt/sequencing/Lungcancer/deep_wgs/bamfiles/P18754_1046_S4.bam && samtools index -@ 38 /mnt/sequencing/Lungcancer/deep_wgs/bamfiles/P18754_1046_S4.bam
        (one of the commands exited with non-zero exit code; note that snakemake uses bash strict mode!)

Job failed, going on with independent jobs.
Select jobs to execute...

[Wed Jun  1 11:00:05 2022]
rule bwa_map_pe:
    input: /mnt/AchTeraD/Documents/references/hg19/hg19.fa, /mnt/sequencing/Lungcancer/deep_wgs/fastq/P18754_1034_S37_R1.fastq.gz, /mnt/sequencing/Lungcancer/deep_wgs/fastq/P18754_1034_S37_R2.fastq.gz
    output: /mnt/sequencing/Lungcancer/deep_wgs/bamfiles/P18754_1034_S37.bam, /mnt/sequencing/Lungcancer/deep_wgs/bamfiles/P18754_1034_S37.bam.bai
    jobid: 34
    wildcards: sample=P18754_1034_S37
    priority: 1
    threads: 38

bwa mem -M -t 38 -R '@RG\tID:P18754_1034_S37\tSM:P18754_1034_S37\tPL:ILLUMINA' /mnt/AchTeraD/Documents/references/hg19/hg19.fa /mnt/sequencing/Lungcancer/deep_wgs/fastq/P18754_1034_S37_R1.fastq.gz /mnt/sequencing/Lungcancer/deep_wgs/fastq/P18754_1034_S37_R2.fastq.gz | samtools sort -o /mnt/sequencing/Lungcancer/deep_wgs/bamfiles/P18754_1034_S37.bam && samtools index -@ 38 /mnt/sequencing/Lungcancer/deep_wgs/bamfiles/P18754_1034_S37.bam
[Wed Jun  1 11:01:33 2022]
Error in rule bwa_map_pe:
    jobid: 34
    output: /mnt/sequencing/Lungcancer/deep_wgs/bamfiles/P18754_1034_S37.bam, /mnt/sequencing/Lungcancer/deep_wgs/bamfiles/P18754_1034_S37.bam.bai
    shell:
        bwa mem -M -t 38 -R '@RG\tID:P18754_1034_S37\tSM:P18754_1034_S37\tPL:ILLUMINA' /mnt/AchTeraD/Documents/references/hg19/hg19.fa /mnt/sequencing/Lungcancer/deep_wgs/fastq/P18754_1034_S37_R1.fastq.gz /mnt/sequencing/Lungcancer/deep_wgs/fastq/P18754_1034_S37_R2.fastq.gz | samtools sort -o /mnt/sequencing/Lungcancer/deep_wgs/bamfiles/P18754_1034_S37.bam && samtools index -@ 38 /mnt/sequencing/Lungcancer/deep_wgs/bamfiles/P18754_1034_S37.bam
        (one of the commands exited with non-zero exit code; note that snakemake uses bash strict mode!)

Job failed, going on with independent jobs.
Select jobs to execute...

[Wed Jun  1 11:01:34 2022]
rule bwa_map_pe:
    input: /mnt/AchTeraD/Documents/references/hg19/hg19.fa, /mnt/sequencing/Lungcancer/deep_wgs/fastq/P18754_1021_S20_R1.fastq.gz, /mnt/sequencing/Lungcancer/deep_wgs/fastq/P18754_1021_S20_R2.fastq.gz
    output: /mnt/sequencing/Lungcancer/deep_wgs/bamfiles/P18754_1021_S20.bam, /mnt/sequencing/Lungcancer/deep_wgs/bamfiles/P18754_1021_S20.bam.bai
    jobid: 40
    wildcards: sample=P18754_1021_S20
    priority: 1
    threads: 38

bwa mem -M -t 38 -R '@RG\tID:P18754_1021_S20\tSM:P18754_1021_S20\tPL:ILLUMINA' /mnt/AchTeraD/Documents/references/hg19/hg19.fa /mnt/sequencing/Lungcancer/deep_wgs/fastq/P18754_1021_S20_R1.fastq.gz /mnt/sequencing/Lungcancer/deep_wgs/fastq/P18754_1021_S20_R2.fastq.gz | samtools sort -o /mnt/sequencing/Lungcancer/deep_wgs/bamfiles/P18754_1021_S20.bam && samtools index -@ 38 /mnt/sequencing/Lungcancer/deep_wgs/bamfiles/P18754_1021_S20.bam
[Wed Jun  1 11:03:36 2022]
Error in rule bwa_map_pe:
    jobid: 40
    output: /mnt/sequencing/Lungcancer/deep_wgs/bamfiles/P18754_1021_S20.bam, /mnt/sequencing/Lungcancer/deep_wgs/bamfiles/P18754_1021_S20.bam.bai
    shell:
        bwa mem -M -t 38 -R '@RG\tID:P18754_1021_S20\tSM:P18754_1021_S20\tPL:ILLUMINA' /mnt/AchTeraD/Documents/references/hg19/hg19.fa /mnt/sequencing/Lungcancer/deep_wgs/fastq/P18754_1021_S20_R1.fastq.gz /mnt/sequencing/Lungcancer/deep_wgs/fastq/P18754_1021_S20_R2.fastq.gz | samtools sort -o /mnt/sequencing/Lungcancer/deep_wgs/bamfiles/P18754_1021_S20.bam && samtools index -@ 38 /mnt/sequencing/Lungcancer/deep_wgs/bamfiles/P18754_1021_S20.bam
        (one of the commands exited with non-zero exit code; note that snakemake uses bash strict mode!)

Job failed, going on with independent jobs.
Select jobs to execute...

[Wed Jun  1 11:03:36 2022]
rule bwa_map_pe:
    input: /mnt/AchTeraD/Documents/references/hg19/hg19.fa, /mnt/sequencing/Lungcancer/deep_wgs/fastq/P18754_1017_S15_R1.fastq.gz, /mnt/sequencing/Lungcancer/deep_wgs/fastq/P18754_1017_S15_R2.fastq.gz
    output: /mnt/sequencing/Lungcancer/deep_wgs/bamfiles/P18754_1017_S15.bam, /mnt/sequencing/Lungcancer/deep_wgs/bamfiles/P18754_1017_S15.bam.bai
    jobid: 74
    wildcards: sample=P18754_1017_S15
    priority: 1
    threads: 38

bwa mem -M -t 38 -R '@RG\tID:P18754_1017_S15\tSM:P18754_1017_S15\tPL:ILLUMINA' /mnt/AchTeraD/Documents/references/hg19/hg19.fa /mnt/sequencing/Lungcancer/deep_wgs/fastq/P18754_1017_S15_R1.fastq.gz /mnt/sequencing/Lungcancer/deep_wgs/fastq/P18754_1017_S15_R2.fastq.gz | samtools sort -o /mnt/sequencing/Lungcancer/deep_wgs/bamfiles/P18754_1017_S15.bam && samtools index -@ 38 /mnt/sequencing/Lungcancer/deep_wgs/bamfiles/P18754_1017_S15.bam
[Wed Jun  1 11:05:27 2022]
Error in rule bwa_map_pe:
    jobid: 74
    output: /mnt/sequencing/Lungcancer/deep_wgs/bamfiles/P18754_1017_S15.bam, /mnt/sequencing/Lungcancer/deep_wgs/bamfiles/P18754_1017_S15.bam.bai
    shell:
        bwa mem -M -t 38 -R '@RG\tID:P18754_1017_S15\tSM:P18754_1017_S15\tPL:ILLUMINA' /mnt/AchTeraD/Documents/references/hg19/hg19.fa /mnt/sequencing/Lungcancer/deep_wgs/fastq/P18754_1017_S15_R1.fastq.gz /mnt/sequencing/Lungcancer/deep_wgs/fastq/P18754_1017_S15_R2.fastq.gz | samtools sort -o /mnt/sequencing/Lungcancer/deep_wgs/bamfiles/P18754_1017_S15.bam && samtools index -@ 38 /mnt/sequencing/Lungcancer/deep_wgs/bamfiles/P18754_1017_S15.bam
        (one of the commands exited with non-zero exit code; note that snakemake uses bash strict mode!)

Job failed, going on with independent jobs.
Select jobs to execute...

[Wed Jun  1 11:05:27 2022]
rule bwa_map_pe:
    input: /mnt/AchTeraD/Documents/references/hg19/hg19.fa, /mnt/sequencing/Lungcancer/deep_wgs/fastq/P18754_1012_S14_R1.fastq.gz, /mnt/sequencing/Lungcancer/deep_wgs/fastq/P18754_1012_S14_R2.fastq.gz
    output: /mnt/sequencing/Lungcancer/deep_wgs/bamfiles/P18754_1012_S14.bam, /mnt/sequencing/Lungcancer/deep_wgs/bamfiles/P18754_1012_S14.bam.bai
    jobid: 24
    wildcards: sample=P18754_1012_S14
    priority: 1
    threads: 38

bwa mem -M -t 38 -R '@RG\tID:P18754_1012_S14\tSM:P18754_1012_S14\tPL:ILLUMINA' /mnt/AchTeraD/Documents/references/hg19/hg19.fa /mnt/sequencing/Lungcancer/deep_wgs/fastq/P18754_1012_S14_R1.fastq.gz /mnt/sequencing/Lungcancer/deep_wgs/fastq/P18754_1012_S14_R2.fastq.gz | samtools sort -o /mnt/sequencing/Lungcancer/deep_wgs/bamfiles/P18754_1012_S14.bam && samtools index -@ 38 /mnt/sequencing/Lungcancer/deep_wgs/bamfiles/P18754_1012_S14.bam
[Wed Jun  1 11:07:29 2022]
Error in rule bwa_map_pe:
    jobid: 24
    output: /mnt/sequencing/Lungcancer/deep_wgs/bamfiles/P18754_1012_S14.bam, /mnt/sequencing/Lungcancer/deep_wgs/bamfiles/P18754_1012_S14.bam.bai
    shell:
        bwa mem -M -t 38 -R '@RG\tID:P18754_1012_S14\tSM:P18754_1012_S14\tPL:ILLUMINA' /mnt/AchTeraD/Documents/references/hg19/hg19.fa /mnt/sequencing/Lungcancer/deep_wgs/fastq/P18754_1012_S14_R1.fastq.gz /mnt/sequencing/Lungcancer/deep_wgs/fastq/P18754_1012_S14_R2.fastq.gz | samtools sort -o /mnt/sequencing/Lungcancer/deep_wgs/bamfiles/P18754_1012_S14.bam && samtools index -@ 38 /mnt/sequencing/Lungcancer/deep_wgs/bamfiles/P18754_1012_S14.bam
        (one of the commands exited with non-zero exit code; note that snakemake uses bash strict mode!)

Job failed, going on with independent jobs.
Select jobs to execute...

[Wed Jun  1 11:07:29 2022]
rule bwa_map_pe:
    input: /mnt/AchTeraD/Documents/references/hg19/hg19.fa, /mnt/sequencing/Lungcancer/deep_wgs/fastq/P18754_1060_S18_R1.fastq.gz, /mnt/sequencing/Lungcancer/deep_wgs/fastq/P18754_1060_S18_R2.fastq.gz
    output: /mnt/sequencing/Lungcancer/deep_wgs/bamfiles/P18754_1060_S18.bam, /mnt/sequencing/Lungcancer/deep_wgs/bamfiles/P18754_1060_S18.bam.bai
    jobid: 70
    wildcards: sample=P18754_1060_S18
    priority: 1
    threads: 38

bwa mem -M -t 38 -R '@RG\tID:P18754_1060_S18\tSM:P18754_1060_S18\tPL:ILLUMINA' /mnt/AchTeraD/Documents/references/hg19/hg19.fa /mnt/sequencing/Lungcancer/deep_wgs/fastq/P18754_1060_S18_R1.fastq.gz /mnt/sequencing/Lungcancer/deep_wgs/fastq/P18754_1060_S18_R2.fastq.gz | samtools sort -o /mnt/sequencing/Lungcancer/deep_wgs/bamfiles/P18754_1060_S18.bam && samtools index -@ 38 /mnt/sequencing/Lungcancer/deep_wgs/bamfiles/P18754_1060_S18.bam
[Wed Jun  1 11:09:38 2022]
Error in rule bwa_map_pe:
    jobid: 70
    output: /mnt/sequencing/Lungcancer/deep_wgs/bamfiles/P18754_1060_S18.bam, /mnt/sequencing/Lungcancer/deep_wgs/bamfiles/P18754_1060_S18.bam.bai
    shell:
        bwa mem -M -t 38 -R '@RG\tID:P18754_1060_S18\tSM:P18754_1060_S18\tPL:ILLUMINA' /mnt/AchTeraD/Documents/references/hg19/hg19.fa /mnt/sequencing/Lungcancer/deep_wgs/fastq/P18754_1060_S18_R1.fastq.gz /mnt/sequencing/Lungcancer/deep_wgs/fastq/P18754_1060_S18_R2.fastq.gz | samtools sort -o /mnt/sequencing/Lungcancer/deep_wgs/bamfiles/P18754_1060_S18.bam && samtools index -@ 38 /mnt/sequencing/Lungcancer/deep_wgs/bamfiles/P18754_1060_S18.bam
        (one of the commands exited with non-zero exit code; note that snakemake uses bash strict mode!)

Job failed, going on with independent jobs.
Select jobs to execute...

[Wed Jun  1 11:09:38 2022]
rule bwa_map_pe:
    input: /mnt/AchTeraD/Documents/references/hg19/hg19.fa, /mnt/sequencing/Lungcancer/deep_wgs/fastq/P18754_1001_S4_R1.fastq.gz, /mnt/sequencing/Lungcancer/deep_wgs/fastq/P18754_1001_S4_R2.fastq.gz
    output: /mnt/sequencing/Lungcancer/deep_wgs/bamfiles/P18754_1001_S4.bam, /mnt/sequencing/Lungcancer/deep_wgs/bamfiles/P18754_1001_S4.bam.bai
    jobid: 38
    wildcards: sample=P18754_1001_S4
    priority: 1
    threads: 38

bwa mem -M -t 38 -R '@RG\tID:P18754_1001_S4\tSM:P18754_1001_S4\tPL:ILLUMINA' /mnt/AchTeraD/Documents/references/hg19/hg19.fa /mnt/sequencing/Lungcancer/deep_wgs/fastq/P18754_1001_S4_R1.fastq.gz /mnt/sequencing/Lungcancer/deep_wgs/fastq/P18754_1001_S4_R2.fastq.gz | samtools sort -o /mnt/sequencing/Lungcancer/deep_wgs/bamfiles/P18754_1001_S4.bam && samtools index -@ 38 /mnt/sequencing/Lungcancer/deep_wgs/bamfiles/P18754_1001_S4.bam
[Wed Jun  1 11:11:20 2022]
Error in rule bwa_map_pe:
    jobid: 38
    output: /mnt/sequencing/Lungcancer/deep_wgs/bamfiles/P18754_1001_S4.bam, /mnt/sequencing/Lungcancer/deep_wgs/bamfiles/P18754_1001_S4.bam.bai
    shell:
        bwa mem -M -t 38 -R '@RG\tID:P18754_1001_S4\tSM:P18754_1001_S4\tPL:ILLUMINA' /mnt/AchTeraD/Documents/references/hg19/hg19.fa /mnt/sequencing/Lungcancer/deep_wgs/fastq/P18754_1001_S4_R1.fastq.gz /mnt/sequencing/Lungcancer/deep_wgs/fastq/P18754_1001_S4_R2.fastq.gz | samtools sort -o /mnt/sequencing/Lungcancer/deep_wgs/bamfiles/P18754_1001_S4.bam && samtools index -@ 38 /mnt/sequencing/Lungcancer/deep_wgs/bamfiles/P18754_1001_S4.bam
        (one of the commands exited with non-zero exit code; note that snakemake uses bash strict mode!)

Job failed, going on with independent jobs.
Select jobs to execute...

[Wed Jun  1 11:11:20 2022]
rule bwa_map_pe:
    input: /mnt/AchTeraD/Documents/references/hg19/hg19.fa, /mnt/sequencing/Lungcancer/deep_wgs/fastq/P18754_1052_S10_R1.fastq.gz, /mnt/sequencing/Lungcancer/deep_wgs/fastq/P18754_1052_S10_R2.fastq.gz
    output: /mnt/sequencing/Lungcancer/deep_wgs/bamfiles/P18754_1052_S10.bam, /mnt/sequencing/Lungcancer/deep_wgs/bamfiles/P18754_1052_S10.bam.bai
    jobid: 76
    wildcards: sample=P18754_1052_S10
    priority: 1
    threads: 38

bwa mem -M -t 38 -R '@RG\tID:P18754_1052_S10\tSM:P18754_1052_S10\tPL:ILLUMINA' /mnt/AchTeraD/Documents/references/hg19/hg19.fa /mnt/sequencing/Lungcancer/deep_wgs/fastq/P18754_1052_S10_R1.fastq.gz /mnt/sequencing/Lungcancer/deep_wgs/fastq/P18754_1052_S10_R2.fastq.gz | samtools sort -o /mnt/sequencing/Lungcancer/deep_wgs/bamfiles/P18754_1052_S10.bam && samtools index -@ 38 /mnt/sequencing/Lungcancer/deep_wgs/bamfiles/P18754_1052_S10.bam
[Wed Jun  1 11:13:01 2022]
Error in rule bwa_map_pe:
    jobid: 76
    output: /mnt/sequencing/Lungcancer/deep_wgs/bamfiles/P18754_1052_S10.bam, /mnt/sequencing/Lungcancer/deep_wgs/bamfiles/P18754_1052_S10.bam.bai
    shell:
        bwa mem -M -t 38 -R '@RG\tID:P18754_1052_S10\tSM:P18754_1052_S10\tPL:ILLUMINA' /mnt/AchTeraD/Documents/references/hg19/hg19.fa /mnt/sequencing/Lungcancer/deep_wgs/fastq/P18754_1052_S10_R1.fastq.gz /mnt/sequencing/Lungcancer/deep_wgs/fastq/P18754_1052_S10_R2.fastq.gz | samtools sort -o /mnt/sequencing/Lungcancer/deep_wgs/bamfiles/P18754_1052_S10.bam && samtools index -@ 38 /mnt/sequencing/Lungcancer/deep_wgs/bamfiles/P18754_1052_S10.bam
        (one of the commands exited with non-zero exit code; note that snakemake uses bash strict mode!)

Job failed, going on with independent jobs.
Select jobs to execute...

[Wed Jun  1 11:13:01 2022]
rule bwa_map_pe:
    input: /mnt/AchTeraD/Documents/references/hg19/hg19.fa, /mnt/sequencing/Lungcancer/deep_wgs/fastq/P18754_1033_S35_R1.fastq.gz, /mnt/sequencing/Lungcancer/deep_wgs/fastq/P18754_1033_S35_R2.fastq.gz
    output: /mnt/sequencing/Lungcancer/deep_wgs/bamfiles/P18754_1033_S35.bam, /mnt/sequencing/Lungcancer/deep_wgs/bamfiles/P18754_1033_S35.bam.bai
    jobid: 12
    wildcards: sample=P18754_1033_S35
    priority: 1
    threads: 38

bwa mem -M -t 38 -R '@RG\tID:P18754_1033_S35\tSM:P18754_1033_S35\tPL:ILLUMINA' /mnt/AchTeraD/Documents/references/hg19/hg19.fa /mnt/sequencing/Lungcancer/deep_wgs/fastq/P18754_1033_S35_R1.fastq.gz /mnt/sequencing/Lungcancer/deep_wgs/fastq/P18754_1033_S35_R2.fastq.gz | samtools sort -o /mnt/sequencing/Lungcancer/deep_wgs/bamfiles/P18754_1033_S35.bam && samtools index -@ 38 /mnt/sequencing/Lungcancer/deep_wgs/bamfiles/P18754_1033_S35.bam
[Wed Jun  1 11:14:36 2022]
Error in rule bwa_map_pe:
    jobid: 12
    output: /mnt/sequencing/Lungcancer/deep_wgs/bamfiles/P18754_1033_S35.bam, /mnt/sequencing/Lungcancer/deep_wgs/bamfiles/P18754_1033_S35.bam.bai
    shell:
        bwa mem -M -t 38 -R '@RG\tID:P18754_1033_S35\tSM:P18754_1033_S35\tPL:ILLUMINA' /mnt/AchTeraD/Documents/references/hg19/hg19.fa /mnt/sequencing/Lungcancer/deep_wgs/fastq/P18754_1033_S35_R1.fastq.gz /mnt/sequencing/Lungcancer/deep_wgs/fastq/P18754_1033_S35_R2.fastq.gz | samtools sort -o /mnt/sequencing/Lungcancer/deep_wgs/bamfiles/P18754_1033_S35.bam && samtools index -@ 38 /mnt/sequencing/Lungcancer/deep_wgs/bamfiles/P18754_1033_S35.bam
        (one of the commands exited with non-zero exit code; note that snakemake uses bash strict mode!)

Job failed, going on with independent jobs.
Select jobs to execute...

[Wed Jun  1 11:14:36 2022]
rule bwa_map_pe:
    input: /mnt/AchTeraD/Documents/references/hg19/hg19.fa, /mnt/sequencing/Lungcancer/deep_wgs/fastq/P18754_1031_S30_R1.fastq.gz, /mnt/sequencing/Lungcancer/deep_wgs/fastq/P18754_1031_S30_R2.fastq.gz
    output: /mnt/sequencing/Lungcancer/deep_wgs/bamfiles/P18754_1031_S30.bam, /mnt/sequencing/Lungcancer/deep_wgs/bamfiles/P18754_1031_S30.bam.bai
    jobid: 46
    wildcards: sample=P18754_1031_S30
    priority: 1
    threads: 38

bwa mem -M -t 38 -R '@RG\tID:P18754_1031_S30\tSM:P18754_1031_S30\tPL:ILLUMINA' /mnt/AchTeraD/Documents/references/hg19/hg19.fa /mnt/sequencing/Lungcancer/deep_wgs/fastq/P18754_1031_S30_R1.fastq.gz /mnt/sequencing/Lungcancer/deep_wgs/fastq/P18754_1031_S30_R2.fastq.gz | samtools sort -o /mnt/sequencing/Lungcancer/deep_wgs/bamfiles/P18754_1031_S30.bam && samtools index -@ 38 /mnt/sequencing/Lungcancer/deep_wgs/bamfiles/P18754_1031_S30.bam
[Wed Jun  1 11:16:27 2022]
Error in rule bwa_map_pe:
    jobid: 46
    output: /mnt/sequencing/Lungcancer/deep_wgs/bamfiles/P18754_1031_S30.bam, /mnt/sequencing/Lungcancer/deep_wgs/bamfiles/P18754_1031_S30.bam.bai
    shell:
        bwa mem -M -t 38 -R '@RG\tID:P18754_1031_S30\tSM:P18754_1031_S30\tPL:ILLUMINA' /mnt/AchTeraD/Documents/references/hg19/hg19.fa /mnt/sequencing/Lungcancer/deep_wgs/fastq/P18754_1031_S30_R1.fastq.gz /mnt/sequencing/Lungcancer/deep_wgs/fastq/P18754_1031_S30_R2.fastq.gz | samtools sort -o /mnt/sequencing/Lungcancer/deep_wgs/bamfiles/P18754_1031_S30.bam && samtools index -@ 38 /mnt/sequencing/Lungcancer/deep_wgs/bamfiles/P18754_1031_S30.bam
        (one of the commands exited with non-zero exit code; note that snakemake uses bash strict mode!)

Job failed, going on with independent jobs.
Select jobs to execute...

[Wed Jun  1 11:16:27 2022]
rule bwa_map_pe:
    input: /mnt/AchTeraD/Documents/references/hg19/hg19.fa, /mnt/sequencing/Lungcancer/deep_wgs/fastq/P18754_1014_S22_R1.fastq.gz, /mnt/sequencing/Lungcancer/deep_wgs/fastq/P18754_1014_S22_R2.fastq.gz
    output: /mnt/sequencing/Lungcancer/deep_wgs/bamfiles/P18754_1014_S22.bam, /mnt/sequencing/Lungcancer/deep_wgs/bamfiles/P18754_1014_S22.bam.bai
    jobid: 62
    wildcards: sample=P18754_1014_S22
    priority: 1
    threads: 38

bwa mem -M -t 38 -R '@RG\tID:P18754_1014_S22\tSM:P18754_1014_S22\tPL:ILLUMINA' /mnt/AchTeraD/Documents/references/hg19/hg19.fa /mnt/sequencing/Lungcancer/deep_wgs/fastq/P18754_1014_S22_R1.fastq.gz /mnt/sequencing/Lungcancer/deep_wgs/fastq/P18754_1014_S22_R2.fastq.gz | samtools sort -o /mnt/sequencing/Lungcancer/deep_wgs/bamfiles/P18754_1014_S22.bam && samtools index -@ 38 /mnt/sequencing/Lungcancer/deep_wgs/bamfiles/P18754_1014_S22.bam
[Wed Jun  1 11:18:43 2022]
Error in rule bwa_map_pe:
    jobid: 62
    output: /mnt/sequencing/Lungcancer/deep_wgs/bamfiles/P18754_1014_S22.bam, /mnt/sequencing/Lungcancer/deep_wgs/bamfiles/P18754_1014_S22.bam.bai
    shell:
        bwa mem -M -t 38 -R '@RG\tID:P18754_1014_S22\tSM:P18754_1014_S22\tPL:ILLUMINA' /mnt/AchTeraD/Documents/references/hg19/hg19.fa /mnt/sequencing/Lungcancer/deep_wgs/fastq/P18754_1014_S22_R1.fastq.gz /mnt/sequencing/Lungcancer/deep_wgs/fastq/P18754_1014_S22_R2.fastq.gz | samtools sort -o /mnt/sequencing/Lungcancer/deep_wgs/bamfiles/P18754_1014_S22.bam && samtools index -@ 38 /mnt/sequencing/Lungcancer/deep_wgs/bamfiles/P18754_1014_S22.bam
        (one of the commands exited with non-zero exit code; note that snakemake uses bash strict mode!)

Job failed, going on with independent jobs.
Select jobs to execute...

[Wed Jun  1 11:18:43 2022]
rule bwa_map_pe:
    input: /mnt/AchTeraD/Documents/references/hg19/hg19.fa, /mnt/sequencing/Lungcancer/deep_wgs/fastq/P18754_1009_S9_R1.fastq.gz, /mnt/sequencing/Lungcancer/deep_wgs/fastq/P18754_1009_S9_R2.fastq.gz
    output: /mnt/sequencing/Lungcancer/deep_wgs/bamfiles/P18754_1009_S9.bam, /mnt/sequencing/Lungcancer/deep_wgs/bamfiles/P18754_1009_S9.bam.bai
    jobid: 60
    wildcards: sample=P18754_1009_S9
    priority: 1
    threads: 38

bwa mem -M -t 38 -R '@RG\tID:P18754_1009_S9\tSM:P18754_1009_S9\tPL:ILLUMINA' /mnt/AchTeraD/Documents/references/hg19/hg19.fa /mnt/sequencing/Lungcancer/deep_wgs/fastq/P18754_1009_S9_R1.fastq.gz /mnt/sequencing/Lungcancer/deep_wgs/fastq/P18754_1009_S9_R2.fastq.gz | samtools sort -o /mnt/sequencing/Lungcancer/deep_wgs/bamfiles/P18754_1009_S9.bam && samtools index -@ 38 /mnt/sequencing/Lungcancer/deep_wgs/bamfiles/P18754_1009_S9.bam
[Wed Jun  1 11:21:42 2022]
Error in rule bwa_map_pe:
    jobid: 60
    output: /mnt/sequencing/Lungcancer/deep_wgs/bamfiles/P18754_1009_S9.bam, /mnt/sequencing/Lungcancer/deep_wgs/bamfiles/P18754_1009_S9.bam.bai
    shell:
        bwa mem -M -t 38 -R '@RG\tID:P18754_1009_S9\tSM:P18754_1009_S9\tPL:ILLUMINA' /mnt/AchTeraD/Documents/references/hg19/hg19.fa /mnt/sequencing/Lungcancer/deep_wgs/fastq/P18754_1009_S9_R1.fastq.gz /mnt/sequencing/Lungcancer/deep_wgs/fastq/P18754_1009_S9_R2.fastq.gz | samtools sort -o /mnt/sequencing/Lungcancer/deep_wgs/bamfiles/P18754_1009_S9.bam && samtools index -@ 38 /mnt/sequencing/Lungcancer/deep_wgs/bamfiles/P18754_1009_S9.bam
        (one of the commands exited with non-zero exit code; note that snakemake uses bash strict mode!)

Job failed, going on with independent jobs.
Select jobs to execute...

[Wed Jun  1 11:21:42 2022]
rule bwa_map_pe:
    input: /mnt/AchTeraD/Documents/references/hg19/hg19.fa, /mnt/sequencing/Lungcancer/deep_wgs/fastq/P18754_1050_S8_R1.fastq.gz, /mnt/sequencing/Lungcancer/deep_wgs/fastq/P18754_1050_S8_R2.fastq.gz
    output: /mnt/sequencing/Lungcancer/deep_wgs/bamfiles/P18754_1050_S8.bam, /mnt/sequencing/Lungcancer/deep_wgs/bamfiles/P18754_1050_S8.bam.bai
    jobid: 16
    wildcards: sample=P18754_1050_S8
    priority: 1
    threads: 38

bwa mem -M -t 38 -R '@RG\tID:P18754_1050_S8\tSM:P18754_1050_S8\tPL:ILLUMINA' /mnt/AchTeraD/Documents/references/hg19/hg19.fa /mnt/sequencing/Lungcancer/deep_wgs/fastq/P18754_1050_S8_R1.fastq.gz /mnt/sequencing/Lungcancer/deep_wgs/fastq/P18754_1050_S8_R2.fastq.gz | samtools sort -o /mnt/sequencing/Lungcancer/deep_wgs/bamfiles/P18754_1050_S8.bam && samtools index -@ 38 /mnt/sequencing/Lungcancer/deep_wgs/bamfiles/P18754_1050_S8.bam
[Wed Jun  1 11:23:56 2022]
Error in rule bwa_map_pe:
    jobid: 16
    output: /mnt/sequencing/Lungcancer/deep_wgs/bamfiles/P18754_1050_S8.bam, /mnt/sequencing/Lungcancer/deep_wgs/bamfiles/P18754_1050_S8.bam.bai
    shell:
        bwa mem -M -t 38 -R '@RG\tID:P18754_1050_S8\tSM:P18754_1050_S8\tPL:ILLUMINA' /mnt/AchTeraD/Documents/references/hg19/hg19.fa /mnt/sequencing/Lungcancer/deep_wgs/fastq/P18754_1050_S8_R1.fastq.gz /mnt/sequencing/Lungcancer/deep_wgs/fastq/P18754_1050_S8_R2.fastq.gz | samtools sort -o /mnt/sequencing/Lungcancer/deep_wgs/bamfiles/P18754_1050_S8.bam && samtools index -@ 38 /mnt/sequencing/Lungcancer/deep_wgs/bamfiles/P18754_1050_S8.bam
        (one of the commands exited with non-zero exit code; note that snakemake uses bash strict mode!)

Job failed, going on with independent jobs.
Select jobs to execute...

[Wed Jun  1 11:23:56 2022]
rule bwa_map_pe:
    input: /mnt/AchTeraD/Documents/references/hg19/hg19.fa, /mnt/sequencing/Lungcancer/deep_wgs/fastq/P18754_1015_S12_R1.fastq.gz, /mnt/sequencing/Lungcancer/deep_wgs/fastq/P18754_1015_S12_R2.fastq.gz
    output: /mnt/sequencing/Lungcancer/deep_wgs/bamfiles/P18754_1015_S12.bam, /mnt/sequencing/Lungcancer/deep_wgs/bamfiles/P18754_1015_S12.bam.bai
    jobid: 72
    wildcards: sample=P18754_1015_S12
    priority: 1
    threads: 38

bwa mem -M -t 38 -R '@RG\tID:P18754_1015_S12\tSM:P18754_1015_S12\tPL:ILLUMINA' /mnt/AchTeraD/Documents/references/hg19/hg19.fa /mnt/sequencing/Lungcancer/deep_wgs/fastq/P18754_1015_S12_R1.fastq.gz /mnt/sequencing/Lungcancer/deep_wgs/fastq/P18754_1015_S12_R2.fastq.gz | samtools sort -o /mnt/sequencing/Lungcancer/deep_wgs/bamfiles/P18754_1015_S12.bam && samtools index -@ 38 /mnt/sequencing/Lungcancer/deep_wgs/bamfiles/P18754_1015_S12.bam
[Wed Jun  1 11:25:58 2022]
Error in rule bwa_map_pe:
    jobid: 72
    output: /mnt/sequencing/Lungcancer/deep_wgs/bamfiles/P18754_1015_S12.bam, /mnt/sequencing/Lungcancer/deep_wgs/bamfiles/P18754_1015_S12.bam.bai
    shell:
        bwa mem -M -t 38 -R '@RG\tID:P18754_1015_S12\tSM:P18754_1015_S12\tPL:ILLUMINA' /mnt/AchTeraD/Documents/references/hg19/hg19.fa /mnt/sequencing/Lungcancer/deep_wgs/fastq/P18754_1015_S12_R1.fastq.gz /mnt/sequencing/Lungcancer/deep_wgs/fastq/P18754_1015_S12_R2.fastq.gz | samtools sort -o /mnt/sequencing/Lungcancer/deep_wgs/bamfiles/P18754_1015_S12.bam && samtools index -@ 38 /mnt/sequencing/Lungcancer/deep_wgs/bamfiles/P18754_1015_S12.bam
        (one of the commands exited with non-zero exit code; note that snakemake uses bash strict mode!)

Job failed, going on with independent jobs.
Select jobs to execute...

[Wed Jun  1 11:25:58 2022]
rule bwa_map_pe:
    input: /mnt/AchTeraD/Documents/references/hg19/hg19.fa, /mnt/sequencing/Lungcancer/deep_wgs/fastq/P18754_1002_S11_R1.fastq.gz, /mnt/sequencing/Lungcancer/deep_wgs/fastq/P18754_1002_S11_R2.fastq.gz
    output: /mnt/sequencing/Lungcancer/deep_wgs/bamfiles/P18754_1002_S11.bam, /mnt/sequencing/Lungcancer/deep_wgs/bamfiles/P18754_1002_S11.bam.bai
    jobid: 44
    wildcards: sample=P18754_1002_S11
    priority: 1
    threads: 38

bwa mem -M -t 38 -R '@RG\tID:P18754_1002_S11\tSM:P18754_1002_S11\tPL:ILLUMINA' /mnt/AchTeraD/Documents/references/hg19/hg19.fa /mnt/sequencing/Lungcancer/deep_wgs/fastq/P18754_1002_S11_R1.fastq.gz /mnt/sequencing/Lungcancer/deep_wgs/fastq/P18754_1002_S11_R2.fastq.gz | samtools sort -o /mnt/sequencing/Lungcancer/deep_wgs/bamfiles/P18754_1002_S11.bam && samtools index -@ 38 /mnt/sequencing/Lungcancer/deep_wgs/bamfiles/P18754_1002_S11.bam
[Wed Jun  1 11:27:22 2022]
Error in rule bwa_map_pe:
    jobid: 44
    output: /mnt/sequencing/Lungcancer/deep_wgs/bamfiles/P18754_1002_S11.bam, /mnt/sequencing/Lungcancer/deep_wgs/bamfiles/P18754_1002_S11.bam.bai
    shell:
        bwa mem -M -t 38 -R '@RG\tID:P18754_1002_S11\tSM:P18754_1002_S11\tPL:ILLUMINA' /mnt/AchTeraD/Documents/references/hg19/hg19.fa /mnt/sequencing/Lungcancer/deep_wgs/fastq/P18754_1002_S11_R1.fastq.gz /mnt/sequencing/Lungcancer/deep_wgs/fastq/P18754_1002_S11_R2.fastq.gz | samtools sort -o /mnt/sequencing/Lungcancer/deep_wgs/bamfiles/P18754_1002_S11.bam && samtools index -@ 38 /mnt/sequencing/Lungcancer/deep_wgs/bamfiles/P18754_1002_S11.bam
        (one of the commands exited with non-zero exit code; note that snakemake uses bash strict mode!)

Job failed, going on with independent jobs.
Select jobs to execute...

[Wed Jun  1 11:27:22 2022]
rule bwa_map_pe:
    input: /mnt/AchTeraD/Documents/references/hg19/hg19.fa, /mnt/sequencing/Lungcancer/deep_wgs/fastq/P18754_1054_S12_R1.fastq.gz, /mnt/sequencing/Lungcancer/deep_wgs/fastq/P18754_1054_S12_R2.fastq.gz
    output: /mnt/sequencing/Lungcancer/deep_wgs/bamfiles/P18754_1054_S12.bam, /mnt/sequencing/Lungcancer/deep_wgs/bamfiles/P18754_1054_S12.bam.bai
    jobid: 78
    wildcards: sample=P18754_1054_S12
    priority: 1
    threads: 38

bwa mem -M -t 38 -R '@RG\tID:P18754_1054_S12\tSM:P18754_1054_S12\tPL:ILLUMINA' /mnt/AchTeraD/Documents/references/hg19/hg19.fa /mnt/sequencing/Lungcancer/deep_wgs/fastq/P18754_1054_S12_R1.fastq.gz /mnt/sequencing/Lungcancer/deep_wgs/fastq/P18754_1054_S12_R2.fastq.gz | samtools sort -o /mnt/sequencing/Lungcancer/deep_wgs/bamfiles/P18754_1054_S12.bam && samtools index -@ 38 /mnt/sequencing/Lungcancer/deep_wgs/bamfiles/P18754_1054_S12.bam
[Wed Jun  1 11:28:58 2022]
Error in rule bwa_map_pe:
    jobid: 78
    output: /mnt/sequencing/Lungcancer/deep_wgs/bamfiles/P18754_1054_S12.bam, /mnt/sequencing/Lungcancer/deep_wgs/bamfiles/P18754_1054_S12.bam.bai
    shell:
        bwa mem -M -t 38 -R '@RG\tID:P18754_1054_S12\tSM:P18754_1054_S12\tPL:ILLUMINA' /mnt/AchTeraD/Documents/references/hg19/hg19.fa /mnt/sequencing/Lungcancer/deep_wgs/fastq/P18754_1054_S12_R1.fastq.gz /mnt/sequencing/Lungcancer/deep_wgs/fastq/P18754_1054_S12_R2.fastq.gz | samtools sort -o /mnt/sequencing/Lungcancer/deep_wgs/bamfiles/P18754_1054_S12.bam && samtools index -@ 38 /mnt/sequencing/Lungcancer/deep_wgs/bamfiles/P18754_1054_S12.bam
        (one of the commands exited with non-zero exit code; note that snakemake uses bash strict mode!)

Job failed, going on with independent jobs.
Select jobs to execute...

[Wed Jun  1 11:28:58 2022]
rule bwa_map_pe:
    input: /mnt/AchTeraD/Documents/references/hg19/hg19.fa, /mnt/sequencing/Lungcancer/deep_wgs/fastq/P18754_1030_S29_R1.fastq.gz, /mnt/sequencing/Lungcancer/deep_wgs/fastq/P18754_1030_S29_R2.fastq.gz
    output: /mnt/sequencing/Lungcancer/deep_wgs/bamfiles/P18754_1030_S29.bam, /mnt/sequencing/Lungcancer/deep_wgs/bamfiles/P18754_1030_S29.bam.bai
    jobid: 36
    wildcards: sample=P18754_1030_S29
    priority: 1
    threads: 38

bwa mem -M -t 38 -R '@RG\tID:P18754_1030_S29\tSM:P18754_1030_S29\tPL:ILLUMINA' /mnt/AchTeraD/Documents/references/hg19/hg19.fa /mnt/sequencing/Lungcancer/deep_wgs/fastq/P18754_1030_S29_R1.fastq.gz /mnt/sequencing/Lungcancer/deep_wgs/fastq/P18754_1030_S29_R2.fastq.gz | samtools sort -o /mnt/sequencing/Lungcancer/deep_wgs/bamfiles/P18754_1030_S29.bam && samtools index -@ 38 /mnt/sequencing/Lungcancer/deep_wgs/bamfiles/P18754_1030_S29.bam
[Wed Jun  1 11:31:12 2022]
Error in rule bwa_map_pe:
    jobid: 36
    output: /mnt/sequencing/Lungcancer/deep_wgs/bamfiles/P18754_1030_S29.bam, /mnt/sequencing/Lungcancer/deep_wgs/bamfiles/P18754_1030_S29.bam.bai
    shell:
        bwa mem -M -t 38 -R '@RG\tID:P18754_1030_S29\tSM:P18754_1030_S29\tPL:ILLUMINA' /mnt/AchTeraD/Documents/references/hg19/hg19.fa /mnt/sequencing/Lungcancer/deep_wgs/fastq/P18754_1030_S29_R1.fastq.gz /mnt/sequencing/Lungcancer/deep_wgs/fastq/P18754_1030_S29_R2.fastq.gz | samtools sort -o /mnt/sequencing/Lungcancer/deep_wgs/bamfiles/P18754_1030_S29.bam && samtools index -@ 38 /mnt/sequencing/Lungcancer/deep_wgs/bamfiles/P18754_1030_S29.bam
        (one of the commands exited with non-zero exit code; note that snakemake uses bash strict mode!)

Job failed, going on with independent jobs.
Select jobs to execute...

[Wed Jun  1 11:31:12 2022]
rule bwa_map_pe:
    input: /mnt/AchTeraD/Documents/references/hg19/hg19.fa, /mnt/sequencing/Lungcancer/deep_wgs/fastq/P18754_1026_S31_R1.fastq.gz, /mnt/sequencing/Lungcancer/deep_wgs/fastq/P18754_1026_S31_R2.fastq.gz
    output: /mnt/sequencing/Lungcancer/deep_wgs/bamfiles/P18754_1026_S31.bam, /mnt/sequencing/Lungcancer/deep_wgs/bamfiles/P18754_1026_S31.bam.bai
    jobid: 50
    wildcards: sample=P18754_1026_S31
    priority: 1
    threads: 38

bwa mem -M -t 38 -R '@RG\tID:P18754_1026_S31\tSM:P18754_1026_S31\tPL:ILLUMINA' /mnt/AchTeraD/Documents/references/hg19/hg19.fa /mnt/sequencing/Lungcancer/deep_wgs/fastq/P18754_1026_S31_R1.fastq.gz /mnt/sequencing/Lungcancer/deep_wgs/fastq/P18754_1026_S31_R2.fastq.gz | samtools sort -o /mnt/sequencing/Lungcancer/deep_wgs/bamfiles/P18754_1026_S31.bam && samtools index -@ 38 /mnt/sequencing/Lungcancer/deep_wgs/bamfiles/P18754_1026_S31.bam
[Wed Jun  1 11:33:32 2022]
Error in rule bwa_map_pe:
    jobid: 50
    output: /mnt/sequencing/Lungcancer/deep_wgs/bamfiles/P18754_1026_S31.bam, /mnt/sequencing/Lungcancer/deep_wgs/bamfiles/P18754_1026_S31.bam.bai
    shell:
        bwa mem -M -t 38 -R '@RG\tID:P18754_1026_S31\tSM:P18754_1026_S31\tPL:ILLUMINA' /mnt/AchTeraD/Documents/references/hg19/hg19.fa /mnt/sequencing/Lungcancer/deep_wgs/fastq/P18754_1026_S31_R1.fastq.gz /mnt/sequencing/Lungcancer/deep_wgs/fastq/P18754_1026_S31_R2.fastq.gz | samtools sort -o /mnt/sequencing/Lungcancer/deep_wgs/bamfiles/P18754_1026_S31.bam && samtools index -@ 38 /mnt/sequencing/Lungcancer/deep_wgs/bamfiles/P18754_1026_S31.bam
        (one of the commands exited with non-zero exit code; note that snakemake uses bash strict mode!)

Job failed, going on with independent jobs.
Select jobs to execute...

[Wed Jun  1 11:33:32 2022]
rule bwa_map_pe:
    input: /mnt/AchTeraD/Documents/references/hg19/hg19.fa, /mnt/sequencing/Lungcancer/deep_wgs/fastq/P18754_1008_S6_R1.fastq.gz, /mnt/sequencing/Lungcancer/deep_wgs/fastq/P18754_1008_S6_R2.fastq.gz
    output: /mnt/sequencing/Lungcancer/deep_wgs/bamfiles/P18754_1008_S6.bam, /mnt/sequencing/Lungcancer/deep_wgs/bamfiles/P18754_1008_S6.bam.bai
    jobid: 18
    wildcards: sample=P18754_1008_S6
    priority: 1
    threads: 38

bwa mem -M -t 38 -R '@RG\tID:P18754_1008_S6\tSM:P18754_1008_S6\tPL:ILLUMINA' /mnt/AchTeraD/Documents/references/hg19/hg19.fa /mnt/sequencing/Lungcancer/deep_wgs/fastq/P18754_1008_S6_R1.fastq.gz /mnt/sequencing/Lungcancer/deep_wgs/fastq/P18754_1008_S6_R2.fastq.gz | samtools sort -o /mnt/sequencing/Lungcancer/deep_wgs/bamfiles/P18754_1008_S6.bam && samtools index -@ 38 /mnt/sequencing/Lungcancer/deep_wgs/bamfiles/P18754_1008_S6.bam
[Wed Jun  1 11:35:39 2022]
Error in rule bwa_map_pe:
    jobid: 18
    output: /mnt/sequencing/Lungcancer/deep_wgs/bamfiles/P18754_1008_S6.bam, /mnt/sequencing/Lungcancer/deep_wgs/bamfiles/P18754_1008_S6.bam.bai
    shell:
        bwa mem -M -t 38 -R '@RG\tID:P18754_1008_S6\tSM:P18754_1008_S6\tPL:ILLUMINA' /mnt/AchTeraD/Documents/references/hg19/hg19.fa /mnt/sequencing/Lungcancer/deep_wgs/fastq/P18754_1008_S6_R1.fastq.gz /mnt/sequencing/Lungcancer/deep_wgs/fastq/P18754_1008_S6_R2.fastq.gz | samtools sort -o /mnt/sequencing/Lungcancer/deep_wgs/bamfiles/P18754_1008_S6.bam && samtools index -@ 38 /mnt/sequencing/Lungcancer/deep_wgs/bamfiles/P18754_1008_S6.bam
        (one of the commands exited with non-zero exit code; note that snakemake uses bash strict mode!)

Job failed, going on with independent jobs.
Select jobs to execute...

[Wed Jun  1 11:35:39 2022]
rule bwa_map_pe:
    input: /mnt/AchTeraD/Documents/references/hg19/hg19.fa, /mnt/sequencing/Lungcancer/deep_wgs/fastq/P18754_1056_S14_R1.fastq.gz, /mnt/sequencing/Lungcancer/deep_wgs/fastq/P18754_1056_S14_R2.fastq.gz
    output: /mnt/sequencing/Lungcancer/deep_wgs/bamfiles/P18754_1056_S14.bam, /mnt/sequencing/Lungcancer/deep_wgs/bamfiles/P18754_1056_S14.bam.bai
    jobid: 32
    wildcards: sample=P18754_1056_S14
    priority: 1
    threads: 38

bwa mem -M -t 38 -R '@RG\tID:P18754_1056_S14\tSM:P18754_1056_S14\tPL:ILLUMINA' /mnt/AchTeraD/Documents/references/hg19/hg19.fa /mnt/sequencing/Lungcancer/deep_wgs/fastq/P18754_1056_S14_R1.fastq.gz /mnt/sequencing/Lungcancer/deep_wgs/fastq/P18754_1056_S14_R2.fastq.gz | samtools sort -o /mnt/sequencing/Lungcancer/deep_wgs/bamfiles/P18754_1056_S14.bam && samtools index -@ 38 /mnt/sequencing/Lungcancer/deep_wgs/bamfiles/P18754_1056_S14.bam
[Wed Jun  1 11:37:12 2022]
Error in rule bwa_map_pe:
    jobid: 32
    output: /mnt/sequencing/Lungcancer/deep_wgs/bamfiles/P18754_1056_S14.bam, /mnt/sequencing/Lungcancer/deep_wgs/bamfiles/P18754_1056_S14.bam.bai
    shell:
        bwa mem -M -t 38 -R '@RG\tID:P18754_1056_S14\tSM:P18754_1056_S14\tPL:ILLUMINA' /mnt/AchTeraD/Documents/references/hg19/hg19.fa /mnt/sequencing/Lungcancer/deep_wgs/fastq/P18754_1056_S14_R1.fastq.gz /mnt/sequencing/Lungcancer/deep_wgs/fastq/P18754_1056_S14_R2.fastq.gz | samtools sort -o /mnt/sequencing/Lungcancer/deep_wgs/bamfiles/P18754_1056_S14.bam && samtools index -@ 38 /mnt/sequencing/Lungcancer/deep_wgs/bamfiles/P18754_1056_S14.bam
        (one of the commands exited with non-zero exit code; note that snakemake uses bash strict mode!)

Job failed, going on with independent jobs.
Select jobs to execute...

[Wed Jun  1 11:37:12 2022]
rule bwa_map_pe:
    input: /mnt/AchTeraD/Documents/references/hg19/hg19.fa, /mnt/sequencing/Lungcancer/deep_wgs/fastq/P18754_1003_S10_R1.fastq.gz, /mnt/sequencing/Lungcancer/deep_wgs/fastq/P18754_1003_S10_R2.fastq.gz
    output: /mnt/sequencing/Lungcancer/deep_wgs/bamfiles/P18754_1003_S10.bam, /mnt/sequencing/Lungcancer/deep_wgs/bamfiles/P18754_1003_S10.bam.bai
    jobid: 42
    wildcards: sample=P18754_1003_S10
    priority: 1
    threads: 38

bwa mem -M -t 38 -R '@RG\tID:P18754_1003_S10\tSM:P18754_1003_S10\tPL:ILLUMINA' /mnt/AchTeraD/Documents/references/hg19/hg19.fa /mnt/sequencing/Lungcancer/deep_wgs/fastq/P18754_1003_S10_R1.fastq.gz /mnt/sequencing/Lungcancer/deep_wgs/fastq/P18754_1003_S10_R2.fastq.gz | samtools sort -o /mnt/sequencing/Lungcancer/deep_wgs/bamfiles/P18754_1003_S10.bam && samtools index -@ 38 /mnt/sequencing/Lungcancer/deep_wgs/bamfiles/P18754_1003_S10.bam
[Wed Jun  1 11:39:23 2022]
Error in rule bwa_map_pe:
    jobid: 42
    output: /mnt/sequencing/Lungcancer/deep_wgs/bamfiles/P18754_1003_S10.bam, /mnt/sequencing/Lungcancer/deep_wgs/bamfiles/P18754_1003_S10.bam.bai
    shell:
        bwa mem -M -t 38 -R '@RG\tID:P18754_1003_S10\tSM:P18754_1003_S10\tPL:ILLUMINA' /mnt/AchTeraD/Documents/references/hg19/hg19.fa /mnt/sequencing/Lungcancer/deep_wgs/fastq/P18754_1003_S10_R1.fastq.gz /mnt/sequencing/Lungcancer/deep_wgs/fastq/P18754_1003_S10_R2.fastq.gz | samtools sort -o /mnt/sequencing/Lungcancer/deep_wgs/bamfiles/P18754_1003_S10.bam && samtools index -@ 38 /mnt/sequencing/Lungcancer/deep_wgs/bamfiles/P18754_1003_S10.bam
        (one of the commands exited with non-zero exit code; note that snakemake uses bash strict mode!)

Job failed, going on with independent jobs.
Select jobs to execute...

[Wed Jun  1 11:39:24 2022]
rule bwa_map_pe:
    input: /mnt/AchTeraD/Documents/references/hg19/hg19.fa, /mnt/sequencing/Lungcancer/deep_wgs/fastq/P18754_1057_S15_R1.fastq.gz, /mnt/sequencing/Lungcancer/deep_wgs/fastq/P18754_1057_S15_R2.fastq.gz
    output: /mnt/sequencing/Lungcancer/deep_wgs/bamfiles/P18754_1057_S15.bam, /mnt/sequencing/Lungcancer/deep_wgs/bamfiles/P18754_1057_S15.bam.bai
    jobid: 56
    wildcards: sample=P18754_1057_S15
    priority: 1
    threads: 38

bwa mem -M -t 38 -R '@RG\tID:P18754_1057_S15\tSM:P18754_1057_S15\tPL:ILLUMINA' /mnt/AchTeraD/Documents/references/hg19/hg19.fa /mnt/sequencing/Lungcancer/deep_wgs/fastq/P18754_1057_S15_R1.fastq.gz /mnt/sequencing/Lungcancer/deep_wgs/fastq/P18754_1057_S15_R2.fastq.gz | samtools sort -o /mnt/sequencing/Lungcancer/deep_wgs/bamfiles/P18754_1057_S15.bam && samtools index -@ 38 /mnt/sequencing/Lungcancer/deep_wgs/bamfiles/P18754_1057_S15.bam
[Wed Jun  1 11:41:54 2022]
Error in rule bwa_map_pe:
    jobid: 56
    output: /mnt/sequencing/Lungcancer/deep_wgs/bamfiles/P18754_1057_S15.bam, /mnt/sequencing/Lungcancer/deep_wgs/bamfiles/P18754_1057_S15.bam.bai
    shell:
        bwa mem -M -t 38 -R '@RG\tID:P18754_1057_S15\tSM:P18754_1057_S15\tPL:ILLUMINA' /mnt/AchTeraD/Documents/references/hg19/hg19.fa /mnt/sequencing/Lungcancer/deep_wgs/fastq/P18754_1057_S15_R1.fastq.gz /mnt/sequencing/Lungcancer/deep_wgs/fastq/P18754_1057_S15_R2.fastq.gz | samtools sort -o /mnt/sequencing/Lungcancer/deep_wgs/bamfiles/P18754_1057_S15.bam && samtools index -@ 38 /mnt/sequencing/Lungcancer/deep_wgs/bamfiles/P18754_1057_S15.bam
        (one of the commands exited with non-zero exit code; note that snakemake uses bash strict mode!)

Job failed, going on with independent jobs.
Select jobs to execute...

[Wed Jun  1 11:41:54 2022]
rule deduplication:
    input: /mnt/sequencing/Lungcancer/deep_wgs/bamfiles/P18754_1047_S5.bam
    output: /mnt/sequencing/Lungcancer/deep_wgs/bamfiles/P18754_1047_S5.dedup.bam, /mnt/sequencing/Lungcancer/deep_wgs/stats/P18754_1047_S5.metrics.txt
    jobid: 25
    wildcards: sample=P18754_1047_S5
    threads: 6

gatk MarkDuplicates -I /mnt/sequencing/Lungcancer/deep_wgs/bamfiles/P18754_1047_S5.bam -O /mnt/sequencing/Lungcancer/deep_wgs/bamfiles/P18754_1047_S5.dedup.bam -M /mnt/sequencing/Lungcancer/deep_wgs/stats/P18754_1047_S5.metrics.txt

[Wed Jun  1 11:41:54 2022]
rule deduplication:
    input: /mnt/sequencing/Lungcancer/deep_wgs/bamfiles/P18754_1024_S27.bam
    output: /mnt/sequencing/Lungcancer/deep_wgs/bamfiles/P18754_1024_S27.dedup.bam, /mnt/sequencing/Lungcancer/deep_wgs/stats/P18754_1024_S27.metrics.txt
    jobid: 9
    wildcards: sample=P18754_1024_S27
    threads: 6

gatk MarkDuplicates -I /mnt/sequencing/Lungcancer/deep_wgs/bamfiles/P18754_1024_S27.bam -O /mnt/sequencing/Lungcancer/deep_wgs/bamfiles/P18754_1024_S27.dedup.bam -M /mnt/sequencing/Lungcancer/deep_wgs/stats/P18754_1024_S27.metrics.txt

[Wed Jun  1 11:41:54 2022]
rule deduplication:
    input: /mnt/sequencing/Lungcancer/deep_wgs/bamfiles/P18754_1049_S7.bam
    output: /mnt/sequencing/Lungcancer/deep_wgs/bamfiles/P18754_1049_S7.dedup.bam, /mnt/sequencing/Lungcancer/deep_wgs/stats/P18754_1049_S7.metrics.txt
    jobid: 83
    wildcards: sample=P18754_1049_S7
    threads: 6

gatk MarkDuplicates -I /mnt/sequencing/Lungcancer/deep_wgs/bamfiles/P18754_1049_S7.bam -O /mnt/sequencing/Lungcancer/deep_wgs/bamfiles/P18754_1049_S7.dedup.bam -M /mnt/sequencing/Lungcancer/deep_wgs/stats/P18754_1049_S7.metrics.txt

[Wed Jun  1 11:41:54 2022]
rule deduplication:
    input: /mnt/sequencing/Lungcancer/deep_wgs/bamfiles/P18754_1036_S41.bam
    output: /mnt/sequencing/Lungcancer/deep_wgs/bamfiles/P18754_1036_S41.dedup.bam, /mnt/sequencing/Lungcancer/deep_wgs/stats/P18754_1036_S41.metrics.txt
    jobid: 53
    wildcards: sample=P18754_1036_S41
    threads: 6

gatk MarkDuplicates -I /mnt/sequencing/Lungcancer/deep_wgs/bamfiles/P18754_1036_S41.bam -O /mnt/sequencing/Lungcancer/deep_wgs/bamfiles/P18754_1036_S41.dedup.bam -M /mnt/sequencing/Lungcancer/deep_wgs/stats/P18754_1036_S41.metrics.txt

[Wed Jun  1 11:41:54 2022]
rule deduplication:
    input: /mnt/sequencing/Lungcancer/deep_wgs/bamfiles/P18754_1007_S2.bam
    output: /mnt/sequencing/Lungcancer/deep_wgs/bamfiles/P18754_1007_S2.dedup.bam, /mnt/sequencing/Lungcancer/deep_wgs/stats/P18754_1007_S2.metrics.txt
    jobid: 47
    wildcards: sample=P18754_1007_S2
    threads: 6

gatk MarkDuplicates -I /mnt/sequencing/Lungcancer/deep_wgs/bamfiles/P18754_1007_S2.bam -O /mnt/sequencing/Lungcancer/deep_wgs/bamfiles/P18754_1007_S2.dedup.bam -M /mnt/sequencing/Lungcancer/deep_wgs/stats/P18754_1007_S2.metrics.txt

[Wed Jun  1 11:41:54 2022]
rule deduplication:
    input: /mnt/sequencing/Lungcancer/deep_wgs/bamfiles/P18754_1023_S25.bam
    output: /mnt/sequencing/Lungcancer/deep_wgs/bamfiles/P18754_1023_S25.dedup.bam, /mnt/sequencing/Lungcancer/deep_wgs/stats/P18754_1023_S25.metrics.txt
    jobid: 21
    wildcards: sample=P18754_1023_S25
    threads: 6

gatk MarkDuplicates -I /mnt/sequencing/Lungcancer/deep_wgs/bamfiles/P18754_1023_S25.bam -O /mnt/sequencing/Lungcancer/deep_wgs/bamfiles/P18754_1023_S25.dedup.bam -M /mnt/sequencing/Lungcancer/deep_wgs/stats/P18754_1023_S25.metrics.txt
[Wed Jun  1 19:53:03 2022]
Error in rule deduplication:
    jobid: 83
    output: /mnt/sequencing/Lungcancer/deep_wgs/bamfiles/P18754_1049_S7.dedup.bam, /mnt/sequencing/Lungcancer/deep_wgs/stats/P18754_1049_S7.metrics.txt
    shell:
        gatk MarkDuplicates -I /mnt/sequencing/Lungcancer/deep_wgs/bamfiles/P18754_1049_S7.bam -O /mnt/sequencing/Lungcancer/deep_wgs/bamfiles/P18754_1049_S7.dedup.bam -M /mnt/sequencing/Lungcancer/deep_wgs/stats/P18754_1049_S7.metrics.txt
        (one of the commands exited with non-zero exit code; note that snakemake uses bash strict mode!)

Job failed, going on with independent jobs.
Select jobs to execute...

[Wed Jun  1 19:53:03 2022]
rule deduplication:
    input: /mnt/sequencing/Lungcancer/deep_wgs/bamfiles/P18754_1006_S3.bam
    output: /mnt/sequencing/Lungcancer/deep_wgs/bamfiles/P18754_1006_S3.dedup.bam, /mnt/sequencing/Lungcancer/deep_wgs/stats/P18754_1006_S3.metrics.txt
    jobid: 57
    wildcards: sample=P18754_1006_S3
    threads: 6

gatk MarkDuplicates -I /mnt/sequencing/Lungcancer/deep_wgs/bamfiles/P18754_1006_S3.bam -O /mnt/sequencing/Lungcancer/deep_wgs/bamfiles/P18754_1006_S3.dedup.bam -M /mnt/sequencing/Lungcancer/deep_wgs/stats/P18754_1006_S3.metrics.txt
[Thu Jun  2 00:20:03 2022]
Error in rule deduplication:
    jobid: 9
    output: /mnt/sequencing/Lungcancer/deep_wgs/bamfiles/P18754_1024_S27.dedup.bam, /mnt/sequencing/Lungcancer/deep_wgs/stats/P18754_1024_S27.metrics.txt
    shell:
        gatk MarkDuplicates -I /mnt/sequencing/Lungcancer/deep_wgs/bamfiles/P18754_1024_S27.bam -O /mnt/sequencing/Lungcancer/deep_wgs/bamfiles/P18754_1024_S27.dedup.bam -M /mnt/sequencing/Lungcancer/deep_wgs/stats/P18754_1024_S27.metrics.txt
        (one of the commands exited with non-zero exit code; note that snakemake uses bash strict mode!)

Job failed, going on with independent jobs.
Select jobs to execute...

[Thu Jun  2 00:20:05 2022]
rule deduplication:
    input: /mnt/sequencing/Lungcancer/deep_wgs/bamfiles/P18754_1043_S1.bam
    output: /mnt/sequencing/Lungcancer/deep_wgs/bamfiles/P18754_1043_S1.dedup.bam, /mnt/sequencing/Lungcancer/deep_wgs/stats/P18754_1043_S1.metrics.txt
    jobid: 1
    wildcards: sample=P18754_1043_S1
    threads: 6

gatk MarkDuplicates -I /mnt/sequencing/Lungcancer/deep_wgs/bamfiles/P18754_1043_S1.bam -O /mnt/sequencing/Lungcancer/deep_wgs/bamfiles/P18754_1043_S1.dedup.bam -M /mnt/sequencing/Lungcancer/deep_wgs/stats/P18754_1043_S1.metrics.txt
[Thu Jun  2 00:44:43 2022]
Error in rule deduplication:
    jobid: 21
    output: /mnt/sequencing/Lungcancer/deep_wgs/bamfiles/P18754_1023_S25.dedup.bam, /mnt/sequencing/Lungcancer/deep_wgs/stats/P18754_1023_S25.metrics.txt
    shell:
        gatk MarkDuplicates -I /mnt/sequencing/Lungcancer/deep_wgs/bamfiles/P18754_1023_S25.bam -O /mnt/sequencing/Lungcancer/deep_wgs/bamfiles/P18754_1023_S25.dedup.bam -M /mnt/sequencing/Lungcancer/deep_wgs/stats/P18754_1023_S25.metrics.txt
        (one of the commands exited with non-zero exit code; note that snakemake uses bash strict mode!)

Job failed, going on with independent jobs.
Select jobs to execute...

[Thu Jun  2 00:44:46 2022]
rule deduplication:
    input: /mnt/sequencing/Lungcancer/deep_wgs/bamfiles/P18754_1058_S16.bam
    output: /mnt/sequencing/Lungcancer/deep_wgs/bamfiles/P18754_1058_S16.dedup.bam, /mnt/sequencing/Lungcancer/deep_wgs/stats/P18754_1058_S16.metrics.txt
    jobid: 5
    wildcards: sample=P18754_1058_S16
    threads: 6

gatk MarkDuplicates -I /mnt/sequencing/Lungcancer/deep_wgs/bamfiles/P18754_1058_S16.bam -O /mnt/sequencing/Lungcancer/deep_wgs/bamfiles/P18754_1058_S16.dedup.bam -M /mnt/sequencing/Lungcancer/deep_wgs/stats/P18754_1058_S16.metrics.txt
[Thu Jun  2 04:14:10 2022]
Error in rule deduplication:
    jobid: 47
    output: /mnt/sequencing/Lungcancer/deep_wgs/bamfiles/P18754_1007_S2.dedup.bam, /mnt/sequencing/Lungcancer/deep_wgs/stats/P18754_1007_S2.metrics.txt
    shell:
        gatk MarkDuplicates -I /mnt/sequencing/Lungcancer/deep_wgs/bamfiles/P18754_1007_S2.bam -O /mnt/sequencing/Lungcancer/deep_wgs/bamfiles/P18754_1007_S2.dedup.bam -M /mnt/sequencing/Lungcancer/deep_wgs/stats/P18754_1007_S2.metrics.txt
        (one of the commands exited with non-zero exit code; note that snakemake uses bash strict mode!)

Job failed, going on with independent jobs.
Select jobs to execute...

[Thu Jun  2 04:14:12 2022]
rule deduplication:
    input: /mnt/sequencing/Lungcancer/deep_wgs/bamfiles/P18754_1013_S16.bam
    output: /mnt/sequencing/Lungcancer/deep_wgs/bamfiles/P18754_1013_S16.dedup.bam, /mnt/sequencing/Lungcancer/deep_wgs/stats/P18754_1013_S16.metrics.txt
    jobid: 65
    wildcards: sample=P18754_1013_S16
    threads: 6

gatk MarkDuplicates -I /mnt/sequencing/Lungcancer/deep_wgs/bamfiles/P18754_1013_S16.bam -O /mnt/sequencing/Lungcancer/deep_wgs/bamfiles/P18754_1013_S16.dedup.bam -M /mnt/sequencing/Lungcancer/deep_wgs/stats/P18754_1013_S16.metrics.txt
[Thu Jun  2 05:14:30 2022]
Error in rule deduplication:
    jobid: 25
    output: /mnt/sequencing/Lungcancer/deep_wgs/bamfiles/P18754_1047_S5.dedup.bam, /mnt/sequencing/Lungcancer/deep_wgs/stats/P18754_1047_S5.metrics.txt
    shell:
        gatk MarkDuplicates -I /mnt/sequencing/Lungcancer/deep_wgs/bamfiles/P18754_1047_S5.bam -O /mnt/sequencing/Lungcancer/deep_wgs/bamfiles/P18754_1047_S5.dedup.bam -M /mnt/sequencing/Lungcancer/deep_wgs/stats/P18754_1047_S5.metrics.txt
        (one of the commands exited with non-zero exit code; note that snakemake uses bash strict mode!)

Removing output files of failed job deduplication since they might be corrupted:
/mnt/sequencing/Lungcancer/deep_wgs/bamfiles/P18754_1047_S5.dedup.bam
Job failed, going on with independent jobs.
Select jobs to execute...

[Thu Jun  2 05:14:31 2022]
rule deduplication:
    input: /mnt/sequencing/Lungcancer/deep_wgs/bamfiles/P18754_1039_S34.bam
    output: /mnt/sequencing/Lungcancer/deep_wgs/bamfiles/P18754_1039_S34.dedup.bam, /mnt/sequencing/Lungcancer/deep_wgs/stats/P18754_1039_S34.metrics.txt
    jobid: 81
    wildcards: sample=P18754_1039_S34
    threads: 6

gatk MarkDuplicates -I /mnt/sequencing/Lungcancer/deep_wgs/bamfiles/P18754_1039_S34.bam -O /mnt/sequencing/Lungcancer/deep_wgs/bamfiles/P18754_1039_S34.dedup.bam -M /mnt/sequencing/Lungcancer/deep_wgs/stats/P18754_1039_S34.metrics.txt
[Thu Jun  2 05:41:33 2022]
Error in rule deduplication:
    jobid: 53
    output: /mnt/sequencing/Lungcancer/deep_wgs/bamfiles/P18754_1036_S41.dedup.bam, /mnt/sequencing/Lungcancer/deep_wgs/stats/P18754_1036_S41.metrics.txt
    shell:
        gatk MarkDuplicates -I /mnt/sequencing/Lungcancer/deep_wgs/bamfiles/P18754_1036_S41.bam -O /mnt/sequencing/Lungcancer/deep_wgs/bamfiles/P18754_1036_S41.dedup.bam -M /mnt/sequencing/Lungcancer/deep_wgs/stats/P18754_1036_S41.metrics.txt
        (one of the commands exited with non-zero exit code; note that snakemake uses bash strict mode!)

Removing output files of failed job deduplication since they might be corrupted:
/mnt/sequencing/Lungcancer/deep_wgs/bamfiles/P18754_1036_S41.dedup.bam
Job failed, going on with independent jobs.
Select jobs to execute...

[Thu Jun  2 05:41:33 2022]
rule deduplication:
    input: /mnt/sequencing/Lungcancer/deep_wgs/bamfiles/P18754_1053_S11.bam
    output: /mnt/sequencing/Lungcancer/deep_wgs/bamfiles/P18754_1053_S11.dedup.bam, /mnt/sequencing/Lungcancer/deep_wgs/stats/P18754_1053_S11.metrics.txt
    jobid: 7
    wildcards: sample=P18754_1053_S11
    threads: 6

gatk MarkDuplicates -I /mnt/sequencing/Lungcancer/deep_wgs/bamfiles/P18754_1053_S11.bam -O /mnt/sequencing/Lungcancer/deep_wgs/bamfiles/P18754_1053_S11.dedup.bam -M /mnt/sequencing/Lungcancer/deep_wgs/stats/P18754_1053_S11.metrics.txt
[Thu Jun  2 06:01:35 2022]
Error in rule deduplication:
    jobid: 57
    output: /mnt/sequencing/Lungcancer/deep_wgs/bamfiles/P18754_1006_S3.dedup.bam, /mnt/sequencing/Lungcancer/deep_wgs/stats/P18754_1006_S3.metrics.txt
    shell:
        gatk MarkDuplicates -I /mnt/sequencing/Lungcancer/deep_wgs/bamfiles/P18754_1006_S3.bam -O /mnt/sequencing/Lungcancer/deep_wgs/bamfiles/P18754_1006_S3.dedup.bam -M /mnt/sequencing/Lungcancer/deep_wgs/stats/P18754_1006_S3.metrics.txt
        (one of the commands exited with non-zero exit code; note that snakemake uses bash strict mode!)

Removing output files of failed job deduplication since they might be corrupted:
/mnt/sequencing/Lungcancer/deep_wgs/bamfiles/P18754_1006_S3.dedup.bam
Job failed, going on with independent jobs.
Select jobs to execute...

[Thu Jun  2 06:01:36 2022]
rule deduplication:
    input: /mnt/sequencing/Lungcancer/deep_wgs/bamfiles/P18754_1022_S17.bam
    output: /mnt/sequencing/Lungcancer/deep_wgs/bamfiles/P18754_1022_S17.dedup.bam, /mnt/sequencing/Lungcancer/deep_wgs/stats/P18754_1022_S17.metrics.txt
    jobid: 79
    wildcards: sample=P18754_1022_S17
    threads: 6

gatk MarkDuplicates -I /mnt/sequencing/Lungcancer/deep_wgs/bamfiles/P18754_1022_S17.bam -O /mnt/sequencing/Lungcancer/deep_wgs/bamfiles/P18754_1022_S17.dedup.bam -M /mnt/sequencing/Lungcancer/deep_wgs/stats/P18754_1022_S17.metrics.txt
[Thu Jun  2 15:15:17 2022]
Error in rule deduplication:
    jobid: 5
    output: /mnt/sequencing/Lungcancer/deep_wgs/bamfiles/P18754_1058_S16.dedup.bam, /mnt/sequencing/Lungcancer/deep_wgs/stats/P18754_1058_S16.metrics.txt
    shell:
        gatk MarkDuplicates -I /mnt/sequencing/Lungcancer/deep_wgs/bamfiles/P18754_1058_S16.bam -O /mnt/sequencing/Lungcancer/deep_wgs/bamfiles/P18754_1058_S16.dedup.bam -M /mnt/sequencing/Lungcancer/deep_wgs/stats/P18754_1058_S16.metrics.txt
        (one of the commands exited with non-zero exit code; note that snakemake uses bash strict mode!)

Job failed, going on with independent jobs.
Select jobs to execute...

[Thu Jun  2 15:15:17 2022]
rule deduplication:
    input: /mnt/sequencing/Lungcancer/deep_wgs/bamfiles/P18754_1027_S23.bam
    output: /mnt/sequencing/Lungcancer/deep_wgs/bamfiles/P18754_1027_S23.dedup.bam, /mnt/sequencing/Lungcancer/deep_wgs/stats/P18754_1027_S23.metrics.txt
    jobid: 3
    wildcards: sample=P18754_1027_S23
    threads: 6

gatk MarkDuplicates -I /mnt/sequencing/Lungcancer/deep_wgs/bamfiles/P18754_1027_S23.bam -O /mnt/sequencing/Lungcancer/deep_wgs/bamfiles/P18754_1027_S23.dedup.bam -M /mnt/sequencing/Lungcancer/deep_wgs/stats/P18754_1027_S23.metrics.txt
Write-protecting output file /mnt/sequencing/Lungcancer/deep_wgs/bamfiles/P18754_1043_S1.dedup.bam.
Removing temporary output file /mnt/sequencing/Lungcancer/deep_wgs/bamfiles/P18754_1043_S1.bam.
[Thu Jun  2 17:20:26 2022]
Finished job 1.
1 of 110 steps (0.91%) done
Select jobs to execute...

[Thu Jun  2 17:20:26 2022]
rule aflred_post:
    input: /mnt/sequencing/Lungcancer/deep_wgs/bamfiles/P18754_1043_S1.dedup.bam, /mnt/AchTeraD/Documents/references/hg19/hg19.fa
    output: /mnt/sequencing/Lungcancer/deep_wgs/stats/P18754_1043_S1.dedup.tsv.gz
    jobid: 86
    wildcards: sample=P18754_1043_S1

/home/luukharbers/alfred/bin/alfred qc -r /mnt/AchTeraD/Documents/references/hg19/hg19.fa -o /mnt/sequencing/Lungcancer/deep_wgs/stats/P18754_1043_S1.dedup.tsv.gz /mnt/sequencing/Lungcancer/deep_wgs/bamfiles/P18754_1043_S1.dedup.bam

[Thu Jun  2 17:20:26 2022]
rule deduplication:
    input: /mnt/sequencing/Lungcancer/deep_wgs/bamfiles/P18754_1020_S21.bam
    output: /mnt/sequencing/Lungcancer/deep_wgs/bamfiles/P18754_1020_S21.dedup.bam, /mnt/sequencing/Lungcancer/deep_wgs/stats/P18754_1020_S21.metrics.txt
    jobid: 67
    wildcards: sample=P18754_1020_S21
    threads: 6

gatk MarkDuplicates -I /mnt/sequencing/Lungcancer/deep_wgs/bamfiles/P18754_1020_S21.bam -O /mnt/sequencing/Lungcancer/deep_wgs/bamfiles/P18754_1020_S21.dedup.bam -M /mnt/sequencing/Lungcancer/deep_wgs/stats/P18754_1020_S21.metrics.txt
[Thu Jun  2 17:20:26 2022]
Error in rule aflred_post:
    jobid: 86
    output: /mnt/sequencing/Lungcancer/deep_wgs/stats/P18754_1043_S1.dedup.tsv.gz
    shell:
        /home/luukharbers/alfred/bin/alfred qc -r /mnt/AchTeraD/Documents/references/hg19/hg19.fa -o /mnt/sequencing/Lungcancer/deep_wgs/stats/P18754_1043_S1.dedup.tsv.gz /mnt/sequencing/Lungcancer/deep_wgs/bamfiles/P18754_1043_S1.dedup.bam
        (one of the commands exited with non-zero exit code; note that snakemake uses bash strict mode!)

Job failed, going on with independent jobs.
Select jobs to execute...
Failed to solve scheduling problem with ILP solver. Falling back to greedy solver.
Write-protecting output file /mnt/sequencing/Lungcancer/deep_wgs/bamfiles/P18754_1022_S17.dedup.bam.
Removing temporary output file /mnt/sequencing/Lungcancer/deep_wgs/bamfiles/P18754_1022_S17.bam.
[Thu Jun  2 17:27:22 2022]
Finished job 79.
2 of 110 steps (2%) done
Select jobs to execute...

[Thu Jun  2 17:27:22 2022]
rule deduplication:
    input: /mnt/sequencing/Lungcancer/deep_wgs/bamfiles/P18754_1040_S39.bam
    output: /mnt/sequencing/Lungcancer/deep_wgs/bamfiles/P18754_1040_S39.dedup.bam, /mnt/sequencing/Lungcancer/deep_wgs/stats/P18754_1040_S39.metrics.txt
    jobid: 63
    wildcards: sample=P18754_1040_S39
    threads: 6

gatk MarkDuplicates -I /mnt/sequencing/Lungcancer/deep_wgs/bamfiles/P18754_1040_S39.bam -O /mnt/sequencing/Lungcancer/deep_wgs/bamfiles/P18754_1040_S39.dedup.bam -M /mnt/sequencing/Lungcancer/deep_wgs/stats/P18754_1040_S39.metrics.txt

[Thu Jun  2 17:27:22 2022]
rule aflred_post:
    input: /mnt/sequencing/Lungcancer/deep_wgs/bamfiles/P18754_1022_S17.dedup.bam, /mnt/AchTeraD/Documents/references/hg19/hg19.fa
    output: /mnt/sequencing/Lungcancer/deep_wgs/stats/P18754_1022_S17.dedup.tsv.gz
    jobid: 125
    wildcards: sample=P18754_1022_S17

/home/luukharbers/alfred/bin/alfred qc -r /mnt/AchTeraD/Documents/references/hg19/hg19.fa -o /mnt/sequencing/Lungcancer/deep_wgs/stats/P18754_1022_S17.dedup.tsv.gz /mnt/sequencing/Lungcancer/deep_wgs/bamfiles/P18754_1022_S17.dedup.bam
[Thu Jun  2 17:27:22 2022]
Error in rule aflred_post:
    jobid: 125
    output: /mnt/sequencing/Lungcancer/deep_wgs/stats/P18754_1022_S17.dedup.tsv.gz
    shell:
        /home/luukharbers/alfred/bin/alfred qc -r /mnt/AchTeraD/Documents/references/hg19/hg19.fa -o /mnt/sequencing/Lungcancer/deep_wgs/stats/P18754_1022_S17.dedup.tsv.gz /mnt/sequencing/Lungcancer/deep_wgs/bamfiles/P18754_1022_S17.dedup.bam
        (one of the commands exited with non-zero exit code; note that snakemake uses bash strict mode!)

Job failed, going on with independent jobs.
Select jobs to execute...
Failed to solve scheduling problem with ILP solver. Falling back to greedy solver.
Write-protecting output file /mnt/sequencing/Lungcancer/deep_wgs/bamfiles/P18754_1039_S34.dedup.bam.
Removing temporary output file /mnt/sequencing/Lungcancer/deep_wgs/bamfiles/P18754_1039_S34.bam.
[Thu Jun  2 17:34:13 2022]
Finished job 81.
3 of 110 steps (3%) done
Select jobs to execute...

[Thu Jun  2 17:34:13 2022]
rule aflred_post:
    input: /mnt/sequencing/Lungcancer/deep_wgs/bamfiles/P18754_1039_S34.dedup.bam, /mnt/AchTeraD/Documents/references/hg19/hg19.fa
    output: /mnt/sequencing/Lungcancer/deep_wgs/stats/P18754_1039_S34.dedup.tsv.gz
    jobid: 126
    wildcards: sample=P18754_1039_S34

/home/luukharbers/alfred/bin/alfred qc -r /mnt/AchTeraD/Documents/references/hg19/hg19.fa -o /mnt/sequencing/Lungcancer/deep_wgs/stats/P18754_1039_S34.dedup.tsv.gz /mnt/sequencing/Lungcancer/deep_wgs/bamfiles/P18754_1039_S34.dedup.bam

[Thu Jun  2 17:34:13 2022]
rule deduplication:
    input: /mnt/sequencing/Lungcancer/deep_wgs/bamfiles/P18754_1044_S2.bam
    output: /mnt/sequencing/Lungcancer/deep_wgs/bamfiles/P18754_1044_S2.dedup.bam, /mnt/sequencing/Lungcancer/deep_wgs/stats/P18754_1044_S2.metrics.txt
    jobid: 29
    wildcards: sample=P18754_1044_S2
    threads: 6

gatk MarkDuplicates -I /mnt/sequencing/Lungcancer/deep_wgs/bamfiles/P18754_1044_S2.bam -O /mnt/sequencing/Lungcancer/deep_wgs/bamfiles/P18754_1044_S2.dedup.bam -M /mnt/sequencing/Lungcancer/deep_wgs/stats/P18754_1044_S2.metrics.txt
[Thu Jun  2 17:34:13 2022]
Error in rule aflred_post:
    jobid: 126
    output: /mnt/sequencing/Lungcancer/deep_wgs/stats/P18754_1039_S34.dedup.tsv.gz
    shell:
        /home/luukharbers/alfred/bin/alfred qc -r /mnt/AchTeraD/Documents/references/hg19/hg19.fa -o /mnt/sequencing/Lungcancer/deep_wgs/stats/P18754_1039_S34.dedup.tsv.gz /mnt/sequencing/Lungcancer/deep_wgs/bamfiles/P18754_1039_S34.dedup.bam
        (one of the commands exited with non-zero exit code; note that snakemake uses bash strict mode!)

Job failed, going on with independent jobs.
Select jobs to execute...
Failed to solve scheduling problem with ILP solver. Falling back to greedy solver.
Write-protecting output file /mnt/sequencing/Lungcancer/deep_wgs/bamfiles/P18754_1053_S11.dedup.bam.
Removing temporary output file /mnt/sequencing/Lungcancer/deep_wgs/bamfiles/P18754_1053_S11.bam.
[Thu Jun  2 17:35:47 2022]
Finished job 7.
4 of 110 steps (4%) done
Select jobs to execute...

[Thu Jun  2 17:35:47 2022]
rule deduplication:
    input: /mnt/sequencing/Lungcancer/deep_wgs/bamfiles/P18754_1016_S19.bam
    output: /mnt/sequencing/Lungcancer/deep_wgs/bamfiles/P18754_1016_S19.dedup.bam, /mnt/sequencing/Lungcancer/deep_wgs/stats/P18754_1016_S19.metrics.txt
    jobid: 51
    wildcards: sample=P18754_1016_S19
    threads: 6

gatk MarkDuplicates -I /mnt/sequencing/Lungcancer/deep_wgs/bamfiles/P18754_1016_S19.bam -O /mnt/sequencing/Lungcancer/deep_wgs/bamfiles/P18754_1016_S19.dedup.bam -M /mnt/sequencing/Lungcancer/deep_wgs/stats/P18754_1016_S19.metrics.txt

[Thu Jun  2 17:35:47 2022]
rule aflred_post:
    input: /mnt/sequencing/Lungcancer/deep_wgs/bamfiles/P18754_1053_S11.dedup.bam, /mnt/AchTeraD/Documents/references/hg19/hg19.fa
    output: /mnt/sequencing/Lungcancer/deep_wgs/stats/P18754_1053_S11.dedup.tsv.gz
    jobid: 89
    wildcards: sample=P18754_1053_S11

/home/luukharbers/alfred/bin/alfred qc -r /mnt/AchTeraD/Documents/references/hg19/hg19.fa -o /mnt/sequencing/Lungcancer/deep_wgs/stats/P18754_1053_S11.dedup.tsv.gz /mnt/sequencing/Lungcancer/deep_wgs/bamfiles/P18754_1053_S11.dedup.bam
[Thu Jun  2 17:35:47 2022]
Error in rule aflred_post:
    jobid: 89
    output: /mnt/sequencing/Lungcancer/deep_wgs/stats/P18754_1053_S11.dedup.tsv.gz
    shell:
        /home/luukharbers/alfred/bin/alfred qc -r /mnt/AchTeraD/Documents/references/hg19/hg19.fa -o /mnt/sequencing/Lungcancer/deep_wgs/stats/P18754_1053_S11.dedup.tsv.gz /mnt/sequencing/Lungcancer/deep_wgs/bamfiles/P18754_1053_S11.dedup.bam
        (one of the commands exited with non-zero exit code; note that snakemake uses bash strict mode!)

Job failed, going on with independent jobs.
Write-protecting output file /mnt/sequencing/Lungcancer/deep_wgs/bamfiles/P18754_1013_S16.dedup.bam.
Removing temporary output file /mnt/sequencing/Lungcancer/deep_wgs/bamfiles/P18754_1013_S16.bam.
[Thu Jun  2 17:37:25 2022]
Finished job 65.
5 of 110 steps (5%) done
Select jobs to execute...

[Thu Jun  2 17:37:25 2022]
rule aflred_post:
    input: /mnt/sequencing/Lungcancer/deep_wgs/bamfiles/P18754_1013_S16.dedup.bam, /mnt/AchTeraD/Documents/references/hg19/hg19.fa
    output: /mnt/sequencing/Lungcancer/deep_wgs/stats/P18754_1013_S16.dedup.tsv.gz
    jobid: 118
    wildcards: sample=P18754_1013_S16

/home/luukharbers/alfred/bin/alfred qc -r /mnt/AchTeraD/Documents/references/hg19/hg19.fa -o /mnt/sequencing/Lungcancer/deep_wgs/stats/P18754_1013_S16.dedup.tsv.gz /mnt/sequencing/Lungcancer/deep_wgs/bamfiles/P18754_1013_S16.dedup.bam
[Thu Jun  2 17:37:25 2022]
Error in rule aflred_post:
    jobid: 118
    output: /mnt/sequencing/Lungcancer/deep_wgs/stats/P18754_1013_S16.dedup.tsv.gz
    shell:
        /home/luukharbers/alfred/bin/alfred qc -r /mnt/AchTeraD/Documents/references/hg19/hg19.fa -o /mnt/sequencing/Lungcancer/deep_wgs/stats/P18754_1013_S16.dedup.tsv.gz /mnt/sequencing/Lungcancer/deep_wgs/bamfiles/P18754_1013_S16.dedup.bam
        (one of the commands exited with non-zero exit code; note that snakemake uses bash strict mode!)

Job failed, going on with independent jobs.
Write-protecting output file /mnt/sequencing/Lungcancer/deep_wgs/bamfiles/P18754_1027_S23.dedup.bam.
Removing temporary output file /mnt/sequencing/Lungcancer/deep_wgs/bamfiles/P18754_1027_S23.bam.
[Thu Jun  2 17:51:08 2022]
Finished job 3.
6 of 110 steps (5%) done
Select jobs to execute...

[Thu Jun  2 17:51:08 2022]
rule aflred_post:
    input: /mnt/sequencing/Lungcancer/deep_wgs/bamfiles/P18754_1027_S23.dedup.bam, /mnt/AchTeraD/Documents/references/hg19/hg19.fa
    output: /mnt/sequencing/Lungcancer/deep_wgs/stats/P18754_1027_S23.dedup.tsv.gz
    jobid: 87
    wildcards: sample=P18754_1027_S23

/home/luukharbers/alfred/bin/alfred qc -r /mnt/AchTeraD/Documents/references/hg19/hg19.fa -o /mnt/sequencing/Lungcancer/deep_wgs/stats/P18754_1027_S23.dedup.tsv.gz /mnt/sequencing/Lungcancer/deep_wgs/bamfiles/P18754_1027_S23.dedup.bam
[Thu Jun  2 17:51:08 2022]
Error in rule aflred_post:
    jobid: 87
    output: /mnt/sequencing/Lungcancer/deep_wgs/stats/P18754_1027_S23.dedup.tsv.gz
    shell:
        /home/luukharbers/alfred/bin/alfred qc -r /mnt/AchTeraD/Documents/references/hg19/hg19.fa -o /mnt/sequencing/Lungcancer/deep_wgs/stats/P18754_1027_S23.dedup.tsv.gz /mnt/sequencing/Lungcancer/deep_wgs/bamfiles/P18754_1027_S23.dedup.bam
        (one of the commands exited with non-zero exit code; note that snakemake uses bash strict mode!)

Job failed, going on with independent jobs.
Write-protecting output file /mnt/sequencing/Lungcancer/deep_wgs/bamfiles/P18754_1016_S19.dedup.bam.
Removing temporary output file /mnt/sequencing/Lungcancer/deep_wgs/bamfiles/P18754_1016_S19.bam.
[Thu Jun  2 18:04:44 2022]
Finished job 51.
7 of 110 steps (6%) done
Select jobs to execute...

[Thu Jun  2 18:04:44 2022]
rule aflred_post:
    input: /mnt/sequencing/Lungcancer/deep_wgs/bamfiles/P18754_1016_S19.dedup.bam, /mnt/AchTeraD/Documents/references/hg19/hg19.fa
    output: /mnt/sequencing/Lungcancer/deep_wgs/stats/P18754_1016_S19.dedup.tsv.gz
    jobid: 111
    wildcards: sample=P18754_1016_S19

/home/luukharbers/alfred/bin/alfred qc -r /mnt/AchTeraD/Documents/references/hg19/hg19.fa -o /mnt/sequencing/Lungcancer/deep_wgs/stats/P18754_1016_S19.dedup.tsv.gz /mnt/sequencing/Lungcancer/deep_wgs/bamfiles/P18754_1016_S19.dedup.bam
[Thu Jun  2 18:04:44 2022]
Error in rule aflred_post:
    jobid: 111
    output: /mnt/sequencing/Lungcancer/deep_wgs/stats/P18754_1016_S19.dedup.tsv.gz
    shell:
        /home/luukharbers/alfred/bin/alfred qc -r /mnt/AchTeraD/Documents/references/hg19/hg19.fa -o /mnt/sequencing/Lungcancer/deep_wgs/stats/P18754_1016_S19.dedup.tsv.gz /mnt/sequencing/Lungcancer/deep_wgs/bamfiles/P18754_1016_S19.dedup.bam
        (one of the commands exited with non-zero exit code; note that snakemake uses bash strict mode!)

Job failed, going on with independent jobs.
Write-protecting output file /mnt/sequencing/Lungcancer/deep_wgs/bamfiles/P18754_1044_S2.dedup.bam.
Removing temporary output file /mnt/sequencing/Lungcancer/deep_wgs/bamfiles/P18754_1044_S2.bam.
[Thu Jun  2 18:38:54 2022]
Finished job 29.
8 of 110 steps (7%) done
Select jobs to execute...

[Thu Jun  2 18:38:54 2022]
rule aflred_post:
    input: /mnt/sequencing/Lungcancer/deep_wgs/bamfiles/P18754_1044_S2.dedup.bam, /mnt/AchTeraD/Documents/references/hg19/hg19.fa
    output: /mnt/sequencing/Lungcancer/deep_wgs/stats/P18754_1044_S2.dedup.tsv.gz
    jobid: 100
    wildcards: sample=P18754_1044_S2

/home/luukharbers/alfred/bin/alfred qc -r /mnt/AchTeraD/Documents/references/hg19/hg19.fa -o /mnt/sequencing/Lungcancer/deep_wgs/stats/P18754_1044_S2.dedup.tsv.gz /mnt/sequencing/Lungcancer/deep_wgs/bamfiles/P18754_1044_S2.dedup.bam
[Thu Jun  2 18:38:54 2022]
Error in rule aflred_post:
    jobid: 100
    output: /mnt/sequencing/Lungcancer/deep_wgs/stats/P18754_1044_S2.dedup.tsv.gz
    shell:
        /home/luukharbers/alfred/bin/alfred qc -r /mnt/AchTeraD/Documents/references/hg19/hg19.fa -o /mnt/sequencing/Lungcancer/deep_wgs/stats/P18754_1044_S2.dedup.tsv.gz /mnt/sequencing/Lungcancer/deep_wgs/bamfiles/P18754_1044_S2.dedup.bam
        (one of the commands exited with non-zero exit code; note that snakemake uses bash strict mode!)

Job failed, going on with independent jobs.
Write-protecting output file /mnt/sequencing/Lungcancer/deep_wgs/bamfiles/P18754_1020_S21.dedup.bam.
Removing temporary output file /mnt/sequencing/Lungcancer/deep_wgs/bamfiles/P18754_1020_S21.bam.
[Thu Jun  2 19:02:01 2022]
Finished job 67.
9 of 110 steps (8%) done
Select jobs to execute...

[Thu Jun  2 19:02:01 2022]
rule aflred_post:
    input: /mnt/sequencing/Lungcancer/deep_wgs/bamfiles/P18754_1020_S21.dedup.bam, /mnt/AchTeraD/Documents/references/hg19/hg19.fa
    output: /mnt/sequencing/Lungcancer/deep_wgs/stats/P18754_1020_S21.dedup.tsv.gz
    jobid: 119
    wildcards: sample=P18754_1020_S21

/home/luukharbers/alfred/bin/alfred qc -r /mnt/AchTeraD/Documents/references/hg19/hg19.fa -o /mnt/sequencing/Lungcancer/deep_wgs/stats/P18754_1020_S21.dedup.tsv.gz /mnt/sequencing/Lungcancer/deep_wgs/bamfiles/P18754_1020_S21.dedup.bam
[Thu Jun  2 19:02:01 2022]
Error in rule aflred_post:
    jobid: 119
    output: /mnt/sequencing/Lungcancer/deep_wgs/stats/P18754_1020_S21.dedup.tsv.gz
    shell:
        /home/luukharbers/alfred/bin/alfred qc -r /mnt/AchTeraD/Documents/references/hg19/hg19.fa -o /mnt/sequencing/Lungcancer/deep_wgs/stats/P18754_1020_S21.dedup.tsv.gz /mnt/sequencing/Lungcancer/deep_wgs/bamfiles/P18754_1020_S21.dedup.bam
        (one of the commands exited with non-zero exit code; note that snakemake uses bash strict mode!)

Job failed, going on with independent jobs.
Write-protecting output file /mnt/sequencing/Lungcancer/deep_wgs/bamfiles/P18754_1040_S39.dedup.bam.
Removing temporary output file /mnt/sequencing/Lungcancer/deep_wgs/bamfiles/P18754_1040_S39.bam.
[Thu Jun  2 19:15:01 2022]
Finished job 63.
10 of 110 steps (9%) done
Select jobs to execute...

[Thu Jun  2 19:15:01 2022]
rule aflred_post:
    input: /mnt/sequencing/Lungcancer/deep_wgs/bamfiles/P18754_1040_S39.dedup.bam, /mnt/AchTeraD/Documents/references/hg19/hg19.fa
    output: /mnt/sequencing/Lungcancer/deep_wgs/stats/P18754_1040_S39.dedup.tsv.gz
    jobid: 117
    wildcards: sample=P18754_1040_S39

/home/luukharbers/alfred/bin/alfred qc -r /mnt/AchTeraD/Documents/references/hg19/hg19.fa -o /mnt/sequencing/Lungcancer/deep_wgs/stats/P18754_1040_S39.dedup.tsv.gz /mnt/sequencing/Lungcancer/deep_wgs/bamfiles/P18754_1040_S39.dedup.bam
[Thu Jun  2 19:15:01 2022]
Error in rule aflred_post:
    jobid: 117
    output: /mnt/sequencing/Lungcancer/deep_wgs/stats/P18754_1040_S39.dedup.tsv.gz
    shell:
        /home/luukharbers/alfred/bin/alfred qc -r /mnt/AchTeraD/Documents/references/hg19/hg19.fa -o /mnt/sequencing/Lungcancer/deep_wgs/stats/P18754_1040_S39.dedup.tsv.gz /mnt/sequencing/Lungcancer/deep_wgs/bamfiles/P18754_1040_S39.dedup.bam
        (one of the commands exited with non-zero exit code; note that snakemake uses bash strict mode!)

Job failed, going on with independent jobs.
Exiting because a job execution failed. Look above for error message
Complete log: /mnt/AchTeraD/Documents/Projects/LungCancer/manuscript/repository/preprocessing/WGS_WES/.snakemake/log/2022-06-01T105330.923446.snakemake.log
