Building DAG of jobs...
Using shell: /usr/bin/bash
Provided cores: 31
Rules claiming more threads will be scaled down.
Job counts:
	count	jobs
	62	aflred_post
	1	all
	47	bwa_map_pe
	51	deduplication
	1	qc
	162
Select jobs to execute...

[Tue May 17 10:25:10 2022]
rule deduplication:
    input: /mnt/sequencing/Lungcancer/deep_wgs/bamfiles/P18754_1062_S20.bam
    output: /mnt/sequencing/Lungcancer/deep_wgs/bamfiles/P18754_1062_S20.dedup.bam, /mnt/sequencing/Lungcancer/deep_wgs/stats/P18754_1062_S20.metrics.txt
    jobid: 9
    wildcards: sample=P18754_1062_S20
    threads: 6

gatk MarkDuplicates -I /mnt/sequencing/Lungcancer/deep_wgs/bamfiles/P18754_1062_S20.bam -O /mnt/sequencing/Lungcancer/deep_wgs/bamfiles/P18754_1062_S20.dedup.bam -M /mnt/sequencing/Lungcancer/deep_wgs/stats/P18754_1062_S20.metrics.txt

[Tue May 17 10:25:10 2022]
rule deduplication:
    input: /mnt/sequencing/Lungcancer/deep_wgs/bamfiles/P18754_1045_S3.bam
    output: /mnt/sequencing/Lungcancer/deep_wgs/bamfiles/P18754_1045_S3.dedup.bam, /mnt/sequencing/Lungcancer/deep_wgs/stats/P18754_1045_S3.metrics.txt
    jobid: 13
    wildcards: sample=P18754_1045_S3
    threads: 6

gatk MarkDuplicates -I /mnt/sequencing/Lungcancer/deep_wgs/bamfiles/P18754_1045_S3.bam -O /mnt/sequencing/Lungcancer/deep_wgs/bamfiles/P18754_1045_S3.dedup.bam -M /mnt/sequencing/Lungcancer/deep_wgs/stats/P18754_1045_S3.metrics.txt

[Tue May 17 10:25:10 2022]
rule aflred_post:
    input: /mnt/sequencing/Lungcancer/deep_wgs/bamfiles/P18754_1059_S17.dedup.bam, /mnt/AchTeraD/Documents/references/hg19/hg19.fa
    output: /mnt/sequencing/Lungcancer/deep_wgs/stats/P18754_1059_S17.dedup.tsv.gz
    jobid: 173
    wildcards: sample=P18754_1059_S17

/home/luukharbers/alfred/bin/alfred qc -r /mnt/AchTeraD/Documents/references/hg19/hg19.fa -o /mnt/sequencing/Lungcancer/deep_wgs/stats/P18754_1059_S17.dedup.tsv.gz /mnt/sequencing/Lungcancer/deep_wgs/bamfiles/P18754_1059_S17.dedup.bam

[Tue May 17 10:25:10 2022]
rule deduplication:
    input: /mnt/sequencing/Lungcancer/deep_wgs/bamfiles/P18754_1061_S19.bam
    output: /mnt/sequencing/Lungcancer/deep_wgs/bamfiles/P18754_1061_S19.dedup.bam, /mnt/sequencing/Lungcancer/deep_wgs/stats/P18754_1061_S19.metrics.txt
    jobid: 49
    wildcards: sample=P18754_1061_S19
    threads: 6

gatk MarkDuplicates -I /mnt/sequencing/Lungcancer/deep_wgs/bamfiles/P18754_1061_S19.bam -O /mnt/sequencing/Lungcancer/deep_wgs/bamfiles/P18754_1061_S19.dedup.bam -M /mnt/sequencing/Lungcancer/deep_wgs/stats/P18754_1061_S19.metrics.txt

[Tue May 17 10:25:10 2022]
rule aflred_post:
    input: /mnt/sequencing/Lungcancer/deep_wgs/bamfiles/P18754_1019_S18.dedup.bam, /mnt/AchTeraD/Documents/references/hg19/hg19.fa
    output: /mnt/sequencing/Lungcancer/deep_wgs/stats/P18754_1019_S18.dedup.tsv.gz
    jobid: 138
    wildcards: sample=P18754_1019_S18

/home/luukharbers/alfred/bin/alfred qc -r /mnt/AchTeraD/Documents/references/hg19/hg19.fa -o /mnt/sequencing/Lungcancer/deep_wgs/stats/P18754_1019_S18.dedup.tsv.gz /mnt/sequencing/Lungcancer/deep_wgs/bamfiles/P18754_1019_S18.dedup.bam

[Tue May 17 10:25:10 2022]
rule aflred_post:
    input: /mnt/sequencing/Lungcancer/deep_wgs/bamfiles/P18754_1038_S36.dedup.bam, /mnt/AchTeraD/Documents/references/hg19/hg19.fa
    output: /mnt/sequencing/Lungcancer/deep_wgs/stats/P18754_1038_S36.dedup.tsv.gz
    jobid: 165
    wildcards: sample=P18754_1038_S36

/home/luukharbers/alfred/bin/alfred qc -r /mnt/AchTeraD/Documents/references/hg19/hg19.fa -o /mnt/sequencing/Lungcancer/deep_wgs/stats/P18754_1038_S36.dedup.tsv.gz /mnt/sequencing/Lungcancer/deep_wgs/bamfiles/P18754_1038_S36.dedup.bam

[Tue May 17 10:25:10 2022]
rule aflred_post:
    input: /mnt/sequencing/Lungcancer/deep_wgs/bamfiles/P18754_1035_S42.dedup.bam, /mnt/AchTeraD/Documents/references/hg19/hg19.fa
    output: /mnt/sequencing/Lungcancer/deep_wgs/stats/P18754_1035_S42.dedup.tsv.gz
    jobid: 187
    wildcards: sample=P18754_1035_S42

/home/luukharbers/alfred/bin/alfred qc -r /mnt/AchTeraD/Documents/references/hg19/hg19.fa -o /mnt/sequencing/Lungcancer/deep_wgs/stats/P18754_1035_S42.dedup.tsv.gz /mnt/sequencing/Lungcancer/deep_wgs/bamfiles/P18754_1035_S42.dedup.bam

[Tue May 17 10:25:10 2022]
rule aflred_post:
    input: /mnt/sequencing/Lungcancer/deep_wgs/bamfiles/P18754_1032_S28.dedup.bam, /mnt/AchTeraD/Documents/references/hg19/hg19.fa
    output: /mnt/sequencing/Lungcancer/deep_wgs/stats/P18754_1032_S28.dedup.tsv.gz
    jobid: 140
    wildcards: sample=P18754_1032_S28

/home/luukharbers/alfred/bin/alfred qc -r /mnt/AchTeraD/Documents/references/hg19/hg19.fa -o /mnt/sequencing/Lungcancer/deep_wgs/stats/P18754_1032_S28.dedup.tsv.gz /mnt/sequencing/Lungcancer/deep_wgs/bamfiles/P18754_1032_S28.dedup.bam

[Tue May 17 10:25:10 2022]
rule deduplication:
    input: /mnt/sequencing/Lungcancer/deep_wgs/bamfiles/P18754_1048_S6.bam
    output: /mnt/sequencing/Lungcancer/deep_wgs/bamfiles/P18754_1048_S6.dedup.bam, /mnt/sequencing/Lungcancer/deep_wgs/stats/P18754_1048_S6.metrics.txt
    jobid: 47
    wildcards: sample=P18754_1048_S6
    threads: 6

gatk MarkDuplicates -I /mnt/sequencing/Lungcancer/deep_wgs/bamfiles/P18754_1048_S6.bam -O /mnt/sequencing/Lungcancer/deep_wgs/bamfiles/P18754_1048_S6.dedup.bam -M /mnt/sequencing/Lungcancer/deep_wgs/stats/P18754_1048_S6.metrics.txt

[Tue May 17 10:25:10 2022]
rule aflred_post:
    input: /mnt/sequencing/Lungcancer/deep_wgs/bamfiles/P18754_1029_S24.dedup.bam, /mnt/AchTeraD/Documents/references/hg19/hg19.fa
    output: /mnt/sequencing/Lungcancer/deep_wgs/stats/P18754_1029_S24.dedup.tsv.gz
    jobid: 133
    wildcards: sample=P18754_1029_S24

/home/luukharbers/alfred/bin/alfred qc -r /mnt/AchTeraD/Documents/references/hg19/hg19.fa -o /mnt/sequencing/Lungcancer/deep_wgs/stats/P18754_1029_S24.dedup.tsv.gz /mnt/sequencing/Lungcancer/deep_wgs/bamfiles/P18754_1029_S24.dedup.bam
[Tue May 17 10:25:10 2022]
[Tue May 17 10:25:10 2022]

Error in rule aflred_post:
Error in rule aflred_post:
[Tue May 17 10:25:10 2022]
    jobid: 138
[Tue May 17 10:25:10 2022]
    jobid: 173
rule aflred_post:
    input: /mnt/sequencing/Lungcancer/deep_wgs/bamfiles/P18754_1018_S13.dedup.bam, /mnt/AchTeraD/Documents/references/hg19/hg19.fa
    output: /mnt/sequencing/Lungcancer/deep_wgs/stats/P18754_1018_S13.dedup.tsv.gz
    jobid: 181
    wildcards: sample=P18754_1018_S13
[Tue May 17 10:25:10 2022]
    output: /mnt/sequencing/Lungcancer/deep_wgs/stats/P18754_1019_S18.dedup.tsv.gz
Error in rule aflred_post:
    output: /mnt/sequencing/Lungcancer/deep_wgs/stats/P18754_1059_S17.dedup.tsv.gz

Error in rule aflred_post:
    shell:
        /home/luukharbers/alfred/bin/alfred qc -r /mnt/AchTeraD/Documents/references/hg19/hg19.fa -o /mnt/sequencing/Lungcancer/deep_wgs/stats/P18754_1019_S18.dedup.tsv.gz /mnt/sequencing/Lungcancer/deep_wgs/bamfiles/P18754_1019_S18.dedup.bam
        (one of the commands exited with non-zero exit code; note that snakemake uses bash strict mode!)
    jobid: 165
    shell:
        /home/luukharbers/alfred/bin/alfred qc -r /mnt/AchTeraD/Documents/references/hg19/hg19.fa -o /mnt/sequencing/Lungcancer/deep_wgs/stats/P18754_1059_S17.dedup.tsv.gz /mnt/sequencing/Lungcancer/deep_wgs/bamfiles/P18754_1059_S17.dedup.bam
        (one of the commands exited with non-zero exit code; note that snakemake uses bash strict mode!)
/home/luukharbers/alfred/bin/alfred qc -r /mnt/AchTeraD/Documents/references/hg19/hg19.fa -o /mnt/sequencing/Lungcancer/deep_wgs/stats/P18754_1018_S13.dedup.tsv.gz /mnt/sequencing/Lungcancer/deep_wgs/bamfiles/P18754_1018_S13.dedup.bam
    jobid: 187

    output: /mnt/sequencing/Lungcancer/deep_wgs/stats/P18754_1038_S36.dedup.tsv.gz

    output: /mnt/sequencing/Lungcancer/deep_wgs/stats/P18754_1035_S42.dedup.tsv.gz
Job failed, going on with independent jobs.
    shell:
        /home/luukharbers/alfred/bin/alfred qc -r /mnt/AchTeraD/Documents/references/hg19/hg19.fa -o /mnt/sequencing/Lungcancer/deep_wgs/stats/P18754_1038_S36.dedup.tsv.gz /mnt/sequencing/Lungcancer/deep_wgs/bamfiles/P18754_1038_S36.dedup.bam
        (one of the commands exited with non-zero exit code; note that snakemake uses bash strict mode!)
    shell:
        /home/luukharbers/alfred/bin/alfred qc -r /mnt/AchTeraD/Documents/references/hg19/hg19.fa -o /mnt/sequencing/Lungcancer/deep_wgs/stats/P18754_1035_S42.dedup.tsv.gz /mnt/sequencing/Lungcancer/deep_wgs/bamfiles/P18754_1035_S42.dedup.bam
        (one of the commands exited with non-zero exit code; note that snakemake uses bash strict mode!)


[Tue May 17 10:25:10 2022]
Job failed, going on with independent jobs.
Error in rule aflred_post:
Select jobs to execute...
    jobid: 140
Job failed, going on with independent jobs.
    output: /mnt/sequencing/Lungcancer/deep_wgs/stats/P18754_1032_S28.dedup.tsv.gz
    shell:
        /home/luukharbers/alfred/bin/alfred qc -r /mnt/AchTeraD/Documents/references/hg19/hg19.fa -o /mnt/sequencing/Lungcancer/deep_wgs/stats/P18754_1032_S28.dedup.tsv.gz /mnt/sequencing/Lungcancer/deep_wgs/bamfiles/P18754_1032_S28.dedup.bam
        (one of the commands exited with non-zero exit code; note that snakemake uses bash strict mode!)

Job failed, going on with independent jobs.
[Tue May 17 10:25:10 2022]
Job failed, going on with independent jobs.
Error in rule aflred_post:
    jobid: 133
    output: /mnt/sequencing/Lungcancer/deep_wgs/stats/P18754_1029_S24.dedup.tsv.gz
    shell:
        /home/luukharbers/alfred/bin/alfred qc -r /mnt/AchTeraD/Documents/references/hg19/hg19.fa -o /mnt/sequencing/Lungcancer/deep_wgs/stats/P18754_1029_S24.dedup.tsv.gz /mnt/sequencing/Lungcancer/deep_wgs/bamfiles/P18754_1029_S24.dedup.bam
        (one of the commands exited with non-zero exit code; note that snakemake uses bash strict mode!)

Job failed, going on with independent jobs.

[Tue May 17 10:25:10 2022]
[Tue May 17 10:25:10 2022]
rule aflred_post:
    input: /mnt/sequencing/Lungcancer/deep_wgs/bamfiles/P18754_1051_S9.dedup.bam, /mnt/AchTeraD/Documents/references/hg19/hg19.fa
    output: /mnt/sequencing/Lungcancer/deep_wgs/stats/P18754_1051_S9.dedup.tsv.gz
    jobid: 175
    wildcards: sample=P18754_1051_S9
Error in rule aflred_post:

    jobid: 181
/home/luukharbers/alfred/bin/alfred qc -r /mnt/AchTeraD/Documents/references/hg19/hg19.fa -o /mnt/sequencing/Lungcancer/deep_wgs/stats/P18754_1051_S9.dedup.tsv.gz /mnt/sequencing/Lungcancer/deep_wgs/bamfiles/P18754_1051_S9.dedup.bam
    output: /mnt/sequencing/Lungcancer/deep_wgs/stats/P18754_1018_S13.dedup.tsv.gz
    shell:
        /home/luukharbers/alfred/bin/alfred qc -r /mnt/AchTeraD/Documents/references/hg19/hg19.fa -o /mnt/sequencing/Lungcancer/deep_wgs/stats/P18754_1018_S13.dedup.tsv.gz /mnt/sequencing/Lungcancer/deep_wgs/bamfiles/P18754_1018_S13.dedup.bam
        (one of the commands exited with non-zero exit code; note that snakemake uses bash strict mode!)

Job failed, going on with independent jobs.

[Tue May 17 10:25:10 2022]
rule aflred_post:
    input: /mnt/sequencing/Lungcancer/deep_wgs/bamfiles/P18754_1055_S13.dedup.bam, /mnt/AchTeraD/Documents/references/hg19/hg19.fa
    output: /mnt/sequencing/Lungcancer/deep_wgs/stats/P18754_1055_S13.dedup.tsv.gz
    jobid: 182
    wildcards: sample=P18754_1055_S13

/home/luukharbers/alfred/bin/alfred qc -r /mnt/AchTeraD/Documents/references/hg19/hg19.fa -o /mnt/sequencing/Lungcancer/deep_wgs/stats/P18754_1055_S13.dedup.tsv.gz /mnt/sequencing/Lungcancer/deep_wgs/bamfiles/P18754_1055_S13.dedup.bam
Select jobs to execute...
[Tue May 17 10:25:10 2022]
Error in rule aflred_post:
    jobid: 175
    output: /mnt/sequencing/Lungcancer/deep_wgs/stats/P18754_1051_S9.dedup.tsv.gz
    shell:
        /home/luukharbers/alfred/bin/alfred qc -r /mnt/AchTeraD/Documents/references/hg19/hg19.fa -o /mnt/sequencing/Lungcancer/deep_wgs/stats/P18754_1051_S9.dedup.tsv.gz /mnt/sequencing/Lungcancer/deep_wgs/bamfiles/P18754_1051_S9.dedup.bam
        (one of the commands exited with non-zero exit code; note that snakemake uses bash strict mode!)

[Tue May 17 10:25:10 2022]
Error in rule aflred_post:
Job failed, going on with independent jobs.
    jobid: 182
    output: /mnt/sequencing/Lungcancer/deep_wgs/stats/P18754_1055_S13.dedup.tsv.gz
    shell:
        /home/luukharbers/alfred/bin/alfred qc -r /mnt/AchTeraD/Documents/references/hg19/hg19.fa -o /mnt/sequencing/Lungcancer/deep_wgs/stats/P18754_1055_S13.dedup.tsv.gz /mnt/sequencing/Lungcancer/deep_wgs/bamfiles/P18754_1055_S13.dedup.bam
        (one of the commands exited with non-zero exit code; note that snakemake uses bash strict mode!)

Job failed, going on with independent jobs.

[Tue May 17 10:25:10 2022]
rule aflred_post:
    input: /mnt/sequencing/Lungcancer/deep_wgs/bamfiles/P18754_1011_S5.dedup.bam, /mnt/AchTeraD/Documents/references/hg19/hg19.fa
    output: /mnt/sequencing/Lungcancer/deep_wgs/stats/P18754_1011_S5.dedup.tsv.gz
    jobid: 174
    wildcards: sample=P18754_1011_S5

/home/luukharbers/alfred/bin/alfred qc -r /mnt/AchTeraD/Documents/references/hg19/hg19.fa -o /mnt/sequencing/Lungcancer/deep_wgs/stats/P18754_1011_S5.dedup.tsv.gz /mnt/sequencing/Lungcancer/deep_wgs/bamfiles/P18754_1011_S5.dedup.bam

[Tue May 17 10:25:10 2022]
rule aflred_post:
    input: /mnt/sequencing/Lungcancer/deep_wgs/bamfiles/P18754_1037_S33.dedup.bam, /mnt/AchTeraD/Documents/references/hg19/hg19.fa
    output: /mnt/sequencing/Lungcancer/deep_wgs/stats/P18754_1037_S33.dedup.tsv.gz
    jobid: 142
    wildcards: sample=P18754_1037_S33

/home/luukharbers/alfred/bin/alfred qc -r /mnt/AchTeraD/Documents/references/hg19/hg19.fa -o /mnt/sequencing/Lungcancer/deep_wgs/stats/P18754_1037_S33.dedup.tsv.gz /mnt/sequencing/Lungcancer/deep_wgs/bamfiles/P18754_1037_S33.dedup.bam
Select jobs to execute...
Failed to solve scheduling problem with ILP solver. Falling back to greedy solver.
[Tue May 17 10:25:10 2022]
Error in rule aflred_post:
    jobid: 174
    output: /mnt/sequencing/Lungcancer/deep_wgs/stats/P18754_1011_S5.dedup.tsv.gz
    shell:
        /home/luukharbers/alfred/bin/alfred qc -r /mnt/AchTeraD/Documents/references/hg19/hg19.fa -o /mnt/sequencing/Lungcancer/deep_wgs/stats/P18754_1011_S5.dedup.tsv.gz /mnt/sequencing/Lungcancer/deep_wgs/bamfiles/P18754_1011_S5.dedup.bam
        (one of the commands exited with non-zero exit code; note that snakemake uses bash strict mode!)

Job failed, going on with independent jobs.
Select jobs to execute...
[Tue May 17 10:25:10 2022]
Error in rule aflred_post:
    jobid: 142
    output: /mnt/sequencing/Lungcancer/deep_wgs/stats/P18754_1037_S33.dedup.tsv.gz
    shell:
        /home/luukharbers/alfred/bin/alfred qc -r /mnt/AchTeraD/Documents/references/hg19/hg19.fa -o /mnt/sequencing/Lungcancer/deep_wgs/stats/P18754_1037_S33.dedup.tsv.gz /mnt/sequencing/Lungcancer/deep_wgs/bamfiles/P18754_1037_S33.dedup.bam
        (one of the commands exited with non-zero exit code; note that snakemake uses bash strict mode!)

Job failed, going on with independent jobs.
Failed to solve scheduling problem with ILP solver. Falling back to greedy solver.
Select jobs to execute...
Failed to solve scheduling problem with ILP solver. Falling back to greedy solver.
Select jobs to execute...
Failed to solve scheduling problem with ILP solver. Falling back to greedy solver.
Select jobs to execute...
Failed to solve scheduling problem with ILP solver. Falling back to greedy solver.
Select jobs to execute...
Failed to solve scheduling problem with ILP solver. Falling back to greedy solver.
Select jobs to execute...
Failed to solve scheduling problem with ILP solver. Falling back to greedy solver.
Select jobs to execute...
Failed to solve scheduling problem with ILP solver. Falling back to greedy solver.
Select jobs to execute...
Failed to solve scheduling problem with ILP solver. Falling back to greedy solver.
Terminating processes on user request, this might take some time.
[Tue May 17 10:26:15 2022]
Error in rule deduplication:
    jobid: 9
    output: /mnt/sequencing/Lungcancer/deep_wgs/bamfiles/P18754_1062_S20.dedup.bam, /mnt/sequencing/Lungcancer/deep_wgs/stats/P18754_1062_S20.metrics.txt
    shell:
        gatk MarkDuplicates -I /mnt/sequencing/Lungcancer/deep_wgs/bamfiles/P18754_1062_S20.bam -O /mnt/sequencing/Lungcancer/deep_wgs/bamfiles/P18754_1062_S20.dedup.bam -M /mnt/sequencing/Lungcancer/deep_wgs/stats/P18754_1062_S20.metrics.txt
        (one of the commands exited with non-zero exit code; note that snakemake uses bash strict mode!)

Job failed, going on with independent jobs.
[Tue May 17 10:26:16 2022]
Error in rule deduplication:
    jobid: 13
    output: /mnt/sequencing/Lungcancer/deep_wgs/bamfiles/P18754_1045_S3.dedup.bam, /mnt/sequencing/Lungcancer/deep_wgs/stats/P18754_1045_S3.metrics.txt
    shell:
        gatk MarkDuplicates -I /mnt/sequencing/Lungcancer/deep_wgs/bamfiles/P18754_1045_S3.bam -O /mnt/sequencing/Lungcancer/deep_wgs/bamfiles/P18754_1045_S3.dedup.bam -M /mnt/sequencing/Lungcancer/deep_wgs/stats/P18754_1045_S3.metrics.txt
        (one of the commands exited with non-zero exit code; note that snakemake uses bash strict mode!)

Job failed, going on with independent jobs.
[Tue May 17 10:26:16 2022]
Error in rule deduplication:
    jobid: 47
    output: /mnt/sequencing/Lungcancer/deep_wgs/bamfiles/P18754_1048_S6.dedup.bam, /mnt/sequencing/Lungcancer/deep_wgs/stats/P18754_1048_S6.metrics.txt
    shell:
        gatk MarkDuplicates -I /mnt/sequencing/Lungcancer/deep_wgs/bamfiles/P18754_1048_S6.bam -O /mnt/sequencing/Lungcancer/deep_wgs/bamfiles/P18754_1048_S6.dedup.bam -M /mnt/sequencing/Lungcancer/deep_wgs/stats/P18754_1048_S6.metrics.txt
        (one of the commands exited with non-zero exit code; note that snakemake uses bash strict mode!)

Job failed, going on with independent jobs.
[Tue May 17 10:26:16 2022]
Error in rule deduplication:
    jobid: 49
    output: /mnt/sequencing/Lungcancer/deep_wgs/bamfiles/P18754_1061_S19.dedup.bam, /mnt/sequencing/Lungcancer/deep_wgs/stats/P18754_1061_S19.metrics.txt
    shell:
        gatk MarkDuplicates -I /mnt/sequencing/Lungcancer/deep_wgs/bamfiles/P18754_1061_S19.bam -O /mnt/sequencing/Lungcancer/deep_wgs/bamfiles/P18754_1061_S19.dedup.bam -M /mnt/sequencing/Lungcancer/deep_wgs/stats/P18754_1061_S19.metrics.txt
        (one of the commands exited with non-zero exit code; note that snakemake uses bash strict mode!)

Job failed, going on with independent jobs.
Complete log: /mnt/AchTeraD/Documents/Projects/LungCancer/manuscript/repository/preprocessing/WGS_WES/.snakemake/log/2022-05-17T102510.394574.snakemake.log
