Building DAG of jobs...
Job counts:
	count	jobs
	62	aflred_post
	1	all
	62	bwa_map_pe
	62	deduplication
	1	qc
	188

[Tue Jul 19 09:49:16 2022]
rule bwa_map_pe:
    input: /mnt/AchTeraD/Documents/references/hg19/hg19.fa, /mnt/sequencing/Lungcancer/deep_wgs/fastq/P18754_1007_S2_R1.fastq.gz, /mnt/sequencing/Lungcancer/deep_wgs/fastq/P18754_1007_S2_R2.fastq.gz
    output: /mnt/sequencing/Lungcancer/deep_wgs/bamfiles/P18754_1007_S2.bam, /mnt/sequencing/Lungcancer/deep_wgs/bamfiles/P18754_1007_S2.bam.bai
    jobid: 66
    wildcards: sample=P18754_1007_S2
    priority: 1
    threads: 38

bwa mem -M -t 38 -R '@RG\tID:P18754_1007_S2\tSM:P18754_1007_S2\tPL:ILLUMINA' /mnt/AchTeraD/Documents/references/hg19/hg19.fa /mnt/sequencing/Lungcancer/deep_wgs/fastq/P18754_1007_S2_R1.fastq.gz /mnt/sequencing/Lungcancer/deep_wgs/fastq/P18754_1007_S2_R2.fastq.gz | samtools sort -o /mnt/sequencing/Lungcancer/deep_wgs/bamfiles/P18754_1007_S2.bam && samtools index -@ 38 /mnt/sequencing/Lungcancer/deep_wgs/bamfiles/P18754_1007_S2.bam

[Tue Jul 19 09:49:16 2022]
rule bwa_map_pe:
    input: /mnt/AchTeraD/Documents/references/hg19/hg19.fa, /mnt/sequencing/Lungcancer/deep_wgs/fastq/P18754_1005_S7_R1.fastq.gz, /mnt/sequencing/Lungcancer/deep_wgs/fastq/P18754_1005_S7_R2.fastq.gz
    output: /mnt/sequencing/Lungcancer/deep_wgs/bamfiles/P18754_1005_S7.bam, /mnt/sequencing/Lungcancer/deep_wgs/bamfiles/P18754_1005_S7.bam.bai
    jobid: 76
    wildcards: sample=P18754_1005_S7
    priority: 1
    threads: 38

bwa mem -M -t 38 -R '@RG\tID:P18754_1005_S7\tSM:P18754_1005_S7\tPL:ILLUMINA' /mnt/AchTeraD/Documents/references/hg19/hg19.fa /mnt/sequencing/Lungcancer/deep_wgs/fastq/P18754_1005_S7_R1.fastq.gz /mnt/sequencing/Lungcancer/deep_wgs/fastq/P18754_1005_S7_R2.fastq.gz | samtools sort -o /mnt/sequencing/Lungcancer/deep_wgs/bamfiles/P18754_1005_S7.bam && samtools index -@ 38 /mnt/sequencing/Lungcancer/deep_wgs/bamfiles/P18754_1005_S7.bam

[Tue Jul 19 09:49:16 2022]
rule bwa_map_pe:
    input: /mnt/AchTeraD/Documents/references/hg19/hg19.fa, /mnt/sequencing/Lungcancer/deep_wgs/fastq/P18754_1035_S42_R1.fastq.gz, /mnt/sequencing/Lungcancer/deep_wgs/fastq/P18754_1035_S42_R2.fastq.gz
    output: /mnt/sequencing/Lungcancer/deep_wgs/bamfiles/P18754_1035_S42.bam, /mnt/sequencing/Lungcancer/deep_wgs/bamfiles/P18754_1035_S42.bam.bai
    jobid: 124
    wildcards: sample=P18754_1035_S42
    priority: 1
    threads: 38

bwa mem -M -t 38 -R '@RG\tID:P18754_1035_S42\tSM:P18754_1035_S42\tPL:ILLUMINA' /mnt/AchTeraD/Documents/references/hg19/hg19.fa /mnt/sequencing/Lungcancer/deep_wgs/fastq/P18754_1035_S42_R1.fastq.gz /mnt/sequencing/Lungcancer/deep_wgs/fastq/P18754_1035_S42_R2.fastq.gz | samtools sort -o /mnt/sequencing/Lungcancer/deep_wgs/bamfiles/P18754_1035_S42.bam && samtools index -@ 38 /mnt/sequencing/Lungcancer/deep_wgs/bamfiles/P18754_1035_S42.bam

[Tue Jul 19 09:49:16 2022]
rule bwa_map_pe:
    input: /mnt/AchTeraD/Documents/references/hg19/hg19.fa, /mnt/sequencing/Lungcancer/deep_wgs/fastq/P18754_1041_S40_R1.fastq.gz, /mnt/sequencing/Lungcancer/deep_wgs/fastq/P18754_1041_S40_R2.fastq.gz
    output: /mnt/sequencing/Lungcancer/deep_wgs/bamfiles/P18754_1041_S40.bam, /mnt/sequencing/Lungcancer/deep_wgs/bamfiles/P18754_1041_S40.bam.bai
    jobid: 82
    wildcards: sample=P18754_1041_S40
    priority: 1
    threads: 38

bwa mem -M -t 38 -R '@RG\tID:P18754_1041_S40\tSM:P18754_1041_S40\tPL:ILLUMINA' /mnt/AchTeraD/Documents/references/hg19/hg19.fa /mnt/sequencing/Lungcancer/deep_wgs/fastq/P18754_1041_S40_R1.fastq.gz /mnt/sequencing/Lungcancer/deep_wgs/fastq/P18754_1041_S40_R2.fastq.gz | samtools sort -o /mnt/sequencing/Lungcancer/deep_wgs/bamfiles/P18754_1041_S40.bam && samtools index -@ 38 /mnt/sequencing/Lungcancer/deep_wgs/bamfiles/P18754_1041_S40.bam

[Tue Jul 19 09:49:16 2022]
rule bwa_map_pe:
    input: /mnt/AchTeraD/Documents/references/hg19/hg19.fa, /mnt/sequencing/Lungcancer/deep_wgs/fastq/P18754_1029_S24_R1.fastq.gz, /mnt/sequencing/Lungcancer/deep_wgs/fastq/P18754_1029_S24_R2.fastq.gz
    output: /mnt/sequencing/Lungcancer/deep_wgs/bamfiles/P18754_1029_S24.bam, /mnt/sequencing/Lungcancer/deep_wgs/bamfiles/P18754_1029_S24.bam.bai
    jobid: 16
    wildcards: sample=P18754_1029_S24
    priority: 1
    threads: 38

bwa mem -M -t 38 -R '@RG\tID:P18754_1029_S24\tSM:P18754_1029_S24\tPL:ILLUMINA' /mnt/AchTeraD/Documents/references/hg19/hg19.fa /mnt/sequencing/Lungcancer/deep_wgs/fastq/P18754_1029_S24_R1.fastq.gz /mnt/sequencing/Lungcancer/deep_wgs/fastq/P18754_1029_S24_R2.fastq.gz | samtools sort -o /mnt/sequencing/Lungcancer/deep_wgs/bamfiles/P18754_1029_S24.bam && samtools index -@ 38 /mnt/sequencing/Lungcancer/deep_wgs/bamfiles/P18754_1029_S24.bam

[Tue Jul 19 09:49:16 2022]
rule bwa_map_pe:
    input: /mnt/AchTeraD/Documents/references/hg19/hg19.fa, /mnt/sequencing/Lungcancer/deep_wgs/fastq/P18754_1028_S26_R1.fastq.gz, /mnt/sequencing/Lungcancer/deep_wgs/fastq/P18754_1028_S26_R2.fastq.gz
    output: /mnt/sequencing/Lungcancer/deep_wgs/bamfiles/P18754_1028_S26.bam, /mnt/sequencing/Lungcancer/deep_wgs/bamfiles/P18754_1028_S26.bam.bai
    jobid: 46
    wildcards: sample=P18754_1028_S26
    priority: 1
    threads: 38

bwa mem -M -t 38 -R '@RG\tID:P18754_1028_S26\tSM:P18754_1028_S26\tPL:ILLUMINA' /mnt/AchTeraD/Documents/references/hg19/hg19.fa /mnt/sequencing/Lungcancer/deep_wgs/fastq/P18754_1028_S26_R1.fastq.gz /mnt/sequencing/Lungcancer/deep_wgs/fastq/P18754_1028_S26_R2.fastq.gz | samtools sort -o /mnt/sequencing/Lungcancer/deep_wgs/bamfiles/P18754_1028_S26.bam && samtools index -@ 38 /mnt/sequencing/Lungcancer/deep_wgs/bamfiles/P18754_1028_S26.bam

[Tue Jul 19 09:49:16 2022]
rule bwa_map_pe:
    input: /mnt/AchTeraD/Documents/references/hg19/hg19.fa, /mnt/sequencing/Lungcancer/deep_wgs/fastq/P18754_1059_S17_R1.fastq.gz, /mnt/sequencing/Lungcancer/deep_wgs/fastq/P18754_1059_S17_R2.fastq.gz
    output: /mnt/sequencing/Lungcancer/deep_wgs/bamfiles/P18754_1059_S17.bam, /mnt/sequencing/Lungcancer/deep_wgs/bamfiles/P18754_1059_S17.bam.bai
    jobid: 96
    wildcards: sample=P18754_1059_S17
    priority: 1
    threads: 38

bwa mem -M -t 38 -R '@RG\tID:P18754_1059_S17\tSM:P18754_1059_S17\tPL:ILLUMINA' /mnt/AchTeraD/Documents/references/hg19/hg19.fa /mnt/sequencing/Lungcancer/deep_wgs/fastq/P18754_1059_S17_R1.fastq.gz /mnt/sequencing/Lungcancer/deep_wgs/fastq/P18754_1059_S17_R2.fastq.gz | samtools sort -o /mnt/sequencing/Lungcancer/deep_wgs/bamfiles/P18754_1059_S17.bam && samtools index -@ 38 /mnt/sequencing/Lungcancer/deep_wgs/bamfiles/P18754_1059_S17.bam

[Tue Jul 19 09:49:16 2022]
rule bwa_map_pe:
    input: /mnt/AchTeraD/Documents/references/hg19/hg19.fa, /mnt/sequencing/Lungcancer/deep_wgs/fastq/P18754_1042_S38_R1.fastq.gz, /mnt/sequencing/Lungcancer/deep_wgs/fastq/P18754_1042_S38_R2.fastq.gz
    output: /mnt/sequencing/Lungcancer/deep_wgs/bamfiles/P18754_1042_S38.bam, /mnt/sequencing/Lungcancer/deep_wgs/bamfiles/P18754_1042_S38.bam.bai
    jobid: 88
    wildcards: sample=P18754_1042_S38
    priority: 1
    threads: 38

bwa mem -M -t 38 -R '@RG\tID:P18754_1042_S38\tSM:P18754_1042_S38\tPL:ILLUMINA' /mnt/AchTeraD/Documents/references/hg19/hg19.fa /mnt/sequencing/Lungcancer/deep_wgs/fastq/P18754_1042_S38_R1.fastq.gz /mnt/sequencing/Lungcancer/deep_wgs/fastq/P18754_1042_S38_R2.fastq.gz | samtools sort -o /mnt/sequencing/Lungcancer/deep_wgs/bamfiles/P18754_1042_S38.bam && samtools index -@ 38 /mnt/sequencing/Lungcancer/deep_wgs/bamfiles/P18754_1042_S38.bam

[Tue Jul 19 09:49:16 2022]
rule bwa_map_pe:
    input: /mnt/AchTeraD/Documents/references/hg19/hg19.fa, /mnt/sequencing/Lungcancer/deep_wgs/fastq/P18754_1054_S12_R1.fastq.gz, /mnt/sequencing/Lungcancer/deep_wgs/fastq/P18754_1054_S12_R2.fastq.gz
    output: /mnt/sequencing/Lungcancer/deep_wgs/bamfiles/P18754_1054_S12.bam, /mnt/sequencing/Lungcancer/deep_wgs/bamfiles/P18754_1054_S12.bam.bai
    jobid: 116
    wildcards: sample=P18754_1054_S12
    priority: 1
    threads: 38

bwa mem -M -t 38 -R '@RG\tID:P18754_1054_S12\tSM:P18754_1054_S12\tPL:ILLUMINA' /mnt/AchTeraD/Documents/references/hg19/hg19.fa /mnt/sequencing/Lungcancer/deep_wgs/fastq/P18754_1054_S12_R1.fastq.gz /mnt/sequencing/Lungcancer/deep_wgs/fastq/P18754_1054_S12_R2.fastq.gz | samtools sort -o /mnt/sequencing/Lungcancer/deep_wgs/bamfiles/P18754_1054_S12.bam && samtools index -@ 38 /mnt/sequencing/Lungcancer/deep_wgs/bamfiles/P18754_1054_S12.bam

[Tue Jul 19 09:49:16 2022]
rule bwa_map_pe:
    input: /mnt/AchTeraD/Documents/references/hg19/hg19.fa, /mnt/sequencing/Lungcancer/deep_wgs/fastq/P18754_1024_S27_R1.fastq.gz, /mnt/sequencing/Lungcancer/deep_wgs/fastq/P18754_1024_S27_R2.fastq.gz
    output: /mnt/sequencing/Lungcancer/deep_wgs/bamfiles/P18754_1024_S27.bam, /mnt/sequencing/Lungcancer/deep_wgs/bamfiles/P18754_1024_S27.bam.bai
    jobid: 12
    wildcards: sample=P18754_1024_S27
    priority: 1
    threads: 38

bwa mem -M -t 38 -R '@RG\tID:P18754_1024_S27\tSM:P18754_1024_S27\tPL:ILLUMINA' /mnt/AchTeraD/Documents/references/hg19/hg19.fa /mnt/sequencing/Lungcancer/deep_wgs/fastq/P18754_1024_S27_R1.fastq.gz /mnt/sequencing/Lungcancer/deep_wgs/fastq/P18754_1024_S27_R2.fastq.gz | samtools sort -o /mnt/sequencing/Lungcancer/deep_wgs/bamfiles/P18754_1024_S27.bam && samtools index -@ 38 /mnt/sequencing/Lungcancer/deep_wgs/bamfiles/P18754_1024_S27.bam

[Tue Jul 19 09:49:16 2022]
rule bwa_map_pe:
    input: /mnt/AchTeraD/Documents/references/hg19/hg19.fa, /mnt/sequencing/Lungcancer/deep_wgs/fastq/P18754_1023_S25_R1.fastq.gz, /mnt/sequencing/Lungcancer/deep_wgs/fastq/P18754_1023_S25_R2.fastq.gz
    output: /mnt/sequencing/Lungcancer/deep_wgs/bamfiles/P18754_1023_S25.bam, /mnt/sequencing/Lungcancer/deep_wgs/bamfiles/P18754_1023_S25.bam.bai
    jobid: 32
    wildcards: sample=P18754_1023_S25
    priority: 1
    threads: 38

bwa mem -M -t 38 -R '@RG\tID:P18754_1023_S25\tSM:P18754_1023_S25\tPL:ILLUMINA' /mnt/AchTeraD/Documents/references/hg19/hg19.fa /mnt/sequencing/Lungcancer/deep_wgs/fastq/P18754_1023_S25_R1.fastq.gz /mnt/sequencing/Lungcancer/deep_wgs/fastq/P18754_1023_S25_R2.fastq.gz | samtools sort -o /mnt/sequencing/Lungcancer/deep_wgs/bamfiles/P18754_1023_S25.bam && samtools index -@ 38 /mnt/sequencing/Lungcancer/deep_wgs/bamfiles/P18754_1023_S25.bam

[Tue Jul 19 09:49:16 2022]
rule bwa_map_pe:
    input: /mnt/AchTeraD/Documents/references/hg19/hg19.fa, /mnt/sequencing/Lungcancer/deep_wgs/fastq/P18754_1044_S2_R1.fastq.gz, /mnt/sequencing/Lungcancer/deep_wgs/fastq/P18754_1044_S2_R2.fastq.gz
    output: /mnt/sequencing/Lungcancer/deep_wgs/bamfiles/P18754_1044_S2.bam, /mnt/sequencing/Lungcancer/deep_wgs/bamfiles/P18754_1044_S2.bam.bai
    jobid: 42
    wildcards: sample=P18754_1044_S2
    priority: 1
    threads: 38

bwa mem -M -t 38 -R '@RG\tID:P18754_1044_S2\tSM:P18754_1044_S2\tPL:ILLUMINA' /mnt/AchTeraD/Documents/references/hg19/hg19.fa /mnt/sequencing/Lungcancer/deep_wgs/fastq/P18754_1044_S2_R1.fastq.gz /mnt/sequencing/Lungcancer/deep_wgs/fastq/P18754_1044_S2_R2.fastq.gz | samtools sort -o /mnt/sequencing/Lungcancer/deep_wgs/bamfiles/P18754_1044_S2.bam && samtools index -@ 38 /mnt/sequencing/Lungcancer/deep_wgs/bamfiles/P18754_1044_S2.bam

[Tue Jul 19 09:49:16 2022]
rule bwa_map_pe:
    input: /mnt/AchTeraD/Documents/references/hg19/hg19.fa, /mnt/sequencing/Lungcancer/deep_wgs/fastq/P18754_1034_S37_R1.fastq.gz, /mnt/sequencing/Lungcancer/deep_wgs/fastq/P18754_1034_S37_R2.fastq.gz
    output: /mnt/sequencing/Lungcancer/deep_wgs/bamfiles/P18754_1034_S37.bam, /mnt/sequencing/Lungcancer/deep_wgs/bamfiles/P18754_1034_S37.bam.bai
    jobid: 52
    wildcards: sample=P18754_1034_S37
    priority: 1
    threads: 38

bwa mem -M -t 38 -R '@RG\tID:P18754_1034_S37\tSM:P18754_1034_S37\tPL:ILLUMINA' /mnt/AchTeraD/Documents/references/hg19/hg19.fa /mnt/sequencing/Lungcancer/deep_wgs/fastq/P18754_1034_S37_R1.fastq.gz /mnt/sequencing/Lungcancer/deep_wgs/fastq/P18754_1034_S37_R2.fastq.gz | samtools sort -o /mnt/sequencing/Lungcancer/deep_wgs/bamfiles/P18754_1034_S37.bam && samtools index -@ 38 /mnt/sequencing/Lungcancer/deep_wgs/bamfiles/P18754_1034_S37.bam

[Tue Jul 19 09:49:16 2022]
rule bwa_map_pe:
    input: /mnt/AchTeraD/Documents/references/hg19/hg19.fa, /mnt/sequencing/Lungcancer/deep_wgs/fastq/P18754_1033_S35_R1.fastq.gz, /mnt/sequencing/Lungcancer/deep_wgs/fastq/P18754_1033_S35_R2.fastq.gz
    output: /mnt/sequencing/Lungcancer/deep_wgs/bamfiles/P18754_1033_S35.bam, /mnt/sequencing/Lungcancer/deep_wgs/bamfiles/P18754_1033_S35.bam.bai
    jobid: 18
    wildcards: sample=P18754_1033_S35
    priority: 1
    threads: 38

bwa mem -M -t 38 -R '@RG\tID:P18754_1033_S35\tSM:P18754_1033_S35\tPL:ILLUMINA' /mnt/AchTeraD/Documents/references/hg19/hg19.fa /mnt/sequencing/Lungcancer/deep_wgs/fastq/P18754_1033_S35_R1.fastq.gz /mnt/sequencing/Lungcancer/deep_wgs/fastq/P18754_1033_S35_R2.fastq.gz | samtools sort -o /mnt/sequencing/Lungcancer/deep_wgs/bamfiles/P18754_1033_S35.bam && samtools index -@ 38 /mnt/sequencing/Lungcancer/deep_wgs/bamfiles/P18754_1033_S35.bam

[Tue Jul 19 09:49:16 2022]
rule bwa_map_pe:
    input: /mnt/AchTeraD/Documents/references/hg19/hg19.fa, /mnt/sequencing/Lungcancer/deep_wgs/fastq/P18754_1025_S32_R1.fastq.gz, /mnt/sequencing/Lungcancer/deep_wgs/fastq/P18754_1025_S32_R2.fastq.gz
    output: /mnt/sequencing/Lungcancer/deep_wgs/bamfiles/P18754_1025_S32.bam, /mnt/sequencing/Lungcancer/deep_wgs/bamfiles/P18754_1025_S32.bam.bai
    jobid: 28
    wildcards: sample=P18754_1025_S32
    priority: 1
    threads: 38

bwa mem -M -t 38 -R '@RG\tID:P18754_1025_S32\tSM:P18754_1025_S32\tPL:ILLUMINA' /mnt/AchTeraD/Documents/references/hg19/hg19.fa /mnt/sequencing/Lungcancer/deep_wgs/fastq/P18754_1025_S32_R1.fastq.gz /mnt/sequencing/Lungcancer/deep_wgs/fastq/P18754_1025_S32_R2.fastq.gz | samtools sort -o /mnt/sequencing/Lungcancer/deep_wgs/bamfiles/P18754_1025_S32.bam && samtools index -@ 38 /mnt/sequencing/Lungcancer/deep_wgs/bamfiles/P18754_1025_S32.bam

[Tue Jul 19 09:49:16 2022]
rule bwa_map_pe:
    input: /mnt/AchTeraD/Documents/references/hg19/hg19.fa, /mnt/sequencing/Lungcancer/deep_wgs/fastq/P18754_1001_S4_R1.fastq.gz, /mnt/sequencing/Lungcancer/deep_wgs/fastq/P18754_1001_S4_R2.fastq.gz
    output: /mnt/sequencing/Lungcancer/deep_wgs/bamfiles/P18754_1001_S4.bam, /mnt/sequencing/Lungcancer/deep_wgs/bamfiles/P18754_1001_S4.bam.bai
    jobid: 56
    wildcards: sample=P18754_1001_S4
    priority: 1
    threads: 38

bwa mem -M -t 38 -R '@RG\tID:P18754_1001_S4\tSM:P18754_1001_S4\tPL:ILLUMINA' /mnt/AchTeraD/Documents/references/hg19/hg19.fa /mnt/sequencing/Lungcancer/deep_wgs/fastq/P18754_1001_S4_R1.fastq.gz /mnt/sequencing/Lungcancer/deep_wgs/fastq/P18754_1001_S4_R2.fastq.gz | samtools sort -o /mnt/sequencing/Lungcancer/deep_wgs/bamfiles/P18754_1001_S4.bam && samtools index -@ 38 /mnt/sequencing/Lungcancer/deep_wgs/bamfiles/P18754_1001_S4.bam

[Tue Jul 19 09:49:16 2022]
rule bwa_map_pe:
    input: /mnt/AchTeraD/Documents/references/hg19/hg19.fa, /mnt/sequencing/Lungcancer/deep_wgs/fastq/P18754_1027_S23_R1.fastq.gz, /mnt/sequencing/Lungcancer/deep_wgs/fastq/P18754_1027_S23_R2.fastq.gz
    output: /mnt/sequencing/Lungcancer/deep_wgs/bamfiles/P18754_1027_S23.bam, /mnt/sequencing/Lungcancer/deep_wgs/bamfiles/P18754_1027_S23.bam.bai
    jobid: 4
    wildcards: sample=P18754_1027_S23
    priority: 1
    threads: 38

bwa mem -M -t 38 -R '@RG\tID:P18754_1027_S23\tSM:P18754_1027_S23\tPL:ILLUMINA' /mnt/AchTeraD/Documents/references/hg19/hg19.fa /mnt/sequencing/Lungcancer/deep_wgs/fastq/P18754_1027_S23_R1.fastq.gz /mnt/sequencing/Lungcancer/deep_wgs/fastq/P18754_1027_S23_R2.fastq.gz | samtools sort -o /mnt/sequencing/Lungcancer/deep_wgs/bamfiles/P18754_1027_S23.bam && samtools index -@ 38 /mnt/sequencing/Lungcancer/deep_wgs/bamfiles/P18754_1027_S23.bam

[Tue Jul 19 09:49:16 2022]
rule bwa_map_pe:
    input: /mnt/AchTeraD/Documents/references/hg19/hg19.fa, /mnt/sequencing/Lungcancer/deep_wgs/fastq/P18754_1008_S6_R1.fastq.gz, /mnt/sequencing/Lungcancer/deep_wgs/fastq/P18754_1008_S6_R2.fastq.gz
    output: /mnt/sequencing/Lungcancer/deep_wgs/bamfiles/P18754_1008_S6.bam, /mnt/sequencing/Lungcancer/deep_wgs/bamfiles/P18754_1008_S6.bam.bai
    jobid: 24
    wildcards: sample=P18754_1008_S6
    priority: 1
    threads: 38

bwa mem -M -t 38 -R '@RG\tID:P18754_1008_S6\tSM:P18754_1008_S6\tPL:ILLUMINA' /mnt/AchTeraD/Documents/references/hg19/hg19.fa /mnt/sequencing/Lungcancer/deep_wgs/fastq/P18754_1008_S6_R1.fastq.gz /mnt/sequencing/Lungcancer/deep_wgs/fastq/P18754_1008_S6_R2.fastq.gz | samtools sort -o /mnt/sequencing/Lungcancer/deep_wgs/bamfiles/P18754_1008_S6.bam && samtools index -@ 38 /mnt/sequencing/Lungcancer/deep_wgs/bamfiles/P18754_1008_S6.bam

[Tue Jul 19 09:49:16 2022]
rule bwa_map_pe:
    input: /mnt/AchTeraD/Documents/references/hg19/hg19.fa, /mnt/sequencing/Lungcancer/deep_wgs/fastq/P18754_1021_S20_R1.fastq.gz, /mnt/sequencing/Lungcancer/deep_wgs/fastq/P18754_1021_S20_R2.fastq.gz
    output: /mnt/sequencing/Lungcancer/deep_wgs/bamfiles/P18754_1021_S20.bam, /mnt/sequencing/Lungcancer/deep_wgs/bamfiles/P18754_1021_S20.bam.bai
    jobid: 58
    wildcards: sample=P18754_1021_S20
    priority: 1
    threads: 38

bwa mem -M -t 38 -R '@RG\tID:P18754_1021_S20\tSM:P18754_1021_S20\tPL:ILLUMINA' /mnt/AchTeraD/Documents/references/hg19/hg19.fa /mnt/sequencing/Lungcancer/deep_wgs/fastq/P18754_1021_S20_R1.fastq.gz /mnt/sequencing/Lungcancer/deep_wgs/fastq/P18754_1021_S20_R2.fastq.gz | samtools sort -o /mnt/sequencing/Lungcancer/deep_wgs/bamfiles/P18754_1021_S20.bam && samtools index -@ 38 /mnt/sequencing/Lungcancer/deep_wgs/bamfiles/P18754_1021_S20.bam

[Tue Jul 19 09:49:16 2022]
rule bwa_map_pe:
    input: /mnt/AchTeraD/Documents/references/hg19/hg19.fa, /mnt/sequencing/Lungcancer/deep_wgs/fastq/P18754_1002_S11_R1.fastq.gz, /mnt/sequencing/Lungcancer/deep_wgs/fastq/P18754_1002_S11_R2.fastq.gz
    output: /mnt/sequencing/Lungcancer/deep_wgs/bamfiles/P18754_1002_S11.bam, /mnt/sequencing/Lungcancer/deep_wgs/bamfiles/P18754_1002_S11.bam.bai
    jobid: 62
    wildcards: sample=P18754_1002_S11
    priority: 1
    threads: 38

bwa mem -M -t 38 -R '@RG\tID:P18754_1002_S11\tSM:P18754_1002_S11\tPL:ILLUMINA' /mnt/AchTeraD/Documents/references/hg19/hg19.fa /mnt/sequencing/Lungcancer/deep_wgs/fastq/P18754_1002_S11_R1.fastq.gz /mnt/sequencing/Lungcancer/deep_wgs/fastq/P18754_1002_S11_R2.fastq.gz | samtools sort -o /mnt/sequencing/Lungcancer/deep_wgs/bamfiles/P18754_1002_S11.bam && samtools index -@ 38 /mnt/sequencing/Lungcancer/deep_wgs/bamfiles/P18754_1002_S11.bam

[Tue Jul 19 09:49:16 2022]
rule bwa_map_pe:
    input: /mnt/AchTeraD/Documents/references/hg19/hg19.fa, /mnt/sequencing/Lungcancer/deep_wgs/fastq/P18754_1049_S7_R1.fastq.gz, /mnt/sequencing/Lungcancer/deep_wgs/fastq/P18754_1049_S7_R2.fastq.gz
    output: /mnt/sequencing/Lungcancer/deep_wgs/bamfiles/P18754_1049_S7.bam, /mnt/sequencing/Lungcancer/deep_wgs/bamfiles/P18754_1049_S7.bam.bai
    jobid: 122
    wildcards: sample=P18754_1049_S7
    priority: 1
    threads: 38

bwa mem -M -t 38 -R '@RG\tID:P18754_1049_S7\tSM:P18754_1049_S7\tPL:ILLUMINA' /mnt/AchTeraD/Documents/references/hg19/hg19.fa /mnt/sequencing/Lungcancer/deep_wgs/fastq/P18754_1049_S7_R1.fastq.gz /mnt/sequencing/Lungcancer/deep_wgs/fastq/P18754_1049_S7_R2.fastq.gz | samtools sort -o /mnt/sequencing/Lungcancer/deep_wgs/bamfiles/P18754_1049_S7.bam && samtools index -@ 38 /mnt/sequencing/Lungcancer/deep_wgs/bamfiles/P18754_1049_S7.bam

[Tue Jul 19 09:49:16 2022]
rule bwa_map_pe:
    input: /mnt/AchTeraD/Documents/references/hg19/hg19.fa, /mnt/sequencing/Lungcancer/deep_wgs/fastq/P18754_1017_S15_R1.fastq.gz, /mnt/sequencing/Lungcancer/deep_wgs/fastq/P18754_1017_S15_R2.fastq.gz
    output: /mnt/sequencing/Lungcancer/deep_wgs/bamfiles/P18754_1017_S15.bam, /mnt/sequencing/Lungcancer/deep_wgs/bamfiles/P18754_1017_S15.bam.bai
    jobid: 108
    wildcards: sample=P18754_1017_S15
    priority: 1
    threads: 38

bwa mem -M -t 38 -R '@RG\tID:P18754_1017_S15\tSM:P18754_1017_S15\tPL:ILLUMINA' /mnt/AchTeraD/Documents/references/hg19/hg19.fa /mnt/sequencing/Lungcancer/deep_wgs/fastq/P18754_1017_S15_R1.fastq.gz /mnt/sequencing/Lungcancer/deep_wgs/fastq/P18754_1017_S15_R2.fastq.gz | samtools sort -o /mnt/sequencing/Lungcancer/deep_wgs/bamfiles/P18754_1017_S15.bam && samtools index -@ 38 /mnt/sequencing/Lungcancer/deep_wgs/bamfiles/P18754_1017_S15.bam

[Tue Jul 19 09:49:16 2022]
rule bwa_map_pe:
    input: /mnt/AchTeraD/Documents/references/hg19/hg19.fa, /mnt/sequencing/Lungcancer/deep_wgs/fastq/P18754_1026_S31_R1.fastq.gz, /mnt/sequencing/Lungcancer/deep_wgs/fastq/P18754_1026_S31_R2.fastq.gz
    output: /mnt/sequencing/Lungcancer/deep_wgs/bamfiles/P18754_1026_S31.bam, /mnt/sequencing/Lungcancer/deep_wgs/bamfiles/P18754_1026_S31.bam.bai
    jobid: 68
    wildcards: sample=P18754_1026_S31
    priority: 1
    threads: 38

bwa mem -M -t 38 -R '@RG\tID:P18754_1026_S31\tSM:P18754_1026_S31\tPL:ILLUMINA' /mnt/AchTeraD/Documents/references/hg19/hg19.fa /mnt/sequencing/Lungcancer/deep_wgs/fastq/P18754_1026_S31_R1.fastq.gz /mnt/sequencing/Lungcancer/deep_wgs/fastq/P18754_1026_S31_R2.fastq.gz | samtools sort -o /mnt/sequencing/Lungcancer/deep_wgs/bamfiles/P18754_1026_S31.bam && samtools index -@ 38 /mnt/sequencing/Lungcancer/deep_wgs/bamfiles/P18754_1026_S31.bam

[Tue Jul 19 09:49:16 2022]
rule bwa_map_pe:
    input: /mnt/AchTeraD/Documents/references/hg19/hg19.fa, /mnt/sequencing/Lungcancer/deep_wgs/fastq/P18754_1006_S3_R1.fastq.gz, /mnt/sequencing/Lungcancer/deep_wgs/fastq/P18754_1006_S3_R2.fastq.gz
    output: /mnt/sequencing/Lungcancer/deep_wgs/bamfiles/P18754_1006_S3.bam, /mnt/sequencing/Lungcancer/deep_wgs/bamfiles/P18754_1006_S3.bam.bai
    jobid: 78
    wildcards: sample=P18754_1006_S3
    priority: 1
    threads: 38

bwa mem -M -t 38 -R '@RG\tID:P18754_1006_S3\tSM:P18754_1006_S3\tPL:ILLUMINA' /mnt/AchTeraD/Documents/references/hg19/hg19.fa /mnt/sequencing/Lungcancer/deep_wgs/fastq/P18754_1006_S3_R1.fastq.gz /mnt/sequencing/Lungcancer/deep_wgs/fastq/P18754_1006_S3_R2.fastq.gz | samtools sort -o /mnt/sequencing/Lungcancer/deep_wgs/bamfiles/P18754_1006_S3.bam && samtools index -@ 38 /mnt/sequencing/Lungcancer/deep_wgs/bamfiles/P18754_1006_S3.bam

[Tue Jul 19 09:49:16 2022]
rule bwa_map_pe:
    input: /mnt/AchTeraD/Documents/references/hg19/hg19.fa, /mnt/sequencing/Lungcancer/deep_wgs/fastq/P18754_1057_S15_R1.fastq.gz, /mnt/sequencing/Lungcancer/deep_wgs/fastq/P18754_1057_S15_R2.fastq.gz
    output: /mnt/sequencing/Lungcancer/deep_wgs/bamfiles/P18754_1057_S15.bam, /mnt/sequencing/Lungcancer/deep_wgs/bamfiles/P18754_1057_S15.bam.bai
    jobid: 74
    wildcards: sample=P18754_1057_S15
    priority: 1
    threads: 38

bwa mem -M -t 38 -R '@RG\tID:P18754_1057_S15\tSM:P18754_1057_S15\tPL:ILLUMINA' /mnt/AchTeraD/Documents/references/hg19/hg19.fa /mnt/sequencing/Lungcancer/deep_wgs/fastq/P18754_1057_S15_R1.fastq.gz /mnt/sequencing/Lungcancer/deep_wgs/fastq/P18754_1057_S15_R2.fastq.gz | samtools sort -o /mnt/sequencing/Lungcancer/deep_wgs/bamfiles/P18754_1057_S15.bam && samtools index -@ 38 /mnt/sequencing/Lungcancer/deep_wgs/bamfiles/P18754_1057_S15.bam

[Tue Jul 19 09:49:16 2022]
rule bwa_map_pe:
    input: /mnt/AchTeraD/Documents/references/hg19/hg19.fa, /mnt/sequencing/Lungcancer/deep_wgs/fastq/P18754_1013_S16_R1.fastq.gz, /mnt/sequencing/Lungcancer/deep_wgs/fastq/P18754_1013_S16_R2.fastq.gz
    output: /mnt/sequencing/Lungcancer/deep_wgs/bamfiles/P18754_1013_S16.bam, /mnt/sequencing/Lungcancer/deep_wgs/bamfiles/P18754_1013_S16.bam.bai
    jobid: 94
    wildcards: sample=P18754_1013_S16
    priority: 1
    threads: 38

bwa mem -M -t 38 -R '@RG\tID:P18754_1013_S16\tSM:P18754_1013_S16\tPL:ILLUMINA' /mnt/AchTeraD/Documents/references/hg19/hg19.fa /mnt/sequencing/Lungcancer/deep_wgs/fastq/P18754_1013_S16_R1.fastq.gz /mnt/sequencing/Lungcancer/deep_wgs/fastq/P18754_1013_S16_R2.fastq.gz | samtools sort -o /mnt/sequencing/Lungcancer/deep_wgs/bamfiles/P18754_1013_S16.bam && samtools index -@ 38 /mnt/sequencing/Lungcancer/deep_wgs/bamfiles/P18754_1013_S16.bam

[Tue Jul 19 09:49:16 2022]
rule bwa_map_pe:
    input: /mnt/AchTeraD/Documents/references/hg19/hg19.fa, /mnt/sequencing/Lungcancer/deep_wgs/fastq/P18754_1047_S5_R1.fastq.gz, /mnt/sequencing/Lungcancer/deep_wgs/fastq/P18754_1047_S5_R2.fastq.gz
    output: /mnt/sequencing/Lungcancer/deep_wgs/bamfiles/P18754_1047_S5.bam, /mnt/sequencing/Lungcancer/deep_wgs/bamfiles/P18754_1047_S5.bam.bai
    jobid: 38
    wildcards: sample=P18754_1047_S5
    priority: 1
    threads: 38

bwa mem -M -t 38 -R '@RG\tID:P18754_1047_S5\tSM:P18754_1047_S5\tPL:ILLUMINA' /mnt/AchTeraD/Documents/references/hg19/hg19.fa /mnt/sequencing/Lungcancer/deep_wgs/fastq/P18754_1047_S5_R1.fastq.gz /mnt/sequencing/Lungcancer/deep_wgs/fastq/P18754_1047_S5_R2.fastq.gz | samtools sort -o /mnt/sequencing/Lungcancer/deep_wgs/bamfiles/P18754_1047_S5.bam && samtools index -@ 38 /mnt/sequencing/Lungcancer/deep_wgs/bamfiles/P18754_1047_S5.bam

[Tue Jul 19 09:49:16 2022]
rule bwa_map_pe:
    input: /mnt/AchTeraD/Documents/references/hg19/hg19.fa, /mnt/sequencing/Lungcancer/deep_wgs/fastq/P18754_1053_S11_R1.fastq.gz, /mnt/sequencing/Lungcancer/deep_wgs/fastq/P18754_1053_S11_R2.fastq.gz
    output: /mnt/sequencing/Lungcancer/deep_wgs/bamfiles/P18754_1053_S11.bam, /mnt/sequencing/Lungcancer/deep_wgs/bamfiles/P18754_1053_S11.bam.bai
    jobid: 8
    wildcards: sample=P18754_1053_S11
    priority: 1
    threads: 38

bwa mem -M -t 38 -R '@RG\tID:P18754_1053_S11\tSM:P18754_1053_S11\tPL:ILLUMINA' /mnt/AchTeraD/Documents/references/hg19/hg19.fa /mnt/sequencing/Lungcancer/deep_wgs/fastq/P18754_1053_S11_R1.fastq.gz /mnt/sequencing/Lungcancer/deep_wgs/fastq/P18754_1053_S11_R2.fastq.gz | samtools sort -o /mnt/sequencing/Lungcancer/deep_wgs/bamfiles/P18754_1053_S11.bam && samtools index -@ 38 /mnt/sequencing/Lungcancer/deep_wgs/bamfiles/P18754_1053_S11.bam

[Tue Jul 19 09:49:16 2022]
rule bwa_map_pe:
    input: /mnt/AchTeraD/Documents/references/hg19/hg19.fa, /mnt/sequencing/Lungcancer/deep_wgs/fastq/P18754_1056_S14_R1.fastq.gz, /mnt/sequencing/Lungcancer/deep_wgs/fastq/P18754_1056_S14_R2.fastq.gz
    output: /mnt/sequencing/Lungcancer/deep_wgs/bamfiles/P18754_1056_S14.bam, /mnt/sequencing/Lungcancer/deep_wgs/bamfiles/P18754_1056_S14.bam.bai
    jobid: 44
    wildcards: sample=P18754_1056_S14
    priority: 1
    threads: 38

bwa mem -M -t 38 -R '@RG\tID:P18754_1056_S14\tSM:P18754_1056_S14\tPL:ILLUMINA' /mnt/AchTeraD/Documents/references/hg19/hg19.fa /mnt/sequencing/Lungcancer/deep_wgs/fastq/P18754_1056_S14_R1.fastq.gz /mnt/sequencing/Lungcancer/deep_wgs/fastq/P18754_1056_S14_R2.fastq.gz | samtools sort -o /mnt/sequencing/Lungcancer/deep_wgs/bamfiles/P18754_1056_S14.bam && samtools index -@ 38 /mnt/sequencing/Lungcancer/deep_wgs/bamfiles/P18754_1056_S14.bam

[Tue Jul 19 09:49:16 2022]
rule bwa_map_pe:
    input: /mnt/AchTeraD/Documents/references/hg19/hg19.fa, /mnt/sequencing/Lungcancer/deep_wgs/fastq/P18754_1036_S41_R1.fastq.gz, /mnt/sequencing/Lungcancer/deep_wgs/fastq/P18754_1036_S41_R2.fastq.gz
    output: /mnt/sequencing/Lungcancer/deep_wgs/bamfiles/P18754_1036_S41.bam, /mnt/sequencing/Lungcancer/deep_wgs/bamfiles/P18754_1036_S41.bam.bai
    jobid: 72
    wildcards: sample=P18754_1036_S41
    priority: 1
    threads: 38

bwa mem -M -t 38 -R '@RG\tID:P18754_1036_S41\tSM:P18754_1036_S41\tPL:ILLUMINA' /mnt/AchTeraD/Documents/references/hg19/hg19.fa /mnt/sequencing/Lungcancer/deep_wgs/fastq/P18754_1036_S41_R1.fastq.gz /mnt/sequencing/Lungcancer/deep_wgs/fastq/P18754_1036_S41_R2.fastq.gz | samtools sort -o /mnt/sequencing/Lungcancer/deep_wgs/bamfiles/P18754_1036_S41.bam && samtools index -@ 38 /mnt/sequencing/Lungcancer/deep_wgs/bamfiles/P18754_1036_S41.bam

[Tue Jul 19 09:49:16 2022]
rule bwa_map_pe:
    input: /mnt/AchTeraD/Documents/references/hg19/hg19.fa, /mnt/sequencing/Lungcancer/deep_wgs/fastq/P18754_1060_S18_R1.fastq.gz, /mnt/sequencing/Lungcancer/deep_wgs/fastq/P18754_1060_S18_R2.fastq.gz
    output: /mnt/sequencing/Lungcancer/deep_wgs/bamfiles/P18754_1060_S18.bam, /mnt/sequencing/Lungcancer/deep_wgs/bamfiles/P18754_1060_S18.bam.bai
    jobid: 104
    wildcards: sample=P18754_1060_S18
    priority: 1
    threads: 38

bwa mem -M -t 38 -R '@RG\tID:P18754_1060_S18\tSM:P18754_1060_S18\tPL:ILLUMINA' /mnt/AchTeraD/Documents/references/hg19/hg19.fa /mnt/sequencing/Lungcancer/deep_wgs/fastq/P18754_1060_S18_R1.fastq.gz /mnt/sequencing/Lungcancer/deep_wgs/fastq/P18754_1060_S18_R2.fastq.gz | samtools sort -o /mnt/sequencing/Lungcancer/deep_wgs/bamfiles/P18754_1060_S18.bam && samtools index -@ 38 /mnt/sequencing/Lungcancer/deep_wgs/bamfiles/P18754_1060_S18.bam

[Tue Jul 19 09:49:16 2022]
rule bwa_map_pe:
    input: /mnt/AchTeraD/Documents/references/hg19/hg19.fa, /mnt/sequencing/Lungcancer/deep_wgs/fastq/P18754_1038_S36_R1.fastq.gz, /mnt/sequencing/Lungcancer/deep_wgs/fastq/P18754_1038_S36_R2.fastq.gz
    output: /mnt/sequencing/Lungcancer/deep_wgs/bamfiles/P18754_1038_S36.bam, /mnt/sequencing/Lungcancer/deep_wgs/bamfiles/P18754_1038_S36.bam.bai
    jobid: 80
    wildcards: sample=P18754_1038_S36
    priority: 1
    threads: 38

bwa mem -M -t 38 -R '@RG\tID:P18754_1038_S36\tSM:P18754_1038_S36\tPL:ILLUMINA' /mnt/AchTeraD/Documents/references/hg19/hg19.fa /mnt/sequencing/Lungcancer/deep_wgs/fastq/P18754_1038_S36_R1.fastq.gz /mnt/sequencing/Lungcancer/deep_wgs/fastq/P18754_1038_S36_R2.fastq.gz | samtools sort -o /mnt/sequencing/Lungcancer/deep_wgs/bamfiles/P18754_1038_S36.bam && samtools index -@ 38 /mnt/sequencing/Lungcancer/deep_wgs/bamfiles/P18754_1038_S36.bam

[Tue Jul 19 09:49:16 2022]
rule bwa_map_pe:
    input: /mnt/AchTeraD/Documents/references/hg19/hg19.fa, /mnt/sequencing/Lungcancer/deep_wgs/fastq/P18754_1018_S13_R1.fastq.gz, /mnt/sequencing/Lungcancer/deep_wgs/fastq/P18754_1018_S13_R2.fastq.gz
    output: /mnt/sequencing/Lungcancer/deep_wgs/bamfiles/P18754_1018_S13.bam, /mnt/sequencing/Lungcancer/deep_wgs/bamfiles/P18754_1018_S13.bam.bai
    jobid: 112
    wildcards: sample=P18754_1018_S13
    priority: 1
    threads: 38

bwa mem -M -t 38 -R '@RG\tID:P18754_1018_S13\tSM:P18754_1018_S13\tPL:ILLUMINA' /mnt/AchTeraD/Documents/references/hg19/hg19.fa /mnt/sequencing/Lungcancer/deep_wgs/fastq/P18754_1018_S13_R1.fastq.gz /mnt/sequencing/Lungcancer/deep_wgs/fastq/P18754_1018_S13_R2.fastq.gz | samtools sort -o /mnt/sequencing/Lungcancer/deep_wgs/bamfiles/P18754_1018_S13.bam && samtools index -@ 38 /mnt/sequencing/Lungcancer/deep_wgs/bamfiles/P18754_1018_S13.bam

[Tue Jul 19 09:49:16 2022]
rule bwa_map_pe:
    input: /mnt/AchTeraD/Documents/references/hg19/hg19.fa, /mnt/sequencing/Lungcancer/deep_wgs/fastq/P18754_1009_S9_R1.fastq.gz, /mnt/sequencing/Lungcancer/deep_wgs/fastq/P18754_1009_S9_R2.fastq.gz
    output: /mnt/sequencing/Lungcancer/deep_wgs/bamfiles/P18754_1009_S9.bam, /mnt/sequencing/Lungcancer/deep_wgs/bamfiles/P18754_1009_S9.bam.bai
    jobid: 84
    wildcards: sample=P18754_1009_S9
    priority: 1
    threads: 38

bwa mem -M -t 38 -R '@RG\tID:P18754_1009_S9\tSM:P18754_1009_S9\tPL:ILLUMINA' /mnt/AchTeraD/Documents/references/hg19/hg19.fa /mnt/sequencing/Lungcancer/deep_wgs/fastq/P18754_1009_S9_R1.fastq.gz /mnt/sequencing/Lungcancer/deep_wgs/fastq/P18754_1009_S9_R2.fastq.gz | samtools sort -o /mnt/sequencing/Lungcancer/deep_wgs/bamfiles/P18754_1009_S9.bam && samtools index -@ 38 /mnt/sequencing/Lungcancer/deep_wgs/bamfiles/P18754_1009_S9.bam

[Tue Jul 19 09:49:16 2022]
rule bwa_map_pe:
    input: /mnt/AchTeraD/Documents/references/hg19/hg19.fa, /mnt/sequencing/Lungcancer/deep_wgs/fastq/P18754_1011_S5_R1.fastq.gz, /mnt/sequencing/Lungcancer/deep_wgs/fastq/P18754_1011_S5_R2.fastq.gz
    output: /mnt/sequencing/Lungcancer/deep_wgs/bamfiles/P18754_1011_S5.bam, /mnt/sequencing/Lungcancer/deep_wgs/bamfiles/P18754_1011_S5.bam.bai
    jobid: 98
    wildcards: sample=P18754_1011_S5
    priority: 1
    threads: 38

bwa mem -M -t 38 -R '@RG\tID:P18754_1011_S5\tSM:P18754_1011_S5\tPL:ILLUMINA' /mnt/AchTeraD/Documents/references/hg19/hg19.fa /mnt/sequencing/Lungcancer/deep_wgs/fastq/P18754_1011_S5_R1.fastq.gz /mnt/sequencing/Lungcancer/deep_wgs/fastq/P18754_1011_S5_R2.fastq.gz | samtools sort -o /mnt/sequencing/Lungcancer/deep_wgs/bamfiles/P18754_1011_S5.bam && samtools index -@ 38 /mnt/sequencing/Lungcancer/deep_wgs/bamfiles/P18754_1011_S5.bam

[Tue Jul 19 09:49:16 2022]
rule bwa_map_pe:
    input: /mnt/AchTeraD/Documents/references/hg19/hg19.fa, /mnt/sequencing/Lungcancer/deep_wgs/fastq/P18754_1055_S13_R1.fastq.gz, /mnt/sequencing/Lungcancer/deep_wgs/fastq/P18754_1055_S13_R2.fastq.gz
    output: /mnt/sequencing/Lungcancer/deep_wgs/bamfiles/P18754_1055_S13.bam, /mnt/sequencing/Lungcancer/deep_wgs/bamfiles/P18754_1055_S13.bam.bai
    jobid: 114
    wildcards: sample=P18754_1055_S13
    priority: 1
    threads: 38

bwa mem -M -t 38 -R '@RG\tID:P18754_1055_S13\tSM:P18754_1055_S13\tPL:ILLUMINA' /mnt/AchTeraD/Documents/references/hg19/hg19.fa /mnt/sequencing/Lungcancer/deep_wgs/fastq/P18754_1055_S13_R1.fastq.gz /mnt/sequencing/Lungcancer/deep_wgs/fastq/P18754_1055_S13_R2.fastq.gz | samtools sort -o /mnt/sequencing/Lungcancer/deep_wgs/bamfiles/P18754_1055_S13.bam && samtools index -@ 38 /mnt/sequencing/Lungcancer/deep_wgs/bamfiles/P18754_1055_S13.bam

[Tue Jul 19 09:49:16 2022]
rule bwa_map_pe:
    input: /mnt/AchTeraD/Documents/references/hg19/hg19.fa, /mnt/sequencing/Lungcancer/deep_wgs/fastq/P18754_1048_S6_R1.fastq.gz, /mnt/sequencing/Lungcancer/deep_wgs/fastq/P18754_1048_S6_R2.fastq.gz
    output: /mnt/sequencing/Lungcancer/deep_wgs/bamfiles/P18754_1048_S6.bam, /mnt/sequencing/Lungcancer/deep_wgs/bamfiles/P18754_1048_S6.bam.bai
    jobid: 48
    wildcards: sample=P18754_1048_S6
    priority: 1
    threads: 38

bwa mem -M -t 38 -R '@RG\tID:P18754_1048_S6\tSM:P18754_1048_S6\tPL:ILLUMINA' /mnt/AchTeraD/Documents/references/hg19/hg19.fa /mnt/sequencing/Lungcancer/deep_wgs/fastq/P18754_1048_S6_R1.fastq.gz /mnt/sequencing/Lungcancer/deep_wgs/fastq/P18754_1048_S6_R2.fastq.gz | samtools sort -o /mnt/sequencing/Lungcancer/deep_wgs/bamfiles/P18754_1048_S6.bam && samtools index -@ 38 /mnt/sequencing/Lungcancer/deep_wgs/bamfiles/P18754_1048_S6.bam

[Tue Jul 19 09:49:16 2022]
rule bwa_map_pe:
    input: /mnt/AchTeraD/Documents/references/hg19/hg19.fa, /mnt/sequencing/Lungcancer/deep_wgs/fastq/P18754_1051_S9_R1.fastq.gz, /mnt/sequencing/Lungcancer/deep_wgs/fastq/P18754_1051_S9_R2.fastq.gz
    output: /mnt/sequencing/Lungcancer/deep_wgs/bamfiles/P18754_1051_S9.bam, /mnt/sequencing/Lungcancer/deep_wgs/bamfiles/P18754_1051_S9.bam.bai
    jobid: 100
    wildcards: sample=P18754_1051_S9
    priority: 1
    threads: 38

bwa mem -M -t 38 -R '@RG\tID:P18754_1051_S9\tSM:P18754_1051_S9\tPL:ILLUMINA' /mnt/AchTeraD/Documents/references/hg19/hg19.fa /mnt/sequencing/Lungcancer/deep_wgs/fastq/P18754_1051_S9_R1.fastq.gz /mnt/sequencing/Lungcancer/deep_wgs/fastq/P18754_1051_S9_R2.fastq.gz | samtools sort -o /mnt/sequencing/Lungcancer/deep_wgs/bamfiles/P18754_1051_S9.bam && samtools index -@ 38 /mnt/sequencing/Lungcancer/deep_wgs/bamfiles/P18754_1051_S9.bam

[Tue Jul 19 09:49:16 2022]
rule bwa_map_pe:
    input: /mnt/AchTeraD/Documents/references/hg19/hg19.fa, /mnt/sequencing/Lungcancer/deep_wgs/fastq/P18754_1061_S19_R1.fastq.gz, /mnt/sequencing/Lungcancer/deep_wgs/fastq/P18754_1061_S19_R2.fastq.gz
    output: /mnt/sequencing/Lungcancer/deep_wgs/bamfiles/P18754_1061_S19.bam, /mnt/sequencing/Lungcancer/deep_wgs/bamfiles/P18754_1061_S19.bam.bai
    jobid: 50
    wildcards: sample=P18754_1061_S19
    priority: 1
    threads: 38

bwa mem -M -t 38 -R '@RG\tID:P18754_1061_S19\tSM:P18754_1061_S19\tPL:ILLUMINA' /mnt/AchTeraD/Documents/references/hg19/hg19.fa /mnt/sequencing/Lungcancer/deep_wgs/fastq/P18754_1061_S19_R1.fastq.gz /mnt/sequencing/Lungcancer/deep_wgs/fastq/P18754_1061_S19_R2.fastq.gz | samtools sort -o /mnt/sequencing/Lungcancer/deep_wgs/bamfiles/P18754_1061_S19.bam && samtools index -@ 38 /mnt/sequencing/Lungcancer/deep_wgs/bamfiles/P18754_1061_S19.bam

[Tue Jul 19 09:49:16 2022]
rule bwa_map_pe:
    input: /mnt/AchTeraD/Documents/references/hg19/hg19.fa, /mnt/sequencing/Lungcancer/deep_wgs/fastq/P18754_1004_S1_R1.fastq.gz, /mnt/sequencing/Lungcancer/deep_wgs/fastq/P18754_1004_S1_R2.fastq.gz
    output: /mnt/sequencing/Lungcancer/deep_wgs/bamfiles/P18754_1004_S1.bam, /mnt/sequencing/Lungcancer/deep_wgs/bamfiles/P18754_1004_S1.bam.bai
    jobid: 86
    wildcards: sample=P18754_1004_S1
    priority: 1
    threads: 38

bwa mem -M -t 38 -R '@RG\tID:P18754_1004_S1\tSM:P18754_1004_S1\tPL:ILLUMINA' /mnt/AchTeraD/Documents/references/hg19/hg19.fa /mnt/sequencing/Lungcancer/deep_wgs/fastq/P18754_1004_S1_R1.fastq.gz /mnt/sequencing/Lungcancer/deep_wgs/fastq/P18754_1004_S1_R2.fastq.gz | samtools sort -o /mnt/sequencing/Lungcancer/deep_wgs/bamfiles/P18754_1004_S1.bam && samtools index -@ 38 /mnt/sequencing/Lungcancer/deep_wgs/bamfiles/P18754_1004_S1.bam

[Tue Jul 19 09:49:16 2022]
rule bwa_map_pe:
    input: /mnt/AchTeraD/Documents/references/hg19/hg19.fa, /mnt/sequencing/Lungcancer/deep_wgs/fastq/P18754_1014_S22_R1.fastq.gz, /mnt/sequencing/Lungcancer/deep_wgs/fastq/P18754_1014_S22_R2.fastq.gz
    output: /mnt/sequencing/Lungcancer/deep_wgs/bamfiles/P18754_1014_S22.bam, /mnt/sequencing/Lungcancer/deep_wgs/bamfiles/P18754_1014_S22.bam.bai
    jobid: 90
    wildcards: sample=P18754_1014_S22
    priority: 1
    threads: 38

bwa mem -M -t 38 -R '@RG\tID:P18754_1014_S22\tSM:P18754_1014_S22\tPL:ILLUMINA' /mnt/AchTeraD/Documents/references/hg19/hg19.fa /mnt/sequencing/Lungcancer/deep_wgs/fastq/P18754_1014_S22_R1.fastq.gz /mnt/sequencing/Lungcancer/deep_wgs/fastq/P18754_1014_S22_R2.fastq.gz | samtools sort -o /mnt/sequencing/Lungcancer/deep_wgs/bamfiles/P18754_1014_S22.bam && samtools index -@ 38 /mnt/sequencing/Lungcancer/deep_wgs/bamfiles/P18754_1014_S22.bam

[Tue Jul 19 09:49:16 2022]
rule bwa_map_pe:
    input: /mnt/AchTeraD/Documents/references/hg19/hg19.fa, /mnt/sequencing/Lungcancer/deep_wgs/fastq/P18754_1022_S17_R1.fastq.gz, /mnt/sequencing/Lungcancer/deep_wgs/fastq/P18754_1022_S17_R2.fastq.gz
    output: /mnt/sequencing/Lungcancer/deep_wgs/bamfiles/P18754_1022_S17.bam, /mnt/sequencing/Lungcancer/deep_wgs/bamfiles/P18754_1022_S17.bam.bai
    jobid: 118
    wildcards: sample=P18754_1022_S17
    priority: 1
    threads: 38

bwa mem -M -t 38 -R '@RG\tID:P18754_1022_S17\tSM:P18754_1022_S17\tPL:ILLUMINA' /mnt/AchTeraD/Documents/references/hg19/hg19.fa /mnt/sequencing/Lungcancer/deep_wgs/fastq/P18754_1022_S17_R1.fastq.gz /mnt/sequencing/Lungcancer/deep_wgs/fastq/P18754_1022_S17_R2.fastq.gz | samtools sort -o /mnt/sequencing/Lungcancer/deep_wgs/bamfiles/P18754_1022_S17.bam && samtools index -@ 38 /mnt/sequencing/Lungcancer/deep_wgs/bamfiles/P18754_1022_S17.bam

[Tue Jul 19 09:49:16 2022]
rule bwa_map_pe:
    input: /mnt/AchTeraD/Documents/references/hg19/hg19.fa, /mnt/sequencing/Lungcancer/deep_wgs/fastq/P18754_1062_S20_R1.fastq.gz, /mnt/sequencing/Lungcancer/deep_wgs/fastq/P18754_1062_S20_R2.fastq.gz
    output: /mnt/sequencing/Lungcancer/deep_wgs/bamfiles/P18754_1062_S20.bam, /mnt/sequencing/Lungcancer/deep_wgs/bamfiles/P18754_1062_S20.bam.bai
    jobid: 10
    wildcards: sample=P18754_1062_S20
    priority: 1
    threads: 38

bwa mem -M -t 38 -R '@RG\tID:P18754_1062_S20\tSM:P18754_1062_S20\tPL:ILLUMINA' /mnt/AchTeraD/Documents/references/hg19/hg19.fa /mnt/sequencing/Lungcancer/deep_wgs/fastq/P18754_1062_S20_R1.fastq.gz /mnt/sequencing/Lungcancer/deep_wgs/fastq/P18754_1062_S20_R2.fastq.gz | samtools sort -o /mnt/sequencing/Lungcancer/deep_wgs/bamfiles/P18754_1062_S20.bam && samtools index -@ 38 /mnt/sequencing/Lungcancer/deep_wgs/bamfiles/P18754_1062_S20.bam

[Tue Jul 19 09:49:16 2022]
rule bwa_map_pe:
    input: /mnt/AchTeraD/Documents/references/hg19/hg19.fa, /mnt/sequencing/Lungcancer/deep_wgs/fastq/P18754_1032_S28_R1.fastq.gz, /mnt/sequencing/Lungcancer/deep_wgs/fastq/P18754_1032_S28_R2.fastq.gz
    output: /mnt/sequencing/Lungcancer/deep_wgs/bamfiles/P18754_1032_S28.bam, /mnt/sequencing/Lungcancer/deep_wgs/bamfiles/P18754_1032_S28.bam.bai
    jobid: 30
    wildcards: sample=P18754_1032_S28
    priority: 1
    threads: 38

bwa mem -M -t 38 -R '@RG\tID:P18754_1032_S28\tSM:P18754_1032_S28\tPL:ILLUMINA' /mnt/AchTeraD/Documents/references/hg19/hg19.fa /mnt/sequencing/Lungcancer/deep_wgs/fastq/P18754_1032_S28_R1.fastq.gz /mnt/sequencing/Lungcancer/deep_wgs/fastq/P18754_1032_S28_R2.fastq.gz | samtools sort -o /mnt/sequencing/Lungcancer/deep_wgs/bamfiles/P18754_1032_S28.bam && samtools index -@ 38 /mnt/sequencing/Lungcancer/deep_wgs/bamfiles/P18754_1032_S28.bam

[Tue Jul 19 09:49:16 2022]
rule bwa_map_pe:
    input: /mnt/AchTeraD/Documents/references/hg19/hg19.fa, /mnt/sequencing/Lungcancer/deep_wgs/fastq/P18754_1045_S3_R1.fastq.gz, /mnt/sequencing/Lungcancer/deep_wgs/fastq/P18754_1045_S3_R2.fastq.gz
    output: /mnt/sequencing/Lungcancer/deep_wgs/bamfiles/P18754_1045_S3.bam, /mnt/sequencing/Lungcancer/deep_wgs/bamfiles/P18754_1045_S3.bam.bai
    jobid: 14
    wildcards: sample=P18754_1045_S3
    priority: 1
    threads: 38

bwa mem -M -t 38 -R '@RG\tID:P18754_1045_S3\tSM:P18754_1045_S3\tPL:ILLUMINA' /mnt/AchTeraD/Documents/references/hg19/hg19.fa /mnt/sequencing/Lungcancer/deep_wgs/fastq/P18754_1045_S3_R1.fastq.gz /mnt/sequencing/Lungcancer/deep_wgs/fastq/P18754_1045_S3_R2.fastq.gz | samtools sort -o /mnt/sequencing/Lungcancer/deep_wgs/bamfiles/P18754_1045_S3.bam && samtools index -@ 38 /mnt/sequencing/Lungcancer/deep_wgs/bamfiles/P18754_1045_S3.bam

[Tue Jul 19 09:49:16 2022]
rule bwa_map_pe:
    input: /mnt/AchTeraD/Documents/references/hg19/hg19.fa, /mnt/sequencing/Lungcancer/deep_wgs/fastq/P18754_1019_S18_R1.fastq.gz, /mnt/sequencing/Lungcancer/deep_wgs/fastq/P18754_1019_S18_R2.fastq.gz
    output: /mnt/sequencing/Lungcancer/deep_wgs/bamfiles/P18754_1019_S18.bam, /mnt/sequencing/Lungcancer/deep_wgs/bamfiles/P18754_1019_S18.bam.bai
    jobid: 26
    wildcards: sample=P18754_1019_S18
    priority: 1
    threads: 38

bwa mem -M -t 38 -R '@RG\tID:P18754_1019_S18\tSM:P18754_1019_S18\tPL:ILLUMINA' /mnt/AchTeraD/Documents/references/hg19/hg19.fa /mnt/sequencing/Lungcancer/deep_wgs/fastq/P18754_1019_S18_R1.fastq.gz /mnt/sequencing/Lungcancer/deep_wgs/fastq/P18754_1019_S18_R2.fastq.gz | samtools sort -o /mnt/sequencing/Lungcancer/deep_wgs/bamfiles/P18754_1019_S18.bam && samtools index -@ 38 /mnt/sequencing/Lungcancer/deep_wgs/bamfiles/P18754_1019_S18.bam

[Tue Jul 19 09:49:16 2022]
rule bwa_map_pe:
    input: /mnt/AchTeraD/Documents/references/hg19/hg19.fa, /mnt/sequencing/Lungcancer/deep_wgs/fastq/P18754_1037_S33_R1.fastq.gz, /mnt/sequencing/Lungcancer/deep_wgs/fastq/P18754_1037_S33_R2.fastq.gz
    output: /mnt/sequencing/Lungcancer/deep_wgs/bamfiles/P18754_1037_S33.bam, /mnt/sequencing/Lungcancer/deep_wgs/bamfiles/P18754_1037_S33.bam.bai
    jobid: 34
    wildcards: sample=P18754_1037_S33
    priority: 1
    threads: 38

bwa mem -M -t 38 -R '@RG\tID:P18754_1037_S33\tSM:P18754_1037_S33\tPL:ILLUMINA' /mnt/AchTeraD/Documents/references/hg19/hg19.fa /mnt/sequencing/Lungcancer/deep_wgs/fastq/P18754_1037_S33_R1.fastq.gz /mnt/sequencing/Lungcancer/deep_wgs/fastq/P18754_1037_S33_R2.fastq.gz | samtools sort -o /mnt/sequencing/Lungcancer/deep_wgs/bamfiles/P18754_1037_S33.bam && samtools index -@ 38 /mnt/sequencing/Lungcancer/deep_wgs/bamfiles/P18754_1037_S33.bam

[Tue Jul 19 09:49:16 2022]
rule bwa_map_pe:
    input: /mnt/AchTeraD/Documents/references/hg19/hg19.fa, /mnt/sequencing/Lungcancer/deep_wgs/fastq/P18754_1030_S29_R1.fastq.gz, /mnt/sequencing/Lungcancer/deep_wgs/fastq/P18754_1030_S29_R2.fastq.gz
    output: /mnt/sequencing/Lungcancer/deep_wgs/bamfiles/P18754_1030_S29.bam, /mnt/sequencing/Lungcancer/deep_wgs/bamfiles/P18754_1030_S29.bam.bai
    jobid: 54
    wildcards: sample=P18754_1030_S29
    priority: 1
    threads: 38

bwa mem -M -t 38 -R '@RG\tID:P18754_1030_S29\tSM:P18754_1030_S29\tPL:ILLUMINA' /mnt/AchTeraD/Documents/references/hg19/hg19.fa /mnt/sequencing/Lungcancer/deep_wgs/fastq/P18754_1030_S29_R1.fastq.gz /mnt/sequencing/Lungcancer/deep_wgs/fastq/P18754_1030_S29_R2.fastq.gz | samtools sort -o /mnt/sequencing/Lungcancer/deep_wgs/bamfiles/P18754_1030_S29.bam && samtools index -@ 38 /mnt/sequencing/Lungcancer/deep_wgs/bamfiles/P18754_1030_S29.bam

[Tue Jul 19 09:49:16 2022]
rule bwa_map_pe:
    input: /mnt/AchTeraD/Documents/references/hg19/hg19.fa, /mnt/sequencing/Lungcancer/deep_wgs/fastq/P18754_1040_S39_R1.fastq.gz, /mnt/sequencing/Lungcancer/deep_wgs/fastq/P18754_1040_S39_R2.fastq.gz
    output: /mnt/sequencing/Lungcancer/deep_wgs/bamfiles/P18754_1040_S39.bam, /mnt/sequencing/Lungcancer/deep_wgs/bamfiles/P18754_1040_S39.bam.bai
    jobid: 92
    wildcards: sample=P18754_1040_S39
    priority: 1
    threads: 38

bwa mem -M -t 38 -R '@RG\tID:P18754_1040_S39\tSM:P18754_1040_S39\tPL:ILLUMINA' /mnt/AchTeraD/Documents/references/hg19/hg19.fa /mnt/sequencing/Lungcancer/deep_wgs/fastq/P18754_1040_S39_R1.fastq.gz /mnt/sequencing/Lungcancer/deep_wgs/fastq/P18754_1040_S39_R2.fastq.gz | samtools sort -o /mnt/sequencing/Lungcancer/deep_wgs/bamfiles/P18754_1040_S39.bam && samtools index -@ 38 /mnt/sequencing/Lungcancer/deep_wgs/bamfiles/P18754_1040_S39.bam

[Tue Jul 19 09:49:16 2022]
rule bwa_map_pe:
    input: /mnt/AchTeraD/Documents/references/hg19/hg19.fa, /mnt/sequencing/Lungcancer/deep_wgs/fastq/P18754_1046_S4_R1.fastq.gz, /mnt/sequencing/Lungcancer/deep_wgs/fastq/P18754_1046_S4_R2.fastq.gz
    output: /mnt/sequencing/Lungcancer/deep_wgs/bamfiles/P18754_1046_S4.bam, /mnt/sequencing/Lungcancer/deep_wgs/bamfiles/P18754_1046_S4.bam.bai
    jobid: 20
    wildcards: sample=P18754_1046_S4
    priority: 1
    threads: 38

bwa mem -M -t 38 -R '@RG\tID:P18754_1046_S4\tSM:P18754_1046_S4\tPL:ILLUMINA' /mnt/AchTeraD/Documents/references/hg19/hg19.fa /mnt/sequencing/Lungcancer/deep_wgs/fastq/P18754_1046_S4_R1.fastq.gz /mnt/sequencing/Lungcancer/deep_wgs/fastq/P18754_1046_S4_R2.fastq.gz | samtools sort -o /mnt/sequencing/Lungcancer/deep_wgs/bamfiles/P18754_1046_S4.bam && samtools index -@ 38 /mnt/sequencing/Lungcancer/deep_wgs/bamfiles/P18754_1046_S4.bam

[Tue Jul 19 09:49:16 2022]
rule bwa_map_pe:
    input: /mnt/AchTeraD/Documents/references/hg19/hg19.fa, /mnt/sequencing/Lungcancer/deep_wgs/fastq/P18754_1010_S8_R1.fastq.gz, /mnt/sequencing/Lungcancer/deep_wgs/fastq/P18754_1010_S8_R2.fastq.gz
    output: /mnt/sequencing/Lungcancer/deep_wgs/bamfiles/P18754_1010_S8.bam, /mnt/sequencing/Lungcancer/deep_wgs/bamfiles/P18754_1010_S8.bam.bai
    jobid: 40
    wildcards: sample=P18754_1010_S8
    priority: 1
    threads: 38

bwa mem -M -t 38 -R '@RG\tID:P18754_1010_S8\tSM:P18754_1010_S8\tPL:ILLUMINA' /mnt/AchTeraD/Documents/references/hg19/hg19.fa /mnt/sequencing/Lungcancer/deep_wgs/fastq/P18754_1010_S8_R1.fastq.gz /mnt/sequencing/Lungcancer/deep_wgs/fastq/P18754_1010_S8_R2.fastq.gz | samtools sort -o /mnt/sequencing/Lungcancer/deep_wgs/bamfiles/P18754_1010_S8.bam && samtools index -@ 38 /mnt/sequencing/Lungcancer/deep_wgs/bamfiles/P18754_1010_S8.bam

[Tue Jul 19 09:49:16 2022]
rule bwa_map_pe:
    input: /mnt/AchTeraD/Documents/references/hg19/hg19.fa, /mnt/sequencing/Lungcancer/deep_wgs/fastq/P18754_1003_S10_R1.fastq.gz, /mnt/sequencing/Lungcancer/deep_wgs/fastq/P18754_1003_S10_R2.fastq.gz
    output: /mnt/sequencing/Lungcancer/deep_wgs/bamfiles/P18754_1003_S10.bam, /mnt/sequencing/Lungcancer/deep_wgs/bamfiles/P18754_1003_S10.bam.bai
    jobid: 60
    wildcards: sample=P18754_1003_S10
    priority: 1
    threads: 38

bwa mem -M -t 38 -R '@RG\tID:P18754_1003_S10\tSM:P18754_1003_S10\tPL:ILLUMINA' /mnt/AchTeraD/Documents/references/hg19/hg19.fa /mnt/sequencing/Lungcancer/deep_wgs/fastq/P18754_1003_S10_R1.fastq.gz /mnt/sequencing/Lungcancer/deep_wgs/fastq/P18754_1003_S10_R2.fastq.gz | samtools sort -o /mnt/sequencing/Lungcancer/deep_wgs/bamfiles/P18754_1003_S10.bam && samtools index -@ 38 /mnt/sequencing/Lungcancer/deep_wgs/bamfiles/P18754_1003_S10.bam

[Tue Jul 19 09:49:16 2022]
rule bwa_map_pe:
    input: /mnt/AchTeraD/Documents/references/hg19/hg19.fa, /mnt/sequencing/Lungcancer/deep_wgs/fastq/P18754_1039_S34_R1.fastq.gz, /mnt/sequencing/Lungcancer/deep_wgs/fastq/P18754_1039_S34_R2.fastq.gz
    output: /mnt/sequencing/Lungcancer/deep_wgs/bamfiles/P18754_1039_S34.bam, /mnt/sequencing/Lungcancer/deep_wgs/bamfiles/P18754_1039_S34.bam.bai
    jobid: 120
    wildcards: sample=P18754_1039_S34
    priority: 1
    threads: 38

bwa mem -M -t 38 -R '@RG\tID:P18754_1039_S34\tSM:P18754_1039_S34\tPL:ILLUMINA' /mnt/AchTeraD/Documents/references/hg19/hg19.fa /mnt/sequencing/Lungcancer/deep_wgs/fastq/P18754_1039_S34_R1.fastq.gz /mnt/sequencing/Lungcancer/deep_wgs/fastq/P18754_1039_S34_R2.fastq.gz | samtools sort -o /mnt/sequencing/Lungcancer/deep_wgs/bamfiles/P18754_1039_S34.bam && samtools index -@ 38 /mnt/sequencing/Lungcancer/deep_wgs/bamfiles/P18754_1039_S34.bam

[Tue Jul 19 09:49:16 2022]
rule bwa_map_pe:
    input: /mnt/AchTeraD/Documents/references/hg19/hg19.fa, /mnt/sequencing/Lungcancer/deep_wgs/fastq/P18754_1058_S16_R1.fastq.gz, /mnt/sequencing/Lungcancer/deep_wgs/fastq/P18754_1058_S16_R2.fastq.gz
    output: /mnt/sequencing/Lungcancer/deep_wgs/bamfiles/P18754_1058_S16.bam, /mnt/sequencing/Lungcancer/deep_wgs/bamfiles/P18754_1058_S16.bam.bai
    jobid: 6
    wildcards: sample=P18754_1058_S16
    priority: 1
    threads: 38

bwa mem -M -t 38 -R '@RG\tID:P18754_1058_S16\tSM:P18754_1058_S16\tPL:ILLUMINA' /mnt/AchTeraD/Documents/references/hg19/hg19.fa /mnt/sequencing/Lungcancer/deep_wgs/fastq/P18754_1058_S16_R1.fastq.gz /mnt/sequencing/Lungcancer/deep_wgs/fastq/P18754_1058_S16_R2.fastq.gz | samtools sort -o /mnt/sequencing/Lungcancer/deep_wgs/bamfiles/P18754_1058_S16.bam && samtools index -@ 38 /mnt/sequencing/Lungcancer/deep_wgs/bamfiles/P18754_1058_S16.bam

[Tue Jul 19 09:49:16 2022]
rule bwa_map_pe:
    input: /mnt/AchTeraD/Documents/references/hg19/hg19.fa, /mnt/sequencing/Lungcancer/deep_wgs/fastq/P18754_1050_S8_R1.fastq.gz, /mnt/sequencing/Lungcancer/deep_wgs/fastq/P18754_1050_S8_R2.fastq.gz
    output: /mnt/sequencing/Lungcancer/deep_wgs/bamfiles/P18754_1050_S8.bam, /mnt/sequencing/Lungcancer/deep_wgs/bamfiles/P18754_1050_S8.bam.bai
    jobid: 22
    wildcards: sample=P18754_1050_S8
    priority: 1
    threads: 38

bwa mem -M -t 38 -R '@RG\tID:P18754_1050_S8\tSM:P18754_1050_S8\tPL:ILLUMINA' /mnt/AchTeraD/Documents/references/hg19/hg19.fa /mnt/sequencing/Lungcancer/deep_wgs/fastq/P18754_1050_S8_R1.fastq.gz /mnt/sequencing/Lungcancer/deep_wgs/fastq/P18754_1050_S8_R2.fastq.gz | samtools sort -o /mnt/sequencing/Lungcancer/deep_wgs/bamfiles/P18754_1050_S8.bam && samtools index -@ 38 /mnt/sequencing/Lungcancer/deep_wgs/bamfiles/P18754_1050_S8.bam

[Tue Jul 19 09:49:16 2022]
rule bwa_map_pe:
    input: /mnt/AchTeraD/Documents/references/hg19/hg19.fa, /mnt/sequencing/Lungcancer/deep_wgs/fastq/P18754_1012_S14_R1.fastq.gz, /mnt/sequencing/Lungcancer/deep_wgs/fastq/P18754_1012_S14_R2.fastq.gz
    output: /mnt/sequencing/Lungcancer/deep_wgs/bamfiles/P18754_1012_S14.bam, /mnt/sequencing/Lungcancer/deep_wgs/bamfiles/P18754_1012_S14.bam.bai
    jobid: 36
    wildcards: sample=P18754_1012_S14
    priority: 1
    threads: 38

bwa mem -M -t 38 -R '@RG\tID:P18754_1012_S14\tSM:P18754_1012_S14\tPL:ILLUMINA' /mnt/AchTeraD/Documents/references/hg19/hg19.fa /mnt/sequencing/Lungcancer/deep_wgs/fastq/P18754_1012_S14_R1.fastq.gz /mnt/sequencing/Lungcancer/deep_wgs/fastq/P18754_1012_S14_R2.fastq.gz | samtools sort -o /mnt/sequencing/Lungcancer/deep_wgs/bamfiles/P18754_1012_S14.bam && samtools index -@ 38 /mnt/sequencing/Lungcancer/deep_wgs/bamfiles/P18754_1012_S14.bam

[Tue Jul 19 09:49:16 2022]
rule bwa_map_pe:
    input: /mnt/AchTeraD/Documents/references/hg19/hg19.fa, /mnt/sequencing/Lungcancer/deep_wgs/fastq/P18754_1031_S30_R1.fastq.gz, /mnt/sequencing/Lungcancer/deep_wgs/fastq/P18754_1031_S30_R2.fastq.gz
    output: /mnt/sequencing/Lungcancer/deep_wgs/bamfiles/P18754_1031_S30.bam, /mnt/sequencing/Lungcancer/deep_wgs/bamfiles/P18754_1031_S30.bam.bai
    jobid: 64
    wildcards: sample=P18754_1031_S30
    priority: 1
    threads: 38

bwa mem -M -t 38 -R '@RG\tID:P18754_1031_S30\tSM:P18754_1031_S30\tPL:ILLUMINA' /mnt/AchTeraD/Documents/references/hg19/hg19.fa /mnt/sequencing/Lungcancer/deep_wgs/fastq/P18754_1031_S30_R1.fastq.gz /mnt/sequencing/Lungcancer/deep_wgs/fastq/P18754_1031_S30_R2.fastq.gz | samtools sort -o /mnt/sequencing/Lungcancer/deep_wgs/bamfiles/P18754_1031_S30.bam && samtools index -@ 38 /mnt/sequencing/Lungcancer/deep_wgs/bamfiles/P18754_1031_S30.bam

[Tue Jul 19 09:49:16 2022]
rule bwa_map_pe:
    input: /mnt/AchTeraD/Documents/references/hg19/hg19.fa, /mnt/sequencing/Lungcancer/deep_wgs/fastq/P18754_1015_S12_R1.fastq.gz, /mnt/sequencing/Lungcancer/deep_wgs/fastq/P18754_1015_S12_R2.fastq.gz
    output: /mnt/sequencing/Lungcancer/deep_wgs/bamfiles/P18754_1015_S12.bam, /mnt/sequencing/Lungcancer/deep_wgs/bamfiles/P18754_1015_S12.bam.bai
    jobid: 106
    wildcards: sample=P18754_1015_S12
    priority: 1
    threads: 38

bwa mem -M -t 38 -R '@RG\tID:P18754_1015_S12\tSM:P18754_1015_S12\tPL:ILLUMINA' /mnt/AchTeraD/Documents/references/hg19/hg19.fa /mnt/sequencing/Lungcancer/deep_wgs/fastq/P18754_1015_S12_R1.fastq.gz /mnt/sequencing/Lungcancer/deep_wgs/fastq/P18754_1015_S12_R2.fastq.gz | samtools sort -o /mnt/sequencing/Lungcancer/deep_wgs/bamfiles/P18754_1015_S12.bam && samtools index -@ 38 /mnt/sequencing/Lungcancer/deep_wgs/bamfiles/P18754_1015_S12.bam

[Tue Jul 19 09:49:16 2022]
rule bwa_map_pe:
    input: /mnt/AchTeraD/Documents/references/hg19/hg19.fa, /mnt/sequencing/Lungcancer/deep_wgs/fastq/P18754_1016_S19_R1.fastq.gz, /mnt/sequencing/Lungcancer/deep_wgs/fastq/P18754_1016_S19_R2.fastq.gz
    output: /mnt/sequencing/Lungcancer/deep_wgs/bamfiles/P18754_1016_S19.bam, /mnt/sequencing/Lungcancer/deep_wgs/bamfiles/P18754_1016_S19.bam.bai
    jobid: 70
    wildcards: sample=P18754_1016_S19
    priority: 1
    threads: 38

bwa mem -M -t 38 -R '@RG\tID:P18754_1016_S19\tSM:P18754_1016_S19\tPL:ILLUMINA' /mnt/AchTeraD/Documents/references/hg19/hg19.fa /mnt/sequencing/Lungcancer/deep_wgs/fastq/P18754_1016_S19_R1.fastq.gz /mnt/sequencing/Lungcancer/deep_wgs/fastq/P18754_1016_S19_R2.fastq.gz | samtools sort -o /mnt/sequencing/Lungcancer/deep_wgs/bamfiles/P18754_1016_S19.bam && samtools index -@ 38 /mnt/sequencing/Lungcancer/deep_wgs/bamfiles/P18754_1016_S19.bam

[Tue Jul 19 09:49:16 2022]
rule bwa_map_pe:
    input: /mnt/AchTeraD/Documents/references/hg19/hg19.fa, /mnt/sequencing/Lungcancer/deep_wgs/fastq/P18754_1052_S10_R1.fastq.gz, /mnt/sequencing/Lungcancer/deep_wgs/fastq/P18754_1052_S10_R2.fastq.gz
    output: /mnt/sequencing/Lungcancer/deep_wgs/bamfiles/P18754_1052_S10.bam, /mnt/sequencing/Lungcancer/deep_wgs/bamfiles/P18754_1052_S10.bam.bai
    jobid: 110
    wildcards: sample=P18754_1052_S10
    priority: 1
    threads: 38

bwa mem -M -t 38 -R '@RG\tID:P18754_1052_S10\tSM:P18754_1052_S10\tPL:ILLUMINA' /mnt/AchTeraD/Documents/references/hg19/hg19.fa /mnt/sequencing/Lungcancer/deep_wgs/fastq/P18754_1052_S10_R1.fastq.gz /mnt/sequencing/Lungcancer/deep_wgs/fastq/P18754_1052_S10_R2.fastq.gz | samtools sort -o /mnt/sequencing/Lungcancer/deep_wgs/bamfiles/P18754_1052_S10.bam && samtools index -@ 38 /mnt/sequencing/Lungcancer/deep_wgs/bamfiles/P18754_1052_S10.bam

[Tue Jul 19 09:49:16 2022]
rule bwa_map_pe:
    input: /mnt/AchTeraD/Documents/references/hg19/hg19.fa, /mnt/sequencing/Lungcancer/deep_wgs/fastq/P18754_1043_S1_R1.fastq.gz, /mnt/sequencing/Lungcancer/deep_wgs/fastq/P18754_1043_S1_R2.fastq.gz
    output: /mnt/sequencing/Lungcancer/deep_wgs/bamfiles/P18754_1043_S1.bam, /mnt/sequencing/Lungcancer/deep_wgs/bamfiles/P18754_1043_S1.bam.bai
    jobid: 2
    wildcards: sample=P18754_1043_S1
    priority: 1
    threads: 38

bwa mem -M -t 38 -R '@RG\tID:P18754_1043_S1\tSM:P18754_1043_S1\tPL:ILLUMINA' /mnt/AchTeraD/Documents/references/hg19/hg19.fa /mnt/sequencing/Lungcancer/deep_wgs/fastq/P18754_1043_S1_R1.fastq.gz /mnt/sequencing/Lungcancer/deep_wgs/fastq/P18754_1043_S1_R2.fastq.gz | samtools sort -o /mnt/sequencing/Lungcancer/deep_wgs/bamfiles/P18754_1043_S1.bam && samtools index -@ 38 /mnt/sequencing/Lungcancer/deep_wgs/bamfiles/P18754_1043_S1.bam

[Tue Jul 19 09:49:16 2022]
rule bwa_map_pe:
    input: /mnt/AchTeraD/Documents/references/hg19/hg19.fa, /mnt/sequencing/Lungcancer/deep_wgs/fastq/P18754_1020_S21_R1.fastq.gz, /mnt/sequencing/Lungcancer/deep_wgs/fastq/P18754_1020_S21_R2.fastq.gz
    output: /mnt/sequencing/Lungcancer/deep_wgs/bamfiles/P18754_1020_S21.bam, /mnt/sequencing/Lungcancer/deep_wgs/bamfiles/P18754_1020_S21.bam.bai
    jobid: 102
    wildcards: sample=P18754_1020_S21
    priority: 1
    threads: 38

bwa mem -M -t 38 -R '@RG\tID:P18754_1020_S21\tSM:P18754_1020_S21\tPL:ILLUMINA' /mnt/AchTeraD/Documents/references/hg19/hg19.fa /mnt/sequencing/Lungcancer/deep_wgs/fastq/P18754_1020_S21_R1.fastq.gz /mnt/sequencing/Lungcancer/deep_wgs/fastq/P18754_1020_S21_R2.fastq.gz | samtools sort -o /mnt/sequencing/Lungcancer/deep_wgs/bamfiles/P18754_1020_S21.bam && samtools index -@ 38 /mnt/sequencing/Lungcancer/deep_wgs/bamfiles/P18754_1020_S21.bam
ProtectedOutputException in line 56 of /mnt/AchTeraD/Documents/Projects/LungCancer/manuscript/repository/preprocessing/WGS_WES/Snakefile:
Write-protected output files for rule deduplication:
/mnt/sequencing/Lungcancer/deep_wgs/bamfiles/P18754_1033_S35.dedup.bam
  File "/home/luukharbers/miniconda3/lib/python3.8/site-packages/snakemake/executors/__init__.py", line 131, in run_jobs
  File "/home/luukharbers/miniconda3/lib/python3.8/site-packages/snakemake/executors/__init__.py", line 140, in run
  File "/home/luukharbers/miniconda3/lib/python3.8/site-packages/snakemake/executors/__init__.py", line 150, in _run
