Building DAG of jobs...
Using shell: /usr/bin/bash
Provided cores: 32
Rules claiming more threads will be scaled down.
Job counts:
	count	jobs
	24	aflred_post
	1	all
	4	bwa_map_pe
	4	deduplication
	1	qc
	34
Select jobs to execute...

[Tue Jun 21 13:46:08 2022]
rule bwa_map_pe:
    input: /mnt/AchTeraD/Documents/references/hg19/hg19.fa, /mnt/sequencing/Lungcancer/deep_wgs/fastq/P18754_1052_S10_R1.fastq.gz, /mnt/sequencing/Lungcancer/deep_wgs/fastq/P18754_1052_S10_R2.fastq.gz
    output: /mnt/sequencing/Lungcancer/deep_wgs/bamfiles/P18754_1052_S10.bam, /mnt/sequencing/Lungcancer/deep_wgs/bamfiles/P18754_1052_S10.bam.bai
    jobid: 46
    wildcards: sample=P18754_1052_S10
    priority: 1
    threads: 32

bwa mem -M -t 32 -R '@RG\tID:P18754_1052_S10\tSM:P18754_1052_S10\tPL:ILLUMINA' /mnt/AchTeraD/Documents/references/hg19/hg19.fa /mnt/sequencing/Lungcancer/deep_wgs/fastq/P18754_1052_S10_R1.fastq.gz /mnt/sequencing/Lungcancer/deep_wgs/fastq/P18754_1052_S10_R2.fastq.gz | samtools sort -o /mnt/sequencing/Lungcancer/deep_wgs/bamfiles/P18754_1052_S10.bam && samtools index -@ 32 /mnt/sequencing/Lungcancer/deep_wgs/bamfiles/P18754_1052_S10.bam
Removing temporary output file /mnt/sequencing/Lungcancer/deep_wgs/bamfiles/P18754_1052_S10.bam.bai.
[Wed Jun 22 07:26:22 2022]
Finished job 46.
1 of 34 steps (3%) done
Select jobs to execute...

[Wed Jun 22 07:26:22 2022]
rule bwa_map_pe:
    input: /mnt/AchTeraD/Documents/references/hg19/hg19.fa, /mnt/sequencing/Lungcancer/deep_wgs/fastq/P18754_1009_S9_R1.fastq.gz, /mnt/sequencing/Lungcancer/deep_wgs/fastq/P18754_1009_S9_R2.fastq.gz
    output: /mnt/sequencing/Lungcancer/deep_wgs/bamfiles/P18754_1009_S9.bam, /mnt/sequencing/Lungcancer/deep_wgs/bamfiles/P18754_1009_S9.bam.bai
    jobid: 36
    wildcards: sample=P18754_1009_S9
    priority: 1
    threads: 32

bwa mem -M -t 32 -R '@RG\tID:P18754_1009_S9\tSM:P18754_1009_S9\tPL:ILLUMINA' /mnt/AchTeraD/Documents/references/hg19/hg19.fa /mnt/sequencing/Lungcancer/deep_wgs/fastq/P18754_1009_S9_R1.fastq.gz /mnt/sequencing/Lungcancer/deep_wgs/fastq/P18754_1009_S9_R2.fastq.gz | samtools sort -o /mnt/sequencing/Lungcancer/deep_wgs/bamfiles/P18754_1009_S9.bam && samtools index -@ 32 /mnt/sequencing/Lungcancer/deep_wgs/bamfiles/P18754_1009_S9.bam
[Thu Jun 23 19:27:24 2022]
Error in rule bwa_map_pe:
    jobid: 36
    output: /mnt/sequencing/Lungcancer/deep_wgs/bamfiles/P18754_1009_S9.bam, /mnt/sequencing/Lungcancer/deep_wgs/bamfiles/P18754_1009_S9.bam.bai
    shell:
        bwa mem -M -t 32 -R '@RG\tID:P18754_1009_S9\tSM:P18754_1009_S9\tPL:ILLUMINA' /mnt/AchTeraD/Documents/references/hg19/hg19.fa /mnt/sequencing/Lungcancer/deep_wgs/fastq/P18754_1009_S9_R1.fastq.gz /mnt/sequencing/Lungcancer/deep_wgs/fastq/P18754_1009_S9_R2.fastq.gz | samtools sort -o /mnt/sequencing/Lungcancer/deep_wgs/bamfiles/P18754_1009_S9.bam && samtools index -@ 32 /mnt/sequencing/Lungcancer/deep_wgs/bamfiles/P18754_1009_S9.bam
        (one of the commands exited with non-zero exit code; note that snakemake uses bash strict mode!)

Job failed, going on with independent jobs.
Select jobs to execute...

[Thu Jun 23 19:27:24 2022]
rule bwa_map_pe:
    input: /mnt/AchTeraD/Documents/references/hg19/hg19.fa, /mnt/sequencing/Lungcancer/deep_wgs/fastq/P18754_1030_S29_R1.fastq.gz, /mnt/sequencing/Lungcancer/deep_wgs/fastq/P18754_1030_S29_R2.fastq.gz
    output: /mnt/sequencing/Lungcancer/deep_wgs/bamfiles/P18754_1030_S29.bam, /mnt/sequencing/Lungcancer/deep_wgs/bamfiles/P18754_1030_S29.bam.bai
    jobid: 20
    wildcards: sample=P18754_1030_S29
    priority: 1
    threads: 32

bwa mem -M -t 32 -R '@RG\tID:P18754_1030_S29\tSM:P18754_1030_S29\tPL:ILLUMINA' /mnt/AchTeraD/Documents/references/hg19/hg19.fa /mnt/sequencing/Lungcancer/deep_wgs/fastq/P18754_1030_S29_R1.fastq.gz /mnt/sequencing/Lungcancer/deep_wgs/fastq/P18754_1030_S29_R2.fastq.gz | samtools sort -o /mnt/sequencing/Lungcancer/deep_wgs/bamfiles/P18754_1030_S29.bam && samtools index -@ 32 /mnt/sequencing/Lungcancer/deep_wgs/bamfiles/P18754_1030_S29.bam
Removing temporary output file /mnt/sequencing/Lungcancer/deep_wgs/bamfiles/P18754_1030_S29.bam.bai.
[Fri Jun 24 09:22:07 2022]
Finished job 20.
2 of 34 steps (6%) done
Select jobs to execute...

[Fri Jun 24 09:22:07 2022]
rule bwa_map_pe:
    input: /mnt/AchTeraD/Documents/references/hg19/hg19.fa, /mnt/sequencing/Lungcancer/deep_wgs/fastq/P18754_1015_S12_R1.fastq.gz, /mnt/sequencing/Lungcancer/deep_wgs/fastq/P18754_1015_S12_R2.fastq.gz
    output: /mnt/sequencing/Lungcancer/deep_wgs/bamfiles/P18754_1015_S12.bam, /mnt/sequencing/Lungcancer/deep_wgs/bamfiles/P18754_1015_S12.bam.bai
    jobid: 42
    wildcards: sample=P18754_1015_S12
    priority: 1
    threads: 32

bwa mem -M -t 32 -R '@RG\tID:P18754_1015_S12\tSM:P18754_1015_S12\tPL:ILLUMINA' /mnt/AchTeraD/Documents/references/hg19/hg19.fa /mnt/sequencing/Lungcancer/deep_wgs/fastq/P18754_1015_S12_R1.fastq.gz /mnt/sequencing/Lungcancer/deep_wgs/fastq/P18754_1015_S12_R2.fastq.gz | samtools sort -o /mnt/sequencing/Lungcancer/deep_wgs/bamfiles/P18754_1015_S12.bam && samtools index -@ 32 /mnt/sequencing/Lungcancer/deep_wgs/bamfiles/P18754_1015_S12.bam
[Sat Jun 25 16:21:21 2022]
Error in rule bwa_map_pe:
    jobid: 42
    output: /mnt/sequencing/Lungcancer/deep_wgs/bamfiles/P18754_1015_S12.bam, /mnt/sequencing/Lungcancer/deep_wgs/bamfiles/P18754_1015_S12.bam.bai
    shell:
        bwa mem -M -t 32 -R '@RG\tID:P18754_1015_S12\tSM:P18754_1015_S12\tPL:ILLUMINA' /mnt/AchTeraD/Documents/references/hg19/hg19.fa /mnt/sequencing/Lungcancer/deep_wgs/fastq/P18754_1015_S12_R1.fastq.gz /mnt/sequencing/Lungcancer/deep_wgs/fastq/P18754_1015_S12_R2.fastq.gz | samtools sort -o /mnt/sequencing/Lungcancer/deep_wgs/bamfiles/P18754_1015_S12.bam && samtools index -@ 32 /mnt/sequencing/Lungcancer/deep_wgs/bamfiles/P18754_1015_S12.bam
        (one of the commands exited with non-zero exit code; note that snakemake uses bash strict mode!)

Job failed, going on with independent jobs.
Select jobs to execute...

[Sat Jun 25 16:21:21 2022]
rule aflred_post:
    input: /mnt/sequencing/Lungcancer/deep_wgs/bamfiles/P18754_1033_S35.dedup.bam, /mnt/AchTeraD/Documents/references/hg19/hg19.fa
    output: /mnt/sequencing/Lungcancer/deep_wgs/stats/P18754_1033_S35.dedup.tsv.gz
    jobid: 50
    wildcards: sample=P18754_1033_S35

/home/luukharbers/alfred/bin/alfred qc -r /mnt/AchTeraD/Documents/references/hg19/hg19.fa -o /mnt/sequencing/Lungcancer/deep_wgs/stats/P18754_1033_S35.dedup.tsv.gz /mnt/sequencing/Lungcancer/deep_wgs/bamfiles/P18754_1033_S35.dedup.bam

[Sat Jun 25 16:21:21 2022]
rule aflred_post:
    input: /mnt/sequencing/Lungcancer/deep_wgs/bamfiles/P18754_1056_S14.dedup.bam, /mnt/AchTeraD/Documents/references/hg19/hg19.fa
    output: /mnt/sequencing/Lungcancer/deep_wgs/stats/P18754_1056_S14.dedup.tsv.gz
    jobid: 57
    wildcards: sample=P18754_1056_S14

/home/luukharbers/alfred/bin/alfred qc -r /mnt/AchTeraD/Documents/references/hg19/hg19.fa -o /mnt/sequencing/Lungcancer/deep_wgs/stats/P18754_1056_S14.dedup.tsv.gz /mnt/sequencing/Lungcancer/deep_wgs/bamfiles/P18754_1056_S14.dedup.bam

[Sat Jun 25 16:21:21 2022]
rule aflred_post:
    input: /mnt/sequencing/Lungcancer/deep_wgs/bamfiles/P18754_1008_S6.dedup.bam, /mnt/AchTeraD/Documents/references/hg19/hg19.fa
    output: /mnt/sequencing/Lungcancer/deep_wgs/stats/P18754_1008_S6.dedup.tsv.gz
    jobid: 53
    wildcards: sample=P18754_1008_S6

/home/luukharbers/alfred/bin/alfred qc -r /mnt/AchTeraD/Documents/references/hg19/hg19.fa -o /mnt/sequencing/Lungcancer/deep_wgs/stats/P18754_1008_S6.dedup.tsv.gz /mnt/sequencing/Lungcancer/deep_wgs/bamfiles/P18754_1008_S6.dedup.bam

[Sat Jun 25 16:21:21 2022]
rule aflred_post:
    input: /mnt/sequencing/Lungcancer/deep_wgs/bamfiles/P18754_1014_S22.dedup.bam, /mnt/AchTeraD/Documents/references/hg19/hg19.fa
    output: /mnt/sequencing/Lungcancer/deep_wgs/stats/P18754_1014_S22.dedup.tsv.gz
    jobid: 68
    wildcards: sample=P18754_1014_S22

/home/luukharbers/alfred/bin/alfred qc -r /mnt/AchTeraD/Documents/references/hg19/hg19.fa -o /mnt/sequencing/Lungcancer/deep_wgs/stats/P18754_1014_S22.dedup.tsv.gz /mnt/sequencing/Lungcancer/deep_wgs/bamfiles/P18754_1014_S22.dedup.bam

[Sat Jun 25 16:21:21 2022]
rule aflred_post:
    input: /mnt/sequencing/Lungcancer/deep_wgs/bamfiles/P18754_1031_S30.dedup.bam, /mnt/AchTeraD/Documents/references/hg19/hg19.fa
    output: /mnt/sequencing/Lungcancer/deep_wgs/stats/P18754_1031_S30.dedup.tsv.gz
    jobid: 64
    wildcards: sample=P18754_1031_S30

/home/luukharbers/alfred/bin/alfred qc -r /mnt/AchTeraD/Documents/references/hg19/hg19.fa -o /mnt/sequencing/Lungcancer/deep_wgs/stats/P18754_1031_S30.dedup.tsv.gz /mnt/sequencing/Lungcancer/deep_wgs/bamfiles/P18754_1031_S30.dedup.bam

[Sat Jun 25 16:21:21 2022]
rule aflred_post:
    input: /mnt/sequencing/Lungcancer/deep_wgs/bamfiles/P18754_1017_S15.dedup.bam, /mnt/AchTeraD/Documents/references/hg19/hg19.fa
    output: /mnt/sequencing/Lungcancer/deep_wgs/stats/P18754_1017_S15.dedup.tsv.gz
    jobid: 71
    wildcards: sample=P18754_1017_S15

/home/luukharbers/alfred/bin/alfred qc -r /mnt/AchTeraD/Documents/references/hg19/hg19.fa -o /mnt/sequencing/Lungcancer/deep_wgs/stats/P18754_1017_S15.dedup.tsv.gz /mnt/sequencing/Lungcancer/deep_wgs/bamfiles/P18754_1017_S15.dedup.bam

[Sat Jun 25 16:21:21 2022]
rule aflred_post:
    input: /mnt/sequencing/Lungcancer/deep_wgs/bamfiles/P18754_1046_S4.dedup.bam, /mnt/AchTeraD/Documents/references/hg19/hg19.fa
    output: /mnt/sequencing/Lungcancer/deep_wgs/stats/P18754_1046_S4.dedup.tsv.gz
    jobid: 51
    wildcards: sample=P18754_1046_S4

/home/luukharbers/alfred/bin/alfred qc -r /mnt/AchTeraD/Documents/references/hg19/hg19.fa -o /mnt/sequencing/Lungcancer/deep_wgs/stats/P18754_1046_S4.dedup.tsv.gz /mnt/sequencing/Lungcancer/deep_wgs/bamfiles/P18754_1046_S4.dedup.bam
[Sat Jun 25 16:21:21 2022]
Error in rule aflred_post:
    jobid: 57
    output: /mnt/sequencing/Lungcancer/deep_wgs/stats/P18754_1056_S14.dedup.tsv.gz

    shell:
        /home/luukharbers/alfred/bin/alfred qc -r /mnt/AchTeraD/Documents/references/hg19/hg19.fa -o /mnt/sequencing/Lungcancer/deep_wgs/stats/P18754_1056_S14.dedup.tsv.gz /mnt/sequencing/Lungcancer/deep_wgs/bamfiles/P18754_1056_S14.dedup.bam
        (one of the commands exited with non-zero exit code; note that snakemake uses bash strict mode!)
[Sat Jun 25 16:21:21 2022]
[Sat Jun 25 16:21:21 2022]

rule aflred_post:
    input: /mnt/sequencing/Lungcancer/deep_wgs/bamfiles/P18754_1034_S37.dedup.bam, /mnt/AchTeraD/Documents/references/hg19/hg19.fa
    output: /mnt/sequencing/Lungcancer/deep_wgs/stats/P18754_1034_S37.dedup.tsv.gz
    jobid: 58
    wildcards: sample=P18754_1034_S37
Error in rule aflred_post:
[Sat Jun 25 16:21:21 2022]

    jobid: 50
[Sat Jun 25 16:21:21 2022]
Error in rule aflred_post:
/home/luukharbers/alfred/bin/alfred qc -r /mnt/AchTeraD/Documents/references/hg19/hg19.fa -o /mnt/sequencing/Lungcancer/deep_wgs/stats/P18754_1034_S37.dedup.tsv.gz /mnt/sequencing/Lungcancer/deep_wgs/bamfiles/P18754_1034_S37.dedup.bam
    output: /mnt/sequencing/Lungcancer/deep_wgs/stats/P18754_1033_S35.dedup.tsv.gz
Error in rule aflred_post:
    jobid: 53
    shell:
        /home/luukharbers/alfred/bin/alfred qc -r /mnt/AchTeraD/Documents/references/hg19/hg19.fa -o /mnt/sequencing/Lungcancer/deep_wgs/stats/P18754_1033_S35.dedup.tsv.gz /mnt/sequencing/Lungcancer/deep_wgs/bamfiles/P18754_1033_S35.dedup.bam
        (one of the commands exited with non-zero exit code; note that snakemake uses bash strict mode!)
    jobid: 68
    output: /mnt/sequencing/Lungcancer/deep_wgs/stats/P18754_1008_S6.dedup.tsv.gz


Job failed, going on with independent jobs.
    output: /mnt/sequencing/Lungcancer/deep_wgs/stats/P18754_1014_S22.dedup.tsv.gz
    shell:
        /home/luukharbers/alfred/bin/alfred qc -r /mnt/AchTeraD/Documents/references/hg19/hg19.fa -o /mnt/sequencing/Lungcancer/deep_wgs/stats/P18754_1008_S6.dedup.tsv.gz /mnt/sequencing/Lungcancer/deep_wgs/bamfiles/P18754_1008_S6.dedup.bam
        (one of the commands exited with non-zero exit code; note that snakemake uses bash strict mode!)
[Sat Jun 25 16:21:21 2022]
    shell:
        /home/luukharbers/alfred/bin/alfred qc -r /mnt/AchTeraD/Documents/references/hg19/hg19.fa -o /mnt/sequencing/Lungcancer/deep_wgs/stats/P18754_1014_S22.dedup.tsv.gz /mnt/sequencing/Lungcancer/deep_wgs/bamfiles/P18754_1014_S22.dedup.bam
        (one of the commands exited with non-zero exit code; note that snakemake uses bash strict mode!)

Job failed, going on with independent jobs.
rule aflred_post:
    input: /mnt/sequencing/Lungcancer/deep_wgs/bamfiles/P18754_1001_S4.dedup.bam, /mnt/AchTeraD/Documents/references/hg19/hg19.fa
    output: /mnt/sequencing/Lungcancer/deep_wgs/stats/P18754_1001_S4.dedup.tsv.gz
    jobid: 60
    wildcards: sample=P18754_1001_S4


[Sat Jun 25 16:21:21 2022]
Job failed, going on with independent jobs.
/home/luukharbers/alfred/bin/alfred qc -r /mnt/AchTeraD/Documents/references/hg19/hg19.fa -o /mnt/sequencing/Lungcancer/deep_wgs/stats/P18754_1001_S4.dedup.tsv.gz /mnt/sequencing/Lungcancer/deep_wgs/bamfiles/P18754_1001_S4.dedup.bam
[Sat Jun 25 16:21:21 2022]
Error in rule aflred_post:
Job failed, going on with independent jobs.
Error in rule aflred_post:
    jobid: 64
    jobid: 71

    output: /mnt/sequencing/Lungcancer/deep_wgs/stats/P18754_1031_S30.dedup.tsv.gz
    output: /mnt/sequencing/Lungcancer/deep_wgs/stats/P18754_1017_S15.dedup.tsv.gz
[Sat Jun 25 16:21:21 2022]
    shell:
        /home/luukharbers/alfred/bin/alfred qc -r /mnt/AchTeraD/Documents/references/hg19/hg19.fa -o /mnt/sequencing/Lungcancer/deep_wgs/stats/P18754_1031_S30.dedup.tsv.gz /mnt/sequencing/Lungcancer/deep_wgs/bamfiles/P18754_1031_S30.dedup.bam
        (one of the commands exited with non-zero exit code; note that snakemake uses bash strict mode!)
    shell:
        /home/luukharbers/alfred/bin/alfred qc -r /mnt/AchTeraD/Documents/references/hg19/hg19.fa -o /mnt/sequencing/Lungcancer/deep_wgs/stats/P18754_1017_S15.dedup.tsv.gz /mnt/sequencing/Lungcancer/deep_wgs/bamfiles/P18754_1017_S15.dedup.bam
        (one of the commands exited with non-zero exit code; note that snakemake uses bash strict mode!)
rule aflred_post:
    input: /mnt/sequencing/Lungcancer/deep_wgs/bamfiles/P18754_1021_S20.dedup.bam, /mnt/AchTeraD/Documents/references/hg19/hg19.fa
    output: /mnt/sequencing/Lungcancer/deep_wgs/stats/P18754_1021_S20.dedup.tsv.gz
    jobid: 61
    wildcards: sample=P18754_1021_S20



/home/luukharbers/alfred/bin/alfred qc -r /mnt/AchTeraD/Documents/references/hg19/hg19.fa -o /mnt/sequencing/Lungcancer/deep_wgs/stats/P18754_1021_S20.dedup.tsv.gz /mnt/sequencing/Lungcancer/deep_wgs/bamfiles/P18754_1021_S20.dedup.bam
Job failed, going on with independent jobs.
Job failed, going on with independent jobs.

[Sat Jun 25 16:21:21 2022]
rule aflred_post:
    input: /mnt/sequencing/Lungcancer/deep_wgs/bamfiles/P18754_1026_S31.dedup.bam, /mnt/AchTeraD/Documents/references/hg19/hg19.fa
    output: /mnt/sequencing/Lungcancer/deep_wgs/stats/P18754_1026_S31.dedup.tsv.gz
    jobid: 65
    wildcards: sample=P18754_1026_S31

[Sat Jun 25 16:21:21 2022]
/home/luukharbers/alfred/bin/alfred qc -r /mnt/AchTeraD/Documents/references/hg19/hg19.fa -o /mnt/sequencing/Lungcancer/deep_wgs/stats/P18754_1026_S31.dedup.tsv.gz /mnt/sequencing/Lungcancer/deep_wgs/bamfiles/P18754_1026_S31.dedup.bam
Error in rule aflred_post:
    jobid: 51
    output: /mnt/sequencing/Lungcancer/deep_wgs/stats/P18754_1046_S4.dedup.tsv.gz
    shell:
        /home/luukharbers/alfred/bin/alfred qc -r /mnt/AchTeraD/Documents/references/hg19/hg19.fa -o /mnt/sequencing/Lungcancer/deep_wgs/stats/P18754_1046_S4.dedup.tsv.gz /mnt/sequencing/Lungcancer/deep_wgs/bamfiles/P18754_1046_S4.dedup.bam
        (one of the commands exited with non-zero exit code; note that snakemake uses bash strict mode!)


[Sat Jun 25 16:21:21 2022]
Job failed, going on with independent jobs.
rule aflred_post:
    input: /mnt/sequencing/Lungcancer/deep_wgs/bamfiles/P18754_1012_S14.dedup.bam, /mnt/AchTeraD/Documents/references/hg19/hg19.fa
    output: /mnt/sequencing/Lungcancer/deep_wgs/stats/P18754_1012_S14.dedup.tsv.gz
    jobid: 55
    wildcards: sample=P18754_1012_S14

/home/luukharbers/alfred/bin/alfred qc -r /mnt/AchTeraD/Documents/references/hg19/hg19.fa -o /mnt/sequencing/Lungcancer/deep_wgs/stats/P18754_1012_S14.dedup.tsv.gz /mnt/sequencing/Lungcancer/deep_wgs/bamfiles/P18754_1012_S14.dedup.bam
[Sat Jun 25 16:21:21 2022]
Error in rule aflred_post:
    jobid: 58
    output: /mnt/sequencing/Lungcancer/deep_wgs/stats/P18754_1034_S37.dedup.tsv.gz
    shell:
        /home/luukharbers/alfred/bin/alfred qc -r /mnt/AchTeraD/Documents/references/hg19/hg19.fa -o /mnt/sequencing/Lungcancer/deep_wgs/stats/P18754_1034_S37.dedup.tsv.gz /mnt/sequencing/Lungcancer/deep_wgs/bamfiles/P18754_1034_S37.dedup.bam
        (one of the commands exited with non-zero exit code; note that snakemake uses bash strict mode!)


[Sat Jun 25 16:21:21 2022]
rule aflred_post:
    input: /mnt/sequencing/Lungcancer/deep_wgs/bamfiles/P18754_1060_S18.dedup.bam, /mnt/AchTeraD/Documents/references/hg19/hg19.fa
    output: /mnt/sequencing/Lungcancer/deep_wgs/stats/P18754_1060_S18.dedup.tsv.gz
    jobid: 69
    wildcards: sample=P18754_1060_S18
Job failed, going on with independent jobs.

/home/luukharbers/alfred/bin/alfred qc -r /mnt/AchTeraD/Documents/references/hg19/hg19.fa -o /mnt/sequencing/Lungcancer/deep_wgs/stats/P18754_1060_S18.dedup.tsv.gz /mnt/sequencing/Lungcancer/deep_wgs/bamfiles/P18754_1060_S18.dedup.bam

[Sat Jun 25 16:21:21 2022]
rule aflred_post:
    input: /mnt/sequencing/Lungcancer/deep_wgs/bamfiles/P18754_1025_S32.dedup.bam, /mnt/AchTeraD/Documents/references/hg19/hg19.fa
    output: /mnt/sequencing/Lungcancer/deep_wgs/stats/P18754_1025_S32.dedup.tsv.gz
    jobid: 54
    wildcards: sample=P18754_1025_S32

/home/luukharbers/alfred/bin/alfred qc -r /mnt/AchTeraD/Documents/references/hg19/hg19.fa -o /mnt/sequencing/Lungcancer/deep_wgs/stats/P18754_1025_S32.dedup.tsv.gz /mnt/sequencing/Lungcancer/deep_wgs/bamfiles/P18754_1025_S32.dedup.bam
[Sat Jun 25 16:21:21 2022]
Error in rule aflred_post:
    jobid: 60

    output: /mnt/sequencing/Lungcancer/deep_wgs/stats/P18754_1001_S4.dedup.tsv.gz
[Sat Jun 25 16:21:21 2022]
    shell:
        /home/luukharbers/alfred/bin/alfred qc -r /mnt/AchTeraD/Documents/references/hg19/hg19.fa -o /mnt/sequencing/Lungcancer/deep_wgs/stats/P18754_1001_S4.dedup.tsv.gz /mnt/sequencing/Lungcancer/deep_wgs/bamfiles/P18754_1001_S4.dedup.bam
        (one of the commands exited with non-zero exit code; note that snakemake uses bash strict mode!)
rule aflred_post:
    input: /mnt/sequencing/Lungcancer/deep_wgs/bamfiles/P18754_1054_S12.dedup.bam, /mnt/AchTeraD/Documents/references/hg19/hg19.fa
    output: /mnt/sequencing/Lungcancer/deep_wgs/stats/P18754_1054_S12.dedup.tsv.gz
    jobid: 73
    wildcards: sample=P18754_1054_S12

[Sat Jun 25 16:21:21 2022]

Error in rule aflred_post:
/home/luukharbers/alfred/bin/alfred qc -r /mnt/AchTeraD/Documents/references/hg19/hg19.fa -o /mnt/sequencing/Lungcancer/deep_wgs/stats/P18754_1054_S12.dedup.tsv.gz /mnt/sequencing/Lungcancer/deep_wgs/bamfiles/P18754_1054_S12.dedup.bam
Job failed, going on with independent jobs.
    jobid: 61
    output: /mnt/sequencing/Lungcancer/deep_wgs/stats/P18754_1021_S20.dedup.tsv.gz
    shell:
        /home/luukharbers/alfred/bin/alfred qc -r /mnt/AchTeraD/Documents/references/hg19/hg19.fa -o /mnt/sequencing/Lungcancer/deep_wgs/stats/P18754_1021_S20.dedup.tsv.gz /mnt/sequencing/Lungcancer/deep_wgs/bamfiles/P18754_1021_S20.dedup.bam
        (one of the commands exited with non-zero exit code; note that snakemake uses bash strict mode!)
[Sat Jun 25 16:21:21 2022]

Error in rule aflred_post:

Job failed, going on with independent jobs.
    jobid: 65
[Sat Jun 25 16:21:21 2022]
    output: /mnt/sequencing/Lungcancer/deep_wgs/stats/P18754_1026_S31.dedup.tsv.gz
rule aflred_post:
    input: /mnt/sequencing/Lungcancer/deep_wgs/bamfiles/P18754_1057_S15.dedup.bam, /mnt/AchTeraD/Documents/references/hg19/hg19.fa
    output: /mnt/sequencing/Lungcancer/deep_wgs/stats/P18754_1057_S15.dedup.tsv.gz
    jobid: 66
    wildcards: sample=P18754_1057_S15
    shell:
        /home/luukharbers/alfred/bin/alfred qc -r /mnt/AchTeraD/Documents/references/hg19/hg19.fa -o /mnt/sequencing/Lungcancer/deep_wgs/stats/P18754_1026_S31.dedup.tsv.gz /mnt/sequencing/Lungcancer/deep_wgs/bamfiles/P18754_1026_S31.dedup.bam
        (one of the commands exited with non-zero exit code; note that snakemake uses bash strict mode!)


/home/luukharbers/alfred/bin/alfred qc -r /mnt/AchTeraD/Documents/references/hg19/hg19.fa -o /mnt/sequencing/Lungcancer/deep_wgs/stats/P18754_1057_S15.dedup.tsv.gz /mnt/sequencing/Lungcancer/deep_wgs/bamfiles/P18754_1057_S15.dedup.bam
Job failed, going on with independent jobs.

[Sat Jun 25 16:21:21 2022]
rule deduplication:
    input: /mnt/sequencing/Lungcancer/deep_wgs/bamfiles/P18754_1030_S29.bam
    output: /mnt/sequencing/Lungcancer/deep_wgs/bamfiles/P18754_1030_S29.dedup.bam, /mnt/sequencing/Lungcancer/deep_wgs/stats/P18754_1030_S29.metrics.txt
    jobid: 19
    wildcards: sample=P18754_1030_S29
    threads: 6

gatk MarkDuplicates -I /mnt/sequencing/Lungcancer/deep_wgs/bamfiles/P18754_1030_S29.bam -O /mnt/sequencing/Lungcancer/deep_wgs/bamfiles/P18754_1030_S29.dedup.bam -M /mnt/sequencing/Lungcancer/deep_wgs/stats/P18754_1030_S29.metrics.txt
[Sat Jun 25 16:21:21 2022]
Error in rule aflred_post:
    jobid: 55
    output: /mnt/sequencing/Lungcancer/deep_wgs/stats/P18754_1012_S14.dedup.tsv.gz
    shell:
        /home/luukharbers/alfred/bin/alfred qc -r /mnt/AchTeraD/Documents/references/hg19/hg19.fa -o /mnt/sequencing/Lungcancer/deep_wgs/stats/P18754_1012_S14.dedup.tsv.gz /mnt/sequencing/Lungcancer/deep_wgs/bamfiles/P18754_1012_S14.dedup.bam
        (one of the commands exited with non-zero exit code; note that snakemake uses bash strict mode!)
[Sat Jun 25 16:21:21 2022]


[Sat Jun 25 16:21:21 2022]
Error in rule aflred_post:
[Sat Jun 25 16:21:21 2022]
Error in rule aflred_post:
    jobid: 69
Job failed, going on with independent jobs.
rule aflred_post:
    input: /mnt/sequencing/Lungcancer/deep_wgs/bamfiles/P18754_1050_S8.dedup.bam, /mnt/AchTeraD/Documents/references/hg19/hg19.fa
    output: /mnt/sequencing/Lungcancer/deep_wgs/stats/P18754_1050_S8.dedup.tsv.gz
    jobid: 52
    wildcards: sample=P18754_1050_S8
    jobid: 54
    output: /mnt/sequencing/Lungcancer/deep_wgs/stats/P18754_1060_S18.dedup.tsv.gz

    output: /mnt/sequencing/Lungcancer/deep_wgs/stats/P18754_1025_S32.dedup.tsv.gz
    shell:
        /home/luukharbers/alfred/bin/alfred qc -r /mnt/AchTeraD/Documents/references/hg19/hg19.fa -o /mnt/sequencing/Lungcancer/deep_wgs/stats/P18754_1060_S18.dedup.tsv.gz /mnt/sequencing/Lungcancer/deep_wgs/bamfiles/P18754_1060_S18.dedup.bam
        (one of the commands exited with non-zero exit code; note that snakemake uses bash strict mode!)
/home/luukharbers/alfred/bin/alfred qc -r /mnt/AchTeraD/Documents/references/hg19/hg19.fa -o /mnt/sequencing/Lungcancer/deep_wgs/stats/P18754_1050_S8.dedup.tsv.gz /mnt/sequencing/Lungcancer/deep_wgs/bamfiles/P18754_1050_S8.dedup.bam
    shell:
        /home/luukharbers/alfred/bin/alfred qc -r /mnt/AchTeraD/Documents/references/hg19/hg19.fa -o /mnt/sequencing/Lungcancer/deep_wgs/stats/P18754_1025_S32.dedup.tsv.gz /mnt/sequencing/Lungcancer/deep_wgs/bamfiles/P18754_1025_S32.dedup.bam
        (one of the commands exited with non-zero exit code; note that snakemake uses bash strict mode!)


Job failed, going on with independent jobs.
Job failed, going on with independent jobs.
[Sat Jun 25 16:21:21 2022]

Error in rule aflred_post:
[Sat Jun 25 16:21:21 2022]
    jobid: 73
rule aflred_post:
    input: /mnt/sequencing/Lungcancer/deep_wgs/bamfiles/P18754_1003_S10.dedup.bam, /mnt/AchTeraD/Documents/references/hg19/hg19.fa
    output: /mnt/sequencing/Lungcancer/deep_wgs/stats/P18754_1003_S10.dedup.tsv.gz
    jobid: 62
    wildcards: sample=P18754_1003_S10
    output: /mnt/sequencing/Lungcancer/deep_wgs/stats/P18754_1054_S12.dedup.tsv.gz

    shell:
        /home/luukharbers/alfred/bin/alfred qc -r /mnt/AchTeraD/Documents/references/hg19/hg19.fa -o /mnt/sequencing/Lungcancer/deep_wgs/stats/P18754_1054_S12.dedup.tsv.gz /mnt/sequencing/Lungcancer/deep_wgs/bamfiles/P18754_1054_S12.dedup.bam
        (one of the commands exited with non-zero exit code; note that snakemake uses bash strict mode!)
/home/luukharbers/alfred/bin/alfred qc -r /mnt/AchTeraD/Documents/references/hg19/hg19.fa -o /mnt/sequencing/Lungcancer/deep_wgs/stats/P18754_1003_S10.dedup.tsv.gz /mnt/sequencing/Lungcancer/deep_wgs/bamfiles/P18754_1003_S10.dedup.bam

Job failed, going on with independent jobs.

[Sat Jun 25 16:21:21 2022]
rule aflred_post:
    input: /mnt/sequencing/Lungcancer/deep_wgs/bamfiles/P18754_1010_S8.dedup.bam, /mnt/AchTeraD/Documents/references/hg19/hg19.fa
    output: /mnt/sequencing/Lungcancer/deep_wgs/stats/P18754_1010_S8.dedup.tsv.gz
    jobid: 56
    wildcards: sample=P18754_1010_S8

/home/luukharbers/alfred/bin/alfred qc -r /mnt/AchTeraD/Documents/references/hg19/hg19.fa -o /mnt/sequencing/Lungcancer/deep_wgs/stats/P18754_1010_S8.dedup.tsv.gz /mnt/sequencing/Lungcancer/deep_wgs/bamfiles/P18754_1010_S8.dedup.bam

[Sat Jun 25 16:21:21 2022]
rule aflred_post:
    input: /mnt/sequencing/Lungcancer/deep_wgs/bamfiles/P18754_1002_S11.dedup.bam, /mnt/AchTeraD/Documents/references/hg19/hg19.fa
    output: /mnt/sequencing/Lungcancer/deep_wgs/stats/P18754_1002_S11.dedup.tsv.gz
    jobid: 63
    wildcards: sample=P18754_1002_S11

/home/luukharbers/alfred/bin/alfred qc -r /mnt/AchTeraD/Documents/references/hg19/hg19.fa -o /mnt/sequencing/Lungcancer/deep_wgs/stats/P18754_1002_S11.dedup.tsv.gz /mnt/sequencing/Lungcancer/deep_wgs/bamfiles/P18754_1002_S11.dedup.bam
[Sat Jun 25 16:21:21 2022]
Error in rule aflred_post:
    jobid: 66
    output: /mnt/sequencing/Lungcancer/deep_wgs/stats/P18754_1057_S15.dedup.tsv.gz
    shell:
        /home/luukharbers/alfred/bin/alfred qc -r /mnt/AchTeraD/Documents/references/hg19/hg19.fa -o /mnt/sequencing/Lungcancer/deep_wgs/stats/P18754_1057_S15.dedup.tsv.gz /mnt/sequencing/Lungcancer/deep_wgs/bamfiles/P18754_1057_S15.dedup.bam
        (one of the commands exited with non-zero exit code; note that snakemake uses bash strict mode!)


[Sat Jun 25 16:21:21 2022]
rule deduplication:
    input: /mnt/sequencing/Lungcancer/deep_wgs/bamfiles/P18754_1052_S10.bam
    output: /mnt/sequencing/Lungcancer/deep_wgs/bamfiles/P18754_1052_S10.dedup.bam, /mnt/sequencing/Lungcancer/deep_wgs/stats/P18754_1052_S10.metrics.txt
    jobid: 45
    wildcards: sample=P18754_1052_S10
    threads: 6

gatk MarkDuplicates -I /mnt/sequencing/Lungcancer/deep_wgs/bamfiles/P18754_1052_S10.bam -O /mnt/sequencing/Lungcancer/deep_wgs/bamfiles/P18754_1052_S10.dedup.bam -M /mnt/sequencing/Lungcancer/deep_wgs/stats/P18754_1052_S10.metrics.txt
[Sat Jun 25 16:21:21 2022]
Job failed, going on with independent jobs.
Error in rule aflred_post:
    jobid: 52
    output: /mnt/sequencing/Lungcancer/deep_wgs/stats/P18754_1050_S8.dedup.tsv.gz
    shell:
        /home/luukharbers/alfred/bin/alfred qc -r /mnt/AchTeraD/Documents/references/hg19/hg19.fa -o /mnt/sequencing/Lungcancer/deep_wgs/stats/P18754_1050_S8.dedup.tsv.gz /mnt/sequencing/Lungcancer/deep_wgs/bamfiles/P18754_1050_S8.dedup.bam
        (one of the commands exited with non-zero exit code; note that snakemake uses bash strict mode!)

Job failed, going on with independent jobs.
[Sat Jun 25 16:21:21 2022]
Error in rule aflred_post:
    jobid: 62
    output: /mnt/sequencing/Lungcancer/deep_wgs/stats/P18754_1003_S10.dedup.tsv.gz
    shell:
        /home/luukharbers/alfred/bin/alfred qc -r /mnt/AchTeraD/Documents/references/hg19/hg19.fa -o /mnt/sequencing/Lungcancer/deep_wgs/stats/P18754_1003_S10.dedup.tsv.gz /mnt/sequencing/Lungcancer/deep_wgs/bamfiles/P18754_1003_S10.dedup.bam
        (one of the commands exited with non-zero exit code; note that snakemake uses bash strict mode!)

Job failed, going on with independent jobs.
[Sat Jun 25 16:21:21 2022]
Error in rule aflred_post:
    jobid: 56
    output: /mnt/sequencing/Lungcancer/deep_wgs/stats/P18754_1010_S8.dedup.tsv.gz
    shell:
        /home/luukharbers/alfred/bin/alfred qc -r /mnt/AchTeraD/Documents/references/hg19/hg19.fa -o /mnt/sequencing/Lungcancer/deep_wgs/stats/P18754_1010_S8.dedup.tsv.gz /mnt/sequencing/Lungcancer/deep_wgs/bamfiles/P18754_1010_S8.dedup.bam
        (one of the commands exited with non-zero exit code; note that snakemake uses bash strict mode!)

Job failed, going on with independent jobs.
[Sat Jun 25 16:21:21 2022]
Error in rule aflred_post:
    jobid: 63
    output: /mnt/sequencing/Lungcancer/deep_wgs/stats/P18754_1002_S11.dedup.tsv.gz
    shell:
        /home/luukharbers/alfred/bin/alfred qc -r /mnt/AchTeraD/Documents/references/hg19/hg19.fa -o /mnt/sequencing/Lungcancer/deep_wgs/stats/P18754_1002_S11.dedup.tsv.gz /mnt/sequencing/Lungcancer/deep_wgs/bamfiles/P18754_1002_S11.dedup.bam
        (one of the commands exited with non-zero exit code; note that snakemake uses bash strict mode!)

Job failed, going on with independent jobs.
Write-protecting output file /mnt/sequencing/Lungcancer/deep_wgs/bamfiles/P18754_1030_S29.dedup.bam.
Removing temporary output file /mnt/sequencing/Lungcancer/deep_wgs/bamfiles/P18754_1030_S29.bam.
[Sat Jun 25 20:37:33 2022]
Finished job 19.
3 of 34 steps (9%) done
Select jobs to execute...

[Sat Jun 25 20:37:33 2022]
rule aflred_post:
    input: /mnt/sequencing/Lungcancer/deep_wgs/bamfiles/P18754_1030_S29.dedup.bam, /mnt/AchTeraD/Documents/references/hg19/hg19.fa
    output: /mnt/sequencing/Lungcancer/deep_wgs/stats/P18754_1030_S29.dedup.tsv.gz
    jobid: 59
    wildcards: sample=P18754_1030_S29

/home/luukharbers/alfred/bin/alfred qc -r /mnt/AchTeraD/Documents/references/hg19/hg19.fa -o /mnt/sequencing/Lungcancer/deep_wgs/stats/P18754_1030_S29.dedup.tsv.gz /mnt/sequencing/Lungcancer/deep_wgs/bamfiles/P18754_1030_S29.dedup.bam
[Sat Jun 25 20:37:33 2022]
Error in rule aflred_post:
    jobid: 59
    output: /mnt/sequencing/Lungcancer/deep_wgs/stats/P18754_1030_S29.dedup.tsv.gz
    shell:
        /home/luukharbers/alfred/bin/alfred qc -r /mnt/AchTeraD/Documents/references/hg19/hg19.fa -o /mnt/sequencing/Lungcancer/deep_wgs/stats/P18754_1030_S29.dedup.tsv.gz /mnt/sequencing/Lungcancer/deep_wgs/bamfiles/P18754_1030_S29.dedup.bam
        (one of the commands exited with non-zero exit code; note that snakemake uses bash strict mode!)

Job failed, going on with independent jobs.
Write-protecting output file /mnt/sequencing/Lungcancer/deep_wgs/bamfiles/P18754_1052_S10.dedup.bam.
Removing temporary output file /mnt/sequencing/Lungcancer/deep_wgs/bamfiles/P18754_1052_S10.bam.
[Sat Jun 25 22:38:49 2022]
Finished job 45.
4 of 34 steps (12%) done
Select jobs to execute...

[Sat Jun 25 22:38:49 2022]
rule aflred_post:
    input: /mnt/sequencing/Lungcancer/deep_wgs/bamfiles/P18754_1052_S10.dedup.bam, /mnt/AchTeraD/Documents/references/hg19/hg19.fa
    output: /mnt/sequencing/Lungcancer/deep_wgs/stats/P18754_1052_S10.dedup.tsv.gz
    jobid: 72
    wildcards: sample=P18754_1052_S10

/home/luukharbers/alfred/bin/alfred qc -r /mnt/AchTeraD/Documents/references/hg19/hg19.fa -o /mnt/sequencing/Lungcancer/deep_wgs/stats/P18754_1052_S10.dedup.tsv.gz /mnt/sequencing/Lungcancer/deep_wgs/bamfiles/P18754_1052_S10.dedup.bam
[Sat Jun 25 22:38:49 2022]
Error in rule aflred_post:
    jobid: 72
    output: /mnt/sequencing/Lungcancer/deep_wgs/stats/P18754_1052_S10.dedup.tsv.gz
    shell:
        /home/luukharbers/alfred/bin/alfred qc -r /mnt/AchTeraD/Documents/references/hg19/hg19.fa -o /mnt/sequencing/Lungcancer/deep_wgs/stats/P18754_1052_S10.dedup.tsv.gz /mnt/sequencing/Lungcancer/deep_wgs/bamfiles/P18754_1052_S10.dedup.bam
        (one of the commands exited with non-zero exit code; note that snakemake uses bash strict mode!)

Job failed, going on with independent jobs.
Exiting because a job execution failed. Look above for error message
Complete log: /mnt/AchTeraD/Documents/Projects/LungCancer/manuscript/repository/preprocessing/WGS_WES/.snakemake/log/2022-06-21T134607.984546.snakemake.log
