Building DAG of jobs...
Using shell: /usr/bin/bash
Provided cores: 36
Rules claiming more threads will be scaled down.
Job counts:
	count	jobs
	62	aflred_post
	1	all
	62	bwa_map_pe
	62	deduplication
	1	qc
	188
Select jobs to execute...

[Fri May  6 16:48:54 2022]
rule bwa_map_pe:
    input: /mnt/AchTeraD/Documents/references/hg19/hg19.fa, /mnt/sequencing/Lungcancer/deep_wgs/fastq/P18754_1020_S21_L002_R1.fastq.gz, /mnt/sequencing/Lungcancer/deep_wgs/fastq/P18754_1020_S21_L002_R2.fastq.gz
    output: /mnt/sequencing/Lungcancer/deep_wgs/bamfiles/P18754_1020_S21_L002.bam, /mnt/sequencing/Lungcancer/deep_wgs/bamfiles/P18754_1020_S21_L002.bam.bai
    jobid: 28
    wildcards: sample=P18754_1020_S21_L002
    threads: 36

bwa mem -M -t 36 -R '@RG\tID:P18754_1020_S21_L002\tSM:P18754_1020_S21_L002\tPL:ILLUMINA' /mnt/AchTeraD/Documents/references/hg19/hg19.fa /mnt/sequencing/Lungcancer/deep_wgs/fastq/P18754_1020_S21_L002_R1.fastq.gz /mnt/sequencing/Lungcancer/deep_wgs/fastq/P18754_1020_S21_L002_R2.fastq.gz | samtools sort -o /mnt/sequencing/Lungcancer/deep_wgs/bamfiles/P18754_1020_S21_L002.bam && samtools index -@ 36 /mnt/sequencing/Lungcancer/deep_wgs/bamfiles/P18754_1020_S21_L002.bam
Terminating processes on user request, this might take some time.
[Fri May  6 16:49:09 2022]
Error in rule bwa_map_pe:
    jobid: 28
    output: /mnt/sequencing/Lungcancer/deep_wgs/bamfiles/P18754_1020_S21_L002.bam, /mnt/sequencing/Lungcancer/deep_wgs/bamfiles/P18754_1020_S21_L002.bam.bai
    shell:
        bwa mem -M -t 36 -R '@RG\tID:P18754_1020_S21_L002\tSM:P18754_1020_S21_L002\tPL:ILLUMINA' /mnt/AchTeraD/Documents/references/hg19/hg19.fa /mnt/sequencing/Lungcancer/deep_wgs/fastq/P18754_1020_S21_L002_R1.fastq.gz /mnt/sequencing/Lungcancer/deep_wgs/fastq/P18754_1020_S21_L002_R2.fastq.gz | samtools sort -o /mnt/sequencing/Lungcancer/deep_wgs/bamfiles/P18754_1020_S21_L002.bam && samtools index -@ 36 /mnt/sequencing/Lungcancer/deep_wgs/bamfiles/P18754_1020_S21_L002.bam
        (one of the commands exited with non-zero exit code; note that snakemake uses bash strict mode!)

Job failed, going on with independent jobs.
Complete log: /mnt/AchTeraD/Documents/Projects/LungCancer/manuscript/repository/preprocessing/WGS_WES/.snakemake/log/2022-05-06T164854.646504.snakemake.log
