Building DAG of jobs...
Using shell: /usr/bin/bash
Provided cores: 36
Rules claiming more threads will be scaled down.
Job counts:
	count	jobs
	24	aflred_post
	1	all
	24	bwa_map_pe
	24	deduplication
	1	qc
	74
Select jobs to execute...

[Sun Jun  5 13:50:31 2022]
rule bwa_map_pe:
    input: /mnt/AchTeraD/Documents/references/hg19/hg19.fa, /mnt/sequencing/Lungcancer/deep_wgs/fastq/P18754_1060_S18_R1.fastq.gz, /mnt/sequencing/Lungcancer/deep_wgs/fastq/P18754_1060_S18_R2.fastq.gz
    output: /mnt/sequencing/Lungcancer/deep_wgs/bamfiles/P18754_1060_S18.bam, /mnt/sequencing/Lungcancer/deep_wgs/bamfiles/P18754_1060_S18.bam.bai
    jobid: 40
    wildcards: sample=P18754_1060_S18
    priority: 1
    threads: 36

bwa mem -M -t 36 -R '@RG\tID:P18754_1060_S18\tSM:P18754_1060_S18\tPL:ILLUMINA' /mnt/AchTeraD/Documents/references/hg19/hg19.fa /mnt/sequencing/Lungcancer/deep_wgs/fastq/P18754_1060_S18_R1.fastq.gz /mnt/sequencing/Lungcancer/deep_wgs/fastq/P18754_1060_S18_R2.fastq.gz | samtools sort -o /mnt/sequencing/Lungcancer/deep_wgs/bamfiles/P18754_1060_S18.bam && samtools index -@ 36 /mnt/sequencing/Lungcancer/deep_wgs/bamfiles/P18754_1060_S18.bam
Removing temporary output file /mnt/sequencing/Lungcancer/deep_wgs/bamfiles/P18754_1060_S18.bam.bai.
[Sun Jun  5 21:08:31 2022]
Finished job 40.
1 of 74 steps (1%) done
Select jobs to execute...

[Sun Jun  5 21:08:31 2022]
rule bwa_map_pe:
    input: /mnt/AchTeraD/Documents/references/hg19/hg19.fa, /mnt/sequencing/Lungcancer/deep_wgs/fastq/P18754_1033_S35_R1.fastq.gz, /mnt/sequencing/Lungcancer/deep_wgs/fastq/P18754_1033_S35_R2.fastq.gz
    output: /mnt/sequencing/Lungcancer/deep_wgs/bamfiles/P18754_1033_S35.bam, /mnt/sequencing/Lungcancer/deep_wgs/bamfiles/P18754_1033_S35.bam.bai
    jobid: 2
    wildcards: sample=P18754_1033_S35
    priority: 1
    threads: 36

bwa mem -M -t 36 -R '@RG\tID:P18754_1033_S35\tSM:P18754_1033_S35\tPL:ILLUMINA' /mnt/AchTeraD/Documents/references/hg19/hg19.fa /mnt/sequencing/Lungcancer/deep_wgs/fastq/P18754_1033_S35_R1.fastq.gz /mnt/sequencing/Lungcancer/deep_wgs/fastq/P18754_1033_S35_R2.fastq.gz | samtools sort -o /mnt/sequencing/Lungcancer/deep_wgs/bamfiles/P18754_1033_S35.bam && samtools index -@ 36 /mnt/sequencing/Lungcancer/deep_wgs/bamfiles/P18754_1033_S35.bam
Removing temporary output file /mnt/sequencing/Lungcancer/deep_wgs/bamfiles/P18754_1033_S35.bam.bai.
[Mon Jun  6 02:41:19 2022]
Finished job 2.
2 of 74 steps (3%) done
Select jobs to execute...

[Mon Jun  6 02:41:19 2022]
rule bwa_map_pe:
    input: /mnt/AchTeraD/Documents/references/hg19/hg19.fa, /mnt/sequencing/Lungcancer/deep_wgs/fastq/P18754_1026_S31_R1.fastq.gz, /mnt/sequencing/Lungcancer/deep_wgs/fastq/P18754_1026_S31_R2.fastq.gz
    output: /mnt/sequencing/Lungcancer/deep_wgs/bamfiles/P18754_1026_S31.bam, /mnt/sequencing/Lungcancer/deep_wgs/bamfiles/P18754_1026_S31.bam.bai
    jobid: 32
    wildcards: sample=P18754_1026_S31
    priority: 1
    threads: 36

bwa mem -M -t 36 -R '@RG\tID:P18754_1026_S31\tSM:P18754_1026_S31\tPL:ILLUMINA' /mnt/AchTeraD/Documents/references/hg19/hg19.fa /mnt/sequencing/Lungcancer/deep_wgs/fastq/P18754_1026_S31_R1.fastq.gz /mnt/sequencing/Lungcancer/deep_wgs/fastq/P18754_1026_S31_R2.fastq.gz | samtools sort -o /mnt/sequencing/Lungcancer/deep_wgs/bamfiles/P18754_1026_S31.bam && samtools index -@ 36 /mnt/sequencing/Lungcancer/deep_wgs/bamfiles/P18754_1026_S31.bam
Removing temporary output file /mnt/sequencing/Lungcancer/deep_wgs/bamfiles/P18754_1026_S31.bam.bai.
[Mon Jun  6 07:49:52 2022]
Finished job 32.
3 of 74 steps (4%) done
Select jobs to execute...

[Mon Jun  6 07:49:52 2022]
rule bwa_map_pe:
    input: /mnt/AchTeraD/Documents/references/hg19/hg19.fa, /mnt/sequencing/Lungcancer/deep_wgs/fastq/P18754_1010_S8_R1.fastq.gz, /mnt/sequencing/Lungcancer/deep_wgs/fastq/P18754_1010_S8_R2.fastq.gz
    output: /mnt/sequencing/Lungcancer/deep_wgs/bamfiles/P18754_1010_S8.bam, /mnt/sequencing/Lungcancer/deep_wgs/bamfiles/P18754_1010_S8.bam.bai
    jobid: 14
    wildcards: sample=P18754_1010_S8
    priority: 1
    threads: 36

bwa mem -M -t 36 -R '@RG\tID:P18754_1010_S8\tSM:P18754_1010_S8\tPL:ILLUMINA' /mnt/AchTeraD/Documents/references/hg19/hg19.fa /mnt/sequencing/Lungcancer/deep_wgs/fastq/P18754_1010_S8_R1.fastq.gz /mnt/sequencing/Lungcancer/deep_wgs/fastq/P18754_1010_S8_R2.fastq.gz | samtools sort -o /mnt/sequencing/Lungcancer/deep_wgs/bamfiles/P18754_1010_S8.bam && samtools index -@ 36 /mnt/sequencing/Lungcancer/deep_wgs/bamfiles/P18754_1010_S8.bam
Removing temporary output file /mnt/sequencing/Lungcancer/deep_wgs/bamfiles/P18754_1010_S8.bam.bai.
[Mon Jun  6 12:42:24 2022]
Finished job 14.
4 of 74 steps (5%) done
Select jobs to execute...

[Mon Jun  6 12:42:24 2022]
rule bwa_map_pe:
    input: /mnt/AchTeraD/Documents/references/hg19/hg19.fa, /mnt/sequencing/Lungcancer/deep_wgs/fastq/P18754_1050_S8_R1.fastq.gz, /mnt/sequencing/Lungcancer/deep_wgs/fastq/P18754_1050_S8_R2.fastq.gz
    output: /mnt/sequencing/Lungcancer/deep_wgs/bamfiles/P18754_1050_S8.bam, /mnt/sequencing/Lungcancer/deep_wgs/bamfiles/P18754_1050_S8.bam.bai
    jobid: 6
    wildcards: sample=P18754_1050_S8
    priority: 1
    threads: 36

bwa mem -M -t 36 -R '@RG\tID:P18754_1050_S8\tSM:P18754_1050_S8\tPL:ILLUMINA' /mnt/AchTeraD/Documents/references/hg19/hg19.fa /mnt/sequencing/Lungcancer/deep_wgs/fastq/P18754_1050_S8_R1.fastq.gz /mnt/sequencing/Lungcancer/deep_wgs/fastq/P18754_1050_S8_R2.fastq.gz | samtools sort -o /mnt/sequencing/Lungcancer/deep_wgs/bamfiles/P18754_1050_S8.bam && samtools index -@ 36 /mnt/sequencing/Lungcancer/deep_wgs/bamfiles/P18754_1050_S8.bam
Removing temporary output file /mnt/sequencing/Lungcancer/deep_wgs/bamfiles/P18754_1050_S8.bam.bai.
[Tue Jun  7 02:10:37 2022]
Finished job 6.
5 of 74 steps (7%) done
Select jobs to execute...

[Tue Jun  7 02:10:38 2022]
rule bwa_map_pe:
    input: /mnt/AchTeraD/Documents/references/hg19/hg19.fa, /mnt/sequencing/Lungcancer/deep_wgs/fastq/P18754_1015_S12_R1.fastq.gz, /mnt/sequencing/Lungcancer/deep_wgs/fastq/P18754_1015_S12_R2.fastq.gz
    output: /mnt/sequencing/Lungcancer/deep_wgs/bamfiles/P18754_1015_S12.bam, /mnt/sequencing/Lungcancer/deep_wgs/bamfiles/P18754_1015_S12.bam.bai
    jobid: 42
    wildcards: sample=P18754_1015_S12
    priority: 1
    threads: 36

bwa mem -M -t 36 -R '@RG\tID:P18754_1015_S12\tSM:P18754_1015_S12\tPL:ILLUMINA' /mnt/AchTeraD/Documents/references/hg19/hg19.fa /mnt/sequencing/Lungcancer/deep_wgs/fastq/P18754_1015_S12_R1.fastq.gz /mnt/sequencing/Lungcancer/deep_wgs/fastq/P18754_1015_S12_R2.fastq.gz | samtools sort -o /mnt/sequencing/Lungcancer/deep_wgs/bamfiles/P18754_1015_S12.bam && samtools index -@ 36 /mnt/sequencing/Lungcancer/deep_wgs/bamfiles/P18754_1015_S12.bam
Terminating processes on user request, this might take some time.
[Tue Jun  7 13:38:20 2022]
Error in rule bwa_map_pe:
    jobid: 42
    output: /mnt/sequencing/Lungcancer/deep_wgs/bamfiles/P18754_1015_S12.bam, /mnt/sequencing/Lungcancer/deep_wgs/bamfiles/P18754_1015_S12.bam.bai
    shell:
        bwa mem -M -t 36 -R '@RG\tID:P18754_1015_S12\tSM:P18754_1015_S12\tPL:ILLUMINA' /mnt/AchTeraD/Documents/references/hg19/hg19.fa /mnt/sequencing/Lungcancer/deep_wgs/fastq/P18754_1015_S12_R1.fastq.gz /mnt/sequencing/Lungcancer/deep_wgs/fastq/P18754_1015_S12_R2.fastq.gz | samtools sort -o /mnt/sequencing/Lungcancer/deep_wgs/bamfiles/P18754_1015_S12.bam && samtools index -@ 36 /mnt/sequencing/Lungcancer/deep_wgs/bamfiles/P18754_1015_S12.bam
        (one of the commands exited with non-zero exit code; note that snakemake uses bash strict mode!)

Job failed, going on with independent jobs.
Complete log: /mnt/AchTeraD/Documents/Projects/LungCancer/manuscript/repository/preprocessing/WGS_WES/.snakemake/log/2022-06-05T135031.194693.snakemake.log
