Building DAG of jobs...
Using shell: /usr/bin/bash
Provided cores: 13
Rules claiming more threads will be scaled down.
Job counts:
	count	jobs
	5	aflred_post
	1	all
	5	deduplication
	1	qc
	12
Select jobs to execute...

[Sat Apr  2 14:35:43 2022]
rule deduplication:
    input: /mnt/sequencing/BICRO320/bamfiles/S7_NEU_200ng.bam
    output: /mnt/sequencing/BICRO320/bamfiles/S7_NEU_200ng.dedup.bam, /mnt/sequencing/BICRO320/stats/S7_NEU_200ng.metrics.txt
    jobid: 3
    wildcards: sample=S7_NEU_200ng
    threads: 4

gatk MarkDuplicates -I /mnt/sequencing/BICRO320/bamfiles/S7_NEU_200ng.bam -O /mnt/sequencing/BICRO320/bamfiles/S7_NEU_200ng.dedup.bam -M /mnt/sequencing/BICRO320/stats/S7_NEU_200ng.metrics.txt

[Sat Apr  2 14:35:43 2022]
rule deduplication:
    input: /mnt/sequencing/BICRO320/bamfiles/S1_NES_400ng.bam
    output: /mnt/sequencing/BICRO320/bamfiles/S1_NES_400ng.dedup.bam, /mnt/sequencing/BICRO320/stats/S1_NES_400ng.metrics.txt
    jobid: 5
    wildcards: sample=S1_NES_400ng
    threads: 4

gatk MarkDuplicates -I /mnt/sequencing/BICRO320/bamfiles/S1_NES_400ng.bam -O /mnt/sequencing/BICRO320/bamfiles/S1_NES_400ng.dedup.bam -M /mnt/sequencing/BICRO320/stats/S1_NES_400ng.metrics.txt

[Sat Apr  2 14:35:43 2022]
rule deduplication:
    input: /mnt/sequencing/BICRO320/bamfiles/S2_NES_400ng.bam
    output: /mnt/sequencing/BICRO320/bamfiles/S2_NES_400ng.dedup.bam, /mnt/sequencing/BICRO320/stats/S2_NES_400ng.metrics.txt
    jobid: 9
    wildcards: sample=S2_NES_400ng
    threads: 4

gatk MarkDuplicates -I /mnt/sequencing/BICRO320/bamfiles/S2_NES_400ng.bam -O /mnt/sequencing/BICRO320/bamfiles/S2_NES_400ng.dedup.bam -M /mnt/sequencing/BICRO320/stats/S2_NES_400ng.metrics.txt
Write-protecting output file /mnt/sequencing/BICRO320/bamfiles/S2_NES_400ng.dedup.bam.
Removing temporary output file /mnt/sequencing/BICRO320/bamfiles/S2_NES_400ng.bam.
[Sat Apr  2 14:50:44 2022]
Finished job 9.
1 of 12 steps (8%) done
Select jobs to execute...

[Sat Apr  2 14:50:44 2022]
rule aflred_post:
    input: /mnt/sequencing/BICRO320/bamfiles/S2_NES_400ng.dedup.bam, /mnt/AchTeraD/Documents/references/hg19/hg19.fa
    output: /mnt/sequencing/BICRO320/stats/S2_NES_400ng.dedup.tsv.gz
    jobid: 16
    wildcards: sample=S2_NES_400ng

/home/luukharbers/alfred/bin/alfred qc -r /mnt/AchTeraD/Documents/references/hg19/hg19.fa -o /mnt/sequencing/BICRO320/stats/S2_NES_400ng.dedup.tsv.gz /mnt/sequencing/BICRO320/bamfiles/S2_NES_400ng.dedup.bam

[Sat Apr  2 14:50:44 2022]
rule deduplication:
    input: /mnt/sequencing/BICRO320/bamfiles/S3_NES_400ng.bam
    output: /mnt/sequencing/BICRO320/bamfiles/S3_NES_400ng.dedup.bam, /mnt/sequencing/BICRO320/stats/S3_NES_400ng.metrics.txt
    jobid: 1
    wildcards: sample=S3_NES_400ng
    threads: 4

gatk MarkDuplicates -I /mnt/sequencing/BICRO320/bamfiles/S3_NES_400ng.bam -O /mnt/sequencing/BICRO320/bamfiles/S3_NES_400ng.dedup.bam -M /mnt/sequencing/BICRO320/stats/S3_NES_400ng.metrics.txt
Write-protecting output file /mnt/sequencing/BICRO320/bamfiles/S1_NES_400ng.dedup.bam.
Removing temporary output file /mnt/sequencing/BICRO320/bamfiles/S1_NES_400ng.bam.
[Sat Apr  2 14:51:03 2022]
Finished job 5.
2 of 12 steps (17%) done
Select jobs to execute...

[Sat Apr  2 14:51:03 2022]
rule deduplication:
    input: /mnt/sequencing/BICRO320/bamfiles/S4_NES_400ng.bam
    output: /mnt/sequencing/BICRO320/bamfiles/S4_NES_400ng.dedup.bam, /mnt/sequencing/BICRO320/stats/S4_NES_400ng.metrics.txt
    jobid: 7
    wildcards: sample=S4_NES_400ng
    threads: 4

gatk MarkDuplicates -I /mnt/sequencing/BICRO320/bamfiles/S4_NES_400ng.bam -O /mnt/sequencing/BICRO320/bamfiles/S4_NES_400ng.dedup.bam -M /mnt/sequencing/BICRO320/stats/S4_NES_400ng.metrics.txt
Write-protecting output file /mnt/sequencing/BICRO320/bamfiles/S7_NEU_200ng.dedup.bam.
Removing temporary output file /mnt/sequencing/BICRO320/bamfiles/S7_NEU_200ng.bam.
[Sat Apr  2 14:56:25 2022]
Finished job 3.
3 of 12 steps (25%) done
Select jobs to execute...

[Sat Apr  2 14:56:25 2022]
rule aflred_post:
    input: /mnt/sequencing/BICRO320/bamfiles/S1_NES_400ng.dedup.bam, /mnt/AchTeraD/Documents/references/hg19/hg19.fa
    output: /mnt/sequencing/BICRO320/stats/S1_NES_400ng.dedup.tsv.gz
    jobid: 14
    wildcards: sample=S1_NES_400ng

/home/luukharbers/alfred/bin/alfred qc -r /mnt/AchTeraD/Documents/references/hg19/hg19.fa -o /mnt/sequencing/BICRO320/stats/S1_NES_400ng.dedup.tsv.gz /mnt/sequencing/BICRO320/bamfiles/S1_NES_400ng.dedup.bam

[Sat Apr  2 14:56:25 2022]
rule aflred_post:
    input: /mnt/sequencing/BICRO320/bamfiles/S7_NEU_200ng.dedup.bam, /mnt/AchTeraD/Documents/references/hg19/hg19.fa
    output: /mnt/sequencing/BICRO320/stats/S7_NEU_200ng.dedup.tsv.gz
    jobid: 13
    wildcards: sample=S7_NEU_200ng

/home/luukharbers/alfred/bin/alfred qc -r /mnt/AchTeraD/Documents/references/hg19/hg19.fa -o /mnt/sequencing/BICRO320/stats/S7_NEU_200ng.dedup.tsv.gz /mnt/sequencing/BICRO320/bamfiles/S7_NEU_200ng.dedup.bam
[Sat Apr  2 15:02:00 2022]
Finished job 16.
4 of 12 steps (33%) done
Write-protecting output file /mnt/sequencing/BICRO320/bamfiles/S4_NES_400ng.dedup.bam.
Removing temporary output file /mnt/sequencing/BICRO320/bamfiles/S4_NES_400ng.bam.
[Sat Apr  2 15:05:27 2022]
Finished job 7.
5 of 12 steps (42%) done
Select jobs to execute...

[Sat Apr  2 15:05:27 2022]
rule aflred_post:
    input: /mnt/sequencing/BICRO320/bamfiles/S4_NES_400ng.dedup.bam, /mnt/AchTeraD/Documents/references/hg19/hg19.fa
    output: /mnt/sequencing/BICRO320/stats/S4_NES_400ng.dedup.tsv.gz
    jobid: 15
    wildcards: sample=S4_NES_400ng

/home/luukharbers/alfred/bin/alfred qc -r /mnt/AchTeraD/Documents/references/hg19/hg19.fa -o /mnt/sequencing/BICRO320/stats/S4_NES_400ng.dedup.tsv.gz /mnt/sequencing/BICRO320/bamfiles/S4_NES_400ng.dedup.bam
Write-protecting output file /mnt/sequencing/BICRO320/bamfiles/S3_NES_400ng.dedup.bam.
Removing temporary output file /mnt/sequencing/BICRO320/bamfiles/S3_NES_400ng.bam.
[Sat Apr  2 15:06:13 2022]
Finished job 1.
6 of 12 steps (50%) done
Select jobs to execute...

[Sat Apr  2 15:06:13 2022]
rule aflred_post:
    input: /mnt/sequencing/BICRO320/bamfiles/S3_NES_400ng.dedup.bam, /mnt/AchTeraD/Documents/references/hg19/hg19.fa
    output: /mnt/sequencing/BICRO320/stats/S3_NES_400ng.dedup.tsv.gz
    jobid: 12
    wildcards: sample=S3_NES_400ng

/home/luukharbers/alfred/bin/alfred qc -r /mnt/AchTeraD/Documents/references/hg19/hg19.fa -o /mnt/sequencing/BICRO320/stats/S3_NES_400ng.dedup.tsv.gz /mnt/sequencing/BICRO320/bamfiles/S3_NES_400ng.dedup.bam
[Sat Apr  2 15:06:22 2022]
Finished job 13.
7 of 12 steps (58%) done
[Sat Apr  2 15:06:28 2022]
Finished job 14.
8 of 12 steps (67%) done
[Sat Apr  2 15:13:17 2022]
Finished job 15.
9 of 12 steps (75%) done
[Sat Apr  2 15:14:42 2022]
Finished job 12.
10 of 12 steps (83%) done
Select jobs to execute...

[Sat Apr  2 15:14:42 2022]
rule qc:
    input: /mnt/sequencing/BICRO320/stats/S3_NES_400ng.dedup.tsv.gz, /mnt/sequencing/BICRO320/stats/S7_NEU_200ng.dedup.tsv.gz, /mnt/sequencing/BICRO320/stats/S1_NES_400ng.dedup.tsv.gz, /mnt/sequencing/BICRO320/stats/S4_NES_400ng.dedup.tsv.gz, /mnt/sequencing/BICRO320/stats/S2_NES_400ng.dedup.tsv.gz
    output: /mnt/sequencing/BICRO320/stats/stats.tsv
    jobid: 11


        zgrep ^ME /mnt/sequencing/BICRO320/stats/*dedup.tsv.gz | cut -f 2- | \
        sed -n '1p;0~2p' > /mnt/sequencing/BICRO320/stats/stats.tsv
        
[Sat Apr  2 15:14:42 2022]
Finished job 11.
11 of 12 steps (92%) done
Select jobs to execute...

[Sat Apr  2 15:14:43 2022]
localrule all:
    input: /mnt/sequencing/BICRO320/bamfiles/S3_NES_400ng.dedup.bam, /mnt/sequencing/BICRO320/bamfiles/S7_NEU_200ng.dedup.bam, /mnt/sequencing/BICRO320/bamfiles/S1_NES_400ng.dedup.bam, /mnt/sequencing/BICRO320/bamfiles/S4_NES_400ng.dedup.bam, /mnt/sequencing/BICRO320/bamfiles/S2_NES_400ng.dedup.bam, /mnt/sequencing/BICRO320/stats/stats.tsv
    jobid: 0

[Sat Apr  2 15:14:43 2022]
Finished job 0.
12 of 12 steps (100%) done
Complete log: /mnt/AchTeraD/Documents/Projects/LungCancer/manuscript/repository/preprocessing/WGS_WES/.snakemake/log/2022-04-02T143543.065458.snakemake.log
